{"total": {"lines":{"total":24261,"covered":78,"skipped":0,"pct":0.32},"statements":{"total":26063,"covered":79,"skipped":0,"pct":0.3},"functions":{"total":6413,"covered":8,"skipped":0,"pct":0.12},"branches":{"total":22386,"covered":53,"skipped":0,"pct":0.23},"branchesTrue":{"total":0,"covered":0,"skipped":0,"pct":100}}
,"/Users/james/Documents/Code/Meridian-Mono/Meridian/frontend/src/App.js": {"lines":{"total":47,"covered":0,"skipped":0,"pct":0},"functions":{"total":13,"covered":0,"skipped":0,"pct":0},"statements":{"total":50,"covered":0,"skipped":0,"pct":0},"branches":{"total":29,"covered":0,"skipped":0,"pct":0}}
,"/Users/james/Documents/Code/Meridian-Mono/Meridian/frontend/src/AuthContext.js": {"lines":{"total":210,"covered":0,"skipped":0,"pct":0},"functions":{"total":21,"covered":0,"skipped":0,"pct":0},"statements":{"total":218,"covered":0,"skipped":0,"pct":0},"branches":{"total":156,"covered":0,"skipped":0,"pct":0}}
,"/Users/james/Documents/Code/Meridian-Mono/Meridian/frontend/src/CacheContext.js": {"lines":{"total":193,"covered":0,"skipped":0,"pct":0},"functions":{"total":24,"covered":0,"skipped":0,"pct":0},"statements":{"total":197,"covered":0,"skipped":0,"pct":0},"branches":{"total":64,"covered":0,"skipped":0,"pct":0}}
,"/Users/james/Documents/Code/Meridian-Mono/Meridian/frontend/src/DBInteractions.js": {"lines":{"total":120,"covered":0,"skipped":0,"pct":0},"functions":{"total":14,"covered":0,"skipped":0,"pct":0},"statements":{"total":120,"covered":0,"skipped":0,"pct":0},"branches":{"total":28,"covered":0,"skipped":0,"pct":0}}
,"/Users/james/Documents/Code/Meridian-Mono/Meridian/frontend/src/ErrorContext.js": {"lines":{"total":10,"covered":0,"skipped":0,"pct":0},"functions":{"total":4,"covered":0,"skipped":0,"pct":0},"statements":{"total":11,"covered":0,"skipped":0,"pct":0},"branches":{"total":0,"covered":0,"skipped":0,"pct":100}}
,"/Users/james/Documents/Code/Meridian-Mono/Meridian/frontend/src/Icons.js": {"lines":{"total":3,"covered":0,"skipped":0,"pct":0},"functions":{"total":0,"covered":0,"skipped":0,"pct":100},"statements":{"total":3,"covered":0,"skipped":0,"pct":0},"branches":{"total":0,"covered":0,"skipped":0,"pct":100}}
,"/Users/james/Documents/Code/Meridian-Mono/Meridian/frontend/src/NotificationContext.js": {"lines":{"total":25,"covered":0,"skipped":0,"pct":0},"functions":{"total":15,"covered":0,"skipped":0,"pct":0},"statements":{"total":30,"covered":0,"skipped":0,"pct":0},"branches":{"total":8,"covered":0,"skipped":0,"pct":0}}
,"/Users/james/Documents/Code/Meridian-Mono/Meridian/frontend/src/ProfileCreationContext.js": {"lines":{"total":19,"covered":0,"skipped":0,"pct":0},"functions":{"total":7,"covered":0,"skipped":0,"pct":0},"statements":{"total":20,"covered":0,"skipped":0,"pct":0},"branches":{"total":0,"covered":0,"skipped":0,"pct":100}}
,"/Users/james/Documents/Code/Meridian-Mono/Meridian/frontend/src/Query.js": {"lines":{"total":39,"covered":0,"skipped":0,"pct":0},"functions":{"total":7,"covered":0,"skipped":0,"pct":0},"statements":{"total":39,"covered":0,"skipped":0,"pct":0},"branches":{"total":6,"covered":0,"skipped":0,"pct":0}}
,"/Users/james/Documents/Code/Meridian-Mono/Meridian/frontend/src/WebSocketContext.js": {"lines":{"total":95,"covered":0,"skipped":0,"pct":0},"functions":{"total":22,"covered":0,"skipped":0,"pct":0},"statements":{"total":106,"covered":0,"skipped":0,"pct":0},"branches":{"total":43,"covered":0,"skipped":0,"pct":0}}
,"/Users/james/Documents/Code/Meridian-Mono/Meridian/frontend/src/dummyData.js": {"lines":{"total":1,"covered":0,"skipped":0,"pct":0},"functions":{"total":0,"covered":0,"skipped":0,"pct":100},"statements":{"total":1,"covered":0,"skipped":0,"pct":0},"branches":{"total":0,"covered":0,"skipped":0,"pct":100}}
,"/Users/james/Documents/Code/Meridian-Mono/Meridian/frontend/src/index.js": {"lines":{"total":20,"covered":0,"skipped":0,"pct":0},"functions":{"total":3,"covered":0,"skipped":0,"pct":0},"statements":{"total":21,"covered":0,"skipped":0,"pct":0},"branches":{"total":19,"covered":0,"skipped":0,"pct":0}}
,"/Users/james/Documents/Code/Meridian-Mono/Meridian/frontend/src/reportWebVitals.js": {"lines":{"total":8,"covered":0,"skipped":0,"pct":0},"functions":{"total":2,"covered":0,"skipped":0,"pct":0},"statements":{"total":8,"covered":0,"skipped":0,"pct":0},"branches":{"total":4,"covered":0,"skipped":0,"pct":0}}
,"/Users/james/Documents/Code/Meridian-Mono/Meridian/frontend/src/components/AcccountSettings/AccountSettings.jsx": {"lines":{"total":103,"covered":0,"skipped":0,"pct":0},"functions":{"total":17,"covered":0,"skipped":0,"pct":0},"statements":{"total":103,"covered":0,"skipped":0,"pct":0},"branches":{"total":50,"covered":0,"skipped":0,"pct":0}}
,"/Users/james/Documents/Code/Meridian-Mono/Meridian/frontend/src/components/AddMemberForm/AddMemberForm.jsx": {"lines":{"total":183,"covered":0,"skipped":0,"pct":0},"functions":{"total":54,"covered":0,"skipped":0,"pct":0},"statements":{"total":210,"covered":0,"skipped":0,"pct":0},"branches":{"total":196,"covered":0,"skipped":0,"pct":0}}
,"/Users/james/Documents/Code/Meridian-Mono/Meridian/frontend/src/components/AddMemberForm/index.js": {"lines":{"total":0,"covered":0,"skipped":0,"pct":0},"functions":{"total":0,"covered":0,"skipped":0,"pct":0},"statements":{"total":0,"covered":0,"skipped":0,"pct":0},"branches":{"total":0,"covered":0,"skipped":0,"pct":0}}
,"/Users/james/Documents/Code/Meridian-Mono/Meridian/frontend/src/components/AdminMfaSettings/AdminMfaSettings.jsx": {"lines":{"total":65,"covered":0,"skipped":0,"pct":0},"functions":{"total":13,"covered":0,"skipped":0,"pct":0},"statements":{"total":65,"covered":0,"skipped":0,"pct":0},"branches":{"total":36,"covered":0,"skipped":0,"pct":0}}
,"/Users/james/Documents/Code/Meridian-Mono/Meridian/frontend/src/components/AdminRedirect/AdminRedirect.jsx": {"lines":{"total":16,"covered":0,"skipped":0,"pct":0},"functions":{"total":3,"covered":0,"skipped":0,"pct":0},"statements":{"total":16,"covered":0,"skipped":0,"pct":0},"branches":{"total":13,"covered":0,"skipped":0,"pct":0}}
,"/Users/james/Documents/Code/Meridian-Mono/Meridian/frontend/src/components/AdminViewBanner/AdminViewBanner.jsx": {"lines":{"total":3,"covered":0,"skipped":0,"pct":0},"functions":{"total":2,"covered":0,"skipped":0,"pct":0},"statements":{"total":3,"covered":0,"skipped":0,"pct":0},"branches":{"total":0,"covered":0,"skipped":0,"pct":100}}
,"/Users/james/Documents/Code/Meridian-Mono/Meridian/frontend/src/components/AgendaEditor/AgendaEditor.jsx": {"lines":{"total":239,"covered":0,"skipped":0,"pct":0},"functions":{"total":44,"covered":0,"skipped":0,"pct":0},"statements":{"total":246,"covered":0,"skipped":0,"pct":0},"branches":{"total":233,"covered":0,"skipped":0,"pct":0}}
,"/Users/james/Documents/Code/Meridian-Mono/Meridian/frontend/src/components/AgendaItemDetailView/AgendaItemDetailView.jsx": {"lines":{"total":13,"covered":0,"skipped":0,"pct":0},"functions":{"total":2,"covered":0,"skipped":0,"pct":0},"statements":{"total":14,"covered":0,"skipped":0,"pct":0},"branches":{"total":41,"covered":0,"skipped":0,"pct":0}}
,"/Users/james/Documents/Code/Meridian-Mono/Meridian/frontend/src/components/Analytics/Analytics.jsx": {"lines":{"total":31,"covered":0,"skipped":0,"pct":0},"functions":{"total":3,"covered":0,"skipped":0,"pct":0},"statements":{"total":33,"covered":0,"skipped":0,"pct":0},"branches":{"total":10,"covered":0,"skipped":0,"pct":0}}
,"/Users/james/Documents/Code/Meridian-Mono/Meridian/frontend/src/components/Analytics/AnalyticsHelpers.js": {"lines":{"total":7,"covered":0,"skipped":0,"pct":0},"functions":{"total":1,"covered":0,"skipped":0,"pct":0},"statements":{"total":7,"covered":0,"skipped":0,"pct":0},"branches":{"total":5,"covered":0,"skipped":0,"pct":0}}
,"/Users/james/Documents/Code/Meridian-Mono/Meridian/frontend/src/components/Analytics/DateRangeControls.jsx": {"lines":{"total":21,"covered":0,"skipped":0,"pct":0},"functions":{"total":12,"covered":0,"skipped":0,"pct":0},"statements":{"total":33,"covered":0,"skipped":0,"pct":0},"branches":{"total":36,"covered":0,"skipped":0,"pct":0}}
,"/Users/james/Documents/Code/Meridian-Mono/Meridian/frontend/src/components/Analytics/Dashboard/ComparisonBadge.jsx": {"lines":{"total":6,"covered":0,"skipped":0,"pct":0},"functions":{"total":1,"covered":0,"skipped":0,"pct":0},"statements":{"total":6,"covered":0,"skipped":0,"pct":0},"branches":{"total":14,"covered":0,"skipped":0,"pct":0}}
,"/Users/james/Documents/Code/Meridian-Mono/Meridian/frontend/src/components/Analytics/Dashboard/Dashboard.jsx": {"lines":{"total":5,"covered":0,"skipped":0,"pct":0},"functions":{"total":2,"covered":0,"skipped":0,"pct":0},"statements":{"total":6,"covered":0,"skipped":0,"pct":0},"branches":{"total":2,"covered":0,"skipped":0,"pct":0}}
,"/Users/james/Documents/Code/Meridian-Mono/Meridian/frontend/src/components/Analytics/Dashboard/KpiCard.jsx": {"lines":{"total":2,"covered":0,"skipped":0,"pct":0},"functions":{"total":1,"covered":0,"skipped":0,"pct":0},"statements":{"total":2,"covered":0,"skipped":0,"pct":0},"branches":{"total":16,"covered":0,"skipped":0,"pct":0}}
,"/Users/james/Documents/Code/Meridian-Mono/Meridian/frontend/src/components/Analytics/VisitsChart/AnalyticsChart.jsx": {"lines":{"total":139,"covered":0,"skipped":0,"pct":0},"functions":{"total":18,"covered":0,"skipped":0,"pct":0},"statements":{"total":148,"covered":0,"skipped":0,"pct":0},"branches":{"total":115,"covered":0,"skipped":0,"pct":0}}
,"/Users/james/Documents/Code/Meridian-Mono/Meridian/frontend/src/components/Analytics/VisitsChart/SimpleAnalyticsChart.jsx": {"lines":{"total":35,"covered":0,"skipped":0,"pct":0},"functions":{"total":9,"covered":0,"skipped":0,"pct":0},"statements":{"total":38,"covered":0,"skipped":0,"pct":0},"branches":{"total":13,"covered":0,"skipped":0,"pct":0}}
,"/Users/james/Documents/Code/Meridian-Mono/Meridian/frontend/src/components/AnimatedPageWrapper/AnimatedPageWrapper.jsx": {"lines":{"total":4,"covered":0,"skipped":0,"pct":0},"functions":{"total":1,"covered":0,"skipped":0,"pct":0},"statements":{"total":4,"covered":0,"skipped":0,"pct":0},"branches":{"total":5,"covered":0,"skipped":0,"pct":0}}
,"/Users/james/Documents/Code/Meridian-Mono/Meridian/frontend/src/components/AppleCallback/AppleCallback.jsx": {"lines":{"total":55,"covered":0,"skipped":0,"pct":0},"functions":{"total":5,"covered":0,"skipped":0,"pct":0},"statements":{"total":55,"covered":0,"skipped":0,"pct":0},"branches":{"total":37,"covered":0,"skipped":0,"pct":0}}
,"/Users/james/Documents/Code/Meridian-Mono/Meridian/frontend/src/components/ApprovalPreview/ApprovalPreview.jsx": {"lines":{"total":43,"covered":0,"skipped":0,"pct":0},"functions":{"total":11,"covered":0,"skipped":0,"pct":0},"statements":{"total":45,"covered":0,"skipped":0,"pct":0},"branches":{"total":66,"covered":0,"skipped":0,"pct":0}}
,"/Users/james/Documents/Code/Meridian-Mono/Meridian/frontend/src/components/AuthPagePreview/AuthPagePreview.jsx": {"lines":{"total":28,"covered":0,"skipped":0,"pct":0},"functions":{"total":7,"covered":0,"skipped":0,"pct":0},"statements":{"total":31,"covered":0,"skipped":0,"pct":0},"branches":{"total":18,"covered":0,"skipped":0,"pct":0}}
,"/Users/james/Documents/Code/Meridian-Mono/Meridian/frontend/src/components/AutocompleteInput/AutocompleteInput.jsx": {"lines":{"total":27,"covered":0,"skipped":0,"pct":0},"functions":{"total":9,"covered":0,"skipped":0,"pct":0},"statements":{"total":28,"covered":0,"skipped":0,"pct":0},"branches":{"total":11,"covered":0,"skipped":0,"pct":0}}
,"/Users/james/Documents/Code/Meridian-Mono/Meridian/frontend/src/components/AvailabilityOverlay/AvailabilityOverlay.jsx": {"lines":{"total":53,"covered":0,"skipped":0,"pct":0},"functions":{"total":8,"covered":0,"skipped":0,"pct":0},"statements":{"total":59,"covered":0,"skipped":0,"pct":0},"branches":{"total":35,"covered":0,"skipped":0,"pct":0}}
,"/Users/james/Documents/Code/Meridian-Mono/Meridian/frontend/src/components/Badges/Badges.jsx": {"lines":{"total":3,"covered":0,"skipped":0,"pct":0},"functions":{"total":2,"covered":0,"skipped":0,"pct":0},"statements":{"total":3,"covered":0,"skipped":0,"pct":0},"branches":{"total":8,"covered":0,"skipped":0,"pct":0}}
,"/Users/james/Documents/Code/Meridian-Mono/Meridian/frontend/src/components/Banner/Banner.jsx": {"lines":{"total":20,"covered":0,"skipped":0,"pct":0},"functions":{"total":4,"covered":0,"skipped":0,"pct":0},"statements":{"total":20,"covered":0,"skipped":0,"pct":0},"branches":{"total":18,"covered":0,"skipped":0,"pct":0}}
,"/Users/james/Documents/Code/Meridian-Mono/Meridian/frontend/src/components/CalendarComponents/Calendar/Calendar.jsx": {"lines":{"total":15,"covered":0,"skipped":0,"pct":0},"functions":{"total":4,"covered":0,"skipped":0,"pct":0},"statements":{"total":15,"covered":0,"skipped":0,"pct":0},"branches":{"total":46,"covered":0,"skipped":0,"pct":0}}
,"/Users/james/Documents/Code/Meridian-Mono/Meridian/frontend/src/components/CalendarComponents/DayColumn/DayColumn.jsx": {"lines":{"total":97,"covered":0,"skipped":0,"pct":0},"functions":{"total":15,"covered":0,"skipped":0,"pct":0},"statements":{"total":99,"covered":0,"skipped":0,"pct":0},"branches":{"total":71,"covered":0,"skipped":0,"pct":0}}
,"/Users/james/Documents/Code/Meridian-Mono/Meridian/frontend/src/components/CalendarComponents/MobileCalendar/MobileCalendar.jsx": {"lines":{"total":34,"covered":0,"skipped":0,"pct":0},"functions":{"total":9,"covered":0,"skipped":0,"pct":0},"statements":{"total":35,"covered":0,"skipped":0,"pct":0},"branches":{"total":32,"covered":0,"skipped":0,"pct":0}}
,"/Users/james/Documents/Code/Meridian-Mono/Meridian/frontend/src/components/CalendarComponents/TimeLabelColumn/TimeLabelColumn.jsx": {"lines":{"total":1,"covered":0,"skipped":0,"pct":0},"functions":{"total":1,"covered":0,"skipped":0,"pct":0},"statements":{"total":1,"covered":0,"skipped":0,"pct":0},"branches":{"total":0,"covered":0,"skipped":0,"pct":100}}
,"/Users/james/Documents/Code/Meridian-Mono/Meridian/frontend/src/components/Classroom/Classroom.jsx": {"lines":{"total":128,"covered":0,"skipped":0,"pct":0},"functions":{"total":31,"covered":0,"skipped":0,"pct":0},"statements":{"total":134,"covered":0,"skipped":0,"pct":0},"branches":{"total":135,"covered":0,"skipped":0,"pct":0}}
,"/Users/james/Documents/Code/Meridian-Mono/Meridian/frontend/src/components/Classroom/AllRatings/AllRatings.jsx": {"lines":{"total":5,"covered":0,"skipped":0,"pct":0},"functions":{"total":2,"covered":0,"skipped":0,"pct":0},"statements":{"total":5,"covered":0,"skipped":0,"pct":0},"branches":{"total":4,"covered":0,"skipped":0,"pct":0}}
,"/Users/james/Documents/Code/Meridian-Mono/Meridian/frontend/src/components/Classroom/AllRatings/RatingGraph/RatingGraph.jsx": {"lines":{"total":5,"covered":0,"skipped":0,"pct":0},"functions":{"total":3,"covered":0,"skipped":0,"pct":0},"statements":{"total":6,"covered":0,"skipped":0,"pct":0},"branches":{"total":2,"covered":0,"skipped":0,"pct":0}}
,"/Users/james/Documents/Code/Meridian-Mono/Meridian/frontend/src/components/Classroom/CheckedIn/CheckedIn.jsx": {"lines":{"total":12,"covered":0,"skipped":0,"pct":0},"functions":{"total":6,"covered":0,"skipped":0,"pct":0},"statements":{"total":12,"covered":0,"skipped":0,"pct":0},"branches":{"total":18,"covered":0,"skipped":0,"pct":0}}
,"/Users/james/Documents/Code/Meridian-Mono/Meridian/frontend/src/components/Classroom/EditAttributes/EditAttributes.jsx": {"lines":{"total":39,"covered":0,"skipped":0,"pct":0},"functions":{"total":12,"covered":0,"skipped":0,"pct":0},"statements":{"total":40,"covered":0,"skipped":0,"pct":0},"branches":{"total":13,"covered":0,"skipped":0,"pct":0}}
,"/Users/james/Documents/Code/Meridian-Mono/Meridian/frontend/src/components/Classroom/UserRating/UserRating.jsx": {"lines":{"total":18,"covered":0,"skipped":0,"pct":0},"functions":{"total":3,"covered":0,"skipped":0,"pct":0},"statements":{"total":18,"covered":0,"skipped":0,"pct":0},"branches":{"total":24,"covered":0,"skipped":0,"pct":0}}
,"/Users/james/Documents/Code/Meridian-Mono/Meridian/frontend/src/components/CommentsSection.jsx/CommentsSection.jsx": {"lines":{"total":47,"covered":0,"skipped":0,"pct":0},"functions":{"total":19,"covered":0,"skipped":0,"pct":0},"statements":{"total":57,"covered":0,"skipped":0,"pct":0},"branches":{"total":22,"covered":0,"skipped":0,"pct":0}}
,"/Users/james/Documents/Code/Meridian-Mono/Meridian/frontend/src/components/CommentsSection.jsx/Comment/Comment.jsx": {"lines":{"total":31,"covered":0,"skipped":0,"pct":0},"functions":{"total":6,"covered":0,"skipped":0,"pct":0},"statements":{"total":32,"covered":0,"skipped":0,"pct":0},"branches":{"total":25,"covered":0,"skipped":0,"pct":0}}
,"/Users/james/Documents/Code/Meridian-Mono/Meridian/frontend/src/components/CreateButton/CreateButton.jsx": {"lines":{"total":1,"covered":0,"skipped":0,"pct":0},"functions":{"total":1,"covered":0,"skipped":0,"pct":0},"statements":{"total":1,"covered":0,"skipped":0,"pct":0},"branches":{"total":6,"covered":0,"skipped":0,"pct":0}}
,"/Users/james/Documents/Code/Meridian-Mono/Meridian/frontend/src/components/CreateEvent/CustomFormFill/CustomFormFill.jsx": {"lines":{"total":4,"covered":0,"skipped":0,"pct":0},"functions":{"total":1,"covered":0,"skipped":0,"pct":0},"statements":{"total":4,"covered":0,"skipped":0,"pct":0},"branches":{"total":4,"covered":0,"skipped":0,"pct":0}}
,"/Users/james/Documents/Code/Meridian-Mono/Meridian/frontend/src/components/CreateEvent/GenInfo/GenInfo.jsx": {"lines":{"total":49,"covered":0,"skipped":0,"pct":0},"functions":{"total":11,"covered":0,"skipped":0,"pct":0},"statements":{"total":50,"covered":0,"skipped":0,"pct":0},"branches":{"total":29,"covered":0,"skipped":0,"pct":0}}
,"/Users/james/Documents/Code/Meridian-Mono/Meridian/frontend/src/components/CreateEvent/Review/Review.jsx": {"lines":{"total":41,"covered":0,"skipped":0,"pct":0},"functions":{"total":7,"covered":0,"skipped":0,"pct":0},"statements":{"total":42,"covered":0,"skipped":0,"pct":0},"branches":{"total":54,"covered":0,"skipped":0,"pct":0}}
,"/Users/james/Documents/Code/Meridian-Mono/Meridian/frontend/src/components/CreateEvent/WhenWhere/WhenWhere.jsx": {"lines":{"total":69,"covered":0,"skipped":0,"pct":0},"functions":{"total":17,"covered":0,"skipped":0,"pct":0},"statements":{"total":76,"covered":0,"skipped":0,"pct":0},"branches":{"total":22,"covered":0,"skipped":0,"pct":0}}
,"/Users/james/Documents/Code/Meridian-Mono/Meridian/frontend/src/components/CreateEvent/WhenWhere/WhenWhereHelpers.js": {"lines":{"total":52,"covered":0,"skipped":0,"pct":0},"functions":{"total":15,"covered":0,"skipped":0,"pct":0},"statements":{"total":56,"covered":0,"skipped":0,"pct":0},"branches":{"total":10,"covered":0,"skipped":0,"pct":0}}
,"/Users/james/Documents/Code/Meridian-Mono/Meridian/frontend/src/components/Dashboard/Dashboard.jsx": {"lines":{"total":241,"covered":0,"skipped":0,"pct":0},"functions":{"total":62,"covered":0,"skipped":0,"pct":0},"statements":{"total":252,"covered":0,"skipped":0,"pct":0},"branches":{"total":169,"covered":0,"skipped":0,"pct":0}}
,"/Users/james/Documents/Code/Meridian-Mono/Meridian/frontend/src/components/Dashboard/SubSidebarExample.jsx": {"lines":{"total":19,"covered":0,"skipped":0,"pct":0},"functions":{"total":9,"covered":0,"skipped":0,"pct":0},"statements":{"total":19,"covered":0,"skipped":0,"pct":0},"branches":{"total":0,"covered":0,"skipped":0,"pct":100}}
,"/Users/james/Documents/Code/Meridian-Mono/Meridian/frontend/src/components/Dashboard/DashStatus/DashStatus.jsx": {"lines":{"total":25,"covered":0,"skipped":0,"pct":0},"functions":{"total":2,"covered":0,"skipped":0,"pct":0},"statements":{"total":25,"covered":0,"skipped":0,"pct":0},"branches":{"total":27,"covered":0,"skipped":0,"pct":0}}
,"/Users/james/Documents/Code/Meridian-Mono/Meridian/frontend/src/components/DateTimePicker/DateTimePicker.jsx": {"lines":{"total":176,"covered":0,"skipped":0,"pct":0},"functions":{"total":22,"covered":0,"skipped":0,"pct":0},"statements":{"total":180,"covered":0,"skipped":0,"pct":0},"branches":{"total":152,"covered":0,"skipped":0,"pct":0}}
,"/Users/james/Documents/Code/Meridian-Mono/Meridian/frontend/src/components/DeleteConfirmModal/DeleteConfirmModal.jsx": {"lines":{"total":11,"covered":0,"skipped":0,"pct":0},"functions":{"total":3,"covered":0,"skipped":0,"pct":0},"statements":{"total":11,"covered":0,"skipped":0,"pct":0},"branches":{"total":10,"covered":0,"skipped":0,"pct":0}}
,"/Users/james/Documents/Code/Meridian-Mono/Meridian/frontend/src/components/DevSimulatedTimePanel/DevSimulatedTimePanel.jsx": {"lines":{"total":54,"covered":0,"skipped":0,"pct":0},"functions":{"total":17,"covered":0,"skipped":0,"pct":0},"statements":{"total":58,"covered":0,"skipped":0,"pct":0},"branches":{"total":40,"covered":0,"skipped":0,"pct":0}}
,"/Users/james/Documents/Code/Meridian-Mono/Meridian/frontend/src/components/DevTenantSelector/DevTenantSelector.jsx": {"lines":{"total":22,"covered":0,"skipped":0,"pct":0},"functions":{"total":7,"covered":0,"skipped":0,"pct":0},"statements":{"total":22,"covered":0,"skipped":0,"pct":0},"branches":{"total":14,"covered":0,"skipped":0,"pct":0}}
,"/Users/james/Documents/Code/Meridian-Mono/Meridian/frontend/src/components/DraggableList/DraggableList.jsx": {"lines":{"total":11,"covered":0,"skipped":0,"pct":0},"functions":{"total":4,"covered":0,"skipped":0,"pct":0},"statements":{"total":11,"covered":0,"skipped":0,"pct":0},"branches":{"total":14,"covered":0,"skipped":0,"pct":0}}
,"/Users/james/Documents/Code/Meridian-Mono/Meridian/frontend/src/components/DraggableList/useRaisedShadow.js": {"lines":{"total":14,"covered":0,"skipped":0,"pct":0},"functions":{"total":3,"covered":0,"skipped":0,"pct":0},"statements":{"total":14,"covered":0,"skipped":0,"pct":0},"branches":{"total":6,"covered":0,"skipped":0,"pct":0}}
,"/Users/james/Documents/Code/Meridian-Mono/Meridian/frontend/src/components/DynamicFormField/DynamicFormField.jsx": {"lines":{"total":77,"covered":0,"skipped":0,"pct":0},"functions":{"total":27,"covered":0,"skipped":0,"pct":0},"statements":{"total":77,"covered":0,"skipped":0,"pct":0},"branches":{"total":198,"covered":0,"skipped":0,"pct":0}}
,"/Users/james/Documents/Code/Meridian-Mono/Meridian/frontend/src/components/DynamicStep/DynamicStep.jsx": {"lines":{"total":75,"covered":0,"skipped":0,"pct":0},"functions":{"total":17,"covered":0,"skipped":0,"pct":0},"statements":{"total":76,"covered":0,"skipped":0,"pct":0},"branches":{"total":69,"covered":0,"skipped":0,"pct":0}}
,"/Users/james/Documents/Code/Meridian-Mono/Meridian/frontend/src/components/EmptyState/EmptyState.jsx": {"lines":{"total":3,"covered":0,"skipped":0,"pct":0},"functions":{"total":2,"covered":0,"skipped":0,"pct":0},"statements":{"total":3,"covered":0,"skipped":0,"pct":0},"branches":{"total":17,"covered":0,"skipped":0,"pct":0}}
,"/Users/james/Documents/Code/Meridian-Mono/Meridian/frontend/src/components/EventAnalytics/EventAnalytics.jsx": {"lines":{"total":21,"covered":0,"skipped":0,"pct":0},"functions":{"total":9,"covered":0,"skipped":0,"pct":0},"statements":{"total":21,"covered":0,"skipped":0,"pct":0},"branches":{"total":34,"covered":0,"skipped":0,"pct":0}}
,"/Users/james/Documents/Code/Meridian-Mono/Meridian/frontend/src/components/EventCheckIn/CheckInLink.jsx": {"lines":{"total":24,"covered":0,"skipped":0,"pct":0},"functions":{"total":6,"covered":0,"skipped":0,"pct":0},"statements":{"total":26,"covered":0,"skipped":0,"pct":0},"branches":{"total":8,"covered":0,"skipped":0,"pct":0}}
,"/Users/james/Documents/Code/Meridian-Mono/Meridian/frontend/src/components/EventCheckIn/CheckInList.jsx": {"lines":{"total":44,"covered":0,"skipped":0,"pct":0},"functions":{"total":15,"covered":0,"skipped":0,"pct":0},"statements":{"total":49,"covered":0,"skipped":0,"pct":0},"branches":{"total":69,"covered":0,"skipped":0,"pct":0}}
,"/Users/james/Documents/Code/Meridian-Mono/Meridian/frontend/src/components/EventCheckIn/QRCodeDisplay.jsx": {"lines":{"total":23,"covered":0,"skipped":0,"pct":0},"functions":{"total":5,"covered":0,"skipped":0,"pct":0},"statements":{"total":24,"covered":0,"skipped":0,"pct":0},"branches":{"total":10,"covered":0,"skipped":0,"pct":0}}
,"/Users/james/Documents/Code/Meridian-Mono/Meridian/frontend/src/components/EventCheckInButton/EventCheckInButton.jsx": {"lines":{"total":36,"covered":0,"skipped":0,"pct":0},"functions":{"total":4,"covered":0,"skipped":0,"pct":0},"statements":{"total":41,"covered":0,"skipped":0,"pct":0},"branches":{"total":29,"covered":0,"skipped":0,"pct":0}}
,"/Users/james/Documents/Code/Meridian-Mono/Meridian/frontend/src/components/EventEditor/EventEditor.jsx": {"lines":{"total":43,"covered":0,"skipped":0,"pct":0},"functions":{"total":18,"covered":0,"skipped":0,"pct":0},"statements":{"total":45,"covered":0,"skipped":0,"pct":0},"branches":{"total":116,"covered":0,"skipped":0,"pct":0}}
,"/Users/james/Documents/Code/Meridian-Mono/Meridian/frontend/src/components/EventViewer/EventViewer.jsx": {"lines":{"total":35,"covered":0,"skipped":0,"pct":0},"functions":{"total":7,"covered":0,"skipped":0,"pct":0},"statements":{"total":36,"covered":0,"skipped":0,"pct":0},"branches":{"total":57,"covered":0,"skipped":0,"pct":0}}
,"/Users/james/Documents/Code/Meridian-Mono/Meridian/frontend/src/components/EventViewer/index.js": {"lines":{"total":0,"covered":0,"skipped":0,"pct":0},"functions":{"total":0,"covered":0,"skipped":0,"pct":0},"statements":{"total":0,"covered":0,"skipped":0,"pct":0},"branches":{"total":0,"covered":0,"skipped":0,"pct":0}}
,"/Users/james/Documents/Code/Meridian-Mono/Meridian/frontend/src/components/EventsAnalytics/EventsAnalytics.jsx": {"lines":{"total":20,"covered":0,"skipped":0,"pct":0},"functions":{"total":8,"covered":0,"skipped":0,"pct":0},"statements":{"total":20,"covered":0,"skipped":0,"pct":0},"branches":{"total":32,"covered":0,"skipped":0,"pct":0}}
,"/Users/james/Documents/Code/Meridian-Mono/Meridian/frontend/src/components/EventsByCreator/EventsByCreator.jsx": {"lines":{"total":14,"covered":0,"skipped":0,"pct":0},"functions":{"total":4,"covered":0,"skipped":0,"pct":0},"statements":{"total":14,"covered":0,"skipped":0,"pct":0},"branches":{"total":9,"covered":0,"skipped":0,"pct":0}}
,"/Users/james/Documents/Code/Meridian-Mono/Meridian/frontend/src/components/EventsList/EventSkeleton.jsx": {"lines":{"total":3,"covered":0,"skipped":0,"pct":0},"functions":{"total":2,"covered":0,"skipped":0,"pct":0},"statements":{"total":3,"covered":0,"skipped":0,"pct":0},"branches":{"total":1,"covered":0,"skipped":0,"pct":0}}
,"/Users/james/Documents/Code/Meridian-Mono/Meridian/frontend/src/components/EventsList/EventsList.jsx": {"lines":{"total":34,"covered":0,"skipped":0,"pct":0},"functions":{"total":10,"covered":0,"skipped":0,"pct":0},"statements":{"total":35,"covered":0,"skipped":0,"pct":0},"branches":{"total":41,"covered":0,"skipped":0,"pct":0}}
,"/Users/james/Documents/Code/Meridian-Mono/Meridian/frontend/src/components/EventsManager/EventsManager.jsx": {"lines":{"total":3,"covered":0,"skipped":0,"pct":0},"functions":{"total":4,"covered":0,"skipped":0,"pct":0},"statements":{"total":4,"covered":0,"skipped":0,"pct":0},"branches":{"total":4,"covered":0,"skipped":0,"pct":0}}
,"/Users/james/Documents/Code/Meridian-Mono/Meridian/frontend/src/components/EventsPageHeader/EventsPageHeader.jsx": {"lines":{"total":15,"covered":0,"skipped":0,"pct":0},"functions":{"total":4,"covered":0,"skipped":0,"pct":0},"statements":{"total":17,"covered":0,"skipped":0,"pct":0},"branches":{"total":36,"covered":0,"skipped":0,"pct":0}}
,"/Users/james/Documents/Code/Meridian-Mono/Meridian/frontend/src/components/EventsViewer/EventHelpers.js": {"lines":{"total":20,"covered":0,"skipped":0,"pct":0},"functions":{"total":4,"covered":0,"skipped":0,"pct":0},"statements":{"total":20,"covered":0,"skipped":0,"pct":0},"branches":{"total":0,"covered":0,"skipped":0,"pct":100}}
,"/Users/james/Documents/Code/Meridian-Mono/Meridian/frontend/src/components/EventsViewer/EventsViewer.jsx": {"lines":{"total":36,"covered":0,"skipped":0,"pct":0},"functions":{"total":10,"covered":0,"skipped":0,"pct":0},"statements":{"total":36,"covered":0,"skipped":0,"pct":0},"branches":{"total":10,"covered":0,"skipped":0,"pct":0}}
,"/Users/james/Documents/Code/Meridian-Mono/Meridian/frontend/src/components/EventsViewer/EventsGrid/EventsGrid.jsx": {"lines":{"total":16,"covered":0,"skipped":0,"pct":0},"functions":{"total":6,"covered":0,"skipped":0,"pct":0},"statements":{"total":17,"covered":0,"skipped":0,"pct":0},"branches":{"total":0,"covered":0,"skipped":0,"pct":100}}
,"/Users/james/Documents/Code/Meridian-Mono/Meridian/frontend/src/components/EventsViewer/EventsGrid/EventsColumn/EventsColumn.jsx": {"lines":{"total":4,"covered":0,"skipped":0,"pct":0},"functions":{"total":2,"covered":0,"skipped":0,"pct":0},"statements":{"total":4,"covered":0,"skipped":0,"pct":0},"branches":{"total":4,"covered":0,"skipped":0,"pct":0}}
,"/Users/james/Documents/Code/Meridian-Mono/Meridian/frontend/src/components/EventsViewer/EventsGrid/EventsColumn/CreateEventButton/CreateEvent.jsx": {"lines":{"total":6,"covered":0,"skipped":0,"pct":0},"functions":{"total":2,"covered":0,"skipped":0,"pct":0},"statements":{"total":6,"covered":0,"skipped":0,"pct":0},"branches":{"total":9,"covered":0,"skipped":0,"pct":0}}
,"/Users/james/Documents/Code/Meridian-Mono/Meridian/frontend/src/components/EventsViewer/EventsGrid/EventsColumn/Event/Event.jsx": {"lines":{"total":61,"covered":0,"skipped":0,"pct":0},"functions":{"total":16,"covered":0,"skipped":0,"pct":0},"statements":{"total":66,"covered":0,"skipped":0,"pct":0},"branches":{"total":60,"covered":0,"skipped":0,"pct":0}}
,"/Users/james/Documents/Code/Meridian-Mono/Meridian/frontend/src/components/EventsViewer/EventsGrid/EventsColumn/FullEvent/FullEvent.jsx": {"lines":{"total":27,"covered":0,"skipped":0,"pct":0},"functions":{"total":3,"covered":0,"skipped":0,"pct":0},"statements":{"total":27,"covered":0,"skipped":0,"pct":0},"branches":{"total":16,"covered":0,"skipped":0,"pct":0}}
,"/Users/james/Documents/Code/Meridian-Mono/Meridian/frontend/src/components/FileUpload/FileUpload.jsx": {"lines":{"total":23,"covered":0,"skipped":0,"pct":0},"functions":{"total":5,"covered":0,"skipped":0,"pct":0},"statements":{"total":23,"covered":0,"skipped":0,"pct":0},"branches":{"total":12,"covered":0,"skipped":0,"pct":0}}
,"/Users/james/Documents/Code/Meridian-Mono/Meridian/frontend/src/components/Filter/Filter.jsx": {"lines":{"total":10,"covered":0,"skipped":0,"pct":0},"functions":{"total":7,"covered":0,"skipped":0,"pct":0},"statements":{"total":12,"covered":0,"skipped":0,"pct":0},"branches":{"total":6,"covered":0,"skipped":0,"pct":0}}
,"/Users/james/Documents/Code/Meridian-Mono/Meridian/frontend/src/components/FilterPanel/FilterPanel.jsx": {"lines":{"total":15,"covered":0,"skipped":0,"pct":0},"functions":{"total":6,"covered":0,"skipped":0,"pct":0},"statements":{"total":15,"covered":0,"skipped":0,"pct":0},"branches":{"total":8,"covered":0,"skipped":0,"pct":0}}
,"/Users/james/Documents/Code/Meridian-Mono/Meridian/frontend/src/components/Flag/Flag.jsx": {"lines":{"total":1,"covered":0,"skipped":0,"pct":0},"functions":{"total":1,"covered":0,"skipped":0,"pct":0},"statements":{"total":1,"covered":0,"skipped":0,"pct":0},"branches":{"total":4,"covered":0,"skipped":0,"pct":0}}
,"/Users/james/Documents/Code/Meridian-Mono/Meridian/frontend/src/components/FlowComponentV2/FlowComponentV2.jsx": {"lines":{"total":78,"covered":0,"skipped":0,"pct":0},"functions":{"total":22,"covered":0,"skipped":0,"pct":0},"statements":{"total":82,"covered":0,"skipped":0,"pct":0},"branches":{"total":113,"covered":0,"skipped":0,"pct":0}}
,"/Users/james/Documents/Code/Meridian-Mono/Meridian/frontend/src/components/Footer/Footer.jsx": {"lines":{"total":1,"covered":0,"skipped":0,"pct":0},"functions":{"total":1,"covered":0,"skipped":0,"pct":0},"statements":{"total":1,"covered":0,"skipped":0,"pct":0},"branches":{"total":0,"covered":0,"skipped":0,"pct":100}}
,"/Users/james/Documents/Code/Meridian-Mono/Meridian/frontend/src/components/FormBuilder/FormBuilder.jsx": {"lines":{"total":80,"covered":0,"skipped":0,"pct":0},"functions":{"total":53,"covered":0,"skipped":0,"pct":0},"statements":{"total":91,"covered":0,"skipped":0,"pct":0},"branches":{"total":67,"covered":0,"skipped":0,"pct":0}}
,"/Users/james/Documents/Code/Meridian-Mono/Meridian/frontend/src/components/FormBuilder/FormConfigMenu.jsx": {"lines":{"total":15,"covered":0,"skipped":0,"pct":0},"functions":{"total":4,"covered":0,"skipped":0,"pct":0},"statements":{"total":16,"covered":0,"skipped":0,"pct":0},"branches":{"total":12,"covered":0,"skipped":0,"pct":0}}
,"/Users/james/Documents/Code/Meridian-Mono/Meridian/frontend/src/components/FormPreview/FormPreview.jsx": {"lines":{"total":2,"covered":0,"skipped":0,"pct":0},"functions":{"total":1,"covered":0,"skipped":0,"pct":0},"statements":{"total":2,"covered":0,"skipped":0,"pct":0},"branches":{"total":0,"covered":0,"skipped":0,"pct":100}}
,"/Users/james/Documents/Code/Meridian-Mono/Meridian/frontend/src/components/FormResponseViewer/FormResponseViewer.jsx": {"lines":{"total":15,"covered":0,"skipped":0,"pct":0},"functions":{"total":4,"covered":0,"skipped":0,"pct":0},"statements":{"total":15,"covered":0,"skipped":0,"pct":0},"branches":{"total":17,"covered":0,"skipped":0,"pct":0}}
,"/Users/james/Documents/Code/Meridian-Mono/Meridian/frontend/src/components/FormViewer/FormViewer.jsx": {"lines":{"total":91,"covered":0,"skipped":0,"pct":0},"functions":{"total":28,"covered":0,"skipped":0,"pct":0},"statements":{"total":99,"covered":0,"skipped":0,"pct":0},"branches":{"total":123,"covered":0,"skipped":0,"pct":0}}
,"/Users/james/Documents/Code/Meridian-Mono/Meridian/frontend/src/components/Forms/LoginForm/LoginForm.jsx": {"lines":{"total":147,"covered":0,"skipped":0,"pct":0},"functions":{"total":25,"covered":0,"skipped":0,"pct":0},"statements":{"total":150,"covered":0,"skipped":0,"pct":0},"branches":{"total":104,"covered":0,"skipped":0,"pct":0}}
,"/Users/james/Documents/Code/Meridian-Mono/Meridian/frontend/src/components/Forms/RegisterForm/RegisterForm.jsx": {"lines":{"total":111,"covered":0,"skipped":0,"pct":0},"functions":{"total":19,"covered":0,"skipped":0,"pct":0},"statements":{"total":113,"covered":0,"skipped":0,"pct":0},"branches":{"total":83,"covered":0,"skipped":0,"pct":0}}
,"/Users/james/Documents/Code/Meridian-Mono/Meridian/frontend/src/components/Forms/SAMLLoginButton/SAMLLoginButton.jsx": {"lines":{"total":12,"covered":0,"skipped":0,"pct":0},"functions":{"total":2,"covered":0,"skipped":0,"pct":0},"statements":{"total":12,"covered":0,"skipped":0,"pct":0},"branches":{"total":10,"covered":0,"skipped":0,"pct":0}}
,"/Users/james/Documents/Code/Meridian-Mono/Meridian/frontend/src/components/Forms/TenantSelectorBanner/TenantSelectorBanner.jsx": {"lines":{"total":9,"covered":0,"skipped":0,"pct":0},"functions":{"total":2,"covered":0,"skipped":0,"pct":0},"statements":{"total":10,"covered":0,"skipped":0,"pct":0},"branches":{"total":6,"covered":0,"skipped":0,"pct":0}}
,"/Users/james/Documents/Code/Meridian-Mono/Meridian/frontend/src/components/Header/Header.jsx": {"lines":{"total":72,"covered":0,"skipped":0,"pct":0},"functions":{"total":20,"covered":0,"skipped":0,"pct":0},"statements":{"total":75,"covered":0,"skipped":0,"pct":0},"branches":{"total":76,"covered":0,"skipped":0,"pct":0}}
,"/Users/james/Documents/Code/Meridian-Mono/Meridian/frontend/src/components/HeaderContainer/HeaderContainer.jsx": {"lines":{"total":2,"covered":0,"skipped":0,"pct":0},"functions":{"total":1,"covered":0,"skipped":0,"pct":0},"statements":{"total":2,"covered":0,"skipped":0,"pct":0},"branches":{"total":9,"covered":0,"skipped":0,"pct":0}}
,"/Users/james/Documents/Code/Meridian-Mono/Meridian/frontend/src/components/ImageUpload/ImageUpload.jsx": {"lines":{"total":71,"covered":0,"skipped":0,"pct":0},"functions":{"total":15,"covered":0,"skipped":0,"pct":0},"statements":{"total":74,"covered":0,"skipped":0,"pct":0},"branches":{"total":85,"covered":0,"skipped":0,"pct":0}}
,"/Users/james/Documents/Code/Meridian-Mono/Meridian/frontend/src/components/Interface/AnimatedNumber/AnimatedNumber.jsx": {"lines":{"total":35,"covered":0,"skipped":0,"pct":0},"functions":{"total":6,"covered":0,"skipped":0,"pct":0},"statements":{"total":38,"covered":0,"skipped":0,"pct":0},"branches":{"total":28,"covered":0,"skipped":0,"pct":0}}
,"/Users/james/Documents/Code/Meridian-Mono/Meridian/frontend/src/components/Interface/Bookmark/Bookmark.jsx": {"lines":{"total":26,"covered":0,"skipped":0,"pct":0},"functions":{"total":4,"covered":0,"skipped":0,"pct":0},"statements":{"total":26,"covered":0,"skipped":0,"pct":0},"branches":{"total":14,"covered":0,"skipped":0,"pct":0}}
,"/Users/james/Documents/Code/Meridian-Mono/Meridian/frontend/src/components/Interface/MockBadge/MockBadge.jsx": {"lines":{"total":2,"covered":0,"skipped":0,"pct":0},"functions":{"total":1,"covered":0,"skipped":0,"pct":0},"statements":{"total":2,"covered":0,"skipped":0,"pct":0},"branches":{"total":2,"covered":0,"skipped":0,"pct":0}}
,"/Users/james/Documents/Code/Meridian-Mono/Meridian/frontend/src/components/Interface/PulseDot/PulseDot.jsx": {"lines":{"total":2,"covered":0,"skipped":0,"pct":0},"functions":{"total":1,"covered":0,"skipped":0,"pct":0},"statements":{"total":2,"covered":0,"skipped":0,"pct":0},"branches":{"total":2,"covered":0,"skipped":0,"pct":0}}
,"/Users/james/Documents/Code/Meridian-Mono/Meridian/frontend/src/components/Loader/Loader.jsx": {"lines":{"total":1,"covered":0,"skipped":0,"pct":0},"functions":{"total":1,"covered":0,"skipped":0,"pct":0},"statements":{"total":1,"covered":0,"skipped":0,"pct":0},"branches":{"total":0,"covered":0,"skipped":0,"pct":100}}
,"/Users/james/Documents/Code/Meridian-Mono/Meridian/frontend/src/components/Loader/LoadingDemo.jsx": {"lines":{"total":18,"covered":0,"skipped":0,"pct":0},"functions":{"total":11,"covered":0,"skipped":0,"pct":0},"statements":{"total":20,"covered":0,"skipped":0,"pct":0},"branches":{"total":12,"covered":0,"skipped":0,"pct":0}}
,"/Users/james/Documents/Code/Meridian-Mono/Meridian/frontend/src/components/Loader/LoadingOverlay.jsx": {"lines":{"total":3,"covered":0,"skipped":0,"pct":0},"functions":{"total":1,"covered":0,"skipped":0,"pct":0},"statements":{"total":4,"covered":0,"skipped":0,"pct":0},"branches":{"total":8,"covered":0,"skipped":0,"pct":0}}
,"/Users/james/Documents/Code/Meridian-Mono/Meridian/frontend/src/components/Loader/ProgressIndicator.jsx": {"lines":{"total":10,"covered":0,"skipped":0,"pct":0},"functions":{"total":4,"covered":0,"skipped":0,"pct":0},"statements":{"total":11,"covered":0,"skipped":0,"pct":0},"branches":{"total":9,"covered":0,"skipped":0,"pct":0}}
,"/Users/james/Documents/Code/Meridian-Mono/Meridian/frontend/src/components/MarkdownTextarea/MarkdownTextarea.jsx": {"lines":{"total":81,"covered":0,"skipped":0,"pct":0},"functions":{"total":14,"covered":0,"skipped":0,"pct":0},"statements":{"total":89,"covered":0,"skipped":0,"pct":0},"branches":{"total":66,"covered":0,"skipped":0,"pct":0}}
,"/Users/james/Documents/Code/Meridian-Mono/Meridian/frontend/src/components/MetricCard/MetricCard.jsx": {"lines":{"total":9,"covered":0,"skipped":0,"pct":0},"functions":{"total":3,"covered":0,"skipped":0,"pct":0},"statements":{"total":9,"covered":0,"skipped":0,"pct":0},"branches":{"total":14,"covered":0,"skipped":0,"pct":0}}
,"/Users/james/Documents/Code/Meridian-Mono/Meridian/frontend/src/components/MetricCard/index.js": {"lines":{"total":0,"covered":0,"skipped":0,"pct":0},"functions":{"total":0,"covered":0,"skipped":0,"pct":0},"statements":{"total":0,"covered":0,"skipped":0,"pct":0},"branches":{"total":0,"covered":0,"skipped":0,"pct":0}}
,"/Users/james/Documents/Code/Meridian-Mono/Meridian/frontend/src/components/Modal/Modal.jsx": {"lines":{"total":3,"covered":0,"skipped":0,"pct":0},"functions":{"total":1,"covered":0,"skipped":0,"pct":0},"statements":{"total":3,"covered":0,"skipped":0,"pct":0},"branches":{"total":5,"covered":0,"skipped":0,"pct":0}}
,"/Users/james/Documents/Code/Meridian-Mono/Meridian/frontend/src/components/NewCalendar/DayComponent/DayComponent.jsx": {"lines":{"total":6,"covered":0,"skipped":0,"pct":0},"functions":{"total":3,"covered":0,"skipped":0,"pct":0},"statements":{"total":6,"covered":0,"skipped":0,"pct":0},"branches":{"total":4,"covered":0,"skipped":0,"pct":0}}
,"/Users/james/Documents/Code/Meridian-Mono/Meridian/frontend/src/components/NewCalendar/MonthComponent/MonthComponent.jsx": {"lines":{"total":0,"covered":0,"skipped":0,"pct":0},"functions":{"total":0,"covered":0,"skipped":0,"pct":0},"statements":{"total":0,"covered":0,"skipped":0,"pct":0},"branches":{"total":0,"covered":0,"skipped":0,"pct":0}}
,"/Users/james/Documents/Code/Meridian-Mono/Meridian/frontend/src/components/NewCalendar/WeekComponent/WeekComponent.jsx": {"lines":{"total":37,"covered":0,"skipped":0,"pct":0},"functions":{"total":10,"covered":0,"skipped":0,"pct":0},"statements":{"total":39,"covered":0,"skipped":0,"pct":0},"branches":{"total":15,"covered":0,"skipped":0,"pct":0}}
,"/Users/james/Documents/Code/Meridian-Mono/Meridian/frontend/src/components/NoticeBanner/NoticeBanner.jsx": {"lines":{"total":14,"covered":0,"skipped":0,"pct":0},"functions":{"total":3,"covered":0,"skipped":0,"pct":0},"statements":{"total":15,"covered":0,"skipped":0,"pct":0},"branches":{"total":26,"covered":0,"skipped":0,"pct":0}}
,"/Users/james/Documents/Code/Meridian-Mono/Meridian/frontend/src/components/Notification/Notification.jsx": {"lines":{"total":1,"covered":0,"skipped":0,"pct":0},"functions":{"total":1,"covered":0,"skipped":0,"pct":0},"statements":{"total":1,"covered":0,"skipped":0,"pct":0},"branches":{"total":5,"covered":0,"skipped":0,"pct":0}}
,"/Users/james/Documents/Code/Meridian-Mono/Meridian/frontend/src/components/NotificationInbox/NotificationInbox.jsx": {"lines":{"total":44,"covered":0,"skipped":0,"pct":0},"functions":{"total":22,"covered":0,"skipped":0,"pct":0},"statements":{"total":55,"covered":0,"skipped":0,"pct":0},"branches":{"total":47,"covered":0,"skipped":0,"pct":0}}
,"/Users/james/Documents/Code/Meridian-Mono/Meridian/frontend/src/components/OrgEvents/OrgEvents.jsx": {"lines":{"total":47,"covered":0,"skipped":0,"pct":0},"functions":{"total":14,"covered":0,"skipped":0,"pct":0},"statements":{"total":55,"covered":0,"skipped":0,"pct":0},"branches":{"total":22,"covered":0,"skipped":0,"pct":0}}
,"/Users/james/Documents/Code/Meridian-Mono/Meridian/frontend/src/components/OrgInviteModal/OrgInviteModal.jsx": {"lines":{"total":32,"covered":0,"skipped":0,"pct":0},"functions":{"total":13,"covered":0,"skipped":0,"pct":0},"statements":{"total":39,"covered":0,"skipped":0,"pct":0},"branches":{"total":28,"covered":0,"skipped":0,"pct":0}}
,"/Users/james/Documents/Code/Meridian-Mono/Meridian/frontend/src/components/OrgMessages/MessageReplies.jsx": {"lines":{"total":80,"covered":0,"skipped":0,"pct":0},"functions":{"total":12,"covered":0,"skipped":0,"pct":0},"statements":{"total":82,"covered":0,"skipped":0,"pct":0},"branches":{"total":76,"covered":0,"skipped":0,"pct":0}}
,"/Users/james/Documents/Code/Meridian-Mono/Meridian/frontend/src/components/OrgMessages/OrgMessageCard.jsx": {"lines":{"total":139,"covered":0,"skipped":0,"pct":0},"functions":{"total":35,"covered":0,"skipped":0,"pct":0},"statements":{"total":152,"covered":0,"skipped":0,"pct":0},"branches":{"total":169,"covered":0,"skipped":0,"pct":0}}
,"/Users/james/Documents/Code/Meridian-Mono/Meridian/frontend/src/components/OrgMessages/OrgMessageComposer.jsx": {"lines":{"total":81,"covered":0,"skipped":0,"pct":0},"functions":{"total":12,"covered":0,"skipped":0,"pct":0},"statements":{"total":81,"covered":0,"skipped":0,"pct":0},"branches":{"total":59,"covered":0,"skipped":0,"pct":0}}
,"/Users/james/Documents/Code/Meridian-Mono/Meridian/frontend/src/components/OrgMessages/OrgMessageFeed.jsx": {"lines":{"total":59,"covered":0,"skipped":0,"pct":0},"functions":{"total":18,"covered":0,"skipped":0,"pct":0},"statements":{"total":68,"covered":0,"skipped":0,"pct":0},"branches":{"total":46,"covered":0,"skipped":0,"pct":0}}
,"/Users/james/Documents/Code/Meridian-Mono/Meridian/frontend/src/components/OrgPendingBanner/OrgPendingBanner.jsx": {"lines":{"total":7,"covered":0,"skipped":0,"pct":0},"functions":{"total":3,"covered":0,"skipped":0,"pct":0},"statements":{"total":8,"covered":0,"skipped":0,"pct":0},"branches":{"total":2,"covered":0,"skipped":0,"pct":0}}
,"/Users/james/Documents/Code/Meridian-Mono/Meridian/frontend/src/components/PendingApprovalModal/PendingApprovalModal.jsx": {"lines":{"total":10,"covered":0,"skipped":0,"pct":0},"functions":{"total":4,"covered":0,"skipped":0,"pct":0},"statements":{"total":10,"covered":0,"skipped":0,"pct":0},"branches":{"total":13,"covered":0,"skipped":0,"pct":0}}
,"/Users/james/Documents/Code/Meridian-Mono/Meridian/frontend/src/components/PendingApprovalOverlay/PendingApprovalOverlay.jsx": {"lines":{"total":8,"covered":0,"skipped":0,"pct":0},"functions":{"total":4,"covered":0,"skipped":0,"pct":0},"statements":{"total":8,"covered":0,"skipped":0,"pct":0},"branches":{"total":13,"covered":0,"skipped":0,"pct":0}}
,"/Users/james/Documents/Code/Meridian-Mono/Meridian/frontend/src/components/Popup/Popup.jsx": {"lines":{"total":39,"covered":0,"skipped":0,"pct":0},"functions":{"total":10,"covered":0,"skipped":0,"pct":0},"statements":{"total":41,"covered":0,"skipped":0,"pct":0},"branches":{"total":37,"covered":0,"skipped":0,"pct":0}}
,"/Users/james/Documents/Code/Meridian-Mono/Meridian/frontend/src/components/ProfileCard/ProfileCard.jsx": {"lines":{"total":1,"covered":0,"skipped":0,"pct":0},"functions":{"total":1,"covered":0,"skipped":0,"pct":0},"statements":{"total":1,"covered":0,"skipped":0,"pct":0},"branches":{"total":0,"covered":0,"skipped":0,"pct":100}}
,"/Users/james/Documents/Code/Meridian-Mono/Meridian/frontend/src/components/ProfileCard/CardHeader/CardHeader.jsx": {"lines":{"total":1,"covered":0,"skipped":0,"pct":0},"functions":{"total":1,"covered":0,"skipped":0,"pct":0},"statements":{"total":1,"covered":0,"skipped":0,"pct":0},"branches":{"total":14,"covered":0,"skipped":0,"pct":0}}
,"/Users/james/Documents/Code/Meridian-Mono/Meridian/frontend/src/components/ProfileCard/SavedClassrooms/SavedClassrooms.jsx": {"lines":{"total":19,"covered":0,"skipped":0,"pct":0},"functions":{"total":6,"covered":0,"skipped":0,"pct":0},"statements":{"total":19,"covered":0,"skipped":0,"pct":0},"branches":{"total":8,"covered":0,"skipped":0,"pct":0}}
,"/Users/james/Documents/Code/Meridian-Mono/Meridian/frontend/src/components/ProfileCard/StudyHistory/StudyHistory.jsx": {"lines":{"total":4,"covered":0,"skipped":0,"pct":0},"functions":{"total":2,"covered":0,"skipped":0,"pct":0},"statements":{"total":4,"covered":0,"skipped":0,"pct":0},"branches":{"total":6,"covered":0,"skipped":0,"pct":0}}
,"/Users/james/Documents/Code/Meridian-Mono/Meridian/frontend/src/components/ProfilePicture/ProfilePicture.jsx": {"lines":{"total":4,"covered":0,"skipped":0,"pct":0},"functions":{"total":1,"covered":0,"skipped":0,"pct":0},"statements":{"total":4,"covered":0,"skipped":0,"pct":0},"branches":{"total":4,"covered":0,"skipped":0,"pct":0}}
,"/Users/james/Documents/Code/Meridian-Mono/Meridian/frontend/src/components/ProfilePopup/ProfilePopup.jsx": {"lines":{"total":26,"covered":0,"skipped":0,"pct":0},"functions":{"total":8,"covered":0,"skipped":0,"pct":0},"statements":{"total":26,"covered":0,"skipped":0,"pct":0},"branches":{"total":50,"covered":0,"skipped":0,"pct":0}}
,"/Users/james/Documents/Code/Meridian-Mono/Meridian/frontend/src/components/ProportionalBarList/ProportionalBarList.jsx": {"lines":{"total":14,"covered":0,"skipped":0,"pct":0},"functions":{"total":8,"covered":0,"skipped":0,"pct":0},"statements":{"total":19,"covered":0,"skipped":0,"pct":0},"branches":{"total":53,"covered":0,"skipped":0,"pct":0}}
,"/Users/james/Documents/Code/Meridian-Mono/Meridian/frontend/src/components/ProtectedRoute/ProtectedRoute.jsx": {"lines":{"total":19,"covered":0,"skipped":0,"pct":0},"functions":{"total":4,"covered":0,"skipped":0,"pct":0},"statements":{"total":20,"covered":0,"skipped":0,"pct":0},"branches":{"total":17,"covered":0,"skipped":0,"pct":0}}
,"/Users/james/Documents/Code/Meridian-Mono/Meridian/frontend/src/components/RSVPButton/RSVPButton.jsx": {"lines":{"total":101,"covered":0,"skipped":0,"pct":0},"functions":{"total":13,"covered":0,"skipped":0,"pct":0},"statements":{"total":108,"covered":0,"skipped":0,"pct":0},"branches":{"total":144,"covered":0,"skipped":0,"pct":0}}
,"/Users/james/Documents/Code/Meridian-Mono/Meridian/frontend/src/components/RSVPSection/RSVPSection.jsx": {"lines":{"total":116,"covered":0,"skipped":0,"pct":0},"functions":{"total":29,"covered":0,"skipped":0,"pct":0},"statements":{"total":123,"covered":0,"skipped":0,"pct":0},"branches":{"total":168,"covered":0,"skipped":0,"pct":0}}
,"/Users/james/Documents/Code/Meridian-Mono/Meridian/frontend/src/components/Rating/Rating.jsx": {"lines":{"total":38,"covered":0,"skipped":0,"pct":0},"functions":{"total":7,"covered":0,"skipped":0,"pct":0},"statements":{"total":38,"covered":0,"skipped":0,"pct":0},"branches":{"total":16,"covered":0,"skipped":0,"pct":0}}
,"/Users/james/Documents/Code/Meridian-Mono/Meridian/frontend/src/components/RebrandingNotice/RebrandingNotice.jsx": {"lines":{"total":31,"covered":0,"skipped":0,"pct":0},"functions":{"total":6,"covered":0,"skipped":0,"pct":0},"statements":{"total":32,"covered":0,"skipped":0,"pct":0},"branches":{"total":18,"covered":0,"skipped":0,"pct":0}}
,"/Users/james/Documents/Code/Meridian-Mono/Meridian/frontend/src/components/Recommended/Recommended.jsx": {"lines":{"total":33,"covered":0,"skipped":0,"pct":0},"functions":{"total":5,"covered":0,"skipped":0,"pct":0},"statements":{"total":33,"covered":0,"skipped":0,"pct":0},"branches":{"total":18,"covered":0,"skipped":0,"pct":0}}
,"/Users/james/Documents/Code/Meridian-Mono/Meridian/frontend/src/components/RecommendedRoomCard/RecommendedRoomCard.jsx": {"lines":{"total":11,"covered":0,"skipped":0,"pct":0},"functions":{"total":2,"covered":0,"skipped":0,"pct":0},"statements":{"total":11,"covered":0,"skipped":0,"pct":0},"branches":{"total":13,"covered":0,"skipped":0,"pct":0}}
,"/Users/james/Documents/Code/Meridian-Mono/Meridian/frontend/src/components/RegistrationPrompt/RegistrationPrompt.jsx": {"lines":{"total":32,"covered":0,"skipped":0,"pct":0},"functions":{"total":6,"covered":0,"skipped":0,"pct":0},"statements":{"total":32,"covered":0,"skipped":0,"pct":0},"branches":{"total":25,"covered":0,"skipped":0,"pct":0}}
,"/Users/james/Documents/Code/Meridian-Mono/Meridian/frontend/src/components/Report/Report.jsx": {"lines":{"total":27,"covered":0,"skipped":0,"pct":0},"functions":{"total":6,"covered":0,"skipped":0,"pct":0},"statements":{"total":27,"covered":0,"skipped":0,"pct":0},"branches":{"total":14,"covered":0,"skipped":0,"pct":0}}
,"/Users/james/Documents/Code/Meridian-Mono/Meridian/frontend/src/components/Results/Results.jsx": {"lines":{"total":25,"covered":0,"skipped":0,"pct":0},"functions":{"total":7,"covered":0,"skipped":0,"pct":0},"statements":{"total":25,"covered":0,"skipped":0,"pct":0},"branches":{"total":14,"covered":0,"skipped":0,"pct":0}}
,"/Users/james/Documents/Code/Meridian-Mono/Meridian/frontend/src/components/Results/Result/Result.jsx": {"lines":{"total":8,"covered":0,"skipped":0,"pct":0},"functions":{"total":4,"covered":0,"skipped":0,"pct":0},"statements":{"total":8,"covered":0,"skipped":0,"pct":0},"branches":{"total":16,"covered":0,"skipped":0,"pct":0}}
,"/Users/james/Documents/Code/Meridian-Mono/Meridian/frontend/src/components/Results/Result1/Result1.jsx": {"lines":{"total":7,"covered":0,"skipped":0,"pct":0},"functions":{"total":2,"covered":0,"skipped":0,"pct":0},"statements":{"total":7,"covered":0,"skipped":0,"pct":0},"branches":{"total":14,"covered":0,"skipped":0,"pct":0}}
,"/Users/james/Documents/Code/Meridian-Mono/Meridian/frontend/src/components/RichTextEditorSpotlight/RichTextEditorSpotlight.jsx": {"lines":{"total":50,"covered":0,"skipped":0,"pct":0},"functions":{"total":13,"covered":0,"skipped":0,"pct":0},"statements":{"total":60,"covered":0,"skipped":0,"pct":0},"branches":{"total":54,"covered":0,"skipped":0,"pct":0}}
,"/Users/james/Documents/Code/Meridian-Mono/Meridian/frontend/src/components/RichTextInput/RichTextInput.jsx": {"lines":{"total":371,"covered":0,"skipped":0,"pct":0},"functions":{"total":40,"covered":0,"skipped":0,"pct":0},"statements":{"total":383,"covered":0,"skipped":0,"pct":0},"branches":{"total":256,"covered":0,"skipped":0,"pct":0}}
,"/Users/james/Documents/Code/Meridian-Mono/Meridian/frontend/src/components/RoleManager/RoleManager.jsx": {"lines":{"total":203,"covered":0,"skipped":0,"pct":0},"functions":{"total":71,"covered":0,"skipped":0,"pct":0},"statements":{"total":233,"covered":0,"skipped":0,"pct":0},"branches":{"total":237,"covered":0,"skipped":0,"pct":0}}
,"/Users/james/Documents/Code/Meridian-Mono/Meridian/frontend/src/components/RoleManager/index.js": {"lines":{"total":0,"covered":0,"skipped":0,"pct":0},"functions":{"total":0,"covered":0,"skipped":0,"pct":0},"statements":{"total":0,"covered":0,"skipped":0,"pct":0},"branches":{"total":0,"covered":0,"skipped":0,"pct":0}}
,"/Users/james/Documents/Code/Meridian-Mono/Meridian/frontend/src/components/SAMLCallback/SAMLCallback.jsx": {"lines":{"total":32,"covered":0,"skipped":0,"pct":0},"functions":{"total":5,"covered":0,"skipped":0,"pct":0},"statements":{"total":32,"covered":0,"skipped":0,"pct":0},"branches":{"total":17,"covered":0,"skipped":0,"pct":0}}
,"/Users/james/Documents/Code/Meridian-Mono/Meridian/frontend/src/components/Search/Search.jsx": {"lines":{"total":268,"covered":0,"skipped":0,"pct":0},"functions":{"total":82,"covered":0,"skipped":0,"pct":0},"statements":{"total":290,"covered":0,"skipped":0,"pct":0},"branches":{"total":280,"covered":0,"skipped":0,"pct":0}}
,"/Users/james/Documents/Code/Meridian-Mono/Meridian/frontend/src/components/SearchBar/SearchBar.jsx": {"lines":{"total":164,"covered":0,"skipped":0,"pct":0},"functions":{"total":32,"covered":0,"skipped":0,"pct":0},"statements":{"total":168,"covered":0,"skipped":0,"pct":0},"branches":{"total":93,"covered":0,"skipped":0,"pct":0}}
,"/Users/james/Documents/Code/Meridian-Mono/Meridian/frontend/src/components/SearchBar/nlp.js": {"lines":{"total":28,"covered":0,"skipped":0,"pct":0},"functions":{"total":2,"covered":0,"skipped":0,"pct":0},"statements":{"total":28,"covered":0,"skipped":0,"pct":0},"branches":{"total":28,"covered":0,"skipped":0,"pct":0}}
,"/Users/james/Documents/Code/Meridian-Mono/Meridian/frontend/src/components/Select/Select.jsx": {"lines":{"total":20,"covered":0,"skipped":0,"pct":0},"functions":{"total":10,"covered":0,"skipped":0,"pct":0},"statements":{"total":22,"covered":0,"skipped":0,"pct":0},"branches":{"total":21,"covered":0,"skipped":0,"pct":0}}
,"/Users/james/Documents/Code/Meridian-Mono/Meridian/frontend/src/components/SettingsList/SettingsList.jsx": {"lines":{"total":3,"covered":0,"skipped":0,"pct":0},"functions":{"total":2,"covered":0,"skipped":0,"pct":0},"statements":{"total":3,"covered":0,"skipped":0,"pct":0},"branches":{"total":2,"covered":0,"skipped":0,"pct":0}}
,"/Users/james/Documents/Code/Meridian-Mono/Meridian/frontend/src/components/SlideSwitch/SlideSwitch.jsx": {"lines":{"total":3,"covered":0,"skipped":0,"pct":0},"functions":{"total":1,"covered":0,"skipped":0,"pct":0},"statements":{"total":3,"covered":0,"skipped":0,"pct":0},"branches":{"total":2,"covered":0,"skipped":0,"pct":0}}
,"/Users/james/Documents/Code/Meridian-Mono/Meridian/frontend/src/components/Sort/Sort.jsx": {"lines":{"total":20,"covered":0,"skipped":0,"pct":0},"functions":{"total":6,"covered":0,"skipped":0,"pct":0},"statements":{"total":20,"covered":0,"skipped":0,"pct":0},"branches":{"total":30,"covered":0,"skipped":0,"pct":0}}
,"/Users/james/Documents/Code/Meridian-Mono/Meridian/frontend/src/components/Sort/SortBy/SortBy.jsx": {"lines":{"total":14,"covered":0,"skipped":0,"pct":0},"functions":{"total":7,"covered":0,"skipped":0,"pct":0},"statements":{"total":14,"covered":0,"skipped":0,"pct":0},"branches":{"total":6,"covered":0,"skipped":0,"pct":0}}
,"/Users/james/Documents/Code/Meridian-Mono/Meridian/frontend/src/components/Sort/Tags/Tags.jsx": {"lines":{"total":28,"covered":0,"skipped":0,"pct":0},"functions":{"total":13,"covered":0,"skipped":0,"pct":0},"statements":{"total":32,"covered":0,"skipped":0,"pct":0},"branches":{"total":26,"covered":0,"skipped":0,"pct":0}}
,"/Users/james/Documents/Code/Meridian-Mono/Meridian/frontend/src/components/StudyPreferences/StudyPreferences.jsx": {"lines":{"total":25,"covered":0,"skipped":0,"pct":0},"functions":{"total":7,"covered":0,"skipped":0,"pct":0},"statements":{"total":27,"covered":0,"skipped":0,"pct":0},"branches":{"total":10,"covered":0,"skipped":0,"pct":0}}
,"/Users/james/Documents/Code/Meridian-Mono/Meridian/frontend/src/components/Swipe/Swipe.jsx": {"lines":{"total":13,"covered":0,"skipped":0,"pct":0},"functions":{"total":5,"covered":0,"skipped":0,"pct":0},"statements":{"total":15,"covered":0,"skipped":0,"pct":0},"branches":{"total":8,"covered":0,"skipped":0,"pct":0}}
,"/Users/james/Documents/Code/Meridian-Mono/Meridian/frontend/src/components/Switch/Switch.jsx": {"lines":{"total":55,"covered":0,"skipped":0,"pct":0},"functions":{"total":10,"covered":0,"skipped":0,"pct":0},"statements":{"total":56,"covered":0,"skipped":0,"pct":0},"branches":{"total":35,"covered":0,"skipped":0,"pct":0}}
,"/Users/james/Documents/Code/Meridian-Mono/Meridian/frontend/src/components/TabbedContainer/TabbedContainer.jsx": {"lines":{"total":58,"covered":0,"skipped":0,"pct":0},"functions":{"total":20,"covered":0,"skipped":0,"pct":0},"statements":{"total":64,"covered":0,"skipped":0,"pct":0},"branches":{"total":102,"covered":0,"skipped":0,"pct":0}}
,"/Users/james/Documents/Code/Meridian-Mono/Meridian/frontend/src/components/TabbedContainer/TabbedContainer.types.js": {"lines":{"total":41,"covered":0,"skipped":0,"pct":0},"functions":{"total":17,"covered":0,"skipped":0,"pct":0},"statements":{"total":44,"covered":0,"skipped":0,"pct":0},"branches":{"total":17,"covered":0,"skipped":0,"pct":0}}
,"/Users/james/Documents/Code/Meridian-Mono/Meridian/frontend/src/components/TabbedContainer/index.js": {"lines":{"total":0,"covered":0,"skipped":0,"pct":0},"functions":{"total":0,"covered":0,"skipped":0,"pct":0},"statements":{"total":0,"covered":0,"skipped":0,"pct":0},"branches":{"total":0,"covered":0,"skipped":0,"pct":0}}
,"/Users/james/Documents/Code/Meridian-Mono/Meridian/frontend/src/components/TabbedContainer/examples/AdvancedUsageExample.jsx": {"lines":{"total":33,"covered":0,"skipped":0,"pct":0},"functions":{"total":22,"covered":0,"skipped":0,"pct":0},"statements":{"total":34,"covered":0,"skipped":0,"pct":0},"branches":{"total":6,"covered":0,"skipped":0,"pct":0}}
,"/Users/james/Documents/Code/Meridian-Mono/Meridian/frontend/src/components/TabbedContainer/examples/MemberManagementExample.jsx": {"lines":{"total":71,"covered":0,"skipped":0,"pct":0},"functions":{"total":18,"covered":0,"skipped":0,"pct":0},"statements":{"total":76,"covered":0,"skipped":0,"pct":0},"branches":{"total":56,"covered":0,"skipped":0,"pct":0}}
,"/Users/james/Documents/Code/Meridian-Mono/Meridian/frontend/src/components/TextareaExpandPopup/TextareaExpandPopup.jsx": {"lines":{"total":4,"covered":0,"skipped":0,"pct":0},"functions":{"total":2,"covered":0,"skipped":0,"pct":0},"statements":{"total":4,"covered":0,"skipped":0,"pct":0},"branches":{"total":4,"covered":0,"skipped":0,"pct":0}}
,"/Users/james/Documents/Code/Meridian-Mono/Meridian/frontend/src/components/Typing/Typing.jsx": {"lines":{"total":37,"covered":0,"skipped":0,"pct":0},"functions":{"total":10,"covered":0,"skipped":0,"pct":0},"statements":{"total":40,"covered":0,"skipped":0,"pct":0},"branches":{"total":26,"covered":0,"skipped":0,"pct":0}}
,"/Users/james/Documents/Code/Meridian-Mono/Meridian/frontend/src/components/UnsavedChangesBanner/UnsavedChangesBanner.jsx": {"lines":{"total":5,"covered":0,"skipped":0,"pct":0},"functions":{"total":1,"covered":0,"skipped":0,"pct":0},"statements":{"total":5,"covered":0,"skipped":0,"pct":0},"branches":{"total":7,"covered":0,"skipped":0,"pct":0}}
,"/Users/james/Documents/Code/Meridian-Mono/Meridian/frontend/src/components/UserSearch/SelectedUsers.jsx": {"lines":{"total":5,"covered":0,"skipped":0,"pct":0},"functions":{"total":3,"covered":0,"skipped":0,"pct":0},"statements":{"total":5,"covered":0,"skipped":0,"pct":0},"branches":{"total":9,"covered":0,"skipped":0,"pct":0}}
,"/Users/james/Documents/Code/Meridian-Mono/Meridian/frontend/src/components/UserSearch/UserSearch.jsx": {"lines":{"total":54,"covered":0,"skipped":0,"pct":0},"functions":{"total":11,"covered":0,"skipped":0,"pct":0},"statements":{"total":54,"covered":0,"skipped":0,"pct":0},"branches":{"total":43,"covered":0,"skipped":0,"pct":0}}
,"/Users/james/Documents/Code/Meridian-Mono/Meridian/frontend/src/components/UserSearch/index.js": {"lines":{"total":0,"covered":0,"skipped":0,"pct":0},"functions":{"total":0,"covered":0,"skipped":0,"pct":0},"statements":{"total":0,"covered":0,"skipped":0,"pct":0},"branches":{"total":0,"covered":0,"skipped":0,"pct":0}}
,"/Users/james/Documents/Code/Meridian-Mono/Meridian/frontend/src/components/XmlViewer/XmlViewer.jsx": {"lines":{"total":13,"covered":0,"skipped":0,"pct":0},"functions":{"total":3,"covered":0,"skipped":0,"pct":0},"statements":{"total":13,"covered":0,"skipped":0,"pct":0},"branches":{"total":7,"covered":0,"skipped":0,"pct":0}}
,"/Users/james/Documents/Code/Meridian-Mono/Meridian/frontend/src/config/tenantRedirect.js": {"lines":{"total":88,"covered":0,"skipped":0,"pct":0},"functions":{"total":24,"covered":0,"skipped":0,"pct":0},"statements":{"total":106,"covered":0,"skipped":0,"pct":0},"branches":{"total":104,"covered":0,"skipped":0,"pct":0}}
,"/Users/james/Documents/Code/Meridian-Mono/Meridian/frontend/src/config/universities.js": {"lines":{"total":23,"covered":0,"skipped":0,"pct":0},"functions":{"total":8,"covered":0,"skipped":0,"pct":0},"statements":{"total":24,"covered":0,"skipped":0,"pct":0},"branches":{"total":14,"covered":0,"skipped":0,"pct":0}}
,"/Users/james/Documents/Code/Meridian-Mono/Meridian/frontend/src/contexts/DashboardContext.js": {"lines":{"total":13,"covered":0,"skipped":0,"pct":0},"functions":{"total":5,"covered":0,"skipped":0,"pct":0},"statements":{"total":14,"covered":0,"skipped":0,"pct":0},"branches":{"total":2,"covered":0,"skipped":0,"pct":0}}
,"/Users/james/Documents/Code/Meridian-Mono/Meridian/frontend/src/contexts/PdfExportContext.jsx": {"lines":{"total":5,"covered":0,"skipped":0,"pct":0},"functions":{"total":2,"covered":0,"skipped":0,"pct":0},"statements":{"total":5,"covered":0,"skipped":0,"pct":0},"branches":{"total":2,"covered":0,"skipped":0,"pct":0}}
,"/Users/james/Documents/Code/Meridian-Mono/Meridian/frontend/src/contexts/SimulatedTimeContext.jsx": {"lines":{"total":35,"covered":0,"skipped":0,"pct":0},"functions":{"total":13,"covered":0,"skipped":0,"pct":0},"statements":{"total":42,"covered":0,"skipped":0,"pct":0},"branches":{"total":29,"covered":0,"skipped":0,"pct":0}}
,"/Users/james/Documents/Code/Meridian-Mono/Meridian/frontend/src/examples/DashboardOverlayExample.jsx": {"lines":{"total":7,"covered":0,"skipped":0,"pct":0},"functions":{"total":3,"covered":0,"skipped":0,"pct":0},"statements":{"total":7,"covered":0,"skipped":0,"pct":0},"branches":{"total":0,"covered":0,"skipped":0,"pct":100}}
,"/Users/james/Documents/Code/Meridian-Mono/Meridian/frontend/src/hooks/useAuth.js": {"lines":{"total":5,"covered":0,"skipped":0,"pct":0},"functions":{"total":1,"covered":0,"skipped":0,"pct":0},"statements":{"total":5,"covered":0,"skipped":0,"pct":0},"branches":{"total":2,"covered":0,"skipped":0,"pct":0}}
,"/Users/james/Documents/Code/Meridian-Mono/Meridian/frontend/src/hooks/useBulkRSVP.js": {"lines":{"total":17,"covered":0,"skipped":0,"pct":0},"functions":{"total":8,"covered":0,"skipped":0,"pct":0},"statements":{"total":20,"covered":0,"skipped":0,"pct":0},"branches":{"total":12,"covered":0,"skipped":0,"pct":0}}
,"/Users/james/Documents/Code/Meridian-Mono/Meridian/frontend/src/hooks/useClickOutside.js": {"lines":{"total":11,"covered":0,"skipped":0,"pct":0},"functions":{"total":4,"covered":0,"skipped":0,"pct":0},"statements":{"total":12,"covered":0,"skipped":0,"pct":0},"branches":{"total":11,"covered":0,"skipped":0,"pct":0}}
,"/Users/james/Documents/Code/Meridian-Mono/Meridian/frontend/src/hooks/useDashboardOverlay.js": {"lines":{"total":37,"covered":0,"skipped":0,"pct":0},"functions":{"total":11,"covered":0,"skipped":0,"pct":0},"statements":{"total":43,"covered":0,"skipped":0,"pct":0},"branches":{"total":43,"covered":0,"skipped":0,"pct":0}}
,"/Users/james/Documents/Code/Meridian-Mono/Meridian/frontend/src/hooks/useFetch.js": {"lines":{"total":54,"covered":0,"skipped":0,"pct":0},"functions":{"total":6,"covered":0,"skipped":0,"pct":0},"statements":{"total":58,"covered":0,"skipped":0,"pct":0},"branches":{"total":49,"covered":0,"skipped":0,"pct":0}}
,"/Users/james/Documents/Code/Meridian-Mono/Meridian/frontend/src/hooks/useGetAnalytics.js": {"lines":{"total":0,"covered":0,"skipped":0,"pct":0},"functions":{"total":0,"covered":0,"skipped":0,"pct":0},"statements":{"total":0,"covered":0,"skipped":0,"pct":0},"branches":{"total":0,"covered":0,"skipped":0,"pct":0}}
,"/Users/james/Documents/Code/Meridian-Mono/Meridian/frontend/src/hooks/useGradient.js": {"lines":{"total":2,"covered":0,"skipped":0,"pct":0},"functions":{"total":1,"covered":0,"skipped":0,"pct":0},"statements":{"total":2,"covered":0,"skipped":0,"pct":0},"branches":{"total":0,"covered":0,"skipped":0,"pct":100}}
,"/Users/james/Documents/Code/Meridian-Mono/Meridian/frontend/src/hooks/useLoadingState.js": {"lines":{"total":18,"covered":0,"skipped":0,"pct":0},"functions":{"total":11,"covered":0,"skipped":0,"pct":0},"statements":{"total":21,"covered":0,"skipped":0,"pct":0},"branches":{"total":4,"covered":0,"skipped":0,"pct":0}}
,"/Users/james/Documents/Code/Meridian-Mono/Meridian/frontend/src/hooks/useSmartTimeslotSelection.js": {"lines":{"total":73,"covered":0,"skipped":0,"pct":0},"functions":{"total":17,"covered":0,"skipped":0,"pct":0},"statements":{"total":77,"covered":0,"skipped":0,"pct":0},"branches":{"total":28,"covered":0,"skipped":0,"pct":0}}
,"/Users/james/Documents/Code/Meridian-Mono/Meridian/frontend/src/hooks/useUnsavedChanges.js": {"lines":{"total":25,"covered":0,"skipped":0,"pct":0},"functions":{"total":7,"covered":0,"skipped":0,"pct":0},"statements":{"total":27,"covered":0,"skipped":0,"pct":0},"branches":{"total":8,"covered":0,"skipped":0,"pct":0}}
,"/Users/james/Documents/Code/Meridian-Mono/Meridian/frontend/src/hooks/useWebSocket.js": {"lines":{"total":6,"covered":0,"skipped":0,"pct":0},"functions":{"total":3,"covered":0,"skipped":0,"pct":0},"statements":{"total":7,"covered":0,"skipped":0,"pct":0},"branches":{"total":0,"covered":0,"skipped":0,"pct":100}}
,"/Users/james/Documents/Code/Meridian-Mono/Meridian/frontend/src/mockups/AdminOutreach/AdminOutreachMock.jsx": {"lines":{"total":4,"covered":0,"skipped":0,"pct":0},"functions":{"total":2,"covered":0,"skipped":0,"pct":0},"statements":{"total":4,"covered":0,"skipped":0,"pct":0},"branches":{"total":0,"covered":0,"skipped":0,"pct":100}}
,"/Users/james/Documents/Code/Meridian-Mono/Meridian/frontend/src/mockups/AdminOutreach/OutreachCampaigns.jsx": {"lines":{"total":3,"covered":0,"skipped":0,"pct":0},"functions":{"total":2,"covered":0,"skipped":0,"pct":0},"statements":{"total":3,"covered":0,"skipped":0,"pct":0},"branches":{"total":2,"covered":0,"skipped":0,"pct":0}}
,"/Users/james/Documents/Code/Meridian-Mono/Meridian/frontend/src/mockups/AdminOutreach/OutreachCompose.jsx": {"lines":{"total":13,"covered":0,"skipped":0,"pct":0},"functions":{"total":7,"covered":0,"skipped":0,"pct":0},"statements":{"total":13,"covered":0,"skipped":0,"pct":0},"branches":{"total":0,"covered":0,"skipped":0,"pct":100}}
,"/Users/james/Documents/Code/Meridian-Mono/Meridian/frontend/src/mockups/AdminOutreach/OutreachConfig.jsx": {"lines":{"total":11,"covered":0,"skipped":0,"pct":0},"functions":{"total":6,"covered":0,"skipped":0,"pct":0},"statements":{"total":11,"covered":0,"skipped":0,"pct":0},"branches":{"total":6,"covered":0,"skipped":0,"pct":0}}
,"/Users/james/Documents/Code/Meridian-Mono/Meridian/frontend/src/pages/EmailVerification.jsx": {"lines":{"total":99,"covered":0,"skipped":0,"pct":0},"functions":{"total":18,"covered":0,"skipped":0,"pct":0},"statements":{"total":104,"covered":0,"skipped":0,"pct":0},"branches":{"total":62,"covered":0,"skipped":0,"pct":0}}
,"/Users/james/Documents/Code/Meridian-Mono/Meridian/frontend/src/pages/ForgotPassword.jsx": {"lines":{"total":94,"covered":0,"skipped":0,"pct":0},"functions":{"total":17,"covered":0,"skipped":0,"pct":0},"statements":{"total":99,"covered":0,"skipped":0,"pct":0},"branches":{"total":67,"covered":0,"skipped":0,"pct":0}}
,"/Users/james/Documents/Code/Meridian-Mono/Meridian/frontend/src/pages/Login.jsx": {"lines":{"total":1,"covered":0,"skipped":0,"pct":0},"functions":{"total":1,"covered":0,"skipped":0,"pct":0},"statements":{"total":1,"covered":0,"skipped":0,"pct":0},"branches":{"total":0,"covered":0,"skipped":0,"pct":100}}
,"/Users/james/Documents/Code/Meridian-Mono/Meridian/frontend/src/pages/ResetPassword.jsx": {"lines":{"total":51,"covered":0,"skipped":0,"pct":0},"functions":{"total":6,"covered":0,"skipped":0,"pct":0},"statements":{"total":51,"covered":0,"skipped":0,"pct":0},"branches":{"total":32,"covered":0,"skipped":0,"pct":0}}
,"/Users/james/Documents/Code/Meridian-Mono/Meridian/frontend/src/pages/Admin/Admin.jsx": {"lines":{"total":7,"covered":0,"skipped":0,"pct":0},"functions":{"total":2,"covered":0,"skipped":0,"pct":0},"statements":{"total":7,"covered":0,"skipped":0,"pct":0},"branches":{"total":2,"covered":0,"skipped":0,"pct":0}}
,"/Users/james/Documents/Code/Meridian-Mono/Meridian/frontend/src/pages/Admin/BadgeManager/BadgeManager.jsx": {"lines":{"total":25,"covered":0,"skipped":0,"pct":0},"functions":{"total":10,"covered":0,"skipped":0,"pct":0},"statements":{"total":25,"covered":0,"skipped":0,"pct":0},"branches":{"total":10,"covered":0,"skipped":0,"pct":0}}
,"/Users/james/Documents/Code/Meridian-Mono/Meridian/frontend/src/pages/Admin/BadgeManager/ActivateBadge/ActivateBadge.jsx": {"lines":{"total":22,"covered":0,"skipped":0,"pct":0},"functions":{"total":4,"covered":0,"skipped":0,"pct":0},"statements":{"total":22,"covered":0,"skipped":0,"pct":0},"branches":{"total":16,"covered":0,"skipped":0,"pct":0}}
,"/Users/james/Documents/Code/Meridian-Mono/Meridian/frontend/src/pages/Admin/BadgeManager/BadgeGrant/BadgeGrant.jsx": {"lines":{"total":24,"covered":0,"skipped":0,"pct":0},"functions":{"total":6,"covered":0,"skipped":0,"pct":0},"statements":{"total":24,"covered":0,"skipped":0,"pct":0},"branches":{"total":20,"covered":0,"skipped":0,"pct":0}}
,"/Users/james/Documents/Code/Meridian-Mono/Meridian/frontend/src/pages/Admin/General/General.jsx": {"lines":{"total":27,"covered":0,"skipped":0,"pct":0},"functions":{"total":4,"covered":0,"skipped":0,"pct":0},"statements":{"total":27,"covered":0,"skipped":0,"pct":0},"branches":{"total":21,"covered":0,"skipped":0,"pct":0}}
,"/Users/james/Documents/Code/Meridian-Mono/Meridian/frontend/src/pages/Admin/General/SiteHealth/SiteHealth.jsx": {"lines":{"total":26,"covered":0,"skipped":0,"pct":0},"functions":{"total":6,"covered":0,"skipped":0,"pct":0},"statements":{"total":26,"covered":0,"skipped":0,"pct":0},"branches":{"total":50,"covered":0,"skipped":0,"pct":0}}
,"/Users/james/Documents/Code/Meridian-Mono/Meridian/frontend/src/pages/Admin/ManageUsers/ManageUsers.jsx": {"lines":{"total":85,"covered":0,"skipped":0,"pct":0},"functions":{"total":26,"covered":0,"skipped":0,"pct":0},"statements":{"total":98,"covered":0,"skipped":0,"pct":0},"branches":{"total":114,"covered":0,"skipped":0,"pct":0}}
,"/Users/james/Documents/Code/Meridian-Mono/Meridian/frontend/src/pages/Admin/ManageUsers/ManageUser/ManageUser.jsx": {"lines":{"total":29,"covered":0,"skipped":0,"pct":0},"functions":{"total":7,"covered":0,"skipped":0,"pct":0},"statements":{"total":30,"covered":0,"skipped":0,"pct":0},"branches":{"total":17,"covered":0,"skipped":0,"pct":0}}
,"/Users/james/Documents/Code/Meridian-Mono/Meridian/frontend/src/pages/Admin/PlatformAdminsPage/PlatformAdminsPage.jsx": {"lines":{"total":77,"covered":0,"skipped":0,"pct":0},"functions":{"total":16,"covered":0,"skipped":0,"pct":0},"statements":{"total":84,"covered":0,"skipped":0,"pct":0},"branches":{"total":87,"covered":0,"skipped":0,"pct":0}}
,"/Users/james/Documents/Code/Meridian-Mono/Meridian/frontend/src/pages/Admin/QRManager/QRManager.jsx": {"lines":{"total":168,"covered":0,"skipped":0,"pct":0},"functions":{"total":52,"covered":0,"skipped":0,"pct":0},"statements":{"total":195,"covered":0,"skipped":0,"pct":0},"branches":{"total":219,"covered":0,"skipped":0,"pct":0}}
,"/Users/james/Documents/Code/Meridian-Mono/Meridian/frontend/src/pages/Admin/QRManager/components/AnalyticsModal.jsx": {"lines":{"total":29,"covered":0,"skipped":0,"pct":0},"functions":{"total":8,"covered":0,"skipped":0,"pct":0},"statements":{"total":31,"covered":0,"skipped":0,"pct":0},"branches":{"total":14,"covered":0,"skipped":0,"pct":0}}
,"/Users/james/Documents/Code/Meridian-Mono/Meridian/frontend/src/pages/Admin/QRManager/components/CreateQRModal.jsx": {"lines":{"total":64,"covered":0,"skipped":0,"pct":0},"functions":{"total":29,"covered":0,"skipped":0,"pct":0},"statements":{"total":73,"covered":0,"skipped":0,"pct":0},"branches":{"total":58,"covered":0,"skipped":0,"pct":0}}
,"/Users/james/Documents/Code/Meridian-Mono/Meridian/frontend/src/pages/Admin/QRManager/components/EditQRModal.jsx": {"lines":{"total":66,"covered":0,"skipped":0,"pct":0},"functions":{"total":29,"covered":0,"skipped":0,"pct":0},"statements":{"total":75,"covered":0,"skipped":0,"pct":0},"branches":{"total":83,"covered":0,"skipped":0,"pct":0}}
,"/Users/james/Documents/Code/Meridian-Mono/Meridian/frontend/src/pages/Admin/WebSocketConnections/WebSocketConnections.jsx": {"lines":{"total":46,"covered":0,"skipped":0,"pct":0},"functions":{"total":8,"covered":0,"skipped":0,"pct":0},"statements":{"total":49,"covered":0,"skipped":0,"pct":0},"branches":{"total":52,"covered":0,"skipped":0,"pct":0}}
,"/Users/james/Documents/Code/Meridian-Mono/Meridian/frontend/src/pages/Admin/WebSocketConnectionsPage/WebSocketConnectionsPage.jsx": {"lines":{"total":1,"covered":0,"skipped":0,"pct":0},"functions":{"total":1,"covered":0,"skipped":0,"pct":0},"statements":{"total":1,"covered":0,"skipped":0,"pct":0},"branches":{"total":0,"covered":0,"skipped":0,"pct":100}}
,"/Users/james/Documents/Code/Meridian-Mono/Meridian/frontend/src/pages/Booking/Booking.jsx": {"lines":{"total":2,"covered":0,"skipped":0,"pct":0},"functions":{"total":1,"covered":0,"skipped":0,"pct":0},"statements":{"total":2,"covered":0,"skipped":0,"pct":0},"branches":{"total":0,"covered":0,"skipped":0,"pct":100}}
,"/Users/james/Documents/Code/Meridian-Mono/Meridian/frontend/src/pages/CheckIn/CheckInConfirmation.jsx": {"lines":{"total":175,"covered":0,"skipped":0,"pct":0},"functions":{"total":32,"covered":0,"skipped":0,"pct":0},"statements":{"total":197,"covered":0,"skipped":0,"pct":0},"branches":{"total":212,"covered":0,"skipped":0,"pct":0}}
,"/Users/james/Documents/Code/Meridian-Mono/Meridian/frontend/src/pages/ChildSafetyStandards/ChildSafetyStandards.jsx": {"lines":{"total":4,"covered":0,"skipped":0,"pct":0},"functions":{"total":2,"covered":0,"skipped":0,"pct":0},"statements":{"total":4,"covered":0,"skipped":0,"pct":0},"branches":{"total":0,"covered":0,"skipped":0,"pct":100}}
,"/Users/james/Documents/Code/Meridian-Mono/Meridian/frontend/src/pages/ClubDash/ClubDash.jsx": {"lines":{"total":139,"covered":0,"skipped":0,"pct":0},"functions":{"total":23,"covered":0,"skipped":0,"pct":0},"statements":{"total":150,"covered":0,"skipped":0,"pct":0},"branches":{"total":133,"covered":0,"skipped":0,"pct":0}}
,"/Users/james/Documents/Code/Meridian-Mono/Meridian/frontend/src/pages/ClubDash/ClubAnnouncements/ClubAnnouncements.jsx": {"lines":{"total":3,"covered":0,"skipped":0,"pct":0},"functions":{"total":1,"covered":0,"skipped":0,"pct":0},"statements":{"total":3,"covered":0,"skipped":0,"pct":0},"branches":{"total":0,"covered":0,"skipped":0,"pct":100}}
,"/Users/james/Documents/Code/Meridian-Mono/Meridian/frontend/src/pages/ClubDash/ClubDashOnboarding/ClubDashOnboarding.jsx": {"lines":{"total":20,"covered":0,"skipped":0,"pct":0},"functions":{"total":10,"covered":0,"skipped":0,"pct":0},"statements":{"total":22,"covered":0,"skipped":0,"pct":0},"branches":{"total":10,"covered":0,"skipped":0,"pct":0}}
,"/Users/james/Documents/Code/Meridian-Mono/Meridian/frontend/src/pages/ClubDash/ClubEventsComponents/Event/ClubEvent.jsx": {"lines":{"total":9,"covered":0,"skipped":0,"pct":0},"functions":{"total":4,"covered":0,"skipped":0,"pct":0},"statements":{"total":9,"covered":0,"skipped":0,"pct":0},"branches":{"total":0,"covered":0,"skipped":0,"pct":100}}
,"/Users/james/Documents/Code/Meridian-Mono/Meridian/frontend/src/pages/ClubDash/ClubEventsComponents/FullEvent/ClubFullEvent.jsx": {"lines":{"total":5,"covered":0,"skipped":0,"pct":0},"functions":{"total":2,"covered":0,"skipped":0,"pct":0},"statements":{"total":5,"covered":0,"skipped":0,"pct":0},"branches":{"total":0,"covered":0,"skipped":0,"pct":100}}
,"/Users/james/Documents/Code/Meridian-Mono/Meridian/frontend/src/pages/ClubDash/ClubForms/ClubForms.jsx": {"lines":{"total":72,"covered":0,"skipped":0,"pct":0},"functions":{"total":16,"covered":0,"skipped":0,"pct":0},"statements":{"total":72,"covered":0,"skipped":0,"pct":0},"branches":{"total":34,"covered":0,"skipped":0,"pct":0}}
,"/Users/james/Documents/Code/Meridian-Mono/Meridian/frontend/src/pages/ClubDash/ClubForms/FormResponses.jsx": {"lines":{"total":22,"covered":0,"skipped":0,"pct":0},"functions":{"total":8,"covered":0,"skipped":0,"pct":0},"statements":{"total":22,"covered":0,"skipped":0,"pct":0},"branches":{"total":30,"covered":0,"skipped":0,"pct":0}}
,"/Users/james/Documents/Code/Meridian-Mono/Meridian/frontend/src/pages/ClubDash/Dash/Dash.jsx": {"lines":{"total":19,"covered":0,"skipped":0,"pct":0},"functions":{"total":5,"covered":0,"skipped":0,"pct":0},"statements":{"total":19,"covered":0,"skipped":0,"pct":0},"branches":{"total":11,"covered":0,"skipped":0,"pct":0}}
,"/Users/james/Documents/Code/Meridian-Mono/Meridian/frontend/src/pages/ClubDash/Dash/EventQuickLook/EventQuickLook.jsx": {"lines":{"total":26,"covered":0,"skipped":0,"pct":0},"functions":{"total":6,"covered":0,"skipped":0,"pct":0},"statements":{"total":26,"covered":0,"skipped":0,"pct":0},"branches":{"total":29,"covered":0,"skipped":0,"pct":0}}
,"/Users/james/Documents/Code/Meridian-Mono/Meridian/frontend/src/pages/ClubDash/Equipment/OrgEquipment.jsx": {"lines":{"total":88,"covered":0,"skipped":0,"pct":0},"functions":{"total":32,"covered":0,"skipped":0,"pct":0},"statements":{"total":104,"covered":0,"skipped":0,"pct":0},"branches":{"total":110,"covered":0,"skipped":0,"pct":0}}
,"/Users/james/Documents/Code/Meridian-Mono/Meridian/frontend/src/pages/ClubDash/EventsManagement/EventsManagement.jsx": {"lines":{"total":20,"covered":0,"skipped":0,"pct":0},"functions":{"total":5,"covered":0,"skipped":0,"pct":0},"statements":{"total":21,"covered":0,"skipped":0,"pct":0},"branches":{"total":14,"covered":0,"skipped":0,"pct":0}}
,"/Users/james/Documents/Code/Meridian-Mono/Meridian/frontend/src/pages/ClubDash/EventsManagement/components/EventTemplates.jsx": {"lines":{"total":82,"covered":0,"skipped":0,"pct":0},"functions":{"total":32,"covered":0,"skipped":0,"pct":0},"statements":{"total":84,"covered":0,"skipped":0,"pct":0},"branches":{"total":50,"covered":0,"skipped":0,"pct":0}}
,"/Users/james/Documents/Code/Meridian-Mono/Meridian/frontend/src/pages/ClubDash/EventsManagement/components/EventsAnalytics.jsx": {"lines":{"total":35,"covered":0,"skipped":0,"pct":0},"functions":{"total":12,"covered":0,"skipped":0,"pct":0},"statements":{"total":35,"covered":0,"skipped":0,"pct":0},"branches":{"total":42,"covered":0,"skipped":0,"pct":0}}
[...]
,"/Users/james/Documents/Code/Meridian-Mono/Meridian/frontend/src/pages/OrgInviteAccept/OrgInviteRedirect.jsx": {"lines":{"total":4,"covered":0,"skipped":0,"pct":0},"functions":{"total":1,"covered":0,"skipped":0,"pct":0},"statements":{"total":4,"covered":0,"skipped":0,"pct":0},"branches":{"total":2,"covered":0,"skipped":0,"pct":0}}
,"/Users/james/Documents/Code/Meridian-Mono/Meridian/frontend/src/pages/OrgInviteLanding/OrgInviteLanding.jsx": {"lines":{"total":60,"covered":0,"skipped":0,"pct":0},"functions":{"total":8,"covered":0,"skipped":0,"pct":0},"statements":{"total":63,"covered":0,"skipped":0,"pct":0},"branches":{"total":42,"covered":0,"skipped":0,"pct":0}}
,"/Users/james/Documents/Code/Meridian-Mono/Meridian/frontend/src/pages/OrgInviteLanding/OrgInviteLandingToken.jsx": {"lines":{"total":28,"covered":0,"skipped":0,"pct":0},"functions":{"total":5,"covered":0,"skipped":0,"pct":0},"statements":{"total":28,"covered":0,"skipped":0,"pct":0},"branches":{"total":14,"covered":0,"skipped":0,"pct":0}}
,"/Users/james/Documents/Code/Meridian-Mono/Meridian/frontend/src/pages/OrgRoleManagement/OrgRoleManagement.jsx": {"lines":{"total":39,"covered":0,"skipped":0,"pct":0},"functions":{"total":7,"covered":0,"skipped":0,"pct":0},"statements":{"total":40,"covered":0,"skipped":0,"pct":0},"branches":{"total":17,"covered":0,"skipped":0,"pct":0}}
,"/Users/james/Documents/Code/Meridian-Mono/Meridian/frontend/src/pages/Preferences/Preferences.jsx": {"lines":{"total":1,"covered":0,"skipped":0,"pct":0},"functions":{"total":1,"covered":0,"skipped":0,"pct":0},"statements":{"total":1,"covered":0,"skipped":0,"pct":0},"branches":{"total":0,"covered":0,"skipped":0,"pct":100}}
,"/Users/james/Documents/Code/Meridian-Mono/Meridian/frontend/src/pages/PrivacyPolicy/PrivacyPolicy.jsx": {"lines":{"total":4,"covered":0,"skipped":0,"pct":0},"functions":{"total":2,"covered":0,"skipped":0,"pct":0},"statements":{"total":4,"covered":0,"skipped":0,"pct":0},"branches":{"total":0,"covered":0,"skipped":0,"pct":100}}
,"/Users/james/Documents/Code/Meridian-Mono/Meridian/frontend/src/pages/Profile/Profile.jsx": {"lines":{"total":2,"covered":0,"skipped":0,"pct":0},"functions":{"total":1,"covered":0,"skipped":0,"pct":0},"statements":{"total":2,"covered":0,"skipped":0,"pct":0},"branches":{"total":2,"covered":0,"skipped":0,"pct":0}}
,"/Users/james/Documents/Code/Meridian-Mono/Meridian/frontend/src/pages/QR/EventQRRedirect.jsx": {"lines":{"total":31,"covered":0,"skipped":0,"pct":0},"functions":{"total":4,"covered":0,"skipped":0,"pct":0},"statements":{"total":31,"covered":0,"skipped":0,"pct":0},"branches":{"total":16,"covered":0,"skipped":0,"pct":0}}
,"/Users/james/Documents/Code/Meridian-Mono/Meridian/frontend/src/pages/QR/QR.jsx": {"lines":{"total":32,"covered":0,"skipped":0,"pct":0},"functions":{"total":4,"covered":0,"skipped":0,"pct":0},"statements":{"total":32,"covered":0,"skipped":0,"pct":0},"branches":{"total":16,"covered":0,"skipped":0,"pct":0}}
,"/Users/james/Documents/Code/Meridian-Mono/Meridian/frontend/src/pages/Redirect/Redirect.jsx": {"lines":{"total":4,"covered":0,"skipped":0,"pct":0},"functions":{"total":2,"covered":0,"skipped":0,"pct":0},"statements":{"total":4,"covered":0,"skipped":0,"pct":0},"branches":{"total":0,"covered":0,"skipped":0,"pct":100}}
,"/Users/james/Documents/Code/Meridian-Mono/Meridian/frontend/src/pages/Register/Register.jsx": {"lines":{"total":1,"covered":0,"skipped":0,"pct":0},"functions":{"total":1,"covered":0,"skipped":0,"pct":0},"statements":{"total":1,"covered":0,"skipped":0,"pct":0},"branches":{"total":0,"covered":0,"skipped":0,"pct":100}}
,"/Users/james/Documents/Code/Meridian-Mono/Meridian/frontend/src/pages/Room/Room.jsx": {"lines":{"total":145,"covered":0,"skipped":0,"pct":0},"functions":{"total":27,"covered":0,"skipped":0,"pct":0},"statements":{"total":153,"covered":0,"skipped":0,"pct":0},"branches":{"total":106,"covered":0,"skipped":0,"pct":0}}
,"/Users/james/Documents/Code/Meridian-Mono/Meridian/frontend/src/pages/Room/Room1.jsx": {"lines":{"total":269,"covered":0,"skipped":0,"pct":0},"functions":{"total":36,"covered":0,"skipped":0,"pct":0},"statements":{"total":281,"covered":0,"skipped":0,"pct":0},"branches":{"total":196,"covered":0,"skipped":0,"pct":0}}
,"/Users/james/Documents/Code/Meridian-Mono/Meridian/frontend/src/pages/Room/RoomHelpers.js": {"lines":{"total":162,"covered":0,"skipped":0,"pct":0},"functions":{"total":21,"covered":0,"skipped":0,"pct":0},"statements":{"total":168,"covered":0,"skipped":0,"pct":0},"branches":{"total":56,"covered":0,"skipped":0,"pct":0}}
,"/Users/james/Documents/Code/Meridian-Mono/Meridian/frontend/src/pages/RootDash/RootDash.jsx": {"lines":{"total":4,"covered":0,"skipped":0,"pct":0},"functions":{"total":2,"covered":0,"skipped":0,"pct":0},"statements":{"total":4,"covered":0,"skipped":0,"pct":0},"branches":{"total":0,"covered":0,"skipped":0,"pct":100}}
,"/Users/james/Documents/Code/Meridian-Mono/Meridian/frontend/src/pages/RootDash/ManageFlow/ManageFlow.jsx": {"lines":{"total":71,"covered":0,"skipped":0,"pct":0},"functions":{"total":19,"covered":0,"skipped":0,"pct":0},"statements":{"total":71,"covered":0,"skipped":0,"pct":0},"branches":{"total":45,"covered":0,"skipped":0,"pct":0}}
,"/Users/james/Documents/Code/Meridian-Mono/Meridian/frontend/src/pages/RootDash/ManageFlow/Approval/Approval.jsx": {"lines":{"total":6,"covered":0,"skipped":0,"pct":0},"functions":{"total":3,"covered":0,"skipped":0,"pct":0},"statements":{"total":6,"covered":0,"skipped":0,"pct":0},"branches":{"total":14,"covered":0,"skipped":0,"pct":0}}
,"/Users/james/Documents/Code/Meridian-Mono/Meridian/frontend/src/pages/RootDash/ManageFlow/ApprovalGroupCard/ApprovalGroupCard.jsx": {"lines":{"total":6,"covered":0,"skipped":0,"pct":0},"functions":{"total":2,"covered":0,"skipped":0,"pct":0},"statements":{"total":7,"covered":0,"skipped":0,"pct":0},"branches":{"total":6,"covered":0,"skipped":0,"pct":0}}
,"/Users/james/Documents/Code/Meridian-Mono/Meridian/frontend/src/pages/RootDash/ManageFlow/FlowAnalytics/FlowAnalytics.jsx": {"lines":{"total":14,"covered":0,"skipped":0,"pct":0},"functions":{"total":5,"covered":0,"skipped":0,"pct":0},"statements":{"total":14,"covered":0,"skipped":0,"pct":0},"branches":{"total":5,"covered":0,"skipped":0,"pct":0}}
,"/Users/james/Documents/Code/Meridian-Mono/Meridian/frontend/src/pages/RootDash/ManageFlow/FlowCard/FlowCard.jsx": {"lines":{"total":86,"covered":0,"skipped":0,"pct":0},"functions":{"total":30,"covered":0,"skipped":0,"pct":0},"statements":{"total":94,"covered":0,"skipped":0,"pct":0},"branches":{"total":112,"covered":0,"skipped":0,"pct":0}}
,"/Users/james/Documents/Code/Meridian-Mono/Meridian/frontend/src/pages/RootDash/ManageFlow/FlowManagement/FlowManagement.jsx": {"lines":{"total":36,"covered":0,"skipped":0,"pct":0},"functions":{"total":18,"covered":0,"skipped":0,"pct":0},"statements":{"total":38,"covered":0,"skipped":0,"pct":0},"branches":{"total":42,"covered":0,"skipped":0,"pct":0}}
,"/Users/james/Documents/Code/Meridian-Mono/Meridian/frontend/src/pages/RootDash/ManageFlow/MemberManagement/MemberManagement.jsx": {"lines":{"total":0,"covered":0,"skipped":0,"pct":0},"functions":{"total":0,"covered":0,"skipped":0,"pct":0},"statements":{"total":0,"covered":0,"skipped":0,"pct":0},"branches":{"total":0,"covered":0,"skipped":0,"pct":0}}
,"/Users/james/Documents/Code/Meridian-Mono/Meridian/frontend/src/pages/RootDash/ManageFlow/NewApproval/NewApproval.jsx": {"lines":{"total":35,"covered":0,"skipped":0,"pct":0},"functions":{"total":6,"covered":0,"skipped":0,"pct":0},"statements":{"total":36,"covered":0,"skipped":0,"pct":0},"branches":{"total":22,"covered":0,"skipped":0,"pct":0}}
,"/Users/james/Documents/Code/Meridian-Mono/Meridian/frontend/src/pages/RootDash/ManageFlow/NewDomain/NewDomain.jsx": {"lines":{"total":78,"covered":0,"skipped":0,"pct":0},"functions":{"total":35,"covered":0,"skipped":0,"pct":0},"statements":{"total":84,"covered":0,"skipped":0,"pct":0},"branches":{"total":52,"covered":0,"skipped":0,"pct":0}}
,"/Users/james/Documents/Code/Meridian-Mono/Meridian/frontend/src/pages/RootDash/ManageFlow/NewStakeholderRole/NewStakeholderRole.jsx": {"lines":{"total":98,"covered":0,"skipped":0,"pct":0},"functions":{"total":46,"covered":0,"skipped":0,"pct":0},"statements":{"total":107,"covered":0,"skipped":0,"pct":0},"branches":{"total":58,"covered":0,"skipped":0,"pct":0}}
,"/Users/james/Documents/Code/Meridian-Mono/Meridian/frontend/src/pages/RootDash/ManageFlow/tabs/AnalyticsTab.jsx": {"lines":{"total":35,"covered":0,"skipped":0,"pct":0},"functions":{"total":10,"covered":0,"skipped":0,"pct":0},"statements":{"total":40,"covered":0,"skipped":0,"pct":0},"branches":{"total":92,"covered":0,"skipped":0,"pct":0}}
,"/Users/james/Documents/Code/Meridian-Mono/Meridian/frontend/src/pages/RootDash/ManageFlow/tabs/DomainsTab.jsx": {"lines":{"total":13,"covered":0,"skipped":0,"pct":0},"functions":{"total":12,"covered":0,"skipped":0,"pct":0},"statements":{"total":13,"covered":0,"skipped":0,"pct":0},"branches":{"total":44,"covered":0,"skipped":0,"pct":0}}
,"/Users/james/Documents/Code/Meridian-Mono/Meridian/frontend/src/pages/RootDash/ManageFlow/tabs/FormConfigTab.jsx": {"lines":{"total":156,"covered":0,"skipped":0,"pct":0},"functions":{"total":77,"covered":0,"skipped":0,"pct":0},"statements":{"total":179,"covered":0,"skipped":0,"pct":0},"branches":{"total":106,"covered":0,"skipped":0,"pct":0}}
,"/Users/james/Documents/Code/Meridian-Mono/Meridian/frontend/src/pages/RootDash/ManageFlow/tabs/ManagementTab.jsx": {"lines":{"total":3,"covered":0,"skipped":0,"pct":0},"functions":{"total":3,"covered":0,"skipped":0,"pct":0},"statements":{"total":4,"covered":0,"skipped":0,"pct":0},"branches":{"total":4,"covered":0,"skipped":0,"pct":0}}
,"/Users/james/Documents/Code/Meridian-Mono/Meridian/frontend/src/pages/RootDash/ManageFlow/tabs/OverviewTab.jsx": {"lines":{"total":1,"covered":0,"skipped":0,"pct":0},"functions":{"total":1,"covered":0,"skipped":0,"pct":0},"statements":{"total":1,"covered":0,"skipped":0,"pct":0},"branches":{"total":2,"covered":0,"skipped":0,"pct":0}}
,"/Users/james/Documents/Code/Meridian-Mono/Meridian/frontend/src/pages/RootDash/ManageFlow/tabs/StakeholdersTab.jsx": {"lines":{"total":18,"covered":0,"skipped":0,"pct":0},"functions":{"total":17,"covered":0,"skipped":0,"pct":0},"statements":{"total":21,"covered":0,"skipped":0,"pct":0},"branches":{"total":49,"covered":0,"skipped":0,"pct":0}}
,"/Users/james/Documents/Code/Meridian-Mono/Meridian/frontend/src/pages/RootDash/ManageFlow/tabs/index.js": {"lines":{"total":0,"covered":0,"skipped":0,"pct":0},"functions":{"total":0,"covered":0,"skipped":0,"pct":0},"statements":{"total":0,"covered":0,"skipped":0,"pct":0},"branches":{"total":0,"covered":0,"skipped":0,"pct":0}}
,"/Users/james/Documents/Code/Meridian-Mono/Meridian/frontend/src/pages/RootDash/NoticeManagement/NoticeManagement.jsx": {"lines":{"total":42,"covered":0,"skipped":0,"pct":0},"functions":{"total":17,"covered":0,"skipped":0,"pct":0},"statements":{"total":43,"covered":0,"skipped":0,"pct":0},"branches":{"total":52,"covered":0,"skipped":0,"pct":0}}
,"/Users/james/Documents/Code/Meridian-Mono/Meridian/frontend/src/pages/RootDash/RSSManagement/RSSManagement.jsx": {"lines":{"total":8,"covered":0,"skipped":0,"pct":0},"functions":{"total":5,"covered":0,"skipped":0,"pct":0},"statements":{"total":9,"covered":0,"skipped":0,"pct":0},"branches":{"total":2,"covered":0,"skipped":0,"pct":0}}
,"/Users/james/Documents/Code/Meridian-Mono/Meridian/frontend/src/pages/RootDash/RSSManagement/RSS/CreateRSSForm.jsx": {"lines":{"total":11,"covered":0,"skipped":0,"pct":0},"functions":{"total":4,"covered":0,"skipped":0,"pct":0},"statements":{"total":11,"covered":0,"skipped":0,"pct":0},"branches":{"total":0,"covered":0,"skipped":0,"pct":100}}
,"/Users/james/Documents/Code/Meridian-Mono/Meridian/frontend/src/pages/RootDash/RSSManagement/RSS/RSSFeed.jsx": {"lines":{"total":4,"covered":0,"skipped":0,"pct":0},"functions":{"total":3,"covered":0,"skipped":0,"pct":0},"statements":{"total":4,"covered":0,"skipped":0,"pct":0},"branches":{"total":4,"covered":0,"skipped":0,"pct":0}}
,"/Users/james/Documents/Code/Meridian-Mono/Meridian/frontend/src/pages/RootDash/RSSManagement/RSSSync/RSSSync.jsx": {"lines":{"total":25,"covered":0,"skipped":0,"pct":0},"functions":{"total":11,"covered":0,"skipped":0,"pct":0},"statements":{"total":26,"covered":0,"skipped":0,"pct":0},"branches":{"total":30,"covered":0,"skipped":0,"pct":0}}
,"/Users/james/Documents/Code/Meridian-Mono/Meridian/frontend/src/pages/RootDash/ResourcesManagement/ResourceEditorModal.jsx": {"lines":{"total":53,"covered":0,"skipped":0,"pct":0},"functions":{"total":22,"covered":0,"skipped":0,"pct":0},"statements":{"total":55,"covered":0,"skipped":0,"pct":0},"branches":{"total":122,"covered":0,"skipped":0,"pct":0}}
,"/Users/james/Documents/Code/Meridian-Mono/Meridian/frontend/src/pages/RootDash/ResourcesManagement/ResourcesManagement.jsx": {"lines":{"total":166,"covered":0,"skipped":0,"pct":0},"functions":{"total":41,"covered":0,"skipped":0,"pct":0},"statements":{"total":185,"covered":0,"skipped":0,"pct":0},"branches":{"total":120,"covered":0,"skipped":0,"pct":0}}
,"/Users/james/Documents/Code/Meridian-Mono/Meridian/frontend/src/pages/RootDash/RoomManager/RoomManager.jsx": {"lines":{"total":120,"covered":0,"skipped":0,"pct":0},"functions":{"total":35,"covered":0,"skipped":0,"pct":0},"statements":{"total":138,"covered":0,"skipped":0,"pct":0},"branches":{"total":112,"covered":0,"skipped":0,"pct":0}}
,"/Users/james/Documents/Code/Meridian-Mono/Meridian/frontend/src/pages/RootDash/RootManagement/RootManagement.jsx": {"lines":{"total":6,"covered":0,"skipped":0,"pct":0},"functions":{"total":4,"covered":0,"skipped":0,"pct":0},"statements":{"total":6,"covered":0,"skipped":0,"pct":0},"branches":{"total":0,"covered":0,"skipped":0,"pct":100}}
,"/Users/james/Documents/Code/Meridian-Mono/Meridian/frontend/src/pages/SelectSchool/SelectSchool.jsx": {"lines":{"total":39,"covered":0,"skipped":0,"pct":0},"functions":{"total":13,"covered":0,"skipped":0,"pct":0},"statements":{"total":47,"covered":0,"skipped":0,"pct":0},"branches":{"total":53,"covered":0,"skipped":0,"pct":0}}
,"/Users/james/Documents/Code/Meridian-Mono/Meridian/frontend/src/pages/Settings/Settings.jsx": {"lines":{"total":24,"covered":0,"skipped":0,"pct":0},"functions":{"total":6,"covered":0,"skipped":0,"pct":0},"statements":{"total":27,"covered":0,"skipped":0,"pct":0},"branches":{"total":20,"covered":0,"skipped":0,"pct":0}}
,"/Users/james/Documents/Code/Meridian-Mono/Meridian/frontend/src/pages/SignUpCreateClub/SignUpCreateClub.jsx": {"lines":{"total":93,"covered":0,"skipped":0,"pct":0},"functions":{"total":17,"covered":0,"skipped":0,"pct":0},"statements":{"total":100,"covered":0,"skipped":0,"pct":0},"branches":{"total":71,"covered":0,"skipped":0,"pct":0}}
,"/Users/james/Documents/Code/Meridian-Mono/Meridian/frontend/src/pages/StudySessionCallback/StudySessionCallback.jsx": {"lines":{"total":75,"covered":0,"skipped":0,"pct":0},"functions":{"total":20,"covered":0,"skipped":0,"pct":0},"statements":{"total":78,"covered":0,"skipped":0,"pct":0},"branches":{"total":72,"covered":0,"skipped":0,"pct":0}}
,"/Users/james/Documents/Code/Meridian-Mono/Meridian/frontend/src/pages/StudySessionResponses/StudySessionResponses.jsx": {"lines":{"total":85,"covered":0,"skipped":0,"pct":0},"functions":{"total":24,"covered":0,"skipped":0,"pct":0},"statements":{"total":89,"covered":0,"skipped":0,"pct":0},"branches":{"total":95,"covered":0,"skipped":0,"pct":0}}
,"/Users/james/Documents/Code/Meridian-Mono/Meridian/frontend/src/pages/Support/Support.jsx": {"lines":{"total":13,"covered":0,"skipped":0,"pct":0},"functions":{"total":12,"covered":0,"skipped":0,"pct":0},"statements":{"total":23,"covered":0,"skipped":0,"pct":0},"branches":{"total":0,"covered":0,"skipped":0,"pct":100}}
,"/Users/james/Documents/Code/Meridian-Mono/Meridian/frontend/src/pages/TenantStatus/TenantStatus.jsx": {"lines":{"total":30,"covered":0,"skipped":0,"pct":0},"functions":{"total":8,"covered":0,"skipped":0,"pct":0},"statements":{"total":34,"covered":0,"skipped":0,"pct":0},"branches":{"total":20,"covered":0,"skipped":0,"pct":0}}
,"/Users/james/Documents/Code/Meridian-Mono/Meridian/frontend/src/pages/TermsOfService/TermsOfService.jsx": {"lines":{"total":4,"covered":0,"skipped":0,"pct":0},"functions":{"total":2,"covered":0,"skipped":0,"pct":0},"statements":{"total":4,"covered":0,"skipped":0,"pct":0},"branches":{"total":0,"covered":0,"skipped":0,"pct":100}}
,"/Users/james/Documents/Code/Meridian-Mono/Meridian/frontend/src/services/analytics/analytics.js": {"lines":{"total":191,"covered":0,"skipped":0,"pct":0},"functions":{"total":29,"covered":0,"skipped":0,"pct":0},"statements":{"total":195,"covered":0,"skipped":0,"pct":0},"branches":{"total":131,"covered":0,"skipped":0,"pct":0}}
,"/Users/james/Documents/Code/Meridian-Mono/Meridian/frontend/src/utils/agendaViewPreferences.js": {"lines":{"total":10,"covered":0,"skipped":0,"pct":0},"functions":{"total":2,"covered":0,"skipped":0,"pct":0},"statements":{"total":10,"covered":0,"skipped":0,"pct":0},"branches":{"total":10,"covered":0,"skipped":0,"pct":0}}
,"/Users/james/Documents/Code/Meridian-Mono/Meridian/frontend/src/utils/anonymousRegistrationStorage.js": {"lines":{"total":32,"covered":0,"skipped":0,"pct":0},"functions":{"total":10,"covered":0,"skipped":0,"pct":0},"statements":{"total":35,"covered":0,"skipped":0,"pct":0},"branches":{"total":22,"covered":0,"skipped":0,"pct":0}}
,"/Users/james/Documents/Code/Meridian-Mono/Meridian/frontend/src/utils/deleteRequest.js": {"lines":{"total":24,"covered":0,"skipped":0,"pct":0},"functions":{"total":1,"covered":0,"skipped":0,"pct":0},"statements":{"total":24,"covered":0,"skipped":0,"pct":0},"branches":{"total":17,"covered":0,"skipped":0,"pct":0}}
,"/Users/james/Documents/Code/Meridian-Mono/Meridian/frontend/src/utils/markdownUtils.js": {"lines":{"total":24,"covered":0,"skipped":0,"pct":0},"functions":{"total":6,"covered":0,"skipped":0,"pct":0},"statements":{"total":29,"covered":0,"skipped":0,"pct":0},"branches":{"total":30,"covered":0,"skipped":0,"pct":0}}
,"/Users/james/Documents/Code/Meridian-Mono/Meridian/frontend/src/utils/orgUtils.js": {"lines":{"total":23,"covered":22,"skipped":0,"pct":95.65},"functions":{"total":3,"covered":3,"skipped":0,"pct":100},"statements":{"total":24,"covered":23,"skipped":0,"pct":95.83},"branches":{"total":31,"covered":24,"skipped":0,"pct":77.41}}
,"/Users/james/Documents/Code/Meridian-Mono/Meridian/frontend/src/utils/overlayRegistry.js": {"lines":{"total":43,"covered":0,"skipped":0,"pct":0},"functions":{"total":10,"covered":0,"skipped":0,"pct":0},"statements":{"total":54,"covered":0,"skipped":0,"pct":0},"branches":{"total":30,"covered":0,"skipped":0,"pct":0}}
,"/Users/james/Documents/Code/Meridian-Mono/Meridian/frontend/src/utils/performanceTest.js": {"lines":{"total":58,"covered":0,"skipped":0,"pct":0},"functions":{"total":17,"covered":0,"skipped":0,"pct":0},"statements":{"total":63,"covered":0,"skipped":0,"pct":0},"branches":{"total":24,"covered":0,"skipped":0,"pct":0}}
,"/Users/james/Documents/Code/Meridian-Mono/Meridian/frontend/src/utils/postRequest.js": {"lines":{"total":64,"covered":37,"skipped":0,"pct":57.81},"functions":{"total":1,"covered":1,"skipped":0,"pct":100},"statements":{"total":64,"covered":37,"skipped":0,"pct":57.81},"branches":{"total":57,"covered":22,"skipped":0,"pct":38.59}}
,"/Users/james/Documents/Code/Meridian-Mono/Meridian/frontend/src/utils/referrerContext.js": {"lines":{"total":20,"covered":19,"skipped":0,"pct":95},"functions":{"total":4,"covered":4,"skipped":0,"pct":100},"statements":{"total":22,"covered":19,"skipped":0,"pct":86.36},"branches":{"total":9,"covered":7,"skipped":0,"pct":77.77}}
}
