TN:
SF:src/App.js
FN:85,App
FN:87,(anonymous_1)
FN:88,(anonymous_2)
FN:97,(anonymous_3)
FN:103,(anonymous_4)
FN:110,(anonymous_5)
FN:121,(anonymous_6)
FN:124,(anonymous_7)
FN:157,(anonymous_8)
FN:160,(anonymous_9)
FN:169,(anonymous_10)
FN:171,(anonymous_11)
FN:183,(anonymous_12)
FNF:13
FNH:0
FNDA:0,App
FNDA:0,(anonymous_1)
FNDA:0,(anonymous_2)
FNDA:0,(anonymous_3)
FNDA:0,(anonymous_4)
FNDA:0,(anonymous_5)
FNDA:0,(anonymous_6)
FNDA:0,(anonymous_7)
FNDA:0,(anonymous_8)
FNDA:0,(anonymous_9)
FNDA:0,(anonymous_10)
FNDA:0,(anonymous_11)
FNDA:0,(anonymous_12)
DA:87,0
DA:88,0
DA:89,0
DA:90,0
DA:97,0
DA:98,0
DA:103,0
DA:104,0
DA:105,0
DA:106,0
DA:110,0
DA:113,0
DA:114,0
DA:116,0
DA:118,0
DA:120,0
DA:122,0
DA:125,0
DA:132,0
DA:133,0
DA:134,0
DA:135,0
DA:137,0
DA:139,0
DA:141,0
DA:142,0
DA:143,0
DA:147,0
DA:151,0
DA:153,0
DA:154,0
DA:158,0
DA:161,0
DA:169,0
DA:170,0
DA:171,0
DA:172,0
DA:173,0
DA:174,0
DA:175,0
DA:176,0
DA:177,0
DA:178,0
DA:182,0
DA:183,0
DA:184,0
DA:188,0
LF:47
LH:0
BRDA:89,0,0,0
BRDA:89,0,1,0
BRDA:104,1,0,0
BRDA:104,1,1,0
BRDA:104,2,0,0
BRDA:104,2,1,0
BRDA:104,2,2,0
BRDA:106,3,0,0
BRDA:106,3,1,0
BRDA:106,4,0,0
BRDA:106,4,1,0
BRDA:113,5,0,0
BRDA:113,5,1,0
BRDA:118,6,0,0
BRDA:118,6,1,0
BRDA:135,7,0,0
BRDA:135,7,1,0
BRDA:141,8,0,0
BRDA:141,8,1,0
BRDA:151,9,0,0
BRDA:151,9,1,0
BRDA:174,10,0,0
BRDA:174,10,1,0
BRDA:176,11,0,0
BRDA:176,11,1,0
BRDA:177,12,0,0
BRDA:177,12,1,0
BRDA:177,13,0,0
BRDA:177,13,1,0
BRF:29
BRH:0
end_of_record
TN:
SF:src/AuthContext.js
FN:16,(anonymous_0)
FN:28,(anonymous_1)
FN:43,(anonymous_2)
FN:121,(anonymous_3)
FN:148,(anonymous_4)
FN:149,(anonymous_5)
FN:149,(anonymous_6)
FN:152,(anonymous_7)
FN:156,(anonymous_8)
FN:160,(anonymous_9)
FN:185,(anonymous_10)
FN:214,(anonymous_11)
FN:245,(anonymous_12)
FN:275,(anonymous_13)
FN:282,(anonymous_14)
FN:289,(anonymous_15)
FN:296,(anonymous_16)
FN:310,(anonymous_17)
FN:330,(anonymous_18)
FN:349,(anonymous_19)
FN:370,(anonymous_20)
FNF:21
FNH:0
FNDA:0,(anonymous_0)
FNDA:0,(anonymous_1)
FNDA:0,(anonymous_2)
FNDA:0,(anonymous_3)
FNDA:0,(anonymous_4)
FNDA:0,(anonymous_5)
FNDA:0,(anonymous_6)
FNDA:0,(anonymous_7)
FNDA:0,(anonymous_8)
FNDA:0,(anonymous_9)
FNDA:0,(anonymous_10)
FNDA:0,(anonymous_11)
FNDA:0,(anonymous_12)
FNDA:0,(anonymous_13)
FNDA:0,(anonymous_14)
FNDA:0,(anonymous_15)
FNDA:0,(anonymous_16)
FNDA:0,(anonymous_17)
FNDA:0,(anonymous_18)
FNDA:0,(anonymous_19)
FNDA:0,(anonymous_20)
DA:14,0
DA:16,0
DA:17,0
DA:18,0
DA:19,0
DA:20,0
DA:21,0
DA:22,0
DA:23,0
DA:24,0
DA:26,0
DA:28,0
DA:29,0
DA:30,0
DA:31,0
DA:36,0
DA:39,0
DA:40,0
DA:43,0
DA:44,0
DA:46,0
DA:47,0
DA:48,0
DA:49,0
DA:50,0
DA:51,0
DA:52,0
DA:53,0
DA:56,0
DA:57,0
DA:61,0
DA:65,0
DA:66,0
DA:67,0
DA:68,0
DA:71,0
DA:72,0
DA:73,0
DA:75,0
DA:76,0
DA:77,0
DA:78,0
DA:80,0
DA:82,0
DA:83,0
DA:88,0
DA:89,0
DA:90,0
DA:91,0
DA:94,0
DA:97,0
DA:98,0
DA:99,0
DA:100,0
DA:101,0
DA:102,0
DA:103,0
DA:104,0
DA:106,0
DA:109,0
DA:110,0
DA:111,0
DA:115,0
DA:116,0
DA:117,0
DA:118,0
DA:119,0
DA:120,0
DA:121,0
DA:122,0
DA:129,0
DA:130,0
DA:132,0
DA:134,0
DA:135,0
DA:136,0
DA:138,0
DA:141,0
DA:143,0
DA:144,0
DA:148,0
DA:149,0
DA:152,0
DA:153,0
DA:156,0
DA:157,0
DA:160,0
DA:161,0
DA:162,0
DA:163,0
DA:165,0
DA:166,0
DA:167,0
DA:170,0
DA:171,0
DA:177,0
DA:178,0
DA:181,0
DA:182,0
DA:185,0
DA:186,0
DA:187,0
DA:190,0
DA:191,0
DA:192,0
DA:193,0
DA:196,0
DA:198,0
DA:199,0
DA:200,0
DA:202,0
DA:203,0
DA:205,0
DA:210,0
DA:214,0
DA:215,0
DA:216,0
DA:217,0
DA:218,0
DA:219,0
DA:222,0
DA:223,0
DA:224,0
DA:227,0
DA:229,0
DA:230,0
DA:231,0
DA:234,0
DA:235,0
DA:237,0
DA:239,0
DA:241,0
DA:245,0
DA:246,0
DA:247,0
DA:248,0
DA:249,0
DA:252,0
DA:253,0
DA:254,0
DA:257,0
DA:259,0
DA:260,0
DA:261,0
DA:264,0
DA:265,0
DA:267,0
DA:269,0
DA:271,0
DA:275,0
DA:276,0
DA:277,0
DA:278,0
DA:279,0
DA:282,0
DA:283,0
DA:284,0
DA:285,0
DA:286,0
DA:289,0
DA:290,0
DA:291,0
DA:292,0
DA:293,0
DA:296,0
DA:297,0
DA:299,0
DA:302,0
DA:303,0
DA:305,0
DA:306,0
DA:310,0
DA:311,0
DA:313,0
DA:314,0
DA:316,0
DA:319,0
DA:321,0
DA:322,0
DA:323,0
DA:325,0
DA:326,0
DA:330,0
DA:331,0
DA:332,0
DA:336,0
DA:337,0
DA:338,0
DA:339,0
DA:341,0
DA:345,0
DA:349,0
DA:350,0
DA:351,0
DA:355,0
DA:356,0
DA:357,0
DA:358,0
DA:360,0
DA:361,0
DA:363,0
DA:366,0
DA:370,0
DA:371,0
DA:372,0
DA:373,0
DA:374,0
DA:378,0
DA:381,0
DA:385,0
LF:210
LH:0
BRDA:31,0,0,0
BRDA:31,0,1,0
BRDA:32,1,0,0
BRDA:32,1,1,0
BRDA:32,1,2,0
BRDA:39,2,0,0
BRDA:39,2,1,0
BRDA:48,3,0,0
BRDA:48,3,1,0
BRDA:49,4,0,0
BRDA:49,4,1,0
BRDA:61,5,0,0
BRDA:61,5,1,0
BRDA:65,6,0,0
BRDA:65,6,1,0
BRDA:65,7,0,0
BRDA:65,7,1,0
BRDA:65,7,2,0
BRDA:66,8,0,0
BRDA:66,8,1,0
BRDA:68,9,0,0
BRDA:68,9,1,0
BRDA:70,10,0,0
BRDA:70,10,1,0
BRDA:71,11,0,0
BRDA:71,11,1,0
BRDA:75,12,0,0
BRDA:75,12,1,0
BRDA:76,13,0,0
BRDA:76,13,1,0
BRDA:82,14,0,0
BRDA:82,14,1,0
BRDA:84,15,0,0
BRDA:84,15,1,0
BRDA:85,16,0,0
BRDA:85,16,1,0
BRDA:88,17,0,0
BRDA:88,17,1,0
BRDA:90,18,0,0
BRDA:90,18,1,0
BRDA:98,19,0,0
BRDA:98,19,1,0
BRDA:99,20,0,0
BRDA:99,20,1,0
BRDA:101,21,0,0
BRDA:101,21,1,0
BRDA:103,22,0,0
BRDA:103,22,1,0
BRDA:109,23,0,0
BRDA:109,23,1,0
BRDA:115,24,0,0
BRDA:115,24,1,0
BRDA:117,25,0,0
BRDA:117,25,1,0
BRDA:120,26,0,0
BRDA:120,26,1,0
BRDA:120,27,0,0
BRDA:120,27,1,0
BRDA:120,27,2,0
BRDA:122,28,0,0
BRDA:122,28,1,0
BRDA:134,29,0,0
BRDA:134,29,1,0
BRDA:160,30,0,0
BRDA:165,31,0,0
BRDA:165,31,1,0
BRDA:165,32,0,0
BRDA:165,32,1,0
BRDA:170,33,0,0
BRDA:170,33,1,0
BRDA:172,34,0,0
BRDA:172,34,1,0
BRDA:173,35,0,0
BRDA:173,35,1,0
BRDA:177,36,0,0
BRDA:177,36,1,0
BRDA:190,37,0,0
BRDA:190,37,1,0
BRDA:191,38,0,0
BRDA:191,38,1,0
BRDA:192,39,0,0
BRDA:192,39,1,0
BRDA:198,40,0,0
BRDA:198,40,1,0
BRDA:198,41,0,0
BRDA:198,41,1,0
BRDA:202,42,0,0
BRDA:202,42,1,0
BRDA:202,43,0,0
BRDA:202,43,1,0
BRDA:214,44,0,0
BRDA:214,45,0,0
BRDA:214,46,0,0
BRDA:216,47,0,0
BRDA:216,47,1,0
BRDA:218,48,0,0
BRDA:218,48,1,0
BRDA:218,49,0,0
BRDA:218,49,1,0
BRDA:222,50,0,0
BRDA:222,50,1,0
BRDA:223,51,0,0
BRDA:223,51,1,0
BRDA:229,52,0,0
BRDA:229,52,1,0
BRDA:229,53,0,0
BRDA:229,53,1,0
BRDA:234,54,0,0
BRDA:234,54,1,0
BRDA:234,55,0,0
BRDA:234,55,1,0
BRDA:245,56,0,0
BRDA:248,57,0,0
BRDA:248,57,1,0
BRDA:248,58,0,0
BRDA:248,58,1,0
BRDA:252,59,0,0
BRDA:252,59,1,0
BRDA:253,60,0,0
BRDA:253,60,1,0
BRDA:259,61,0,0
BRDA:259,61,1,0
BRDA:259,62,0,0
BRDA:259,62,1,0
BRDA:264,63,0,0
BRDA:264,63,1,0
BRDA:264,64,0,0
BRDA:264,64,1,0
BRDA:275,65,0,0
BRDA:277,66,0,0
BRDA:277,66,1,0
BRDA:282,67,0,0
BRDA:284,68,0,0
BRDA:284,68,1,0
BRDA:289,69,0,0
BRDA:291,70,0,0
BRDA:291,70,1,0
BRDA:296,71,0,0
BRDA:299,72,0,0
BRDA:299,72,1,0
BRDA:302,73,0,0
BRDA:302,73,1,0
BRDA:313,74,0,0
BRDA:313,74,1,0
BRDA:336,75,0,0
BRDA:336,75,1,0
BRDA:355,76,0,0
BRDA:355,76,1,0
BRDA:357,77,0,0
BRDA:357,77,1,0
BRDA:373,78,0,0
BRDA:373,78,1,0
BRDA:375,79,0,0
BRDA:375,79,1,0
BRDA:376,80,0,0
BRDA:376,80,1,0
BRF:156
BRH:0
end_of_record
TN:
SF:src/CacheContext.js
FN:10,(anonymous_0)
FN:13,(anonymous_1)
FN:42,(anonymous_2)
FN:66,(anonymous_3)
FN:86,(anonymous_4)
FN:91,(anonymous_5)
FN:108,(anonymous_6)
FN:118,(anonymous_7)
FN:128,(anonymous_8)
FN:140,(anonymous_9)
FN:152,(anonymous_10)
FN:158,(anonymous_11)
FN:164,(anonymous_12)
FN:192,(anonymous_13)
FN:215,(anonymous_14)
FN:239,(anonymous_15)
FN:259,(anonymous_16)
FN:298,(anonymous_17)
FN:332,(anonymous_18)
FN:363,(anonymous_19)
FN:390,debounce
FN:392,executedFunction
FN:393,(anonymous_22)
FN:410,(anonymous_23)
FNF:24
FNH:0
FNDA:0,(anonymous_0)
FNDA:0,(anonymous_1)
FNDA:0,(anonymous_2)
FNDA:0,(anonymous_3)
FNDA:0,(anonymous_4)
FNDA:0,(anonymous_5)
FNDA:0,(anonymous_6)
FNDA:0,(anonymous_7)
FNDA:0,(anonymous_8)
FNDA:0,(anonymous_9)
FNDA:0,(anonymous_10)
FNDA:0,(anonymous_11)
FNDA:0,(anonymous_12)
FNDA:0,(anonymous_13)
FNDA:0,(anonymous_14)
FNDA:0,(anonymous_15)
FNDA:0,(anonymous_16)
FNDA:0,(anonymous_17)
FNDA:0,(anonymous_18)
FNDA:0,(anonymous_19)
FNDA:0,debounce
FNDA:0,executedFunction
FNDA:0,(anonymous_22)
FNDA:0,(anonymous_23)
DA:8,0
DA:10,0
DA:11,0
DA:13,0
DA:14,0
DA:15,0
DA:16,0
DA:18,0
DA:19,0
DA:20,0
DA:22,0
DA:23,0
DA:26,0
DA:28,0
DA:29,0
DA:31,0
DA:32,0
DA:36,0
DA:42,0
DA:43,0
DA:45,0
DA:46,0
DA:47,0
DA:49,0
DA:50,0
DA:52,0
DA:54,0
DA:55,0
DA:57,0
DA:58,0
DA:61,0
DA:62,0
DA:66,0
DA:67,0
DA:69,0
DA:70,0
DA:71,0
DA:73,0
DA:74,0
DA:75,0
DA:77,0
DA:78,0
DA:81,0
DA:82,0
DA:86,0
DA:87,0
DA:88,0
DA:90,0
DA:91,0
DA:92,0
DA:97,0
DA:99,0
DA:101,0
DA:102,0
DA:108,0
DA:109,0
DA:111,0
DA:113,0
DA:114,0
DA:118,0
DA:119,0
DA:120,0
DA:123,0
DA:124,0
DA:125,0
DA:128,0
DA:129,0
DA:130,0
DA:131,0
DA:133,0
DA:134,0
DA:139,0
DA:140,0
DA:144,0
DA:145,0
DA:146,0
DA:147,0
DA:148,0
DA:152,0
DA:153,0
DA:154,0
DA:155,0
DA:157,0
DA:158,0
DA:160,0
DA:164,0
DA:165,0
DA:166,0
DA:167,0
DA:171,0
DA:180,0
DA:181,0
DA:182,0
DA:184,0
DA:185,0
DA:187,0
DA:188,0
DA:192,0
DA:193,0
DA:195,0
DA:205,0
DA:206,0
DA:207,0
DA:209,0
DA:211,0
DA:215,0
DA:216,0
DA:217,0
DA:218,0
DA:219,0
DA:222,0
DA:226,0
DA:227,0
DA:228,0
DA:231,0
DA:232,0
DA:234,0
DA:235,0
DA:239,0
DA:240,0
DA:241,0
DA:242,0
DA:246,0
DA:247,0
DA:248,0
DA:251,0
DA:252,0
DA:254,0
DA:255,0
DA:259,0
DA:260,0
DA:261,0
DA:262,0
DA:265,0
DA:266,0
DA:267,0
DA:271,0
DA:285,0
DA:286,0
DA:287,0
DA:290,0
DA:291,0
DA:293,0
DA:294,0
DA:298,0
DA:299,0
DA:300,0
DA:301,0
DA:304,0
DA:305,0
DA:319,0
DA:320,0
DA:321,0
DA:324,0
DA:325,0
DA:327,0
DA:328,0
DA:332,0
DA:333,0
DA:334,0
DA:335,0
DA:338,0
DA:339,0
DA:340,0
DA:343,0
DA:350,0
DA:351,0
DA:352,0
DA:355,0
DA:356,0
DA:358,0
DA:359,0
DA:363,0
DA:364,0
DA:365,0
DA:366,0
DA:369,0
DA:370,0
DA:377,0
DA:378,0
DA:379,0
DA:382,0
DA:383,0
DA:385,0
DA:386,0
DA:392,0
DA:393,0
DA:394,0
DA:395,0
DA:397,0
DA:398,0
DA:403,0
DA:410,0
LF:193
LH:0
BRDA:15,0,0,0
BRDA:15,0,1,0
BRDA:20,1,0,0
BRDA:20,1,1,0
BRDA:26,2,0,0
BRDA:26,2,1,0
BRDA:45,3,0,0
BRDA:45,3,1,0
BRDA:45,4,0,0
BRDA:45,4,1,0
BRDA:45,4,2,0
BRDA:50,5,0,0
BRDA:50,5,1,0
BRDA:69,6,0,0
BRDA:69,6,1,0
BRDA:69,7,0,0
BRDA:69,7,1,0
BRDA:69,7,2,0
BRDA:90,8,0,0
BRDA:90,8,1,0
BRDA:99,9,0,0
BRDA:99,9,1,0
BRDA:119,10,0,0
BRDA:119,10,1,0
BRDA:130,11,0,0
BRDA:130,11,1,0
BRDA:139,12,0,0
BRDA:139,12,1,0
BRDA:146,13,0,0
BRDA:146,13,1,0
BRDA:166,14,0,0
BRDA:166,14,1,0
BRDA:180,15,0,0
BRDA:180,15,1,0
BRDA:205,16,0,0
BRDA:205,16,1,0
BRDA:218,17,0,0
BRDA:218,17,1,0
BRDA:226,18,0,0
BRDA:226,18,1,0
BRDA:246,19,0,0
BRDA:246,19,1,0
BRDA:261,20,0,0
BRDA:261,20,1,0
BRDA:266,21,0,0
BRDA:266,21,1,0
BRDA:285,22,0,0
BRDA:285,22,1,0
BRDA:300,23,0,0
BRDA:300,23,1,0
BRDA:319,24,0,0
BRDA:319,24,1,0
BRDA:332,25,0,0
BRDA:334,26,0,0
BRDA:334,26,1,0
BRDA:339,27,0,0
BRDA:339,27,1,0
BRDA:350,28,0,0
BRDA:350,28,1,0
BRDA:363,29,0,0
BRDA:365,30,0,0
BRDA:365,30,1,0
BRDA:377,31,0,0
BRDA:377,31,1,0
BRF:64
BRH:0
end_of_record
TN:
SF:src/DBInteractions.js
FN:4,(anonymous_0)
FN:29,(anonymous_1)
FN:53,(anonymous_2)
FN:67,(anonymous_3)
FN:84,(anonymous_4)
FN:100,(anonymous_5)
FN:110,(anonymous_6)
FN:120,(anonymous_7)
FN:133,(anonymous_8)
FN:147,(anonymous_9)
FN:161,(anonymous_10)
FN:178,(anonymous_11)
FN:196,(anonymous_12)
FN:210,(anonymous_13)
FNF:14
FNH:0
FNDA:0,(anonymous_0)
FNDA:0,(anonymous_1)
FNDA:0,(anonymous_2)
FNDA:0,(anonymous_3)
FNDA:0,(anonymous_4)
FNDA:0,(anonymous_5)
FNDA:0,(anonymous_6)
FNDA:0,(anonymous_7)
FNDA:0,(anonymous_8)
FNDA:0,(anonymous_9)
FNDA:0,(anonymous_10)
FNDA:0,(anonymous_11)
FNDA:0,(anonymous_12)
FNDA:0,(anonymous_13)
DA:4,0
DA:5,0
DA:6,0
DA:7,0
DA:9,0
DA:10,0
DA:12,0
DA:14,0
DA:16,0
DA:17,0
DA:19,0
DA:22,0
DA:24,0
DA:29,0
DA:30,0
DA:31,0
DA:32,0
DA:34,0
DA:35,0
DA:37,0
DA:39,0
DA:41,0
DA:42,0
DA:44,0
DA:47,0
DA:49,0
DA:53,0
DA:54,0
DA:55,0
DA:56,0
DA:57,0
DA:59,0
DA:62,0
DA:63,0
DA:67,0
DA:68,0
DA:69,0
DA:70,0
DA:72,0
DA:73,0
DA:75,0
DA:76,0
DA:78,0
DA:80,0
DA:84,0
DA:85,0
DA:86,0
DA:94,0
DA:96,0
DA:100,0
DA:101,0
DA:102,0
DA:103,0
DA:104,0
DA:106,0
DA:110,0
DA:111,0
DA:112,0
DA:113,0
DA:114,0
DA:116,0
DA:120,0
DA:121,0
DA:122,0
DA:126,0
DA:127,0
DA:129,0
DA:133,0
DA:134,0
DA:135,0
DA:139,0
DA:140,0
DA:142,0
DA:147,0
DA:148,0
DA:149,0
DA:150,0
DA:151,0
DA:152,0
DA:154,0
DA:156,0
DA:157,0
DA:161,0
DA:162,0
DA:163,0
DA:167,0
DA:168,0
DA:169,0
DA:171,0
DA:173,0
DA:174,0
DA:178,0
DA:179,0
DA:180,0
DA:184,0
DA:185,0
DA:186,0
DA:188,0
DA:189,0
DA:191,0
DA:192,0
DA:196,0
DA:197,0
DA:198,0
DA:199,0
DA:200,0
DA:201,0
DA:203,0
DA:205,0
DA:206,0
DA:210,0
DA:211,0
DA:212,0
DA:215,0
DA:216,0
DA:217,0
DA:219,0
DA:220,0
DA:222,0
DA:223,0
LF:120
LH:0
BRDA:7,0,0,0
BRDA:7,0,1,0
BRDA:14,1,0,0
BRDA:14,1,1,0
BRDA:17,2,0,0
BRDA:17,2,1,0
BRDA:32,3,0,0
BRDA:32,3,1,0
BRDA:39,4,0,0
BRDA:39,4,1,0
BRDA:42,5,0,0
BRDA:42,5,1,0
BRDA:56,6,0,0
BRDA:56,6,1,0
BRDA:70,7,0,0
BRDA:70,7,1,0
BRDA:75,8,0,0
BRDA:75,8,1,0
BRDA:150,9,0,0
BRDA:150,9,1,0
BRDA:167,10,0,0
BRDA:167,10,1,0
BRDA:184,11,0,0
BRDA:184,11,1,0
BRDA:199,12,0,0
BRDA:199,12,1,0
BRDA:215,13,0,0
BRDA:215,13,1,0
BRF:28
BRH:0
end_of_record
TN:
SF:src/ErrorContext.js
FN:9,(anonymous_0)
FN:11,(anonymous_1)
FN:17,(anonymous_2)
FN:28,(anonymous_3)
FNF:4
FNH:0
FNDA:0,(anonymous_0)
FNDA:0,(anonymous_1)
FNDA:0,(anonymous_2)
FNDA:0,(anonymous_3)
DA:7,0
DA:9,0
DA:11,0
DA:12,0
DA:13,0
DA:14,0
DA:17,0
DA:18,0
DA:21,0
DA:28,0
LF:10
LH:0
BRF:0
BRH:0
end_of_record
TN:
SF:src/Icons.js
FNF:0
FNH:0
DA:23,0
DA:30,0
DA:37,0
LF:3
LH:0
BRF:0
BRH:0
end_of_record
TN:
SF:src/NotificationContext.js
FN:10,(anonymous_0)
FN:15,(anonymous_1)
FN:25,(anonymous_2)
FN:29,(anonymous_3)
FN:34,(anonymous_4)
FN:39,(anonymous_5)
FN:40,(anonymous_6)
FN:41,(anonymous_7)
FN:47,(anonymous_8)
FN:48,(anonymous_9)
FN:49,(anonymous_10)
FN:54,(anonymous_11)
FN:56,(anonymous_12)
FN:57,(anonymous_13)
FN:64,(anonymous_14)
FNF:15
FNH:0
FNDA:0,(anonymous_0)
FNDA:0,(anonymous_1)
FNDA:0,(anonymous_2)
FNDA:0,(anonymous_3)
FNDA:0,(anonymous_4)
FNDA:0,(anonymous_5)
FNDA:0,(anonymous_6)
FNDA:0,(anonymous_7)
FNDA:0,(anonymous_8)
FNDA:0,(anonymous_9)
FNDA:0,(anonymous_10)
FNDA:0,(anonymous_11)
FNDA:0,(anonymous_12)
FNDA:0,(anonymous_13)
FNDA:0,(anonymous_14)
DA:7,0
DA:10,0
DA:15,0
DA:16,0
DA:18,0
DA:25,0
DA:26,0
DA:29,0
DA:31,0
DA:32,0
DA:33,0
DA:34,0
DA:39,0
DA:40,0
DA:41,0
DA:42,0
DA:47,0
DA:48,0
DA:49,0
DA:54,0
DA:55,0
DA:56,0
DA:57,0
DA:60,0
DA:65,0
LF:25
LH:0
BRDA:32,0,0,0
BRDA:32,0,1,0
BRDA:42,1,0,0
BRDA:42,1,1,0
BRDA:65,2,0,0
BRDA:65,2,1,0
BRDA:69,3,0,0
BRDA:69,3,1,0
BRF:8
BRH:0
end_of_record
TN:
SF:src/ProfileCreationContext.js
FN:12,(anonymous_0)
FN:14,(anonymous_1)
FN:18,(anonymous_2)
FN:22,(anonymous_3)
FN:28,(anonymous_4)
FN:32,(anonymous_5)
FN:37,(anonymous_6)
FNF:7
FNH:0
FNDA:0,(anonymous_0)
FNDA:0,(anonymous_1)
FNDA:0,(anonymous_2)
FNDA:0,(anonymous_3)
FNDA:0,(anonymous_4)
FNDA:0,(anonymous_5)
FNDA:0,(anonymous_6)
DA:10,0
DA:12,0
DA:14,0
DA:15,0
DA:16,0
DA:18,0
DA:19,0
DA:22,0
DA:23,0
DA:26,0
DA:28,0
DA:29,0
DA:32,0
DA:33,0
DA:34,0
DA:37,0
DA:38,0
DA:39,0
DA:42,0
LF:19
LH:0
BRF:0
BRH:0
end_of_record
TN:
SF:src/Query.js
FN:4,(anonymous_0)
FN:31,(anonymous_1)
FN:42,(anonymous_2)
FN:62,(anonymous_3)
FN:70,debounce
FN:72,executedFunction
FN:73,(anonymous_6)
FNF:7
FNH:0
FNDA:0,(anonymous_0)
FNDA:0,(anonymous_1)
FNDA:0,(anonymous_2)
FNDA:0,(anonymous_3)
FNDA:0,debounce
FNDA:0,executedFunction
FNDA:0,(anonymous_6)
DA:4,0
DA:5,0
DA:6,0
DA:7,0
DA:9,0
DA:11,0
DA:12,0
DA:15,0
DA:17,0
DA:18,0
DA:22,0
DA:23,0
DA:25,0
DA:31,0
DA:32,0
DA:33,0
DA:34,0
DA:36,0
DA:38,0
DA:42,0
DA:43,0
DA:44,0
DA:45,0
DA:47,0
DA:49,0
DA:50,0
DA:53,0
DA:55,0
DA:57,0
DA:58,0
DA:62,0
DA:63,0
DA:64,0
DA:72,0
DA:73,0
DA:74,0
DA:75,0
DA:77,0
DA:78,0
LF:39
LH:0
BRDA:9,0,0,0
BRDA:9,0,1,0
BRDA:15,1,0,0
BRDA:15,1,1,0
BRDA:47,2,0,0
BRDA:47,2,1,0
BRF:6
BRH:0
end_of_record
TN:
SF:src/WebSocketContext.js
FN:24,(anonymous_0)
FN:34,useEventRoom
FN:39,(anonymous_2)
FN:41,(anonymous_3)
FN:44,(anonymous_4)
FN:61,useOrgApprovalRoom
FN:66,(anonymous_6)
FN:68,(anonymous_7)
FN:71,(anonymous_8)
FN:78,(anonymous_9)
FN:83,(anonymous_10)
FN:91,(anonymous_11)
FN:92,(anonymous_12)
FN:93,(anonymous_13)
FN:99,(anonymous_14)
FN:102,(anonymous_15)
FN:120,(anonymous_16)
FN:132,(anonymous_17)
FN:149,(anonymous_18)
FN:151,(anonymous_19)
FN:167,(anonymous_20)
FN:183,(anonymous_21)
FNF:22
FNH:0
FNDA:0,(anonymous_0)
FNDA:0,useEventRoom
FNDA:0,(anonymous_2)
FNDA:0,(anonymous_3)
FNDA:0,(anonymous_4)
FNDA:0,useOrgApprovalRoom
FNDA:0,(anonymous_6)
FNDA:0,(anonymous_7)
FNDA:0,(anonymous_8)
FNDA:0,(anonymous_9)
FNDA:0,(anonymous_10)
FNDA:0,(anonymous_11)
FNDA:0,(anonymous_12)
FNDA:0,(anonymous_13)
FNDA:0,(anonymous_14)
FNDA:0,(anonymous_15)
FNDA:0,(anonymous_16)
FNDA:0,(anonymous_17)
FNDA:0,(anonymous_18)
FNDA:0,(anonymous_19)
FNDA:0,(anonymous_20)
FNDA:0,(anonymous_21)
DA:10,0
DA:13,0
DA:17,0
DA:18,0
DA:19,0
DA:20,0
DA:21,0
DA:22,0
DA:24,0
DA:35,0
DA:36,0
DA:37,0
DA:39,0
DA:40,0
DA:41,0
DA:42,0
DA:44,0
DA:45,0
DA:62,0
DA:63,0
DA:64,0
DA:66,0
DA:67,0
DA:68,0
DA:69,0
DA:71,0
DA:72,0
DA:78,0
DA:79,0
DA:80,0
DA:81,0
DA:83,0
DA:84,0
DA:86,0
DA:91,0
DA:92,0
DA:93,0
DA:95,0
DA:96,0
DA:99,0
DA:100,0
DA:101,0
DA:102,0
DA:103,0
DA:104,0
DA:106,0
DA:110,0
DA:111,0
DA:113,0
DA:114,0
DA:115,0
DA:117,0
DA:120,0
DA:121,0
DA:126,0
DA:127,0
DA:128,0
DA:132,0
DA:133,0
DA:134,0
DA:135,0
DA:136,0
DA:137,0
DA:138,0
DA:139,0
DA:140,0
DA:141,0
DA:143,0
DA:147,0
DA:149,0
DA:150,0
DA:151,0
DA:152,0
DA:153,0
DA:155,0
DA:158,0
DA:159,0
DA:160,0
DA:161,0
DA:162,0
DA:164,0
DA:167,0
DA:168,0
DA:169,0
DA:170,0
DA:171,0
DA:172,0
DA:173,0
DA:174,0
DA:175,0
DA:176,0
DA:178,0
DA:182,0
DA:183,0
DA:201,0
LF:95
LH:0
BRDA:13,0,0,0
BRDA:13,0,1,0
BRDA:14,1,0,0
BRDA:14,1,1,0
BRDA:40,2,0,0
BRDA:40,2,1,0
BRDA:40,3,0,0
BRDA:40,3,1,0
BRDA:42,4,0,0
BRDA:42,4,1,0
BRDA:67,5,0,0
BRDA:67,5,1,0
BRDA:67,6,0,0
BRDA:67,6,1,0
BRDA:69,7,0,0
BRDA:69,7,1,0
BRDA:84,8,0,0
BRDA:84,8,1,0
BRDA:114,9,0,0
BRDA:114,9,1,0
BRDA:117,10,0,0
BRDA:117,10,1,0
BRDA:121,11,0,0
BRDA:121,11,1,0
BRDA:122,12,0,0
BRDA:122,12,1,0
BRDA:122,12,2,0
BRDA:134,13,0,0
BRDA:134,13,1,0
BRDA:136,14,0,0
BRDA:136,14,1,0
BRDA:139,15,0,0
BRDA:139,15,1,0
BRDA:161,16,0,0
BRDA:161,16,1,0
BRDA:164,17,0,0
BRDA:164,17,1,0
BRDA:169,18,0,0
BRDA:169,18,1,0
BRDA:171,19,0,0
BRDA:171,19,1,0
BRDA:174,20,0,0
BRDA:174,20,1,0
BRF:43
BRH:0
end_of_record
TN:
SF:src/dummyData.js
FNF:0
FNH:0
DA:1,0
LF:1
LH:0
BRF:0
BRH:0
end_of_record
TN:
SF:src/index.js
FN:10,(anonymous_0)
FN:18,(anonymous_1)
FN:19,(anonymous_2)
FNF:3
FNH:0
FNDA:0,(anonymous_0)
FNDA:0,(anonymous_1)
FNDA:0,(anonymous_2)
DA:9,0
DA:10,0
DA:11,0
DA:12,0
DA:13,0
DA:17,0
DA:18,0
DA:20,0
DA:21,0
DA:22,0
DA:23,0
DA:26,0
DA:27,0
DA:28,0
DA:29,0
DA:30,0
DA:33,0
DA:37,0
DA:38,0
DA:45,0
LF:20
LH:0
BRDA:9,0,0,0
BRDA:9,0,1,0
BRDA:12,1,0,0
BRDA:12,1,1,0
BRDA:21,2,0,0
BRDA:21,2,1,0
BRDA:21,3,0,0
BRDA:21,3,1,0
BRDA:22,4,0,0
BRDA:22,4,1,0
BRDA:26,5,0,0
BRDA:26,5,1,0
BRDA:26,6,0,0
BRDA:26,6,1,0
BRDA:26,6,2,0
BRDA:27,7,0,0
BRDA:27,7,1,0
BRDA:29,8,0,0
BRDA:29,8,1,0
BRF:19
BRH:0
end_of_record
TN:
SF:src/reportWebVitals.js
FN:1,(anonymous_0)
FN:3,(anonymous_1)
FNF:2
FNH:0
FNDA:0,(anonymous_0)
FNDA:0,(anonymous_1)
DA:1,0
DA:2,0
DA:3,0
DA:4,0
DA:5,0
DA:6,0
DA:7,0
DA:8,0
LF:8
LH:0
BRDA:2,0,0,0
BRDA:2,0,1,0
BRDA:2,1,0,0
BRDA:2,1,1,0
BRF:4
BRH:0
end_of_record
TN:
SF:src/components/AcccountSettings/AccountSettings.jsx
FN:21,AccountSettings
FN:46,(anonymous_1)
FN:50,(anonymous_2)
FN:80,(anonymous_3)
FN:85,(anonymous_4)
FN:109,(anonymous_5)
FN:123,(anonymous_6)
FN:127,(anonymous_7)
FN:131,(anonymous_8)
FN:135,(anonymous_9)
FN:148,(anonymous_10)
FN:159,(anonymous_11)
FN:169,(anonymous_12)
FN:173,(anonymous_13)
FN:191,(anonymous_14)
FN:288,(anonymous_15)
FN:322,(anonymous_16)
FNF:17
FNH:0
FNDA:0,AccountSettings
FNDA:0,(anonymous_1)
FNDA:0,(anonymous_2)
FNDA:0,(anonymous_3)
FNDA:0,(anonymous_4)
FNDA:0,(anonymous_5)
FNDA:0,(anonymous_6)
FNDA:0,(anonymous_7)
FNDA:0,(anonymous_8)
FNDA:0,(anonymous_9)
FNDA:0,(anonymous_10)
FNDA:0,(anonymous_11)
FNDA:0,(anonymous_12)
FNDA:0,(anonymous_13)
FNDA:0,(anonymous_14)
FNDA:0,(anonymous_15)
FNDA:0,(anonymous_16)
DA:23,0
DA:24,0
DA:28,0
DA:29,0
DA:30,0
DA:31,0
DA:32,0
DA:34,0
DA:35,0
DA:36,0
DA:37,0
DA:39,0
DA:40,0
DA:41,0
DA:42,0
DA:44,0
DA:46,0
DA:47,0
DA:50,0
DA:51,0
DA:52,0
DA:53,0
DA:55,0
DA:56,0
DA:63,0
DA:64,0
DA:65,0
DA:66,0
DA:67,0
DA:69,0
DA:72,0
DA:73,0
DA:75,0
DA:76,0
DA:80,0
DA:81,0
DA:82,0
DA:85,0
DA:86,0
DA:87,0
DA:89,0
DA:90,0
DA:91,0
DA:93,0
DA:94,0
DA:95,0
DA:96,0
DA:97,0
DA:99,0
DA:102,0
DA:106,0
DA:109,0
DA:110,0
DA:111,0
DA:112,0
DA:114,0
DA:115,0
DA:116,0
DA:118,0
DA:119,0
DA:123,0
DA:124,0
DA:127,0
DA:128,0
DA:131,0
DA:132,0
DA:135,0
DA:136,0
DA:137,0
DA:138,0
DA:139,0
DA:140,0
DA:142,0
DA:145,0
DA:148,0
DA:149,0
DA:150,0
DA:151,0
DA:152,0
DA:153,0
DA:155,0
DA:159,0
DA:160,0
DA:161,0
DA:162,0
DA:163,0
DA:165,0
DA:169,0
DA:170,0
DA:173,0
DA:174,0
DA:176,0
DA:178,0
DA:179,0
DA:181,0
DA:183,0
DA:186,0
DA:187,0
DA:191,0
DA:192,0
DA:195,0
DA:288,0
DA:322,0
LF:103
LH:0
BRDA:63,0,0,0
BRDA:63,0,1,0
BRDA:69,1,0,0
BRDA:69,1,1,0
BRDA:73,2,0,0
BRDA:73,2,1,0
BRDA:86,3,0,0
BRDA:86,3,1,0
BRDA:86,4,0,0
BRDA:86,4,1,0
BRDA:89,5,0,0
BRDA:89,5,1,0
BRDA:96,6,0,0
BRDA:96,6,1,0
BRDA:110,7,0,0
BRDA:110,7,1,0
BRDA:110,8,0,0
BRDA:110,8,1,0
BRDA:114,9,0,0
BRDA:114,9,1,0
BRDA:136,10,0,0
BRDA:136,10,1,0
BRDA:178,11,0,0
BRDA:178,11,1,0
BRDA:183,12,0,0
BRDA:183,12,1,0
BRDA:187,13,0,0
BRDA:187,13,1,0
BRDA:213,14,0,0
BRDA:213,14,1,0
BRDA:222,15,0,0
BRDA:222,15,1,0
BRDA:226,16,0,0
BRDA:226,16,1,0
BRDA:244,17,0,0
BRDA:244,17,1,0
BRDA:251,18,0,0
BRDA:251,18,1,0
BRDA:252,19,0,0
BRDA:252,19,1,0
BRDA:253,20,0,0
BRDA:253,20,1,0
BRDA:254,21,0,0
BRDA:254,21,1,0
BRDA:269,22,0,0
BRDA:269,22,1,0
BRDA:274,23,0,0
BRDA:274,23,1,0
BRDA:305,24,0,0
BRDA:305,24,1,0
BRF:50
BRH:0
end_of_record
TN:
SF:src/components/AddMemberForm/AddMemberForm.jsx
FN:12,parseEmails
FN:14,(anonymous_1)
FN:18,validateEmails
FN:28,AddMemberForm
FN:54,(anonymous_4)
FN:54,(anonymous_5)
FN:58,(anonymous_6)
FN:65,(anonymous_7)
FN:84,(anonymous_8)
FN:89,(anonymous_9)
FN:91,(anonymous_10)
FN:93,(anonymous_11)
FN:96,(anonymous_12)
FN:104,(anonymous_13)
FN:111,(anonymous_14)
FN:112,(anonymous_15)
FN:115,(anonymous_16)
FN:117,(anonymous_17)
FN:120,(anonymous_18)
FN:128,(anonymous_19)
FN:135,(anonymous_20)
FN:136,(anonymous_21)
FN:139,(anonymous_22)
FN:140,(anonymous_23)
FN:140,(anonymous_24)
FN:143,(anonymous_25)
FN:145,(anonymous_26)
FN:171,(anonymous_27)
FN:173,(anonymous_28)
FN:201,(anonymous_29)
FN:212,(anonymous_30)
FN:234,(anonymous_31)
FN:249,(anonymous_32)
FN:254,(anonymous_33)
FN:255,(anonymous_34)
FN:255,(anonymous_35)
FN:266,(anonymous_36)
FN:280,(anonymous_37)
FN:301,(anonymous_38)
FN:326,(anonymous_39)
FN:326,(anonymous_40)
FN:329,(anonymous_41)
FN:365,(anonymous_42)
FN:381,(anonymous_43)
FN:385,(anonymous_44)
FN:397,(anonymous_45)
FN:402,(anonymous_46)
FN:412,(anonymous_47)
FN:416,(anonymous_48)
FN:428,(anonymous_49)
FN:447,(anonymous_50)
FN:475,(anonymous_51)
FN:478,(anonymous_52)
FN:485,(anonymous_53)
FNF:54
FNH:0
FNDA:0,parseEmails
FNDA:0,(anonymous_1)
FNDA:0,validateEmails
FNDA:0,AddMemberForm
FNDA:0,(anonymous_4)
FNDA:0,(anonymous_5)
FNDA:0,(anonymous_6)
FNDA:0,(anonymous_7)
FNDA:0,(anonymous_8)
FNDA:0,(anonymous_9)
FNDA:0,(anonymous_10)
FNDA:0,(anonymous_11)
FNDA:0,(anonymous_12)
FNDA:0,(anonymous_13)
FNDA:0,(anonymous_14)
FNDA:0,(anonymous_15)
FNDA:0,(anonymous_16)
FNDA:0,(anonymous_17)
FNDA:0,(anonymous_18)
FNDA:0,(anonymous_19)
FNDA:0,(anonymous_20)
FNDA:0,(anonymous_21)
FNDA:0,(anonymous_22)
FNDA:0,(anonymous_23)
FNDA:0,(anonymous_24)
FNDA:0,(anonymous_25)
FNDA:0,(anonymous_26)
FNDA:0,(anonymous_27)
FNDA:0,(anonymous_28)
FNDA:0,(anonymous_29)
FNDA:0,(anonymous_30)
FNDA:0,(anonymous_31)
FNDA:0,(anonymous_32)
FNDA:0,(anonymous_33)
FNDA:0,(anonymous_34)
FNDA:0,(anonymous_35)
FNDA:0,(anonymous_36)
FNDA:0,(anonymous_37)
FNDA:0,(anonymous_38)
FNDA:0,(anonymous_39)
FNDA:0,(anonymous_40)
FNDA:0,(anonymous_41)
FNDA:0,(anonymous_42)
FNDA:0,(anonymous_43)
FNDA:0,(anonymous_44)
FNDA:0,(anonymous_45)
FNDA:0,(anonymous_46)
FNDA:0,(anonymous_47)
FNDA:0,(anonymous_48)
FNDA:0,(anonymous_49)
FNDA:0,(anonymous_50)
FNDA:0,(anonymous_51)
FNDA:0,(anonymous_52)
FNDA:0,(anonymous_53)
DA:8,0
DA:9,0
DA:10,0
DA:13,0
DA:14,0
DA:19,0
DA:20,0
DA:21,0
DA:22,0
DA:23,0
DA:25,0
DA:36,0
DA:37,0
DA:38,0
DA:39,0
DA:40,0
DA:41,0
DA:42,0
DA:43,0
DA:44,0
DA:45,0
DA:46,0
DA:47,0
DA:48,0
DA:49,0
DA:50,0
DA:52,0
DA:53,0
DA:54,0
DA:58,0
DA:59,0
DA:60,0
DA:61,0
DA:62,0
DA:64,0
DA:65,0
DA:66,0
DA:67,0
DA:68,0
DA:69,0
DA:70,0
DA:72,0
DA:73,0
DA:74,0
DA:76,0
DA:79,0
DA:81,0
DA:84,0
DA:85,0
DA:89,0
DA:91,0
DA:92,0
DA:93,0
DA:94,0
DA:95,0
DA:97,0
DA:98,0
DA:99,0
DA:100,0
DA:101,0
DA:102,0
DA:103,0
DA:104,0
DA:105,0
DA:106,0
DA:107,0
DA:111,0
DA:112,0
DA:115,0
DA:116,0
DA:117,0
DA:118,0
DA:119,0
DA:121,0
DA:122,0
DA:123,0
DA:124,0
DA:125,0
DA:126,0
DA:127,0
DA:128,0
DA:129,0
DA:130,0
DA:131,0
DA:135,0
DA:136,0
DA:139,0
DA:140,0
DA:143,0
DA:144,0
DA:145,0
DA:149,0
DA:150,0
DA:151,0
DA:152,0
DA:153,0
DA:154,0
DA:157,0
DA:158,0
DA:159,0
DA:160,0
DA:162,0
DA:165,0
DA:167,0
DA:171,0
DA:172,0
DA:173,0
DA:177,0
DA:178,0
DA:179,0
DA:180,0
DA:181,0
DA:182,0
DA:185,0
DA:186,0
DA:187,0
DA:188,0
DA:189,0
DA:190,0
DA:192,0
DA:195,0
DA:197,0
DA:201,0
DA:202,0
DA:203,0
DA:204,0
DA:205,0
DA:206,0
DA:207,0
DA:208,0
DA:209,0
DA:212,0
DA:213,0
DA:214,0
DA:215,0
DA:216,0
DA:218,0
DA:219,0
DA:220,0
DA:222,0
DA:223,0
DA:224,0
DA:225,0
DA:227,0
DA:228,0
DA:229,0
DA:230,0
DA:231,0
DA:232,0
DA:233,0
DA:234,0
DA:235,0
DA:237,0
DA:238,0
DA:240,0
DA:243,0
DA:245,0
DA:249,0
DA:250,0
DA:251,0
DA:254,0
DA:255,0
DA:258,0
DA:259,0
DA:266,0
DA:280,0
DA:302,0
DA:326,0
DA:330,0
DA:359,0
DA:365,0
DA:382,0
DA:383,0
DA:385,0
DA:398,0
DA:402,0
DA:412,0
DA:416,0
DA:428,0
DA:448,0
DA:475,0
DA:479,0
DA:485,0
LF:183
LH:0
BRDA:22,0,0,0
BRDA:22,0,1,0
BRDA:30,1,0,0
BRDA:31,2,0,0
BRDA:52,3,0,0
BRDA:52,3,1,0
BRDA:54,4,0,0
BRDA:54,4,1,0
BRDA:60,5,0,0
BRDA:60,5,1,0
BRDA:60,6,0,0
BRDA:60,6,1,0
BRDA:64,7,0,0
BRDA:64,7,1,0
BRDA:69,8,0,0
BRDA:69,8,1,0
BRDA:73,9,0,0
BRDA:73,9,1,0
BRDA:73,10,0,0
BRDA:73,10,1,0
BRDA:85,11,0,0
BRDA:85,11,1,0
BRDA:92,12,0,0
BRDA:92,12,1,0
BRDA:93,13,0,0
BRDA:93,13,1,0
BRDA:93,14,0,0
BRDA:93,14,1,0
BRDA:97,15,0,0
BRDA:97,15,1,0
BRDA:98,16,0,0
BRDA:98,16,1,0
BRDA:99,17,0,0
BRDA:99,17,1,0
BRDA:100,18,0,0
BRDA:100,18,1,0
BRDA:101,19,0,0
BRDA:101,19,1,0
BRDA:103,20,0,0
BRDA:103,20,1,0
BRDA:117,21,0,0
BRDA:117,21,1,0
BRDA:117,22,0,0
BRDA:117,22,1,0
BRDA:121,23,0,0
BRDA:121,23,1,0
BRDA:122,24,0,0
BRDA:122,24,1,0
BRDA:123,25,0,0
BRDA:123,25,1,0
BRDA:125,26,0,0
BRDA:125,26,1,0
BRDA:127,27,0,0
BRDA:127,27,1,0
BRDA:144,28,0,0
BRDA:144,28,1,0
BRDA:144,29,0,0
BRDA:144,29,1,0
BRDA:147,30,0,0
BRDA:147,30,1,0
BRDA:152,31,0,0
BRDA:152,31,1,0
BRDA:153,32,0,0
BRDA:153,32,1,0
BRDA:154,33,0,0
BRDA:154,33,1,0
BRDA:159,34,0,0
BRDA:159,34,1,0
BRDA:162,35,0,0
BRDA:162,35,1,0
BRDA:162,35,2,0
BRDA:165,36,0,0
BRDA:165,36,1,0
BRDA:165,36,2,0
BRDA:172,37,0,0
BRDA:172,37,1,0
BRDA:172,38,0,0
BRDA:172,38,1,0
BRDA:175,39,0,0
BRDA:175,39,1,0
BRDA:175,39,2,0
BRDA:180,40,0,0
BRDA:180,40,1,0
BRDA:181,41,0,0
BRDA:181,41,1,0
BRDA:182,42,0,0
BRDA:182,42,1,0
BRDA:189,43,0,0
BRDA:189,43,1,0
BRDA:192,44,0,0
BRDA:192,44,1,0
BRDA:192,44,2,0
BRDA:195,45,0,0
BRDA:195,45,1,0
BRDA:195,45,2,0
BRDA:209,46,0,0
BRDA:209,46,1,0
BRDA:214,47,0,0
BRDA:214,47,1,0
BRDA:218,48,0,0
BRDA:218,48,1,0
BRDA:223,49,0,0
BRDA:223,49,1,0
BRDA:224,50,0,0
BRDA:224,50,1,0
BRDA:231,51,0,0
BRDA:231,51,1,0
BRDA:234,52,0,0
BRDA:234,52,1,0
BRDA:235,53,0,0
BRDA:235,53,1,0
BRDA:240,54,0,0
BRDA:240,54,1,0
BRDA:240,54,2,0
BRDA:243,55,0,0
BRDA:243,55,1,0
BRDA:243,55,2,0
BRDA:255,56,0,0
BRDA:255,56,1,0
BRDA:258,57,0,0
BRDA:258,57,1,0
BRDA:266,58,0,0
BRDA:266,58,1,0
BRDA:271,59,0,0
BRDA:271,59,1,0
BRDA:274,60,0,0
BRDA:274,60,1,0
BRDA:285,61,0,0
BRDA:285,61,1,0
BRDA:290,62,0,0
BRDA:290,62,1,0
BRDA:290,62,2,0
BRDA:292,63,0,0
BRDA:292,63,1,0
BRDA:292,63,2,0
BRDA:294,64,0,0
BRDA:294,64,1,0
BRDA:295,65,0,0
BRDA:295,65,1,0
BRDA:298,66,0,0
BRDA:298,66,1,0
BRDA:304,67,0,0
BRDA:304,67,1,0
BRDA:306,68,0,0
BRDA:306,68,1,0
BRDA:310,69,0,0
BRDA:310,69,1,0
BRDA:310,69,2,0
BRDA:313,70,0,0
BRDA:313,70,1,0
BRDA:325,71,0,0
BRDA:325,71,1,0
BRDA:330,72,0,0
BRDA:330,72,1,0
BRDA:342,73,0,0
BRDA:342,73,1,0
BRDA:388,74,0,0
BRDA:388,74,1,0
BRDA:391,75,0,0
BRDA:391,75,1,0
BRDA:391,75,2,0
BRDA:391,75,3,0
BRDA:393,76,0,0
BRDA:393,76,1,0
BRDA:393,77,0,0
BRDA:393,77,1,0
BRDA:395,78,0,0
BRDA:395,78,1,0
BRDA:405,79,0,0
BRDA:405,79,1,0
BRDA:407,80,0,0
BRDA:407,80,1,0
BRDA:412,81,0,0
BRDA:412,81,1,0
BRDA:412,81,2,0
BRDA:412,82,0,0
BRDA:412,82,1,0
BRDA:424,83,0,0
BRDA:424,83,1,0
BRDA:441,84,0,0
BRDA:441,84,1,0
BRDA:450,85,0,0
BRDA:450,85,1,0
BRDA:452,86,0,0
BRDA:452,86,1,0
BRDA:456,87,0,0
BRDA:456,87,1,0
BRDA:456,87,2,0
BRDA:460,88,0,0
BRDA:460,88,1,0
BRDA:474,89,0,0
BRDA:474,89,1,0
BRDA:479,90,0,0
BRDA:479,90,1,0
BRDA:500,91,0,0
BRDA:500,91,1,0
BRF:196
BRH:0
end_of_record
TN:
SF:src/components/AddMemberForm/index.js
FNF:0
FNH:0
LF:0
LH:0
BRF:0
BRH:0
end_of_record
TN:
SF:src/components/AdminMfaSettings/AdminMfaSettings.jsx
FN:6,AdminMfaSettings
FN:21,(anonymous_1)
FN:34,(anonymous_2)
FN:38,(anonymous_3)
FN:49,(anonymous_4)
FN:62,(anonymous_5)
FN:77,(anonymous_6)
FN:96,(anonymous_7)
FN:135,(anonymous_8)
FN:149,(anonymous_9)
FN:166,(anonymous_10)
FN:173,(anonymous_11)
FN:179,(anonymous_12)
FNF:13
FNH:0
FNDA:0,AdminMfaSettings
FNDA:0,(anonymous_1)
FNDA:0,(anonymous_2)
FNDA:0,(anonymous_3)
FNDA:0,(anonymous_4)
FNDA:0,(anonymous_5)
FNDA:0,(anonymous_6)
FNDA:0,(anonymous_7)
FNDA:0,(anonymous_8)
FNDA:0,(anonymous_9)
FNDA:0,(anonymous_10)
FNDA:0,(anonymous_11)
FNDA:0,(anonymous_12)
DA:7,0
DA:8,0
DA:9,0
DA:16,0
DA:17,0
DA:18,0
DA:19,0
DA:21,0
DA:22,0
DA:23,0
DA:24,0
DA:25,0
DA:26,0
DA:28,0
DA:30,0
DA:34,0
DA:35,0
DA:38,0
DA:39,0
DA:40,0
DA:41,0
DA:42,0
DA:43,0
DA:45,0
DA:49,0
DA:50,0
DA:51,0
DA:52,0
DA:53,0
DA:54,0
DA:55,0
DA:56,0
DA:58,0
DA:62,0
DA:63,0
DA:64,0
DA:65,0
DA:66,0
DA:70,0
DA:71,0
DA:73,0
DA:77,0
DA:78,0
DA:79,0
DA:80,0
DA:81,0
DA:82,0
DA:83,0
DA:89,0
DA:90,0
DA:92,0
DA:96,0
DA:97,0
DA:98,0
DA:99,0
DA:100,0
DA:102,0
DA:106,0
DA:107,0
DA:110,0
DA:135,0
DA:149,0
DA:166,0
DA:174,0
DA:179,0
LF:65
LH:0
BRDA:26,0,0,0
BRDA:26,0,1,0
BRDA:28,1,0,0
BRDA:28,1,1,0
BRDA:45,2,0,0
BRDA:45,2,1,0
BRDA:58,3,0,0
BRDA:58,3,1,0
BRDA:73,4,0,0
BRDA:73,4,1,0
BRDA:85,5,0,0
BRDA:85,5,1,0
BRDA:92,6,0,0
BRDA:92,6,1,0
BRDA:102,7,0,0
BRDA:102,7,1,0
BRDA:106,8,0,0
BRDA:106,8,1,0
BRDA:117,9,0,0
BRDA:117,9,1,0
BRDA:121,10,0,0
BRDA:121,10,1,0
BRDA:122,11,0,0
BRDA:122,11,1,0
BRDA:127,12,0,0
BRDA:127,12,1,0
BRDA:143,13,0,0
BRDA:143,13,1,0
BRDA:160,14,0,0
BRDA:160,14,1,0
BRDA:173,15,0,0
BRDA:173,15,1,0
BRDA:176,16,0,0
BRDA:176,16,1,0
BRDA:177,17,0,0
BRDA:177,17,1,0
BRF:36
BRH:0
end_of_record
TN:
SF:src/components/AdminRedirect/AdminRedirect.jsx
FN:5,(anonymous_0)
FN:10,(anonymous_1)
FN:36,(anonymous_2)
FNF:3
FNH:0
FNDA:0,(anonymous_0)
FNDA:0,(anonymous_1)
FNDA:0,(anonymous_2)
DA:5,0
DA:6,0
DA:7,0
DA:8,0
DA:10,0
DA:12,0
DA:14,0
DA:16,0
DA:17,0
DA:18,0
DA:19,0
DA:22,0
DA:34,0
DA:36,0
DA:37,0
DA:45,0
LF:16
LH:0
BRDA:12,0,0,0
BRDA:12,0,1,0
BRDA:12,1,0,0
BRDA:12,1,1,0
BRDA:12,1,2,0
BRDA:14,2,0,0
BRDA:14,2,1,0
BRDA:14,3,0,0
BRDA:14,3,1,0
BRDA:34,4,0,0
BRDA:34,4,1,0
BRDA:34,5,0,0
BRDA:34,5,1,0
BRF:13
BRH:0
end_of_record
TN:
SF:src/components/AdminViewBanner/AdminViewBanner.jsx
FN:6,AdminViewBanner
FN:17,(anonymous_1)
FNF:2
FNH:0
FNDA:0,AdminViewBanner
FNDA:0,(anonymous_1)
DA:7,0
DA:9,0
DA:17,0
LF:3
LH:0
BRF:0
BRH:0
end_of_record
TN:
SF:src/components/AgendaEditor/AgendaEditor.jsx
FN:8,AgendaEditor
FN:17,(anonymous_1)
FN:20,(anonymous_2)
FN:41,(anonymous_3)
FN:50,(anonymous_4)
FN:76,(anonymous_5)
FN:81,(anonymous_6)
FN:82,(anonymous_7)
FN:84,(anonymous_8)
FN:90,(anonymous_9)
FN:141,(anonymous_10)
FN:196,(anonymous_11)
FN:281,(anonymous_12)
FN:284,(anonymous_13)
FN:301,(anonymous_14)
FN:311,(anonymous_15)
FN:325,(anonymous_16)
FN:327,(anonymous_17)
FN:328,(anonymous_18)
FN:332,(anonymous_19)
FN:338,(anonymous_20)
FN:393,(anonymous_21)
FN:396,(anonymous_22)
FN:413,(anonymous_23)
FN:418,(anonymous_24)
FN:448,(anonymous_25)
FN:455,(anonymous_26)
FN:482,(anonymous_27)
FN:485,(anonymous_28)
FN:486,(anonymous_29)
FN:513,(anonymous_30)
FN:522,(anonymous_31)
FN:537,(anonymous_32)
FN:546,(anonymous_33)
FN:554,(anonymous_34)
FN:567,(anonymous_35)
FN:576,(anonymous_36)
FN:588,(anonymous_37)
FN:603,(anonymous_38)
FN:617,(anonymous_39)
FN:626,(anonymous_40)
FN:634,(anonymous_41)
FN:645,(anonymous_42)
FN:660,(anonymous_43)
FNF:44
FNH:0
FNDA:0,AgendaEditor
FNDA:0,(anonymous_1)
FNDA:0,(anonymous_2)
FNDA:0,(anonymous_3)
FNDA:0,(anonymous_4)
FNDA:0,(anonymous_5)
FNDA:0,(anonymous_6)
FNDA:0,(anonymous_7)
FNDA:0,(anonymous_8)
FNDA:0,(anonymous_9)
FNDA:0,(anonymous_10)
FNDA:0,(anonymous_11)
FNDA:0,(anonymous_12)
FNDA:0,(anonymous_13)
FNDA:0,(anonymous_14)
FNDA:0,(anonymous_15)
FNDA:0,(anonymous_16)
FNDA:0,(anonymous_17)
FNDA:0,(anonymous_18)
FNDA:0,(anonymous_19)
FNDA:0,(anonymous_20)
FNDA:0,(anonymous_21)
FNDA:0,(anonymous_22)
FNDA:0,(anonymous_23)
FNDA:0,(anonymous_24)
FNDA:0,(anonymous_25)
FNDA:0,(anonymous_26)
FNDA:0,(anonymous_27)
FNDA:0,(anonymous_28)
FNDA:0,(anonymous_29)
FNDA:0,(anonymous_30)
FNDA:0,(anonymous_31)
FNDA:0,(anonymous_32)
FNDA:0,(anonymous_33)
FNDA:0,(anonymous_34)
FNDA:0,(anonymous_35)
FNDA:0,(anonymous_36)
FNDA:0,(anonymous_37)
FNDA:0,(anonymous_38)
FNDA:0,(anonymous_39)
FNDA:0,(anonymous_40)
FNDA:0,(anonymous_41)
FNDA:0,(anonymous_42)
FNDA:0,(anonymous_43)
DA:9,0
DA:10,0
DA:11,0
DA:12,0
DA:13,0
DA:14,0
DA:15,0
DA:17,0
DA:18,0
DA:19,0
DA:22,0
DA:23,0
DA:24,0
DA:26,0
DA:27,0
DA:30,0
DA:31,0
DA:32,0
DA:33,0
DA:34,0
DA:36,0
DA:38,0
DA:41,0
DA:42,0
DA:43,0
DA:46,0
DA:50,0
DA:51,0
DA:62,0
DA:63,0
DA:64,0
DA:65,0
DA:66,0
DA:67,0
DA:68,0
DA:71,0
DA:72,0
DA:73,0
DA:76,0
DA:77,0
DA:78,0
DA:81,0
DA:82,0
DA:84,0
DA:85,0
DA:87,0
DA:90,0
DA:91,0
DA:92,0
DA:94,0
DA:96,0
DA:97,0
DA:98,0
DA:99,0
DA:102,0
DA:103,0
DA:106,0
DA:108,0
DA:109,0
DA:112,0
DA:113,0
DA:114,0
DA:115,0
DA:116,0
DA:117,0
DA:118,0
DA:119,0
DA:120,0
DA:121,0
DA:123,0
DA:125,0
DA:126,0
DA:127,0
DA:128,0
DA:129,0
DA:130,0
DA:133,0
DA:137,0
DA:138,0
DA:141,0
DA:142,0
DA:143,0
DA:144,0
DA:145,0
DA:150,0
DA:153,0
DA:155,0
DA:156,0
DA:157,0
DA:162,0
DA:166,0
DA:167,0
DA:169,0
DA:170,0
DA:175,0
DA:179,0
DA:180,0
DA:181,0
DA:182,0
DA:183,0
DA:188,0
DA:194,0
DA:195,0
DA:196,0
DA:197,0
DA:202,0
DA:204,0
DA:205,0
DA:206,0
DA:209,0
DA:210,0
DA:212,0
DA:213,0
DA:215,0
DA:216,0
DA:220,0
DA:224,0
DA:225,0
DA:226,0
DA:227,0
DA:232,0
DA:233,0
DA:234,0
DA:235,0
DA:238,0
DA:245,0
DA:251,0
DA:252,0
DA:257,0
DA:258,0
DA:259,0
DA:260,0
DA:263,0
DA:271,0
DA:277,0
DA:281,0
DA:283,0
DA:284,0
DA:285,0
DA:286,0
DA:287,0
DA:289,0
DA:290,0
DA:292,0
DA:295,0
DA:297,0
DA:298,0
DA:301,0
DA:302,0
DA:303,0
DA:304,0
DA:311,0
DA:312,0
DA:313,0
DA:314,0
DA:315,0
DA:316,0
DA:317,0
DA:318,0
DA:319,0
DA:325,0
DA:326,0
DA:327,0
DA:328,0
DA:332,0
DA:333,0
DA:334,0
DA:335,0
DA:336,0
DA:338,0
DA:339,0
DA:341,0
DA:342,0
DA:343,0
DA:344,0
DA:345,0
DA:346,0
DA:347,0
DA:349,0
DA:353,0
DA:354,0
DA:359,0
DA:360,0
DA:361,0
DA:362,0
DA:363,0
DA:364,0
DA:365,0
DA:367,0
DA:372,0
DA:375,0
DA:377,0
DA:379,0
DA:395,0
DA:396,0
DA:397,0
DA:398,0
DA:399,0
DA:400,0
DA:402,0
DA:404,0
DA:415,0
DA:416,0
DA:417,0
DA:418,0
DA:419,0
DA:420,0
DA:421,0
DA:422,0
DA:423,0
DA:424,0
DA:425,0
DA:431,0
DA:433,0
DA:435,0
DA:448,0
DA:455,0
DA:484,0
DA:485,0
DA:486,0
DA:499,0
DA:500,0
DA:502,0
DA:514,0
DA:522,0
DA:538,0
DA:546,0
DA:554,0
DA:567,0
DA:576,0
DA:588,0
DA:603,0
DA:617,0
DA:626,0
DA:635,0
DA:636,0
DA:637,0
DA:645,0
DA:660,0
LF:239
LH:0
BRDA:8,0,0,0
BRDA:15,1,0,0
BRDA:15,1,1,0
BRDA:18,2,0,0
BRDA:18,2,1,0
BRDA:23,3,0,0
BRDA:23,3,1,0
BRDA:23,4,0,0
BRDA:23,4,1,0
BRDA:26,5,0,0
BRDA:26,5,1,0
BRDA:26,6,0,0
BRDA:26,6,1,0
BRDA:30,7,0,0
BRDA:30,7,1,0
BRDA:30,8,0,0
BRDA:30,8,1,0
BRDA:30,8,2,0
BRDA:41,9,0,0
BRDA:41,9,1,0
BRDA:42,10,0,0
BRDA:42,10,1,0
BRDA:62,11,0,0
BRDA:62,11,1,0
BRDA:63,12,0,0
BRDA:63,12,1,0
BRDA:94,13,0,0
BRDA:94,13,1,0
BRDA:96,14,0,0
BRDA:96,14,1,0
BRDA:98,15,0,0
BRDA:98,15,1,0
BRDA:98,16,0,0
BRDA:98,16,1,0
BRDA:106,17,0,0
BRDA:106,17,1,0
BRDA:106,18,0,0
BRDA:106,18,1,0
BRDA:108,19,0,0
BRDA:108,19,1,0
BRDA:112,20,0,0
BRDA:112,20,1,0
BRDA:112,21,0,0
BRDA:112,21,1,0
BRDA:117,22,0,0
BRDA:117,22,1,0
BRDA:117,23,0,0
BRDA:117,23,1,0
BRDA:123,24,0,0
BRDA:123,24,1,0
BRDA:123,25,0,0
BRDA:123,25,1,0
BRDA:126,26,0,0
BRDA:126,26,1,0
BRDA:144,27,0,0
BRDA:144,27,1,0
BRDA:144,28,0,0
BRDA:144,28,1,0
BRDA:153,29,0,0
BRDA:153,29,1,0
BRDA:156,30,0,0
BRDA:156,30,1,0
BRDA:156,31,0,0
BRDA:156,31,1,0
BRDA:166,32,0,0
BRDA:166,32,1,0
BRDA:167,33,0,0
BRDA:167,33,1,0
BRDA:169,34,0,0
BRDA:169,34,1,0
BRDA:169,35,0,0
BRDA:169,35,1,0
BRDA:179,36,0,0
BRDA:179,36,1,0
BRDA:182,37,0,0
BRDA:182,37,1,0
BRDA:199,38,0,0
BRDA:199,38,1,0
BRDA:202,39,0,0
BRDA:202,39,1,0
BRDA:209,40,0,0
BRDA:209,40,1,0
BRDA:212,41,0,0
BRDA:212,41,1,0
BRDA:215,42,0,0
BRDA:215,42,1,0
BRDA:224,43,0,0
BRDA:224,43,1,0
BRDA:226,44,0,0
BRDA:226,44,1,0
BRDA:234,45,0,0
BRDA:234,45,1,0
BRDA:240,46,0,0
BRDA:240,46,1,0
BRDA:251,47,0,0
BRDA:251,47,1,0
BRDA:259,48,0,0
BRDA:259,48,1,0
BRDA:265,49,0,0
BRDA:265,49,1,0
BRDA:273,50,0,0
BRDA:273,50,1,0
BRDA:283,51,0,0
BRDA:283,51,1,0
BRDA:286,52,0,0
BRDA:286,52,1,0
BRDA:286,53,0,0
BRDA:286,53,1,0
BRDA:289,54,0,0
BRDA:289,54,1,0
BRDA:289,55,0,0
BRDA:289,55,1,0
BRDA:302,56,0,0
BRDA:302,56,1,0
BRDA:312,57,0,0
BRDA:312,57,1,0
BRDA:328,58,0,0
BRDA:328,58,1,0
BRDA:333,59,0,0
BRDA:333,59,1,0
BRDA:339,60,0,0
BRDA:339,60,1,0
BRDA:342,61,0,0
BRDA:342,61,1,0
BRDA:342,62,0,0
BRDA:342,62,1,0
BRDA:353,63,0,0
BRDA:353,63,1,0
BRDA:353,64,0,0
BRDA:353,64,1,0
BRDA:360,65,0,0
BRDA:360,65,1,0
BRDA:360,66,0,0
BRDA:360,66,1,0
BRDA:377,67,0,0
BRDA:377,67,1,0
BRDA:381,68,0,0
BRDA:381,68,1,0
BRDA:388,69,0,0
BRDA:388,69,1,0
BRDA:392,70,0,0
BRDA:392,70,1,0
BRDA:395,71,0,0
BRDA:395,71,1,0
BRDA:412,72,0,0
BRDA:412,72,1,0
BRDA:415,73,0,0
BRDA:415,73,1,0
BRDA:415,74,0,0
BRDA:415,74,1,0
BRDA:419,75,0,0
BRDA:419,75,1,0
BRDA:419,76,0,0
BRDA:419,76,1,0
BRDA:420,77,0,0
BRDA:420,77,1,0
BRDA:444,78,0,0
BRDA:444,78,1,0
BRDA:444,78,2,0
BRDA:447,79,0,0
BRDA:447,79,1,0
BRDA:454,80,0,0
BRDA:454,80,1,0
BRDA:462,81,0,0
BRDA:462,81,1,0
BRDA:475,82,0,0
BRDA:475,82,1,0
BRDA:475,83,0,0
BRDA:475,83,1,0
BRDA:480,84,0,0
BRDA:480,84,1,0
BRDA:480,85,0,0
BRDA:480,85,1,0
BRDA:485,86,0,0
BRDA:485,86,1,0
BRDA:487,87,0,0
BRDA:487,87,1,0
BRDA:489,88,0,0
BRDA:489,88,1,0
BRDA:490,89,0,0
BRDA:490,89,1,0
BRDA:491,90,0,0
BRDA:491,90,1,0
BRDA:492,91,0,0
BRDA:492,91,1,0
BRDA:493,92,0,0
BRDA:493,92,1,0
BRDA:499,93,0,0
BRDA:499,93,1,0
BRDA:510,94,0,0
BRDA:510,94,1,0
BRDA:519,95,0,0
BRDA:519,95,1,0
BRDA:539,96,0,0
BRDA:539,96,1,0
BRDA:545,97,0,0
BRDA:545,97,1,0
BRDA:553,98,0,0
BRDA:553,98,1,0
BRDA:559,99,0,0
BRDA:559,99,1,0
BRDA:566,100,0,0
BRDA:566,100,1,0
BRDA:575,101,0,0
BRDA:575,101,1,0
BRDA:587,102,0,0
BRDA:587,102,1,0
BRDA:602,103,0,0
BRDA:602,103,1,0
BRDA:616,104,0,0
BRDA:616,104,1,0
BRDA:625,105,0,0
BRDA:625,105,1,0
BRDA:636,106,0,0
BRDA:636,106,1,0
BRDA:657,107,0,0
BRDA:657,107,1,0
BRDA:666,108,0,0
BRDA:666,108,1,0
BRDA:670,109,0,0
BRDA:670,109,1,0
BRDA:675,110,0,0
BRDA:675,110,1,0
BRDA:679,111,0,0
BRDA:679,111,1,0
BRDA:685,112,0,0
BRDA:685,112,1,0
BRDA:691,113,0,0
BRDA:691,113,1,0
BRDA:706,114,0,0
BRDA:706,114,1,0
BRDA:713,115,0,0
BRDA:713,115,1,0
BRF:233
BRH:0
end_of_record
TN:
SF:src/components/AgendaItemDetailView/AgendaItemDetailView.jsx
FN:25,AgendaItemDetailView
FN:26,(anonymous_1)
FNF:2
FNH:0
FNDA:0,AgendaItemDetailView
FNDA:0,(anonymous_1)
DA:5,0
DA:15,0
DA:26,0
DA:27,0
DA:28,0
DA:29,0
DA:31,0
DA:32,0
DA:33,0
DA:34,0
DA:35,0
DA:36,0
DA:38,0
LF:13
LH:0
BRDA:27,0,0,0
BRDA:27,0,1,0
BRDA:28,1,0,0
BRDA:28,1,1,0
BRDA:31,2,0,0
BRDA:31,2,1,0
BRDA:31,3,0,0
BRDA:31,3,1,0
BRDA:32,4,0,0
BRDA:32,4,1,0
BRDA:32,5,0,0
BRDA:32,5,1,0
BRDA:33,6,0,0
BRDA:33,6,1,0
BRDA:33,7,0,0
BRDA:33,7,1,0
BRDA:34,8,0,0
BRDA:34,8,1,0
BRDA:35,9,0,0
BRDA:35,9,1,0
BRDA:35,10,0,0
BRDA:35,10,1,0
BRDA:35,11,0,0
BRDA:35,11,1,0
BRDA:36,12,0,0
BRDA:36,12,1,0
BRDA:36,13,0,0
BRDA:36,13,1,0
BRDA:36,14,0,0
BRDA:36,14,1,0
BRDA:41,15,0,0
BRDA:41,15,1,0
BRDA:53,16,0,0
BRDA:53,16,1,0
BRDA:53,16,2,0
BRDA:56,17,0,0
BRDA:56,17,1,0
BRDA:59,18,0,0
BRDA:59,18,1,0
BRDA:65,19,0,0
BRDA:65,19,1,0
BRF:41
BRH:0
end_of_record
TN:
SF:src/components/Analytics/Analytics.jsx
FN:11,Analytics
FN:19,(anonymous_1)
FN:24,(anonymous_2)
FNF:3
FNH:0
FNDA:0,Analytics
FNDA:0,(anonymous_1)
FNDA:0,(anonymous_2)
DA:12,0
DA:13,0
DA:14,0
DA:15,0
DA:16,0
DA:19,0
DA:20,0
DA:21,0
DA:24,0
DA:25,0
DA:26,0
DA:27,0
DA:30,0
DA:31,0
DA:32,0
DA:33,0
DA:34,0
DA:35,0
DA:36,0
DA:37,0
DA:38,0
DA:39,0
DA:40,0
DA:41,0
DA:43,0
DA:44,0
DA:45,0
DA:46,0
DA:48,0
DA:55,0
DA:57,0
LF:31
LH:0
BRDA:20,0,0,0
BRDA:20,0,1,0
BRDA:25,1,0,0
BRDA:25,1,1,0
BRDA:26,2,0,0
BRDA:26,2,1,0
BRDA:30,3,0,0
BRDA:30,3,1,0
BRDA:33,4,0,0
BRDA:33,4,1,0
BRF:10
BRH:0
end_of_record
TN:
SF:src/components/Analytics/AnalyticsHelpers.js
FN:3,getVisitsByDay
FNF:1
FNH:0
FNDA:0,getVisitsByDay
DA:4,0
DA:5,0
DA:6,0
DA:7,0
DA:9,0
DA:11,0
DA:12,0
LF:7
LH:0
BRDA:6,0,0,0
BRDA:6,0,1,0
BRDA:6,1,0,0
BRDA:6,1,1,0
BRDA:6,1,2,0
BRF:5
BRH:0
end_of_record
TN:
SF:src/components/Analytics/DateRangeControls.jsx
FN:6,DateRangeControls
FN:7,(anonymous_1)
FN:8,(anonymous_2)
FN:9,(anonymous_3)
FN:10,(anonymous_4)
FN:12,(anonymous_5)
FN:13,(anonymous_6)
FN:14,(anonymous_7)
FN:15,(anonymous_8)
FN:18,(anonymous_9)
FN:38,(anonymous_10)
FN:44,(anonymous_11)
FNF:12
FNH:0
FNDA:0,DateRangeControls
FNDA:0,(anonymous_1)
FNDA:0,(anonymous_2)
FNDA:0,(anonymous_3)
FNDA:0,(anonymous_4)
FNDA:0,(anonymous_5)
FNDA:0,(anonymous_6)
FNDA:0,(anonymous_7)
FNDA:0,(anonymous_8)
FNDA:0,(anonymous_9)
FNDA:0,(anonymous_10)
FNDA:0,(anonymous_11)
DA:7,0
DA:8,0
DA:9,0
DA:10,0
DA:12,0
DA:13,0
DA:14,0
DA:15,0
DA:18,0
DA:19,0
DA:20,0
DA:21,0
DA:22,0
DA:23,0
DA:24,0
DA:25,0
DA:26,0
DA:28,0
DA:33,0
DA:38,0
DA:44,0
LF:21
LH:0
BRDA:8,0,0,0
BRDA:8,0,1,0
BRDA:9,1,0,0
BRDA:9,1,1,0
BRDA:10,2,0,0
BRDA:10,2,1,0
BRDA:13,3,0,0
BRDA:13,3,1,0
BRDA:14,4,0,0
BRDA:14,4,1,0
BRDA:15,5,0,0
BRDA:15,5,1,0
BRDA:19,6,0,0
BRDA:19,6,1,0
BRDA:19,7,0,0
BRDA:19,7,1,0
BRDA:19,8,0,0
BRDA:19,8,1,0
BRDA:21,9,0,0
BRDA:21,9,1,0
BRDA:23,10,0,0
BRDA:23,10,1,0
BRDA:25,11,0,0
BRDA:25,11,1,0
BRDA:41,12,0,0
BRDA:41,12,1,0
BRDA:43,13,0,0
BRDA:43,13,1,0
BRDA:62,14,0,0
BRDA:62,14,1,0
BRDA:66,15,0,0
BRDA:66,15,1,0
BRDA:67,16,0,0
BRDA:67,16,1,0
BRDA:68,17,0,0
BRDA:68,17,1,0
BRF:36
BRH:0
end_of_record
TN:
SF:src/components/Analytics/Dashboard/ComparisonBadge.jsx
FN:3,ComparisonBadge
FNF:1
FNH:0
FNDA:0,ComparisonBadge
DA:4,0
DA:5,0
DA:6,0
DA:7,0
DA:8,0
DA:10,0
LF:6
LH:0
BRDA:6,0,0,0
BRDA:6,0,1,0
BRDA:6,1,0,0
BRDA:6,1,1,0
BRDA:7,2,0,0
BRDA:7,2,1,0
BRDA:7,3,0,0
BRDA:7,3,1,0
BRDA:8,4,0,0
BRDA:8,4,1,0
BRDA:13,5,0,0
BRDA:13,5,1,0
BRDA:14,6,0,0
BRDA:14,6,1,0
BRF:14
BRH:0
end_of_record
TN:
SF:src/components/Analytics/Dashboard/Dashboard.jsx
FN:6,(anonymous_0)
FN:8,Dashboard
FNF:2
FNH:0
FNDA:0,(anonymous_0)
FNDA:0,Dashboard
DA:6,0
DA:9,0
DA:10,0
DA:20,0
DA:22,0
LF:5
LH:0
BRDA:9,0,0,0
BRDA:9,0,1,0
BRF:2
BRH:0
end_of_record
TN:
SF:src/components/Analytics/Dashboard/KpiCard.jsx
FN:5,KpiCard
FNF:1
FNH:0
FNDA:0,KpiCard
DA:15,0
DA:17,0
LF:2
LH:0
BRDA:15,0,0,0
BRDA:15,0,1,0
BRDA:18,1,0,0
BRDA:18,1,1,0
BRDA:19,2,0,0
BRDA:19,2,1,0
BRDA:20,3,0,0
BRDA:20,3,1,0
BRDA:20,4,0,0
BRDA:20,4,1,0
BRDA:25,5,0,0
BRDA:25,5,1,0
BRDA:28,6,0,0
BRDA:28,6,1,0
BRDA:29,7,0,0
BRDA:29,7,1,0
BRF:16
BRH:0
end_of_record
TN:
SF:src/components/Analytics/VisitsChart/AnalyticsChart.jsx
FN:35,(anonymous_0)
FN:45,hexToRgb
FN:51,(anonymous_2)
FN:65,(anonymous_3)
FN:91,(anonymous_4)
FN:128,(anonymous_5)
FN:159,(anonymous_6)
FN:173,(anonymous_7)
FN:174,(anonymous_8)
FN:178,(anonymous_9)
FN:197,(anonymous_10)
FN:207,(anonymous_11)
FN:208,(anonymous_12)
FN:212,(anonymous_13)
FN:269,(anonymous_14)
FN:331,(anonymous_15)
FN:371,(anonymous_16)
FN:431,(anonymous_17)
FNF:18
FNH:0
FNDA:0,(anonymous_0)
FNDA:0,hexToRgb
FNDA:0,(anonymous_2)
FNDA:0,(anonymous_3)
FNDA:0,(anonymous_4)
FNDA:0,(anonymous_5)
FNDA:0,(anonymous_6)
FNDA:0,(anonymous_7)
FNDA:0,(anonymous_8)
FNDA:0,(anonymous_9)
FNDA:0,(anonymous_10)
FNDA:0,(anonymous_11)
FNDA:0,(anonymous_12)
FNDA:0,(anonymous_13)
FNDA:0,(anonymous_14)
FNDA:0,(anonymous_15)
FNDA:0,(anonymous_16)
FNDA:0,(anonymous_17)
DA:23,0
DA:35,0
DA:36,0
DA:37,0
DA:38,0
DA:39,0
DA:40,0
DA:42,0
DA:43,0
DA:47,0
DA:50,0
DA:51,0
DA:55,0
DA:56,0
DA:57,0
DA:59,0
DA:62,0
DA:65,0
DA:66,0
DA:67,0
DA:68,0
DA:71,0
DA:72,0
DA:73,0
DA:74,0
DA:75,0
DA:79,0
DA:80,0
DA:81,0
DA:82,0
DA:83,0
DA:86,0
DA:91,0
DA:92,0
DA:93,0
DA:98,0
DA:100,0
DA:101,0
DA:102,0
DA:104,0
DA:106,0
DA:107,0
DA:108,0
DA:109,0
DA:111,0
DA:112,0
DA:113,0
DA:114,0
DA:115,0
DA:116,0
DA:118,0
DA:121,0
DA:124,0
DA:128,0
DA:131,0
DA:132,0
DA:133,0
DA:135,0
DA:136,0
DA:137,0
DA:138,0
DA:140,0
DA:141,0
DA:142,0
DA:145,0
DA:146,0
DA:147,0
DA:150,0
DA:155,0
DA:157,0
DA:158,0
DA:159,0
DA:160,0
DA:162,0
DA:163,0
DA:165,0
DA:166,0
DA:169,0
DA:170,0
DA:173,0
DA:174,0
DA:175,0
DA:176,0
DA:177,0
DA:178,0
DA:182,0
DA:183,0
DA:184,0
DA:185,0
DA:186,0
DA:187,0
DA:189,0
DA:195,0
DA:196,0
DA:197,0
DA:198,0
DA:200,0
DA:201,0
DA:202,0
DA:203,0
DA:205,0
DA:207,0
DA:208,0
DA:209,0
DA:210,0
DA:211,0
DA:212,0
DA:216,0
DA:221,0
DA:239,0
DA:240,0
DA:257,0
DA:261,0
DA:264,0
DA:269,0
DA:270,0
DA:271,0
DA:272,0
DA:273,0
DA:274,0
DA:280,0
DA:332,0
DA:333,0
DA:334,0
DA:335,0
DA:338,0
DA:339,0
DA:340,0
DA:342,0
DA:372,0
DA:373,0
DA:376,0
DA:377,0
DA:378,0
DA:432,0
DA:433,0
DA:434,0
DA:436,0
DA:437,0
LF:139
LH:0
BRDA:39,0,0,0
BRDA:39,0,1,0
BRDA:40,1,0,0
BRDA:40,1,1,0
BRDA:50,2,0,0
BRDA:50,2,1,0
BRDA:66,3,0,0
BRDA:66,3,1,0
BRDA:66,4,0,0
BRDA:66,4,1,0
BRDA:71,5,0,0
BRDA:71,5,1,0
BRDA:79,6,0,0
BRDA:79,6,1,0
BRDA:92,7,0,0
BRDA:92,7,1,0
BRDA:92,8,0,0
BRDA:92,8,1,0
BRDA:98,9,0,0
BRDA:98,9,1,0
BRDA:102,10,0,0
BRDA:102,10,1,0
BRDA:104,11,0,0
BRDA:104,11,1,0
BRDA:109,12,0,0
BRDA:109,12,1,0
BRDA:114,13,0,0
BRDA:114,13,1,0
BRDA:131,14,0,0
BRDA:131,14,1,0
BRDA:133,15,0,0
BRDA:133,15,1,0
BRDA:138,16,0,0
BRDA:138,16,1,0
BRDA:150,17,0,0
BRDA:150,17,1,0
BRDA:158,18,0,0
BRDA:158,18,1,0
BRDA:158,19,0,0
BRDA:158,19,1,0
BRDA:160,20,0,0
BRDA:160,20,1,0
BRDA:165,21,0,0
BRDA:165,21,1,0
BRDA:176,22,0,0
BRDA:176,22,1,0
BRDA:176,23,0,0
BRDA:176,23,1,0
BRDA:184,24,0,0
BRDA:184,24,1,0
BRDA:184,25,0,0
BRDA:184,25,1,0
BRDA:184,25,2,0
BRDA:186,26,0,0
BRDA:186,26,1,0
BRDA:189,27,0,0
BRDA:189,27,1,0
BRDA:196,28,0,0
BRDA:196,28,1,0
BRDA:196,29,0,0
BRDA:196,29,1,0
BRDA:198,30,0,0
BRDA:198,30,1,0
BRDA:202,31,0,0
BRDA:202,31,1,0
BRDA:210,32,0,0
BRDA:210,32,1,0
BRDA:210,33,0,0
BRDA:210,33,1,0
BRDA:239,34,0,0
BRDA:239,34,1,0
BRDA:239,35,0,0
BRDA:239,35,1,0
BRDA:241,36,0,0
BRDA:241,36,1,0
BRDA:270,37,0,0
BRDA:270,37,1,0
BRDA:271,38,0,0
BRDA:271,38,1,0
BRDA:300,39,0,0
BRDA:300,39,1,0
BRDA:319,40,0,0
BRDA:319,40,1,0
BRDA:330,41,0,0
BRDA:330,41,1,0
BRDA:330,42,0,0
BRDA:330,42,1,0
BRDA:332,43,0,0
BRDA:332,43,1,0
BRDA:333,44,0,0
BRDA:333,44,1,0
BRDA:333,45,0,0
BRDA:333,45,1,0
BRDA:335,46,0,0
BRDA:335,46,1,0
BRDA:338,47,0,0
BRDA:338,47,1,0
BRDA:338,48,0,0
BRDA:338,48,1,0
BRDA:340,49,0,0
BRDA:340,49,1,0
BRDA:376,50,0,0
BRDA:376,50,1,0
BRDA:377,51,0,0
BRDA:377,51,1,0
BRDA:398,52,0,0
BRDA:398,52,1,0
BRDA:398,52,2,0
BRDA:398,52,3,0
BRDA:432,53,0,0
BRDA:432,53,1,0
BRDA:433,54,0,0
BRDA:433,54,1,0
BRDA:436,55,0,0
BRDA:436,55,1,0
BRF:115
BRH:0
end_of_record
TN:
SF:src/components/Analytics/VisitsChart/SimpleAnalyticsChart.jsx
FN:32,(anonymous_0)
FN:36,hexToRgb
FN:39,(anonymous_2)
FN:49,(anonymous_3)
FN:61,(anonymous_4)
FN:75,(anonymous_5)
FN:76,(anonymous_6)
FN:100,(anonymous_7)
FN:110,(anonymous_8)
FNF:9
FNH:0
FNDA:0,(anonymous_0)
FNDA:0,hexToRgb
FNDA:0,(anonymous_2)
FNDA:0,(anonymous_3)
FNDA:0,(anonymous_4)
FNDA:0,(anonymous_5)
FNDA:0,(anonymous_6)
FNDA:0,(anonymous_7)
FNDA:0,(anonymous_8)
DA:21,0
DA:32,0
DA:33,0
DA:34,0
DA:37,0
DA:38,0
DA:39,0
DA:41,0
DA:42,0
DA:43,0
DA:44,0
DA:47,0
DA:49,0
DA:50,0
DA:51,0
DA:52,0
DA:53,0
DA:54,0
DA:55,0
DA:56,0
DA:57,0
DA:61,0
DA:62,0
DA:63,0
DA:65,0
DA:66,0
DA:74,0
DA:75,0
DA:76,0
DA:78,0
DA:96,0
DA:100,0
DA:101,0
DA:104,0
DA:110,0
LF:35
LH:0
BRDA:38,0,0,0
BRDA:38,0,1,0
BRDA:50,1,0,0
BRDA:50,1,1,0
BRDA:74,2,0,0
BRDA:74,2,1,0
BRDA:74,3,0,0
BRDA:74,3,1,0
BRDA:74,3,2,0
BRDA:110,4,0,0
BRDA:110,4,1,0
BRDA:113,5,0,0
BRDA:113,5,1,0
BRF:13
BRH:0
end_of_record
TN:
SF:src/components/AnimatedPageWrapper/AnimatedPageWrapper.jsx
FN:10,AnimatedPageWrapper
FNF:1
FNH:0
FNDA:0,AnimatedPageWrapper
DA:4,0
DA:11,0
DA:12,0
DA:17,0
LF:4
LH:0
BRDA:10,0,0,0
BRDA:12,1,0,0
BRDA:12,1,1,0
BRDA:14,2,0,0
BRDA:14,2,1,0
BRF:5
BRH:0
end_of_record
TN:
SF:src/components/AppleCallback/AppleCallback.jsx
FN:7,(anonymous_0)
FN:14,(anonymous_1)
FN:15,(anonymous_2)
FN:82,(anonymous_3)
FN:92,(anonymous_4)
FNF:5
FNH:0
FNDA:0,(anonymous_0)
FNDA:0,(anonymous_1)
FNDA:0,(anonymous_2)
FNDA:0,(anonymous_3)
FNDA:0,(anonymous_4)
DA:7,0
DA:8,0
DA:9,0
DA:10,0
DA:11,0
DA:12,0
DA:14,0
DA:15,0
DA:16,0
DA:17,0
DA:20,0
DA:21,0
DA:22,0
DA:23,0
DA:24,0
DA:27,0
DA:28,0
DA:29,0
DA:30,0
DA:32,0
DA:36,0
DA:37,0
DA:42,0
DA:43,0
DA:47,0
DA:48,0
DA:51,0
DA:53,0
DA:56,0
DA:59,0
DA:60,0
DA:61,0
DA:62,0
DA:63,0
DA:67,0
DA:68,0
DA:73,0
DA:74,0
DA:78,0
DA:79,0
DA:82,0
DA:83,0
DA:87,0
DA:88,0
DA:89,0
DA:92,0
DA:93,0
DA:101,0
DA:104,0
DA:105,0
DA:118,0
DA:119,0
DA:130,0
DA:131,0
DA:143,0
LF:55
LH:0
BRDA:28,0,0,0
BRDA:28,0,1,0
BRDA:36,1,0,0
BRDA:36,1,1,0
BRDA:36,2,0,0
BRDA:36,2,1,0
BRDA:42,3,0,0
BRDA:42,3,1,0
BRDA:42,4,0,0
BRDA:42,4,1,0
BRDA:47,5,0,0
BRDA:47,5,1,0
BRDA:48,6,0,0
BRDA:48,6,1,0
BRDA:59,7,0,0
BRDA:59,7,1,0
BRDA:62,8,0,0
BRDA:62,8,1,0
BRDA:67,9,0,0
BRDA:67,9,1,0
BRDA:73,10,0,0
BRDA:73,10,1,0
BRDA:78,11,0,0
BRDA:78,11,1,0
BRDA:78,12,0,0
BRDA:78,12,1,0
BRDA:78,12,2,0
BRDA:88,13,0,0
BRDA:88,13,1,0
BRDA:104,14,0,0
BRDA:104,14,1,0
BRDA:118,15,0,0
BRDA:118,15,1,0
BRDA:130,16,0,0
BRDA:130,16,1,0
BRDA:136,17,0,0
BRDA:136,17,1,0
BRF:37
BRH:0
end_of_record
TN:
SF:src/components/ApprovalPreview/ApprovalPreview.jsx
FN:7,(anonymous_0)
FN:12,(anonymous_1)
FN:19,(anonymous_2)
FN:52,(anonymous_3)
FN:69,(anonymous_4)
FN:72,(anonymous_5)
FN:74,(anonymous_6)
FN:74,(anonymous_7)
FN:156,(anonymous_8)
FN:169,(anonymous_9)
FN:182,(anonymous_10)
FNF:11
FNH:0
FNDA:0,(anonymous_0)
FNDA:0,(anonymous_1)
FNDA:0,(anonymous_2)
FNDA:0,(anonymous_3)
FNDA:0,(anonymous_4)
FNDA:0,(anonymous_5)
FNDA:0,(anonymous_6)
FNDA:0,(anonymous_7)
FNDA:0,(anonymous_8)
FNDA:0,(anonymous_9)
FNDA:0,(anonymous_10)
DA:7,0
DA:8,0
DA:9,0
DA:10,0
DA:12,0
DA:14,0
DA:15,0
DA:19,0
DA:20,0
DA:21,0
DA:23,0
DA:25,0
DA:37,0
DA:39,0
DA:40,0
DA:42,0
DA:45,0
DA:46,0
DA:48,0
DA:52,0
DA:53,0
DA:69,0
DA:72,0
DA:74,0
DA:75,0
DA:90,0
DA:91,0
DA:92,0
DA:93,0
DA:95,0
DA:96,0
DA:104,0
DA:105,0
DA:113,0
DA:114,0
DA:122,0
DA:123,0
DA:124,0
DA:134,0
DA:136,0
DA:156,0
DA:169,0
DA:182,0
LF:43
LH:0
BRDA:7,0,0,0
BRDA:14,1,0,0
BRDA:14,1,1,0
BRDA:14,2,0,0
BRDA:14,2,1,0
BRDA:14,2,2,0
BRDA:14,2,3,0
BRDA:30,3,0,0
BRDA:30,3,1,0
BRDA:34,4,0,0
BRDA:34,4,1,0
BRDA:39,5,0,0
BRDA:39,5,1,0
BRDA:42,6,0,0
BRDA:42,6,1,0
BRDA:57,7,0,0
BRDA:57,7,1,0
BRDA:61,8,0,0
BRDA:61,8,1,0
BRDA:62,9,0,0
BRDA:62,9,1,0
BRDA:69,10,0,0
BRDA:69,10,1,0
BRDA:69,11,0,0
BRDA:69,11,1,0
BRDA:76,12,0,0
BRDA:76,12,1,0
BRDA:84,13,0,0
BRDA:84,13,1,0
BRDA:90,14,0,0
BRDA:90,14,1,0
BRDA:91,15,0,0
BRDA:91,15,1,0
BRDA:91,16,0,0
BRDA:91,16,1,0
BRDA:91,16,2,0
BRDA:93,17,0,0
BRDA:93,17,1,0
BRDA:95,18,0,0
BRDA:95,18,1,0
BRDA:104,19,0,0
BRDA:104,19,1,0
BRDA:113,20,0,0
BRDA:113,20,1,0
BRDA:123,21,0,0
BRDA:123,21,1,0
BRDA:141,22,0,0
BRDA:141,22,1,0
BRDA:142,23,0,0
BRDA:142,23,1,0
BRDA:142,24,0,0
BRDA:142,24,1,0
BRDA:142,25,0,0
BRDA:142,25,1,0
BRDA:143,26,0,0
BRDA:143,26,1,0
BRDA:143,27,0,0
BRDA:143,27,1,0
BRDA:143,28,0,0
BRDA:143,28,1,0
BRDA:148,29,0,0
BRDA:148,29,1,0
BRDA:161,30,0,0
BRDA:161,30,1,0
BRDA:174,31,0,0
BRDA:174,31,1,0
BRF:66
BRH:0
end_of_record
TN:
SF:src/components/AuthPagePreview/AuthPagePreview.jsx
FN:6,StyledQRCode
FN:9,(anonymous_1)
FN:12,(anonymous_2)
FN:28,(anonymous_3)
FN:42,AuthPagePreview
FN:47,(anonymous_5)
FN:59,(anonymous_6)
FNF:7
FNH:0
FNDA:0,StyledQRCode
FNDA:0,(anonymous_1)
FNDA:0,(anonymous_2)
FNDA:0,(anonymous_3)
FNDA:0,AuthPagePreview
FNDA:0,(anonymous_5)
FNDA:0,(anonymous_6)
DA:7,0
DA:9,0
DA:10,0
DA:12,0
DA:13,0
DA:14,0
DA:24,0
DA:25,0
DA:27,0
DA:28,0
DA:29,0
DA:33,0
DA:43,0
DA:44,0
DA:45,0
DA:47,0
DA:48,0
DA:49,0
DA:50,0
DA:51,0
DA:52,0
DA:53,0
DA:54,0
DA:55,0
DA:56,0
DA:59,0
DA:60,0
DA:63,0
LF:28
LH:0
BRDA:6,0,0,0
BRDA:6,1,0,0
BRDA:6,2,0,0
BRDA:6,3,0,0
BRDA:10,4,0,0
BRDA:10,4,1,0
BRDA:10,5,0,0
BRDA:10,5,1,0
BRDA:29,6,0,0
BRDA:29,6,1,0
BRDA:43,7,0,0
BRDA:43,7,1,0
BRDA:49,8,0,0
BRDA:49,8,1,0
BRDA:93,9,0,0
BRDA:93,9,1,0
BRDA:93,10,0,0
BRDA:93,10,1,0
BRF:18
BRH:0
end_of_record
TN:
SF:src/components/AutocompleteInput/AutocompleteInput.jsx
FN:4,(anonymous_0)
FN:16,(anonymous_1)
FN:17,(anonymous_2)
FN:24,(anonymous_3)
FN:27,(anonymous_4)
FN:38,(anonymous_5)
FN:45,(anonymous_6)
FN:63,(anonymous_7)
FN:67,(anonymous_8)
FNF:9
FNH:0
FNDA:0,(anonymous_0)
FNDA:0,(anonymous_1)
FNDA:0,(anonymous_2)
FNDA:0,(anonymous_3)
FNDA:0,(anonymous_4)
FNDA:0,(anonymous_5)
FNDA:0,(anonymous_6)
FNDA:0,(anonymous_7)
FNDA:0,(anonymous_8)
DA:4,0
DA:12,0
DA:13,0
DA:14,0
DA:16,0
DA:17,0
DA:18,0
DA:19,0
DA:23,0
DA:24,0
DA:27,0
DA:28,0
DA:29,0
DA:31,0
DA:32,0
DA:33,0
DA:34,0
DA:37,0
DA:38,0
DA:41,0
DA:42,0
DA:45,0
DA:46,0
DA:47,0
DA:50,0
DA:64,0
DA:67,0
LF:27
LH:0
BRDA:6,0,0,0
BRDA:7,1,0,0
BRDA:10,2,0,0
BRDA:18,3,0,0
BRDA:18,3,1,0
BRDA:18,4,0,0
BRDA:18,4,1,0
BRDA:31,5,0,0
BRDA:31,5,1,0
BRDA:61,6,0,0
BRDA:61,6,1,0
BRF:11
BRH:0
end_of_record
TN:
SF:src/components/AvailabilityOverlay/AvailabilityOverlay.jsx
FN:12,(anonymous_0)
FN:26,(anonymous_1)
FN:34,(anonymous_2)
FN:57,(anonymous_3)
FN:74,(anonymous_4)
FN:118,(anonymous_5)
FN:119,(anonymous_6)
FN:153,(anonymous_7)
FNF:8
FNH:0
FNDA:0,(anonymous_0)
FNDA:0,(anonymous_1)
FNDA:0,(anonymous_2)
FNDA:0,(anonymous_3)
FNDA:0,(anonymous_4)
FNDA:0,(anonymous_5)
FNDA:0,(anonymous_6)
FNDA:0,(anonymous_7)
DA:12,0
DA:20,0
DA:26,0
DA:27,0
DA:29,0
DA:31,0
DA:32,0
DA:34,0
DA:35,0
DA:38,0
DA:39,0
DA:40,0
DA:43,0
DA:46,0
DA:47,0
DA:48,0
DA:49,0
DA:51,0
DA:52,0
DA:53,0
DA:54,0
DA:57,0
DA:59,0
DA:61,0
DA:62,0
DA:65,0
DA:66,0
DA:70,0
DA:74,0
DA:76,0
DA:78,0
DA:79,0
DA:82,0
DA:83,0
DA:87,0
DA:91,0
DA:92,0
DA:93,0
DA:94,0
DA:95,0
DA:98,0
DA:109,0
DA:112,0
DA:118,0
DA:119,0
DA:121,0
DA:124,0
DA:125,0
DA:127,0
DA:147,0
DA:148,0
DA:151,0
DA:154,0
LF:53
LH:0
BRDA:15,0,0,0
BRDA:16,1,0,0
BRDA:17,2,0,0
BRDA:18,3,0,0
BRDA:27,4,0,0
BRDA:27,4,1,0
BRDA:27,5,0,0
BRDA:27,5,1,0
BRDA:27,5,2,0
BRDA:43,6,0,0
BRDA:43,6,1,0
BRDA:59,7,0,0
BRDA:59,7,1,0
BRDA:65,8,0,0
BRDA:65,8,1,0
BRDA:70,9,0,0
BRDA:70,9,1,0
BRDA:76,10,0,0
BRDA:76,10,1,0
BRDA:76,11,0,0
BRDA:76,11,1,0
BRDA:82,12,0,0
BRDA:82,12,1,0
BRDA:87,13,0,0
BRDA:87,13,1,0
BRDA:92,14,0,0
BRDA:92,14,1,0
BRDA:94,15,0,0
BRDA:94,15,1,0
BRDA:121,16,0,0
BRDA:121,16,1,0
BRDA:147,17,0,0
BRDA:147,17,1,0
BRDA:147,18,0,0
BRDA:147,18,1,0
BRF:35
BRH:0
end_of_record
TN:
SF:src/components/Badges/Badges.jsx
FN:4,Badges
FN:8,(anonymous_1)
FNF:2
FNH:0
FNDA:0,Badges
FNDA:0,(anonymous_1)
DA:5,0
DA:6,0
DA:9,0
LF:3
LH:0
BRDA:5,0,0,0
BRDA:5,0,1,0
BRDA:9,1,0,0
BRDA:9,1,1,0
BRDA:9,2,0,0
BRDA:9,2,1,0
BRDA:10,3,0,0
BRDA:10,3,1,0
BRF:8
BRH:0
end_of_record
TN:
SF:src/components/Banner/Banner.jsx
FN:7,Banner
FN:12,(anonymous_1)
FN:21,(anonymous_2)
FN:40,(anonymous_3)
FNF:4
FNH:0
FNDA:0,Banner
FNDA:0,(anonymous_1)
FNDA:0,(anonymous_2)
FNDA:0,(anonymous_3)
DA:8,0
DA:9,0
DA:10,0
DA:12,0
DA:13,0
DA:14,0
DA:15,0
DA:16,0
DA:17,0
DA:21,0
DA:23,0
DA:24,0
DA:27,0
DA:30,0
DA:31,0
DA:36,0
DA:37,0
DA:41,0
DA:42,0
DA:50,0
LF:20
LH:0
BRDA:13,0,0,0
BRDA:13,0,1,0
BRDA:13,1,0,0
BRDA:13,1,1,0
BRDA:15,2,0,0
BRDA:15,2,1,0
BRDA:23,3,0,0
BRDA:23,3,1,0
BRDA:27,4,0,0
BRDA:27,4,1,0
BRDA:27,5,0,0
BRDA:27,5,1,0
BRDA:36,6,0,0
BRDA:36,6,1,0
BRDA:36,7,0,0
BRDA:36,7,1,0
BRDA:38,8,0,0
BRDA:38,8,1,0
BRF:18
BRH:0
end_of_record
TN:
SF:src/components/CalendarComponents/Calendar/Calendar.jsx
FN:9,Calendar
FN:16,(anonymous_1)
FN:20,(anonymous_2)
FN:60,(anonymous_3)
FNF:4
FNH:0
FNDA:0,Calendar
FNDA:0,(anonymous_1)
FNDA:0,(anonymous_2)
FNDA:0,(anonymous_3)
DA:10,0
DA:11,0
DA:12,0
DA:13,0
DA:16,0
DA:17,0
DA:20,0
DA:21,0
DA:22,0
DA:24,0
DA:28,0
DA:31,0
DA:32,0
DA:34,0
DA:61,0
LF:15
LH:0
BRDA:9,0,0,0
BRDA:9,1,0,0
BRDA:10,2,0,0
BRDA:10,2,1,0
BRDA:21,3,0,0
BRDA:21,3,1,0
BRDA:35,4,0,0
BRDA:35,4,1,0
BRDA:36,5,0,0
BRDA:36,5,1,0
BRDA:37,6,0,0
BRDA:37,6,1,0
BRDA:37,7,0,0
BRDA:37,7,1,0
BRDA:38,8,0,0
BRDA:38,8,1,0
BRDA:38,9,0,0
BRDA:38,9,1,0
BRDA:39,10,0,0
BRDA:39,10,1,0
BRDA:40,11,0,0
BRDA:40,11,1,0
BRDA:41,12,0,0
BRDA:41,12,1,0
BRDA:42,13,0,0
BRDA:42,13,1,0
BRDA:43,14,0,0
BRDA:43,14,1,0
BRDA:44,15,0,0
BRDA:44,15,1,0
BRDA:44,16,0,0
BRDA:44,16,1,0
BRDA:47,17,0,0
BRDA:47,17,1,0
BRDA:48,18,0,0
BRDA:48,18,1,0
BRDA:64,19,0,0
BRDA:64,19,1,0
BRDA:64,20,0,0
BRDA:64,20,1,0
BRDA:64,21,0,0
BRDA:64,21,1,0
BRDA:65,22,0,0
BRDA:65,22,1,0
BRDA:65,23,0,0
BRDA:65,23,1,0
BRF:46
BRH:0
end_of_record
TN:
SF:src/components/CalendarComponents/DayColumn/DayColumn.jsx
FN:5,DayColumn
FN:17,(anonymous_1)
FN:21,(anonymous_2)
FN:30,(anonymous_3)
FN:39,(anonymous_4)
FN:71,stringifyTime
FN:77,minutesToTime
FN:86,calculateTime
FN:98,getColorForEvent
FN:156,Grid
FN:170,(anonymous_10)
FN:171,(anonymous_11)
FN:209,(anonymous_12)
FN:271,(anonymous_13)
FN:295,(anonymous_14)
FNF:15
FNH:0
FNDA:0,DayColumn
FNDA:0,(anonymous_1)
FNDA:0,(anonymous_2)
FNDA:0,(anonymous_3)
FNDA:0,(anonymous_4)
FNDA:0,stringifyTime
FNDA:0,minutesToTime
FNDA:0,calculateTime
FNDA:0,getColorForEvent
FNDA:0,Grid
FNDA:0,(anonymous_10)
FNDA:0,(anonymous_11)
FNDA:0,(anonymous_12)
FNDA:0,(anonymous_13)
FNDA:0,(anonymous_14)
DA:6,0
DA:7,0
DA:8,0
DA:9,0
DA:11,0
DA:13,0
DA:15,0
DA:17,0
DA:18,0
DA:21,0
DA:22,0
DA:23,0
DA:25,0
DA:26,0
DA:27,0
DA:30,0
DA:31,0
DA:32,0
DA:34,0
DA:35,0
DA:39,0
DA:40,0
DA:41,0
DA:43,0
DA:45,0
DA:51,0
DA:52,0
DA:53,0
DA:54,0
DA:55,0
DA:56,0
DA:61,0
DA:62,0
DA:63,0
DA:68,0
DA:72,0
DA:73,0
DA:74,0
DA:78,0
DA:79,0
DA:80,0
DA:81,0
DA:83,0
DA:88,0
DA:89,0
DA:90,0
DA:93,0
DA:99,0
DA:100,0
DA:102,0
DA:103,0
DA:104,0
DA:153,0
DA:154,0
DA:157,0
DA:158,0
DA:159,0
DA:160,0
DA:161,0
DA:162,0
DA:164,0
DA:165,0
DA:166,0
DA:170,0
DA:171,0
DA:176,0
DA:177,0
DA:178,0
DA:189,0
DA:197,0
DA:198,0
DA:205,0
DA:210,0
DA:211,0
DA:212,0
DA:214,0
DA:216,0
DA:217,0
DA:219,0
DA:222,0
DA:223,0
DA:225,0
DA:228,0
DA:229,0
DA:232,0
DA:233,0
DA:234,0
DA:236,0
DA:250,0
DA:251,0
DA:253,0
DA:272,0
DA:273,0
DA:276,0
DA:277,0
DA:279,0
DA:295,0
LF:97
LH:0
BRDA:15,0,0,0
BRDA:15,0,1,0
BRDA:22,1,0,0
BRDA:22,1,1,0
BRDA:31,2,0,0
BRDA:31,2,1,0
BRDA:34,3,0,0
BRDA:34,3,1,0
BRDA:40,4,0,0
BRDA:40,4,1,0
BRDA:51,5,0,0
BRDA:51,5,1,0
BRDA:62,6,0,0
BRDA:62,6,1,0
BRDA:62,7,0,0
BRDA:62,7,1,0
BRDA:73,8,0,0
BRDA:73,8,1,0
BRDA:80,9,0,0
BRDA:80,9,1,0
BRDA:90,10,0,0
BRDA:90,10,1,0
BRDA:99,11,0,0
BRDA:99,11,1,0
BRDA:161,12,0,0
BRDA:161,12,1,0
BRDA:168,13,0,0
BRDA:168,13,1,0
BRDA:168,14,0,0
BRDA:168,14,1,0
BRDA:168,15,0,0
BRDA:168,15,1,0
BRDA:168,16,0,0
BRDA:168,16,1,0
BRDA:177,17,0,0
BRDA:177,17,1,0
BRDA:177,18,0,0
BRDA:177,18,1,0
BRDA:177,18,2,0
BRDA:197,19,0,0
BRDA:197,19,1,0
BRDA:206,20,0,0
BRDA:206,20,1,0
BRDA:206,21,0,0
BRDA:206,21,1,0
BRDA:206,22,0,0
BRDA:206,22,1,0
BRDA:216,23,0,0
BRDA:216,23,1,0
BRDA:222,24,0,0
BRDA:222,24,1,0
BRDA:228,25,0,0
BRDA:228,25,1,0
BRDA:232,26,0,0
BRDA:232,26,1,0
BRDA:233,27,0,0
BRDA:233,27,1,0
BRDA:238,28,0,0
BRDA:238,28,1,0
BRDA:250,29,0,0
BRDA:250,29,1,0
BRDA:256,30,0,0
BRDA:256,30,1,0
BRDA:265,31,0,0
BRDA:265,31,1,0
BRDA:270,32,0,0
BRDA:270,32,1,0
BRDA:276,33,0,0
BRDA:276,33,1,0
BRDA:292,34,0,0
BRDA:292,34,1,0
BRF:71
BRH:0
end_of_record
TN:
SF:src/components/CalendarComponents/MobileCalendar/MobileCalendar.jsx
FN:18,MobileCalendar
FN:37,(anonymous_1)
FN:56,(anonymous_2)
FN:62,(anonymous_3)
FN:67,(anonymous_4)
FN:71,(anonymous_5)
FN:102,(anonymous_6)
FN:117,(anonymous_7)
FN:121,(anonymous_8)
FNF:9
FNH:0
FNDA:0,MobileCalendar
FNDA:0,(anonymous_1)
FNDA:0,(anonymous_2)
FNDA:0,(anonymous_3)
FNDA:0,(anonymous_4)
FNDA:0,(anonymous_5)
FNDA:0,(anonymous_6)
FNDA:0,(anonymous_7)
FNDA:0,(anonymous_8)
DA:19,0
DA:20,0
DA:27,0
DA:28,0
DA:29,0
DA:31,0
DA:32,0
DA:34,0
DA:35,0
DA:37,0
DA:38,0
DA:39,0
DA:41,0
DA:43,0
DA:44,0
DA:48,0
DA:56,0
DA:57,0
DA:62,0
DA:67,0
DA:68,0
DA:71,0
DA:73,0
DA:75,0
DA:77,0
DA:78,0
DA:80,0
DA:82,0
DA:83,0
DA:86,0
DA:90,0
DA:102,0
DA:117,0
DA:122,0
LF:34
LH:0
BRDA:35,0,0,0
BRDA:35,0,1,0
BRDA:38,1,0,0
BRDA:38,1,1,0
BRDA:43,2,0,0
BRDA:43,2,1,0
BRDA:64,3,0,0
BRDA:64,3,1,0
BRDA:68,4,0,0
BRDA:68,4,1,0
BRDA:73,5,0,0
BRDA:73,5,1,0
BRDA:75,6,0,0
BRDA:75,6,1,0
BRDA:77,7,0,0
BRDA:77,7,1,0
BRDA:80,8,0,0
BRDA:80,8,1,0
BRDA:93,9,0,0
BRDA:93,9,1,0
BRDA:114,10,0,0
BRDA:114,10,1,0
BRDA:124,11,0,0
BRDA:124,11,1,0
BRDA:127,12,0,0
BRDA:127,12,1,0
BRDA:127,13,0,0
BRDA:127,13,1,0
BRDA:127,14,0,0
BRDA:127,14,1,0
BRDA:127,15,0,0
BRDA:127,15,1,0
BRF:32
BRH:0
end_of_record
TN:
SF:src/components/CalendarComponents/TimeLabelColumn/TimeLabelColumn.jsx
FN:3,TimeLabelColumn
FNF:1
FNH:0
FNDA:0,TimeLabelColumn
DA:4,0
LF:1
LH:0
BRF:0
BRH:0
end_of_record
TN:
SF:src/components/Classroom/Classroom.jsx
FN:36,Classroom
FN:57,(anonymous_1)
FN:66,(anonymous_2)
FN:82,(anonymous_3)
FN:86,(anonymous_4)
FN:91,(anonymous_5)
FN:94,(anonymous_6)
FN:100,(anonymous_7)
FN:107,(anonymous_8)
FN:111,(anonymous_9)
FN:112,(anonymous_10)
FN:118,(anonymous_11)
FN:127,(anonymous_12)
FN:135,(anonymous_13)
FN:139,(anonymous_14)
FN:145,(anonymous_15)
FN:160,(anonymous_16)
FN:166,(anonymous_17)
FN:172,(anonymous_18)
FN:185,(anonymous_19)
FN:193,(anonymous_20)
FN:194,(anonymous_21)
FN:195,(anonymous_22)
FN:196,(anonymous_23)
FN:210,(anonymous_24)
FN:218,(anonymous_25)
FN:267,(anonymous_26)
FN:275,(anonymous_27)
FN:359,(anonymous_28)
FN:367,(anonymous_29)
FN:413,(anonymous_30)
FNF:31
FNH:0
FNDA:0,Classroom
FNDA:0,(anonymous_1)
FNDA:0,(anonymous_2)
FNDA:0,(anonymous_3)
FNDA:0,(anonymous_4)
FNDA:0,(anonymous_5)
FNDA:0,(anonymous_6)
FNDA:0,(anonymous_7)
FNDA:0,(anonymous_8)
FNDA:0,(anonymous_9)
FNDA:0,(anonymous_10)
FNDA:0,(anonymous_11)
FNDA:0,(anonymous_12)
FNDA:0,(anonymous_13)
FNDA:0,(anonymous_14)
FNDA:0,(anonymous_15)
FNDA:0,(anonymous_16)
FNDA:0,(anonymous_17)
FNDA:0,(anonymous_18)
FNDA:0,(anonymous_19)
FNDA:0,(anonymous_20)
FNDA:0,(anonymous_21)
FNDA:0,(anonymous_22)
FNDA:0,(anonymous_23)
FNDA:0,(anonymous_24)
FNDA:0,(anonymous_25)
FNDA:0,(anonymous_26)
FNDA:0,(anonymous_27)
FNDA:0,(anonymous_28)
FNDA:0,(anonymous_29)
FNDA:0,(anonymous_30)
DA:37,0
DA:38,0
DA:39,0
DA:40,0
DA:41,0
DA:42,0
DA:43,0
DA:45,0
DA:47,0
DA:49,0
DA:51,0
DA:52,0
DA:54,0
DA:57,0
DA:58,0
DA:59,0
DA:60,0
DA:61,0
DA:62,0
DA:64,0
DA:65,0
DA:66,0
DA:67,0
DA:68,0
DA:71,0
DA:73,0
DA:74,0
DA:82,0
DA:83,0
DA:86,0
DA:87,0
DA:88,0
DA:90,0
DA:92,0
DA:95,0
DA:100,0
DA:101,0
DA:102,0
DA:104,0
DA:107,0
DA:108,0
DA:109,0
DA:111,0
DA:112,0
DA:118,0
DA:119,0
DA:121,0
DA:122,0
DA:126,0
DA:127,0
DA:129,0
DA:130,0
DA:135,0
DA:136,0
DA:139,0
DA:140,0
DA:143,0
DA:145,0
DA:146,0
DA:149,0
DA:150,0
DA:153,0
DA:154,0
DA:160,0
DA:161,0
DA:162,0
DA:166,0
DA:167,0
DA:172,0
DA:174,0
DA:175,0
DA:177,0
DA:178,0
DA:181,0
DA:185,0
DA:186,0
DA:187,0
DA:190,0
DA:191,0
DA:193,0
DA:194,0
DA:195,0
DA:196,0
DA:198,0
DA:199,0
DA:202,0
DA:203,0
DA:206,0
DA:207,0
DA:210,0
DA:211,0
DA:213,0
DA:214,0
DA:218,0
DA:219,0
DA:220,0
DA:225,0
DA:228,0
DA:229,0
DA:234,0
DA:237,0
DA:238,0
DA:240,0
DA:242,0
DA:244,0
DA:250,0
DA:251,0
DA:252,0
DA:258,0
DA:267,0
DA:268,0
DA:269,0
DA:272,0
DA:273,0
DA:275,0
DA:276,0
DA:277,0
DA:278,0
DA:281,0
DA:283,0
DA:284,0
DA:287,0
DA:293,0
DA:294,0
DA:304,0
DA:360,0
DA:367,0
DA:413,0
LF:128
LH:0
BRDA:60,0,0,0
BRDA:60,0,1,0
BRDA:60,1,0,0
BRDA:60,1,1,0
BRDA:60,1,2,0
BRDA:67,2,0,0
BRDA:67,2,1,0
BRDA:67,3,0,0
BRDA:67,3,1,0
BRDA:87,4,0,0
BRDA:87,4,1,0
BRDA:101,5,0,0
BRDA:101,5,1,0
BRDA:101,6,0,0
BRDA:101,6,1,0
BRDA:108,7,0,0
BRDA:108,7,1,0
BRDA:111,8,0,0
BRDA:111,8,1,0
BRDA:119,9,0,0
BRDA:119,9,1,0
BRDA:119,10,0,0
BRDA:119,10,1,0
BRDA:126,11,0,0
BRDA:126,11,1,0
BRDA:129,12,0,0
BRDA:129,12,1,0
BRDA:161,13,0,0
BRDA:161,13,1,0
BRDA:174,14,0,0
BRDA:174,14,1,0
BRDA:174,15,0,0
BRDA:174,15,1,0
BRDA:177,16,0,0
BRDA:177,16,1,0
BRDA:186,17,0,0
BRDA:186,17,1,0
BRDA:187,18,0,0
BRDA:187,18,1,0
BRDA:198,19,0,0
BRDA:198,19,1,0
BRDA:202,20,0,0
BRDA:202,20,1,0
BRDA:202,21,0,0
BRDA:202,21,1,0
BRDA:206,22,0,0
BRDA:206,22,1,0
BRDA:213,23,0,0
BRDA:213,23,1,0
BRDA:219,24,0,0
BRDA:219,24,1,0
BRDA:219,25,0,0
BRDA:219,25,1,0
BRDA:228,26,0,0
BRDA:228,26,1,0
BRDA:251,27,0,0
BRDA:251,27,1,0
BRDA:268,28,0,0
BRDA:268,28,1,0
BRDA:268,29,0,0
BRDA:268,29,1,0
BRDA:283,30,0,0
BRDA:283,30,1,0
BRDA:305,31,0,0
BRDA:305,31,1,0
BRDA:305,32,0,0
BRDA:305,32,1,0
BRDA:307,33,0,0
BRDA:307,33,1,0
BRDA:312,34,0,0
BRDA:312,34,1,0
BRDA:313,35,0,0
BRDA:313,35,1,0
BRDA:318,36,0,0
BRDA:318,36,1,0
BRDA:319,37,0,0
BRDA:319,37,1,0
BRDA:320,38,0,0
BRDA:320,38,1,0
BRDA:323,39,0,0
BRDA:323,39,1,0
BRDA:324,40,0,0
BRDA:324,40,1,0
BRDA:332,41,0,0
BRDA:332,41,1,0
BRDA:349,42,0,0
BRDA:349,42,1,0
BRDA:351,43,0,0
BRDA:351,43,1,0
BRDA:351,43,2,0
BRDA:359,44,0,0
BRDA:359,44,1,0
BRDA:362,45,0,0
BRDA:362,45,1,0
BRDA:367,46,0,0
BRDA:367,46,1,0
BRDA:367,47,0,0
BRDA:367,47,1,0
BRDA:369,48,0,0
BRDA:369,48,1,0
BRDA:371,49,0,0
BRDA:371,49,1,0
BRDA:371,50,0,0
BRDA:371,50,1,0
BRDA:371,50,2,0
BRDA:371,50,3,0
BRDA:386,51,0,0
BRDA:386,51,1,0
BRDA:390,52,0,0
BRDA:390,52,1,0
BRDA:390,52,2,0
BRDA:400,53,0,0
BRDA:400,53,1,0
BRDA:400,54,0,0
BRDA:400,54,1,0
BRDA:400,55,0,0
BRDA:400,55,1,0
BRDA:400,56,0,0
BRDA:400,56,1,0
BRDA:402,57,0,0
BRDA:402,57,1,0
BRDA:407,58,0,0
BRDA:407,58,1,0
BRDA:409,59,0,0
BRDA:409,59,1,0
BRDA:409,59,2,0
BRDA:409,59,3,0
BRDA:413,60,0,0
BRDA:413,60,1,0
BRDA:415,61,0,0
BRDA:415,61,1,0
BRDA:415,62,0,0
BRDA:415,62,1,0
BRDA:418,63,0,0
BRDA:418,63,1,0
BRF:135
BRH:0
end_of_record
TN:
SF:src/components/Classroom/AllRatings/AllRatings.jsx
FN:8,AllRatings
FN:21,(anonymous_1)
FNF:2
FNH:0
FNDA:0,AllRatings
FNDA:0,(anonymous_1)
DA:9,0
DA:10,0
DA:11,0
DA:16,0
DA:22,0
LF:5
LH:0
BRDA:10,0,0,0
BRDA:10,0,1,0
BRDA:21,1,0,0
BRDA:21,1,1,0
BRF:4
BRH:0
end_of_record
TN:
SF:src/components/Classroom/AllRatings/RatingGraph/RatingGraph.jsx
FN:5,RatingGraph
FN:20,(anonymous_1)
FN:21,(anonymous_2)
FNF:3
FNH:0
FNDA:0,RatingGraph
FNDA:0,(anonymous_1)
FNDA:0,(anonymous_2)
DA:6,0
DA:7,0
DA:9,0
DA:21,0
DA:22,0
LF:5
LH:0
BRDA:6,0,0,0
BRDA:6,0,1,0
BRF:2
BRH:0
end_of_record
TN:
SF:src/components/Classroom/CheckedIn/CheckedIn.jsx
FN:6,CheckedIn
FN:8,(anonymous_1)
FN:13,(anonymous_2)
FN:19,(anonymous_3)
FN:29,(anonymous_4)
FN:37,(anonymous_5)
FNF:6
FNH:0
FNDA:0,CheckedIn
FNDA:0,(anonymous_1)
FNDA:0,(anonymous_2)
FNDA:0,(anonymous_3)
FNDA:0,(anonymous_4)
FNDA:0,(anonymous_5)
DA:7,0
DA:8,0
DA:10,0
DA:13,0
DA:14,0
DA:15,0
DA:16,0
DA:19,0
DA:20,0
DA:23,0
DA:30,0
DA:37,0
LF:12
LH:0
BRDA:25,0,0,0
BRDA:25,0,1,0
BRDA:26,1,0,0
BRDA:26,1,1,0
BRDA:26,2,0,0
BRDA:26,2,1,0
BRDA:26,3,0,0
BRDA:26,3,1,0
BRDA:33,4,0,0
BRDA:33,4,1,0
BRDA:33,5,0,0
BRDA:33,5,1,0
BRDA:33,6,0,0
BRDA:33,6,1,0
BRDA:34,7,0,0
BRDA:34,7,1,0
BRDA:35,8,0,0
BRDA:35,8,1,0
BRF:18
BRH:0
end_of_record
TN:
SF:src/components/Classroom/EditAttributes/EditAttributes.jsx
FN:17,EditAttributes
FN:34,(anonymous_1)
FN:46,(anonymous_2)
FN:50,(anonymous_3)
FN:54,(anonymous_4)
FN:70,(anonymous_5)
FN:78,(anonymous_6)
FN:79,(anonymous_7)
FN:86,(anonymous_8)
FN:87,(anonymous_9)
FN:98,(anonymous_10)
FN:105,(anonymous_11)
FNF:12
FNH:0
FNDA:0,EditAttributes
FNDA:0,(anonymous_1)
FNDA:0,(anonymous_2)
FNDA:0,(anonymous_3)
FNDA:0,(anonymous_4)
FNDA:0,(anonymous_5)
FNDA:0,(anonymous_6)
FNDA:0,(anonymous_7)
FNDA:0,(anonymous_8)
FNDA:0,(anonymous_9)
FNDA:0,(anonymous_10)
FNDA:0,(anonymous_11)
DA:19,0
DA:20,0
DA:21,0
DA:23,0
DA:29,0
DA:30,0
DA:31,0
DA:32,0
DA:34,0
DA:35,0
DA:36,0
DA:38,0
DA:39,0
DA:40,0
DA:41,0
DA:46,0
DA:47,0
DA:50,0
DA:51,0
DA:54,0
DA:55,0
DA:56,0
DA:57,0
DA:58,0
DA:61,0
DA:62,0
DA:64,0
DA:65,0
DA:70,0
DA:71,0
DA:74,0
DA:76,0
DA:78,0
DA:80,0
DA:87,0
DA:88,0
DA:89,0
DA:98,0
DA:105,0
LF:39
LH:0
BRDA:35,0,0,0
BRDA:35,0,1,0
BRDA:35,1,0,0
BRDA:35,1,1,0
BRDA:57,2,0,0
BRDA:57,2,1,0
BRDA:79,3,0,0
BRDA:79,3,1,0
BRDA:83,4,0,0
BRDA:83,4,1,0
BRDA:86,5,0,0
BRDA:86,5,1,0
BRDA:86,5,2,0
BRF:13
BRH:0
end_of_record
TN:
SF:src/components/Classroom/UserRating/UserRating.jsx
FN:9,UserRating
FN:14,(anonymous_1)
FN:27,(anonymous_2)
FNF:3
FNH:0
FNDA:0,UserRating
FNDA:0,(anonymous_1)
FNDA:0,(anonymous_2)
DA:10,0
DA:12,0
DA:14,0
DA:15,0
DA:16,0
DA:17,0
DA:19,0
DA:20,0
DA:22,0
DA:23,0
DA:27,0
DA:28,0
DA:29,0
DA:33,0
DA:34,0
DA:41,0
DA:42,0
DA:45,0
LF:18
LH:0
BRDA:15,0,0,0
BRDA:15,0,1,0
BRDA:19,1,0,0
BRDA:19,1,1,0
BRDA:22,2,0,0
BRDA:22,2,1,0
BRDA:22,3,0,0
BRDA:22,3,1,0
BRDA:28,4,0,0
BRDA:28,4,1,0
BRDA:33,5,0,0
BRDA:33,5,1,0
BRDA:41,6,0,0
BRDA:41,6,1,0
BRDA:46,7,0,0
BRDA:46,7,1,0
BRDA:49,8,0,0
BRDA:49,8,1,0
BRDA:49,9,0,0
BRDA:49,9,1,0
BRDA:53,10,0,0
BRDA:53,10,1,0
BRDA:57,11,0,0
BRDA:57,11,1,0
BRF:24
BRH:0
end_of_record
TN:
SF:src/components/CommentsSection.jsx/CommentsSection.jsx
FN:8,CommentsSection
FN:15,(anonymous_1)
FN:19,(anonymous_2)
FN:20,(anonymous_3)
FN:23,(anonymous_4)
FN:37,(anonymous_5)
FN:37,(anonymous_6)
FN:42,(anonymous_7)
FN:46,(anonymous_8)
FN:46,(anonymous_9)
FN:55,(anonymous_10)
FN:55,(anonymous_11)
FN:64,(anonymous_12)
FN:66,(anonymous_13)
FN:82,(anonymous_14)
FN:115,(anonymous_15)
FN:116,(anonymous_16)
FN:134,(anonymous_17)
FN:143,(anonymous_18)
FNF:19
FNH:0
FNDA:0,CommentsSection
FNDA:0,(anonymous_1)
FNDA:0,(anonymous_2)
FNDA:0,(anonymous_3)
FNDA:0,(anonymous_4)
FNDA:0,(anonymous_5)
FNDA:0,(anonymous_6)
FNDA:0,(anonymous_7)
FNDA:0,(anonymous_8)
FNDA:0,(anonymous_9)
FNDA:0,(anonymous_10)
FNDA:0,(anonymous_11)
FNDA:0,(anonymous_12)
FNDA:0,(anonymous_13)
FNDA:0,(anonymous_14)
FNDA:0,(anonymous_15)
FNDA:0,(anonymous_16)
FNDA:0,(anonymous_17)
FNDA:0,(anonymous_18)
DA:9,0
DA:10,0
DA:11,0
DA:12,0
DA:13,0
DA:15,0
DA:16,0
DA:19,0
DA:20,0
DA:23,0
DA:24,0
DA:27,0
DA:29,0
DA:30,0
DA:35,0
DA:37,0
DA:39,0
DA:40,0
DA:42,0
DA:43,0
DA:46,0
DA:47,0
DA:55,0
DA:56,0
DA:64,0
DA:66,0
DA:67,0
DA:68,0
DA:69,0
DA:71,0
DA:77,0
DA:78,0
DA:82,0
DA:83,0
DA:84,0
DA:85,0
DA:87,0
DA:93,0
DA:100,0
DA:103,0
DA:109,0
DA:115,0
DA:117,0
DA:118,0
DA:119,0
DA:135,0
DA:144,0
LF:47
LH:0
BRDA:24,0,0,0
BRDA:24,0,1,0
BRDA:35,1,0,0
BRDA:35,1,1,0
BRDA:67,2,0,0
BRDA:67,2,1,0
BRDA:68,3,0,0
BRDA:68,3,1,0
BRDA:77,4,0,0
BRDA:77,4,1,0
BRDA:83,5,0,0
BRDA:83,5,1,0
BRDA:83,6,0,0
BRDA:83,6,1,0
BRDA:84,7,0,0
BRDA:84,7,1,0
BRDA:117,8,0,0
BRDA:117,8,1,0
BRDA:117,9,0,0
BRDA:117,9,1,0
BRDA:135,10,0,0
BRDA:135,10,1,0
BRF:22
BRH:0
end_of_record
TN:
SF:src/components/CommentsSection.jsx/Comment/Comment.jsx
FN:12,CommentDate
FN:28,Comment
FN:35,(anonymous_2)
FN:118,(anonymous_3)
FN:127,(anonymous_4)
FN:132,(anonymous_5)
FNF:6
FNH:0
FNDA:0,CommentDate
FNDA:0,Comment
FNDA:0,(anonymous_2)
FNDA:0,(anonymous_3)
FNDA:0,(anonymous_4)
FNDA:0,(anonymous_5)
DA:10,0
DA:13,0
DA:14,0
DA:16,0
DA:18,0
DA:19,0
DA:20,0
DA:22,0
DA:25,0
DA:29,0
DA:30,0
DA:31,0
DA:32,0
DA:35,0
DA:36,0
DA:38,0
DA:39,0
DA:45,0
DA:51,0
DA:52,0
DA:53,0
DA:55,0
DA:56,0
DA:57,0
DA:59,0
DA:66,0
DA:67,0
DA:75,0
DA:118,0
DA:127,0
DA:132,0
LF:31
LH:0
BRDA:19,0,0,0
BRDA:19,0,1,0
BRDA:28,1,0,0
BRDA:28,2,0,0
BRDA:36,3,0,0
BRDA:36,3,1,0
BRDA:51,4,0,0
BRDA:51,4,1,0
BRDA:76,5,0,0
BRDA:76,5,1,0
BRDA:76,6,0,0
BRDA:76,6,1,0
BRDA:79,7,0,0
BRDA:79,7,1,0
BRDA:84,8,0,0
BRDA:84,8,1,0
BRDA:93,9,0,0
BRDA:93,9,1,0
BRDA:98,10,0,0
BRDA:98,10,1,0
BRDA:98,10,2,0
BRDA:109,11,0,0
BRDA:109,11,1,0
BRDA:123,12,0,0
BRDA:123,12,1,0
BRF:25
BRH:0
end_of_record
TN:
SF:src/components/CreateButton/CreateButton.jsx
FN:8,CreateButton
FNF:1
FNH:0
FNDA:0,CreateButton
DA:9,0
LF:1
LH:0
BRDA:8,0,0,0
BRDA:8,1,0,0
BRDA:10,2,0,0
BRDA:10,2,1,0
BRDA:16,3,0,0
BRDA:16,3,1,0
BRF:6
BRH:0
end_of_record
TN:
SF:src/components/CreateEvent/CustomFormFill/CustomFormFill.jsx
FN:40,(anonymous_0)
FNF:1
FNH:0
FNDA:0,(anonymous_0)
DA:7,0
DA:40,0
DA:41,0
DA:42,0
LF:4
LH:0
BRDA:43,0,0,0
BRDA:43,0,1,0
BRDA:47,1,0,0
BRDA:47,1,1,0
BRF:4
BRH:0
end_of_record
TN:
SF:src/components/CreateEvent/GenInfo/GenInfo.jsx
FN:8,GenInfo
FN:25,(anonymous_1)
FN:29,(anonymous_2)
FN:46,(anonymous_3)
FN:76,(anonymous_4)
FN:80,(anonymous_5)
FN:86,(anonymous_6)
FN:120,(anonymous_7)
FN:125,(anonymous_8)
FN:147,(anonymous_9)
FN:161,(anonymous_10)
FNF:11
FNH:0
FNDA:0,GenInfo
FNDA:0,(anonymous_1)
FNDA:0,(anonymous_2)
FNDA:0,(anonymous_3)
FNDA:0,(anonymous_4)
FNDA:0,(anonymous_5)
FNDA:0,(anonymous_6)
FNDA:0,(anonymous_7)
FNDA:0,(anonymous_8)
FNDA:0,(anonymous_9)
FNDA:0,(anonymous_10)
DA:9,0
DA:10,0
DA:11,0
DA:12,0
DA:13,0
DA:14,0
DA:15,0
DA:18,0
DA:19,0
DA:20,0
DA:21,0
DA:23,0
DA:25,0
DA:26,0
DA:27,0
DA:29,0
DA:46,0
DA:47,0
DA:48,0
DA:50,0
DA:51,0
DA:53,0
DA:54,0
DA:56,0
DA:57,0
DA:59,0
DA:60,0
DA:61,0
DA:63,0
DA:64,0
DA:66,0
DA:67,0
DA:69,0
DA:70,0
DA:72,0
DA:76,0
DA:77,0
DA:79,0
DA:80,0
DA:81,0
DA:83,0
DA:86,0
DA:87,0
DA:88,0
DA:91,0
DA:120,0
DA:125,0
DA:147,0
DA:161,0
LF:49
LH:0
BRDA:26,0,0,0
BRDA:26,0,1,0
BRDA:26,1,0,0
BRDA:26,1,1,0
BRDA:26,1,2,0
BRDA:26,1,3,0
BRDA:26,1,4,0
BRDA:40,2,0,0
BRDA:40,2,1,0
BRDA:41,3,0,0
BRDA:41,3,1,0
BRDA:48,4,0,0
BRDA:48,4,1,0
BRDA:48,4,2,0
BRDA:48,4,3,0
BRDA:48,4,4,0
BRDA:48,4,5,0
BRDA:48,4,6,0
BRDA:48,4,7,0
BRDA:92,5,0,0
BRDA:92,5,1,0
BRDA:120,6,0,0
BRDA:120,6,1,0
BRDA:125,7,0,0
BRDA:125,7,1,0
BRDA:154,8,0,0
BRDA:154,8,1,0
BRDA:194,9,0,0
BRDA:194,9,1,0
BRF:29
BRH:0
end_of_record
TN:
SF:src/components/CreateEvent/Review/Review.jsx
FN:9,Review
FN:24,(anonymous_1)
FN:56,(anonymous_2)
FN:62,(anonymous_3)
FN:69,(anonymous_4)
FN:96,(anonymous_5)
FN:167,(anonymous_6)
FNF:7
FNH:0
FNDA:0,Review
FNDA:0,(anonymous_1)
FNDA:0,(anonymous_2)
FNDA:0,(anonymous_3)
FNDA:0,(anonymous_4)
FNDA:0,(anonymous_5)
FNDA:0,(anonymous_6)
DA:11,0
DA:13,0
DA:14,0
DA:15,0
DA:16,0
DA:19,0
DA:20,0
DA:22,0
DA:24,0
DA:25,0
DA:26,0
DA:27,0
DA:29,0
DA:30,0
DA:31,0
DA:33,0
DA:35,0
DA:36,0
DA:37,0
DA:39,0
DA:41,0
DA:42,0
DA:43,0
DA:45,0
DA:47,0
DA:48,0
DA:49,0
DA:50,0
DA:52,0
DA:56,0
DA:57,0
DA:58,0
DA:60,0
DA:62,0
DA:69,0
DA:70,0
DA:71,0
DA:73,0
DA:75,0
DA:78,0
DA:96,0
LF:41
LH:0
BRDA:27,0,0,0
BRDA:27,0,1,0
BRDA:27,0,2,0
BRDA:27,0,3,0
BRDA:27,0,4,0
BRDA:30,1,0,0
BRDA:30,1,1,0
BRDA:36,2,0,0
BRDA:36,2,1,0
BRDA:42,3,0,0
BRDA:42,3,1,0
BRDA:57,4,0,0
BRDA:57,4,1,0
BRDA:57,5,0,0
BRDA:57,5,1,0
BRDA:57,5,2,0
BRDA:57,5,3,0
BRDA:64,6,0,0
BRDA:64,6,1,0
BRDA:64,7,0,0
BRDA:64,7,1,0
BRDA:64,8,0,0
BRDA:64,8,1,0
BRDA:70,9,0,0
BRDA:70,9,1,0
BRDA:70,10,0,0
BRDA:70,10,1,0
BRDA:79,11,0,0
BRDA:79,11,1,0
BRDA:83,12,0,0
BRDA:83,12,1,0
BRDA:83,13,0,0
BRDA:83,13,1,0
BRDA:83,13,2,0
BRDA:139,14,0,0
BRDA:139,14,1,0
BRDA:145,15,0,0
BRDA:145,15,1,0
BRDA:147,16,0,0
BRDA:147,16,1,0
BRDA:153,17,0,0
BRDA:153,17,1,0
BRDA:166,18,0,0
BRDA:166,18,1,0
BRDA:167,19,0,0
BRDA:167,19,1,0
BRDA:167,20,0,0
BRDA:167,20,1,0
BRDA:169,21,0,0
BRDA:169,21,1,0
BRDA:169,22,0,0
BRDA:169,22,1,0
BRDA:169,22,2,0
BRDA:169,22,3,0
BRF:54
BRH:0
end_of_record
TN:
SF:src/components/CreateEvent/WhenWhere/WhenWhere.jsx
FN:12,WhenWhere
FN:27,(anonymous_1)
FN:28,(anonymous_2)
FN:30,(anonymous_3)
FN:47,(anonymous_4)
FN:51,(anonymous_5)
FN:59,(anonymous_6)
FN:61,(anonymous_7)
FN:73,(anonymous_8)
FN:76,(anonymous_9)
FN:89,(anonymous_10)
FN:108,(anonymous_11)
FN:110,(anonymous_12)
FN:116,(anonymous_13)
FN:131,(anonymous_14)
FN:136,(anonymous_15)
FN:145,(anonymous_16)
FNF:17
FNH:0
FNDA:0,WhenWhere
FNDA:0,(anonymous_1)
FNDA:0,(anonymous_2)
FNDA:0,(anonymous_3)
FNDA:0,(anonymous_4)
FNDA:0,(anonymous_5)
FNDA:0,(anonymous_6)
FNDA:0,(anonymous_7)
FNDA:0,(anonymous_8)
FNDA:0,(anonymous_9)
FNDA:0,(anonymous_10)
FNDA:0,(anonymous_11)
FNDA:0,(anonymous_12)
FNDA:0,(anonymous_13)
FNDA:0,(anonymous_14)
FNDA:0,(anonymous_15)
FNDA:0,(anonymous_16)
DA:13,0
DA:14,0
DA:15,0
DA:16,0
DA:17,0
DA:18,0
DA:19,0
DA:20,0
DA:21,0
DA:22,0
DA:23,0
DA:25,0
DA:27,0
DA:28,0
DA:30,0
DA:32,0
DA:33,0
DA:35,0
DA:37,0
DA:38,0
DA:39,0
DA:40,0
DA:41,0
DA:42,0
DA:43,0
DA:44,0
DA:47,0
DA:48,0
DA:51,0
DA:52,0
DA:53,0
DA:54,0
DA:55,0
DA:57,0
DA:58,0
DA:59,0
DA:60,0
DA:61,0
DA:69,0
DA:73,0
DA:74,0
DA:75,0
DA:76,0
DA:81,0
DA:86,0
DA:87,0
DA:89,0
DA:90,0
DA:92,0
DA:94,0
DA:95,0
DA:97,0
DA:98,0
DA:99,0
DA:100,0
DA:101,0
DA:102,0
DA:104,0
DA:108,0
DA:109,0
DA:110,0
DA:111,0
DA:114,0
DA:115,0
DA:116,0
DA:125,0
DA:132,0
DA:136,0
DA:145,0
LF:69
LH:0
BRDA:32,0,0,0
BRDA:32,0,1,0
BRDA:52,1,0,0
BRDA:52,1,1,0
BRDA:53,2,0,0
BRDA:53,2,1,0
BRDA:92,3,0,0
BRDA:92,3,1,0
BRDA:97,4,0,0
BRDA:97,4,1,0
BRDA:97,5,0,0
BRDA:97,5,1,0
BRDA:99,6,0,0
BRDA:99,6,1,0
BRDA:101,7,0,0
BRDA:101,7,1,0
BRDA:114,8,0,0
BRDA:114,8,1,0
BRDA:126,9,0,0
BRDA:126,9,1,0
BRDA:148,10,0,0
BRDA:148,10,1,0
BRF:22
BRH:0
end_of_record
TN:
SF:src/components/CreateEvent/WhenWhere/WhenWhereHelpers.js
FN:1,(anonymous_0)
FN:2,(anonymous_1)
FN:4,(anonymous_2)
FN:13,(anonymous_3)
FN:16,(anonymous_4)
FN:42,(anonymous_5)
FN:44,(anonymous_6)
FN:51,(anonymous_7)
FN:54,(anonymous_8)
FN:62,getCurrentWeek
FN:80,getNextWeek
FN:81,(anonymous_11)
FN:90,getPreviousWeek
FN:91,(anonymous_13)
FN:100,getDateTime
FNF:15
FNH:0
FNDA:0,(anonymous_0)
FNDA:0,(anonymous_1)
FNDA:0,(anonymous_2)
FNDA:0,(anonymous_3)
FNDA:0,(anonymous_4)
FNDA:0,(anonymous_5)
FNDA:0,(anonymous_6)
FNDA:0,(anonymous_7)
FNDA:0,(anonymous_8)
FNDA:0,getCurrentWeek
FNDA:0,getNextWeek
FNDA:0,(anonymous_11)
FNDA:0,getPreviousWeek
FNDA:0,(anonymous_13)
FNDA:0,getDateTime
DA:1,0
DA:2,0
DA:4,0
DA:5,0
DA:6,0
DA:10,0
DA:13,0
DA:16,0
DA:17,0
DA:18,0
DA:20,0
DA:21,0
DA:23,0
DA:26,0
DA:29,0
DA:32,0
DA:33,0
DA:37,0
DA:42,0
DA:44,0
DA:45,0
DA:46,0
DA:48,0
DA:51,0
DA:53,0
DA:54,0
DA:55,0
DA:63,0
DA:64,0
DA:65,0
DA:67,0
DA:69,0
DA:70,0
DA:71,0
DA:73,0
DA:74,0
DA:77,0
DA:81,0
DA:82,0
DA:83,0
DA:85,0
DA:86,0
DA:91,0
DA:92,0
DA:93,0
DA:95,0
DA:96,0
DA:102,0
DA:105,0
DA:106,0
DA:109,0
DA:111,0
LF:52
LH:0
BRDA:5,0,0,0
BRDA:5,0,1,0
BRDA:17,1,0,0
BRDA:17,1,1,0
BRDA:21,2,0,0
BRDA:21,2,1,0
BRDA:32,3,0,0
BRDA:32,3,1,0
BRDA:46,4,0,0
BRDA:46,4,1,0
BRF:10
BRH:0
end_of_record
TN:
SF:src/components/Dashboard/Dashboard.jsx
FN:16,Dashboard
FN:54,(anonymous_1)
FN:57,(anonymous_2)
FN:62,(anonymous_3)
FN:63,handleResize
FN:69,(anonymous_5)
FN:80,(anonymous_6)
FN:81,(anonymous_7)
FN:92,(anonymous_8)
FN:96,(anonymous_9)
FN:105,(anonymous_10)
FN:109,(anonymous_11)
FN:113,(anonymous_12)
FN:120,(anonymous_13)
FN:133,(anonymous_14)
FN:134,(anonymous_15)
FN:140,(anonymous_16)
FN:144,(anonymous_17)
FN:151,(anonymous_18)
FN:196,(anonymous_19)
FN:198,(anonymous_20)
FN:207,(anonymous_21)
FN:208,(anonymous_22)
FN:216,(anonymous_23)
FN:220,(anonymous_24)
FN:225,(anonymous_25)
FN:233,(anonymous_26)
FN:243,(anonymous_27)
FN:256,(anonymous_28)
FN:268,(anonymous_29)
FN:269,(anonymous_30)
FN:273,(anonymous_31)
FN:277,(anonymous_32)
FN:280,(anonymous_33)
FN:287,(anonymous_34)
FN:293,(anonymous_35)
FN:294,(anonymous_36)
FN:297,(anonymous_37)
FN:321,(anonymous_38)
FN:326,(anonymous_39)
FN:336,(anonymous_40)
FN:358,(anonymous_41)
FN:363,(anonymous_42)
FN:369,(anonymous_43)
FN:395,(anonymous_44)
FN:400,(anonymous_45)
FN:409,(anonymous_46)
FN:413,(anonymous_47)
FN:416,(anonymous_48)
FN:419,(anonymous_49)
FN:433,(anonymous_50)
FN:435,(anonymous_51)
FN:438,(anonymous_52)
FN:446,(anonymous_53)
FN:475,(anonymous_54)
FN:482,(anonymous_55)
FN:500,(anonymous_56)
FN:556,(anonymous_57)
FN:563,(anonymous_58)
FN:572,(anonymous_59)
FN:636,(anonymous_60)
FN:655,(anonymous_61)
FNF:62
FNH:0
FNDA:0,Dashboard
FNDA:0,(anonymous_1)
FNDA:0,(anonymous_2)
FNDA:0,(anonymous_3)
FNDA:0,handleResize
FNDA:0,(anonymous_5)
FNDA:0,(anonymous_6)
FNDA:0,(anonymous_7)
FNDA:0,(anonymous_8)
FNDA:0,(anonymous_9)
FNDA:0,(anonymous_10)
FNDA:0,(anonymous_11)
FNDA:0,(anonymous_12)
FNDA:0,(anonymous_13)
FNDA:0,(anonymous_14)
FNDA:0,(anonymous_15)
FNDA:0,(anonymous_16)
FNDA:0,(anonymous_17)
FNDA:0,(anonymous_18)
FNDA:0,(anonymous_19)
FNDA:0,(anonymous_20)
FNDA:0,(anonymous_21)
FNDA:0,(anonymous_22)
FNDA:0,(anonymous_23)
FNDA:0,(anonymous_24)
FNDA:0,(anonymous_25)
FNDA:0,(anonymous_26)
FNDA:0,(anonymous_27)
FNDA:0,(anonymous_28)
FNDA:0,(anonymous_29)
FNDA:0,(anonymous_30)
FNDA:0,(anonymous_31)
FNDA:0,(anonymous_32)
FNDA:0,(anonymous_33)
FNDA:0,(anonymous_34)
FNDA:0,(anonymous_35)
FNDA:0,(anonymous_36)
FNDA:0,(anonymous_37)
FNDA:0,(anonymous_38)
FNDA:0,(anonymous_39)
FNDA:0,(anonymous_40)
FNDA:0,(anonymous_41)
FNDA:0,(anonymous_42)
FNDA:0,(anonymous_43)
FNDA:0,(anonymous_44)
FNDA:0,(anonymous_45)
FNDA:0,(anonymous_46)
FNDA:0,(anonymous_47)
FNDA:0,(anonymous_48)
FNDA:0,(anonymous_49)
FNDA:0,(anonymous_50)
FNDA:0,(anonymous_51)
FNDA:0,(anonymous_52)
FNDA:0,(anonymous_53)
FNDA:0,(anonymous_54)
FNDA:0,(anonymous_55)
FNDA:0,(anonymous_56)
FNDA:0,(anonymous_57)
FNDA:0,(anonymous_58)
FNDA:0,(anonymous_59)
FNDA:0,(anonymous_60)
FNDA:0,(anonymous_61)
DA:30,0
DA:31,0
DA:32,0
DA:33,0
DA:34,0
DA:35,0
DA:36,0
DA:37,0
DA:38,0
DA:39,0
DA:40,0
DA:41,0
DA:42,0
DA:43,0
DA:44,0
DA:45,0
DA:46,0
DA:47,0
DA:48,0
DA:49,0
DA:50,0
DA:51,0
DA:54,0
DA:55,0
DA:56,0
DA:57,0
DA:61,0
DA:62,0
DA:64,0
DA:66,0
DA:69,0
DA:72,0
DA:75,0
DA:80,0
DA:81,0
DA:82,0
DA:83,0
DA:84,0
DA:85,0
DA:86,0
DA:91,0
DA:92,0
DA:96,0
DA:98,0
DA:99,0
DA:101,0
DA:105,0
[...]
BRDA:205,19,0,0
BRDA:205,19,1,0
BRDA:235,20,0,0
BRDA:235,20,1,0
BRDA:236,21,0,0
BRDA:236,21,1,0
BRDA:244,22,0,0
BRDA:244,22,1,0
BRDA:254,23,0,0
BRDA:254,23,1,0
BRDA:267,24,0,0
BRDA:267,24,1,0
BRDA:268,25,0,0
BRDA:268,25,1,0
BRDA:278,26,0,0
BRDA:278,26,1,0
BRDA:291,27,0,0
BRDA:291,27,1,0
BRDA:300,28,0,0
BRDA:300,28,1,0
BRDA:306,29,0,0
BRDA:306,29,1,0
BRDA:310,30,0,0
BRDA:310,30,1,0
BRDA:325,31,0,0
BRDA:325,31,1,0
BRDA:327,32,0,0
BRDA:327,32,1,0
BRDA:336,33,0,0
BRDA:336,33,1,0
BRDA:338,34,0,0
BRDA:338,34,1,0
BRF:72
BRH:0
end_of_record
TN:
SF:src/pages/StudySessionResponses/StudySessionResponses.jsx
FN:14,StudySessionResponses
FN:37,(anonymous_1)
FN:50,(anonymous_2)
FN:62,(anonymous_3)
FN:86,(anonymous_4)
FN:89,(anonymous_5)
FN:97,(anonymous_6)
FN:98,(anonymous_7)
FN:99,(anonymous_8)
FN:108,(anonymous_9)
FN:116,(anonymous_10)
FN:122,(anonymous_11)
FN:132,(anonymous_12)
FN:139,(anonymous_13)
FN:202,(anonymous_14)
FN:250,(anonymous_15)
FN:304,(anonymous_16)
FN:308,(anonymous_17)
FN:327,(anonymous_18)
FN:332,(anonymous_19)
FN:365,(anonymous_20)
FN:373,(anonymous_21)
FN:389,(anonymous_22)
FN:460,(anonymous_23)
FNF:24
FNH:0
FNDA:0,StudySessionResponses
FNDA:0,(anonymous_1)
FNDA:0,(anonymous_2)
FNDA:0,(anonymous_3)
FNDA:0,(anonymous_4)
FNDA:0,(anonymous_5)
FNDA:0,(anonymous_6)
FNDA:0,(anonymous_7)
FNDA:0,(anonymous_8)
FNDA:0,(anonymous_9)
FNDA:0,(anonymous_10)
FNDA:0,(anonymous_11)
FNDA:0,(anonymous_12)
FNDA:0,(anonymous_13)
FNDA:0,(anonymous_14)
FNDA:0,(anonymous_15)
FNDA:0,(anonymous_16)
FNDA:0,(anonymous_17)
FNDA:0,(anonymous_18)
FNDA:0,(anonymous_19)
FNDA:0,(anonymous_20)
FNDA:0,(anonymous_21)
FNDA:0,(anonymous_22)
FNDA:0,(anonymous_23)
DA:15,0
DA:16,0
DA:17,0
DA:18,0
DA:19,0
DA:20,0
DA:21,0
DA:24,0
DA:28,0
DA:32,0
DA:33,0
DA:34,0
DA:35,0
DA:37,0
DA:38,0
DA:39,0
DA:48,0
DA:50,0
DA:51,0
DA:52,0
DA:57,0
DA:62,0
DA:63,0
DA:64,0
DA:65,0
DA:67,0
DA:76,0
DA:82,0
DA:86,0
DA:87,0
DA:89,0
DA:90,0
DA:97,0
DA:98,0
DA:99,0
DA:100,0
DA:101,0
DA:102,0
DA:103,0
DA:106,0
DA:107,0
DA:108,0
DA:109,0
DA:116,0
DA:119,0
DA:120,0
DA:122,0
DA:123,0
DA:124,0
DA:125,0
DA:126,0
DA:127,0
DA:132,0
DA:134,0
DA:139,0
DA:140,0
DA:141,0
DA:146,0
DA:149,0
DA:150,0
DA:151,0
DA:156,0
DA:157,0
DA:162,0
DA:164,0
DA:167,0
DA:168,0
DA:174,0
DA:178,0
DA:179,0
DA:192,0
DA:193,0
DA:202,0
DA:211,0
DA:212,0
DA:215,0
DA:250,0
DA:305,0
DA:308,0
DA:328,0
DA:333,0
DA:366,0
DA:374,0
DA:390,0
DA:460,0
LF:85
LH:0
BRDA:25,0,0,0
BRDA:25,0,1,0
BRDA:29,1,0,0
BRDA:29,1,1,0
BRDA:34,2,0,0
BRDA:34,2,1,0
BRDA:35,3,0,0
BRDA:35,3,1,0
BRDA:38,4,0,0
BRDA:38,4,1,0
BRDA:48,5,0,0
BRDA:48,5,1,0
BRDA:48,5,2,0
BRDA:51,6,0,0
BRDA:51,6,1,0
BRDA:51,7,0,0
BRDA:51,7,1,0
BRDA:63,8,0,0
BRDA:63,8,1,0
BRDA:63,9,0,0
BRDA:63,9,1,0
BRDA:106,10,0,0
BRDA:106,10,1,0
BRDA:106,11,0,0
BRDA:106,11,1,0
BRDA:108,12,0,0
BRDA:108,12,1,0
BRDA:120,13,0,0
BRDA:120,13,1,0
BRDA:123,14,0,0
BRDA:123,14,1,0
BRDA:140,15,0,0
BRDA:140,15,1,0
BRDA:156,16,0,0
BRDA:156,16,1,0
BRDA:164,17,0,0
BRDA:164,17,1,0
BRDA:178,18,0,0
BRDA:178,18,1,0
BRDA:178,19,0,0
BRDA:178,19,1,0
BRDA:192,20,0,0
BRDA:192,20,1,0
BRDA:192,21,0,0
BRDA:192,21,1,0
BRDA:211,22,0,0
BRDA:211,22,1,0
BRDA:225,23,0,0
BRDA:225,23,1,0
BRDA:233,24,0,0
BRDA:233,24,1,0
BRDA:241,25,0,0
BRDA:241,25,1,0
BRDA:256,26,0,0
BRDA:256,26,1,0
BRDA:257,27,0,0
BRDA:257,27,1,0
BRDA:283,28,0,0
BRDA:283,28,1,0
BRDA:288,29,0,0
BRDA:288,29,1,0
BRDA:298,30,0,0
BRDA:298,30,1,0
BRDA:307,31,0,0
BRDA:307,31,1,0
BRDA:320,32,0,0
BRDA:320,32,1,0
BRDA:324,33,0,0
BRDA:324,33,1,0
BRDA:330,34,0,0
BRDA:330,34,1,0
BRDA:331,35,0,0
BRDA:331,35,1,0
BRDA:336,36,0,0
BRDA:336,36,1,0
BRDA:336,36,2,0
BRDA:343,37,0,0
BRDA:343,37,1,0
BRDA:358,38,0,0
BRDA:358,38,1,0
BRDA:370,39,0,0
BRDA:370,39,1,0
BRDA:371,40,0,0
BRDA:371,40,1,0
BRDA:378,41,0,0
BRDA:378,41,1,0
BRDA:378,41,2,0
BRDA:406,42,0,0
BRDA:406,42,1,0
BRDA:406,42,2,0
BRDA:425,43,0,0
BRDA:425,43,1,0
BRDA:441,44,0,0
BRDA:441,44,1,0
BRDA:441,44,2,0
BRF:95
BRH:0
end_of_record
TN:
SF:src/pages/Support/Support.jsx
FN:6,Support
FN:39,(anonymous_1)
FN:62,(anonymous_2)
FN:71,(anonymous_3)
FN:89,(anonymous_4)
FN:97,(anonymous_5)
FN:99,(anonymous_6)
FN:100,(anonymous_7)
FN:119,(anonymous_8)
FN:125,(anonymous_9)
FN:131,(anonymous_10)
FN:139,(anonymous_11)
FNF:12
FNH:0
FNDA:0,Support
FNDA:0,(anonymous_1)
FNDA:0,(anonymous_2)
FNDA:0,(anonymous_3)
FNDA:0,(anonymous_4)
FNDA:0,(anonymous_5)
FNDA:0,(anonymous_6)
FNDA:0,(anonymous_7)
FNDA:0,(anonymous_8)
FNDA:0,(anonymous_9)
FNDA:0,(anonymous_10)
FNDA:0,(anonymous_11)
DA:7,0
DA:9,0
DA:39,0
DA:62,0
DA:71,0
DA:89,0
DA:97,0
DA:99,0
DA:100,0
DA:119,0
DA:125,0
DA:131,0
DA:139,0
LF:13
LH:0
BRF:0
BRH:0
end_of_record
TN:
SF:src/pages/TenantStatus/TenantStatus.jsx
FN:8,prettifyTenantLabel
FN:13,getStatusContent
FN:35,TenantStatus
FN:41,(anonymous_3)
FN:43,loadStatus
FN:49,(anonymous_5)
FN:61,(anonymous_6)
FN:66,(anonymous_7)
FNF:8
FNH:0
FNDA:0,prettifyTenantLabel
FNDA:0,getStatusContent
FNDA:0,TenantStatus
FNDA:0,(anonymous_3)
FNDA:0,loadStatus
FNDA:0,(anonymous_5)
FNDA:0,(anonymous_6)
FNDA:0,(anonymous_7)
DA:9,0
DA:10,0
DA:14,0
DA:15,0
DA:21,0
DA:22,0
DA:28,0
DA:36,0
DA:37,0
DA:38,0
DA:39,0
DA:41,0
DA:42,0
DA:44,0
DA:45,0
DA:46,0
DA:47,0
DA:48,0
DA:49,0
DA:50,0
DA:51,0
DA:52,0
DA:53,0
DA:55,0
DA:56,0
DA:60,0
DA:61,0
DA:62,0
DA:66,0
DA:68,0
LF:30
LH:0
BRDA:9,0,0,0
BRDA:9,0,1,0
BRDA:14,1,0,0
BRDA:14,1,1,0
BRDA:21,2,0,0
BRDA:21,2,1,0
BRDA:46,3,0,0
BRDA:46,3,1,0
BRDA:48,4,0,0
BRDA:48,4,1,0
BRDA:50,5,0,0
BRDA:50,5,1,0
BRDA:50,6,0,0
BRDA:50,6,1,0
BRDA:51,7,0,0
BRDA:51,7,1,0
BRDA:55,8,0,0
BRDA:55,8,1,0
BRDA:56,9,0,0
BRDA:56,9,1,0
BRF:20
BRH:0
end_of_record
TN:
SF:src/pages/TermsOfService/TermsOfService.jsx
FN:6,TermsOfService
FN:328,(anonymous_1)
FNF:2
FNH:0
FNDA:0,TermsOfService
FNDA:0,(anonymous_1)
DA:7,0
DA:8,0
DA:14,0
DA:328,0
LF:4
LH:0
BRF:0
BRH:0
end_of_record
TN:
SF:src/services/analytics/analytics.js
FN:25,(anonymous_0)
FN:40,(anonymous_1)
FN:41,(anonymous_2)
FN:54,(anonymous_3)
FN:62,(anonymous_4)
FN:70,(anonymous_5)
FN:77,(anonymous_6)
FN:85,(anonymous_7)
FN:86,(anonymous_8)
FN:96,(anonymous_9)
FN:114,(anonymous_10)
FN:149,(anonymous_11)
FN:172,(anonymous_12)
FN:180,(anonymous_13)
FN:185,(anonymous_14)
FN:197,(anonymous_15)
FN:210,(anonymous_16)
FN:223,(anonymous_17)
FN:251,(anonymous_18)
FN:267,(anonymous_19)
FN:293,(anonymous_20)
FN:298,(anonymous_21)
FN:299,(anonymous_22)
FN:308,(anonymous_23)
FN:365,(anonymous_24)
FN:380,(anonymous_25)
FN:399,(anonymous_26)
FN:474,(anonymous_27)
FN:481,(anonymous_28)
FNF:29
FNH:0
FNDA:0,(anonymous_0)
FNDA:0,(anonymous_1)
FNDA:0,(anonymous_2)
FNDA:0,(anonymous_3)
FNDA:0,(anonymous_4)
FNDA:0,(anonymous_5)
FNDA:0,(anonymous_6)
FNDA:0,(anonymous_7)
FNDA:0,(anonymous_8)
FNDA:0,(anonymous_9)
FNDA:0,(anonymous_10)
FNDA:0,(anonymous_11)
FNDA:0,(anonymous_12)
FNDA:0,(anonymous_13)
FNDA:0,(anonymous_14)
FNDA:0,(anonymous_15)
FNDA:0,(anonymous_16)
FNDA:0,(anonymous_17)
FNDA:0,(anonymous_18)
FNDA:0,(anonymous_19)
FNDA:0,(anonymous_20)
FNDA:0,(anonymous_21)
FNDA:0,(anonymous_22)
FNDA:0,(anonymous_23)
FNDA:0,(anonymous_24)
FNDA:0,(anonymous_25)
FNDA:0,(anonymous_26)
FNDA:0,(anonymous_27)
FNDA:0,(anonymous_28)
DA:5,0
DA:14,0
DA:15,0
DA:16,0
DA:17,0
DA:18,0
DA:19,0
DA:22,0
DA:26,0
DA:27,0
DA:28,0
DA:29,0
DA:31,0
DA:33,0
DA:34,0
DA:41,0
DA:42,0
DA:44,0
DA:45,0
DA:46,0
DA:48,0
DA:50,0
DA:54,0
DA:55,0
DA:63,0
DA:71,0
DA:78,0
DA:79,0
DA:86,0
DA:87,0
DA:88,0
DA:89,0
DA:97,0
DA:98,0
DA:99,0
DA:100,0
DA:101,0
DA:103,0
DA:105,0
DA:107,0
DA:115,0
DA:116,0
DA:117,0
DA:118,0
DA:121,0
DA:123,0
DA:124,0
DA:125,0
DA:126,0
DA:129,0
DA:130,0
DA:131,0
DA:132,0
DA:133,0
DA:134,0
DA:136,0
DA:139,0
DA:141,0
DA:142,0
DA:150,0
DA:151,0
DA:152,0
DA:153,0
DA:156,0
DA:158,0
DA:159,0
DA:160,0
DA:162,0
DA:165,0
DA:173,0
DA:174,0
DA:177,0
DA:180,0
DA:181,0
DA:185,0
DA:186,0
DA:187,0
DA:191,0
DA:198,0
DA:199,0
DA:200,0
DA:202,0
DA:203,0
DA:211,0
DA:213,0
DA:214,0
DA:216,0
DA:224,0
DA:225,0
DA:226,0
DA:229,0
DA:230,0
DA:234,0
DA:235,0
DA:238,0
DA:240,0
DA:241,0
DA:244,0
DA:245,0
DA:247,0
DA:248,0
DA:251,0
DA:252,0
DA:256,0
DA:257,0
DA:260,0
DA:268,0
DA:270,0
DA:271,0
DA:274,0
DA:275,0
DA:276,0
DA:277,0
DA:279,0
DA:281,0
DA:282,0
DA:287,0
DA:294,0
DA:295,0
DA:298,0
DA:299,0
DA:300,0
DA:309,0
DA:310,0
DA:311,0
DA:315,0
DA:316,0
DA:317,0
DA:318,0
DA:319,0
DA:320,0
DA:321,0
DA:322,0
DA:324,0
DA:328,0
DA:329,0
DA:334,0
DA:335,0
DA:336,0
DA:337,0
DA:338,0
DA:340,0
DA:350,0
DA:353,0
DA:355,0
DA:357,0
DA:358,0
DA:366,0
DA:367,0
DA:370,0
DA:371,0
DA:373,0
DA:381,0
DA:382,0
DA:383,0
DA:386,0
DA:387,0
DA:388,0
DA:389,0
DA:392,0
DA:400,0
DA:401,0
DA:404,0
DA:405,0
DA:406,0
DA:408,0
DA:411,0
DA:412,0
DA:413,0
DA:415,0
DA:418,0
DA:419,0
DA:420,0
DA:421,0
DA:422,0
DA:425,0
DA:428,0
DA:431,0
DA:454,0
DA:455,0
DA:456,0
DA:458,0
DA:459,0
DA:463,0
DA:464,0
DA:467,0
DA:475,0
DA:482,0
DA:483,0
DA:486,0
DA:491,0
LF:191
LH:0
BRDA:42,0,0,0
BRDA:42,0,1,0
BRDA:42,1,0,0
BRDA:42,1,1,0
BRDA:46,2,0,0
BRDA:46,2,1,0
BRDA:71,3,0,0
BRDA:71,3,1,0
BRDA:71,4,0,0
BRDA:71,4,1,0
BRDA:78,5,0,0
BRDA:78,5,1,0
BRDA:88,6,0,0
BRDA:88,6,1,0
BRDA:99,7,0,0
BRDA:99,7,1,0
BRDA:117,8,0,0
BRDA:117,8,1,0
BRDA:121,9,0,0
BRDA:121,9,1,0
BRDA:121,10,0,0
BRDA:121,10,1,0
BRDA:130,11,0,0
BRDA:130,11,1,0
BRDA:134,12,0,0
BRDA:134,12,1,0
BRDA:152,13,0,0
BRDA:152,13,1,0
BRDA:156,14,0,0
BRDA:156,14,1,0
BRDA:156,15,0,0
BRDA:156,15,1,0
BRDA:173,16,0,0
BRDA:173,16,1,0
BRDA:173,17,0,0
BRDA:173,17,1,0
BRDA:186,18,0,0
BRDA:186,18,1,0
BRDA:186,19,0,0
BRDA:186,19,1,0
BRDA:186,19,2,0
BRDA:200,20,0,0
BRDA:200,20,1,0
BRDA:223,21,0,0
BRDA:224,22,0,0
BRDA:224,22,1,0
BRDA:234,23,0,0
BRDA:234,23,1,0
BRDA:240,24,0,0
BRDA:240,24,1,0
BRDA:241,25,0,0
BRDA:241,25,1,0
BRDA:244,26,0,0
BRDA:244,26,1,0
BRDA:244,27,0,0
BRDA:244,27,1,0
BRDA:244,27,2,0
BRDA:245,28,0,0
BRDA:245,28,1,0
BRDA:247,29,0,0
BRDA:247,29,1,0
BRDA:256,30,0,0
BRDA:256,30,1,0
BRDA:256,31,0,0
BRDA:256,31,1,0
BRDA:256,31,2,0
BRDA:268,32,0,0
BRDA:268,32,1,0
BRDA:271,33,0,0
BRDA:271,33,1,0
BRDA:279,34,0,0
BRDA:279,34,1,0
BRDA:294,35,0,0
BRDA:294,35,1,0
BRDA:308,36,0,0
BRDA:309,37,0,0
BRDA:309,37,1,0
BRDA:317,38,0,0
BRDA:317,38,1,0
BRDA:317,39,0,0
BRDA:317,39,1,0
BRDA:319,40,0,0
BRDA:319,40,1,0
BRDA:321,41,0,0
BRDA:321,41,1,0
BRDA:328,42,0,0
BRDA:328,42,1,0
BRDA:334,43,0,0
BRDA:334,43,1,0
BRDA:335,44,0,0
BRDA:335,44,1,0
BRDA:337,45,0,0
BRDA:337,45,1,0
BRDA:337,46,0,0
BRDA:337,46,1,0
BRDA:338,47,0,0
BRDA:338,47,1,0
BRDA:357,48,0,0
BRDA:357,48,1,0
BRDA:366,49,0,0
BRDA:366,49,1,0
BRDA:382,50,0,0
BRDA:382,50,1,0
BRDA:399,51,0,0
BRDA:399,52,0,0
BRDA:400,53,0,0
BRDA:400,53,1,0
BRDA:404,54,0,0
BRDA:404,54,1,0
BRDA:405,55,0,0
BRDA:405,55,1,0
BRDA:411,56,0,0
BRDA:411,56,1,0
BRDA:411,57,0,0
BRDA:411,57,1,0
BRDA:412,58,0,0
BRDA:412,58,1,0
BRDA:422,59,0,0
BRDA:422,59,1,0
BRDA:428,60,0,0
BRDA:428,60,1,0
BRDA:447,61,0,0
BRDA:447,61,1,0
BRDA:447,61,2,0
BRDA:458,62,0,0
BRDA:458,62,1,0
BRDA:463,63,0,0
BRDA:463,63,1,0
BRDA:474,64,0,0
BRDA:482,65,0,0
BRDA:482,65,1,0
BRF:131
BRH:0
end_of_record
TN:
SF:src/utils/agendaViewPreferences.js
FN:9,getStoredAgendaView
FN:27,getStoredMinuteHeightPx
FNF:2
FNH:0
FNDA:0,getStoredAgendaView
FNDA:0,getStoredMinuteHeightPx
DA:1,0
DA:3,0
DA:10,0
DA:11,0
DA:12,0
DA:13,0
DA:14,0
DA:24,0
DA:28,0
DA:29,0
LF:10
LH:0
BRDA:12,0,0,0
BRDA:12,0,1,0
BRDA:15,1,0,0
BRDA:15,1,1,0
BRDA:15,2,0,0
BRDA:15,2,1,0
BRDA:16,3,0,0
BRDA:16,3,1,0
BRDA:29,4,0,0
BRDA:29,4,1,0
BRF:10
BRH:0
end_of_record
TN:
SF:src/utils/anonymousRegistrationStorage.js
FN:9,normalizeEmail
FN:18,getStoredRegistrations
FN:43,setStoredRegistrations
FN:57,hasAnonymousRegistration
FN:67,getAnonymousRegistration
FN:84,saveAnonymousRegistration
FN:100,getAllAnonymousRegistrations
FN:102,(anonymous_7)
FN:105,(anonymous_8)
FN:112,removeAnonymousRegistration
FNF:10
FNH:0
FNDA:0,normalizeEmail
FNDA:0,getStoredRegistrations
FNDA:0,setStoredRegistrations
FNDA:0,hasAnonymousRegistration
FNDA:0,getAnonymousRegistration
FNDA:0,saveAnonymousRegistration
FNDA:0,getAllAnonymousRegistrations
FNDA:0,(anonymous_7)
FNDA:0,(anonymous_8)
FNDA:0,removeAnonymousRegistration
DA:1,0
DA:2,0
DA:10,0
DA:19,0
DA:20,0
DA:21,0
DA:22,0
DA:23,0
DA:24,0
DA:25,0
DA:26,0
DA:33,0
DA:35,0
DA:44,0
DA:45,0
DA:47,0
DA:58,0
DA:59,0
DA:68,0
DA:69,0
DA:70,0
DA:71,0
DA:85,0
DA:86,0
DA:87,0
DA:93,0
DA:101,0
DA:102,0
DA:105,0
DA:113,0
DA:114,0
DA:115,0
LF:32
LH:0
BRDA:10,0,0,0
BRDA:10,0,1,0
BRDA:21,1,0,0
BRDA:21,1,1,0
BRDA:24,2,0,0
BRDA:24,2,1,0
BRDA:24,3,0,0
BRDA:24,3,1,0
BRDA:25,4,0,0
BRDA:25,4,1,0
BRDA:27,5,0,0
BRDA:27,5,1,0
BRDA:29,6,0,0
BRDA:29,6,1,0
BRDA:70,7,0,0
BRDA:70,7,1,0
BRDA:86,8,0,0
BRDA:86,8,1,0
BRDA:88,9,0,0
BRDA:88,9,1,0
BRDA:104,10,0,0
BRDA:104,10,1,0
BRF:22
BRH:0
end_of_record
TN:
SF:src/utils/deleteRequest.js
FN:11,(anonymous_0)
FNF:1
FNH:0
FNDA:0,(anonymous_0)
DA:11,0
DA:12,0
DA:13,0
DA:18,0
DA:27,0
DA:28,0
DA:31,0
DA:32,0
DA:35,0
DA:36,0
DA:38,0
DA:41,0
DA:52,0
DA:53,0
DA:56,0
DA:57,0
DA:60,0
DA:61,0
DA:65,0
DA:67,0
DA:68,0
DA:69,0
DA:70,0
DA:72,0
LF:24
LH:0
BRDA:11,0,0,0
BRDA:14,1,0,0
BRDA:14,1,1,0
BRDA:27,2,0,0
BRDA:27,2,1,0
BRDA:35,3,0,0
BRDA:35,3,1,0
BRDA:35,4,0,0
BRDA:35,4,1,0
BRDA:45,5,0,0
BRDA:45,5,1,0
BRDA:52,6,0,0
BRDA:52,6,1,0
BRDA:67,7,0,0
BRDA:67,7,1,0
BRDA:69,8,0,0
BRDA:69,8,1,0
BRF:17
BRH:0
end_of_record
TN:
SF:src/utils/markdownUtils.js
FN:8,sanitizeHtml
FN:13,isHtml
FN:21,parseMarkdownDescription
FN:35,htmlToPlainText
FN:52,truncateHtmlToLines
FN:63,valueToEditorHtml
FNF:6
FNH:0
FNDA:0,sanitizeHtml
FNDA:0,isHtml
FNDA:0,parseMarkdownDescription
FNDA:0,htmlToPlainText
FNDA:0,truncateHtmlToLines
FNDA:0,valueToEditorHtml
DA:4,0
DA:6,0
DA:9,0
DA:14,0
DA:22,0
DA:23,0
DA:24,0
DA:25,0
DA:26,0
DA:28,0
DA:36,0
DA:37,0
DA:53,0
DA:54,0
DA:55,0
DA:56,0
DA:64,0
DA:65,0
DA:66,0
DA:67,0
DA:69,0
DA:70,0
DA:71,0
DA:73,0
LF:24
LH:0
BRDA:9,0,0,0
BRDA:9,0,1,0
BRDA:22,1,0,0
BRDA:22,1,1,0
BRDA:22,2,0,0
BRDA:22,2,1,0
BRDA:23,3,0,0
BRDA:23,3,1,0
BRDA:26,4,0,0
BRDA:26,4,1,0
BRDA:36,5,0,0
BRDA:36,5,1,0
BRDA:36,6,0,0
BRDA:36,6,1,0
BRDA:52,7,0,0
BRDA:52,8,0,0
BRDA:55,9,0,0
BRDA:55,9,1,0
BRDA:64,10,0,0
BRDA:64,10,1,0
BRDA:64,11,0,0
BRDA:64,11,1,0
BRDA:65,12,0,0
BRDA:65,12,1,0
BRDA:67,13,0,0
BRDA:67,13,1,0
BRDA:71,14,0,0
BRDA:71,14,1,0
BRDA:71,15,0,0
BRDA:71,15,1,0
BRF:30
BRH:0
end_of_record
TN:
SF:src/utils/orgUtils.js
FN:2,(anonymous_0)
FN:14,(anonymous_1)
FN:22,(anonymous_2)
FNF:3
FNH:3
FNDA:2,(anonymous_0)
FNDA:6,(anonymous_1)
FNDA:1,(anonymous_2)
DA:2,1
DA:4,2
DA:7,2
DA:8,2
DA:9,2
DA:11,2
DA:14,1
DA:16,6
DA:17,1
DA:21,5
DA:22,1
DA:23,1
DA:24,1
DA:29,4
DA:31,4
DA:32,1
DA:34,3
DA:35,1
DA:37,2
DA:38,0
DA:40,2
DA:41,1
DA:43,1
LF:23
LH:22
BRDA:14,0,0,0
BRDA:14,1,0,5
BRDA:16,2,0,1
BRDA:16,2,1,5
BRDA:16,3,0,6
BRDA:16,3,1,1
BRDA:16,3,2,1
BRDA:21,4,0,1
BRDA:21,4,1,4
BRDA:21,5,0,5
BRDA:21,5,1,5
BRDA:21,5,2,1
BRDA:22,6,0,1
BRDA:22,6,1,0
BRDA:22,6,2,0
BRDA:23,7,0,1
BRDA:23,7,1,0
BRDA:23,8,0,1
BRDA:23,8,1,1
BRDA:29,9,0,0
BRDA:29,9,1,4
BRDA:29,10,0,4
BRDA:29,10,1,0
BRDA:31,11,0,1
BRDA:31,11,1,3
BRDA:34,12,0,1
BRDA:34,12,1,2
BRDA:37,13,0,0
BRDA:37,13,1,2
BRDA:40,14,0,1
BRDA:40,14,1,1
BRF:31
BRH:24
end_of_record
TN:
SF:src/utils/overlayRegistry.js
FN:22,registerPersistableOverlay
FN:25,(anonymous_1)
FN:33,getPersistableOverlay
FN:42,getOverlayStateFromParams
FN:64,restoreOverlay
FN:77,buildOverlaySearchParams
FN:82,(anonymous_6)
FN:95,clearOverlaySearchParams
FN:97,(anonymous_8)
FN:104,(anonymous_9)
FNF:10
FNH:0
FNDA:0,registerPersistableOverlay
FNDA:0,(anonymous_1)
FNDA:0,getPersistableOverlay
FNDA:0,getOverlayStateFromParams
FNDA:0,restoreOverlay
FNDA:0,buildOverlaySearchParams
FNDA:0,(anonymous_6)
FNDA:0,clearOverlaySearchParams
FNDA:0,(anonymous_8)
FNDA:0,(anonymous_9)
DA:4,0
DA:5,0
DA:11,0
DA:23,0
DA:24,0
DA:25,0
DA:26,0
DA:34,0
DA:43,0
DA:44,0
DA:45,0
DA:46,0
DA:47,0
DA:48,0
DA:49,0
DA:50,0
DA:51,0
DA:52,0
DA:54,0
DA:65,0
DA:66,0
DA:67,0
DA:78,0
DA:79,0
DA:80,0
DA:81,0
DA:82,0
DA:83,0
DA:84,0
DA:87,0
DA:96,0
DA:97,0
DA:98,0
DA:102,0
DA:105,0
DA:106,0
DA:107,0
DA:108,0
DA:109,0
DA:110,0
DA:111,0
DA:114,0
DA:123,0
LF:43
LH:0
BRDA:26,0,0,0
BRDA:26,0,1,0
BRDA:34,1,0,0
BRDA:34,1,1,0
BRDA:44,2,0,0
BRDA:44,2,1,0
BRDA:46,3,0,0
BRDA:46,3,1,0
BRDA:49,4,0,0
BRDA:49,4,1,0
BRDA:51,5,0,0
BRDA:51,5,1,0
BRDA:51,6,0,0
BRDA:51,6,1,0
BRDA:66,7,0,0
BRDA:66,7,1,0
BRDA:81,8,0,0
BRDA:81,8,1,0
BRDA:83,9,0,0
BRDA:83,9,1,0
BRDA:84,10,0,0
BRDA:84,10,1,0
BRDA:106,11,0,0
BRDA:106,11,1,0
BRDA:106,12,0,0
BRDA:106,12,1,0
BRDA:109,13,0,0
BRDA:109,13,1,0
BRDA:110,14,0,0
BRDA:110,14,1,0
BRF:30
BRH:0
end_of_record
TN:
SF:src/utils/performanceTest.js
FN:5,(anonymous_0)
FN:18,(anonymous_1)
FN:31,(anonymous_2)
FN:36,(anonymous_3)
FN:41,(anonymous_4)
FN:46,(anonymous_5)
FN:51,(anonymous_6)
FN:64,(anonymous_7)
FN:67,(anonymous_8)
FN:90,(anonymous_9)
FN:93,(anonymous_10)
FN:97,(anonymous_11)
FN:101,(anonymous_12)
FN:105,(anonymous_13)
FN:118,(anonymous_14)
FN:122,(anonymous_15)
FN:128,(anonymous_16)
FNF:17
FNH:0
FNDA:0,(anonymous_0)
FNDA:0,(anonymous_1)
FNDA:0,(anonymous_2)
FNDA:0,(anonymous_3)
FNDA:0,(anonymous_4)
FNDA:0,(anonymous_5)
FNDA:0,(anonymous_6)
FNDA:0,(anonymous_7)
FNDA:0,(anonymous_8)
FNDA:0,(anonymous_9)
FNDA:0,(anonymous_10)
FNDA:0,(anonymous_11)
FNDA:0,(anonymous_12)
FNDA:0,(anonymous_13)
FNDA:0,(anonymous_14)
FNDA:0,(anonymous_15)
FNDA:0,(anonymous_16)
DA:6,0
DA:14,0
DA:15,0
DA:19,0
DA:20,0
DA:28,0
DA:32,0
DA:33,0
DA:37,0
DA:38,0
DA:42,0
DA:43,0
DA:47,0
DA:48,0
DA:52,0
DA:54,0
DA:55,0
DA:56,0
DA:57,0
DA:60,0
DA:61,0
DA:64,0
DA:68,0
DA:69,0
DA:70,0
DA:71,0
DA:72,0
DA:73,0
DA:74,0
DA:77,0
DA:78,0
DA:80,0
DA:81,0
DA:83,0
DA:84,0
DA:90,0
DA:91,0
DA:93,0
DA:94,0
DA:97,0
DA:98,0
DA:101,0
DA:102,0
DA:105,0
DA:106,0
DA:109,0
DA:118,0
DA:119,0
DA:120,0
DA:122,0
DA:123,0
DA:124,0
DA:125,0
DA:128,0
DA:129,0
DA:130,0
DA:131,0
DA:134,0
LF:58
LH:0
BRDA:37,0,0,0
BRDA:37,0,1,0
BRDA:42,1,0,0
BRDA:42,1,1,0
BRDA:47,2,0,0
BRDA:47,2,1,0
BRDA:52,3,0,0
BRDA:52,3,1,0
BRDA:52,4,0,0
BRDA:52,4,1,0
BRDA:60,5,0,0
BRDA:60,5,1,0
BRDA:77,6,0,0
BRDA:77,6,1,0
BRDA:80,7,0,0
BRDA:80,7,1,0
BRDA:83,8,0,0
BRDA:83,8,1,0
BRDA:148,9,0,0
BRDA:148,9,1,0
BRDA:150,10,0,0
BRDA:150,10,1,0
BRDA:158,11,0,0
BRDA:158,11,1,0
BRF:24
BRH:0
end_of_record
TN:
SF:src/utils/postRequest.js
FN:11,(anonymous_0)
FNF:1
FNH:1
FNDA:4,(anonymous_0)
DA:11,1
DA:12,4
DA:13,4
DA:15,4
DA:20,4
DA:29,4
DA:30,4
DA:31,0
DA:32,0
DA:35,4
DA:36,1
DA:39,3
DA:41,3
DA:42,2
DA:43,2
DA:45,2
DA:46,1
DA:50,1
DA:51,1
DA:52,0
DA:53,0
DA:54,0
DA:58,1
DA:69,1
DA:70,1
DA:71,0
DA:72,0
DA:75,1
DA:76,1
DA:77,1
DA:78,1
DA:79,1
DA:81,0
DA:84,0
DA:85,0
DA:86,0
DA:87,0
DA:89,0
DA:90,0
DA:91,0
DA:92,0
DA:94,0
DA:96,0
DA:97,0
DA:99,0
DA:103,1
DA:106,1
DA:109,1
DA:111,1
DA:115,0
DA:116,0
DA:120,1
DA:122,1
DA:123,1
DA:125,1
DA:126,1
DA:128,1
DA:129,0
DA:130,1
DA:131,1
DA:133,0
DA:135,0
DA:136,0
DA:138,0
LF:64
LH:37
BRDA:11,0,0,0
BRDA:11,1,0,4
BRDA:13,2,0,4
BRDA:13,2,1,4
BRDA:16,3,0,0
BRDA:16,3,1,4
BRDA:29,4,0,4
BRDA:29,4,1,0
BRDA:29,5,0,4
BRDA:29,5,1,0
BRDA:29,5,2,0
BRDA:29,5,3,4
BRDA:31,6,0,0
BRDA:31,6,1,0
BRDA:31,7,0,0
BRDA:31,7,1,0
BRDA:41,8,0,2
BRDA:41,8,1,1
BRDA:51,9,0,0
BRDA:51,9,1,1
BRDA:59,10,0,1
BRDA:59,10,1,1
BRDA:62,11,0,0
BRDA:62,11,1,1
BRDA:69,12,0,1
BRDA:69,12,1,0
BRDA:69,13,0,1
BRDA:69,13,1,0
BRDA:69,13,2,0
BRDA:69,13,3,1
BRDA:71,14,0,0
BRDA:71,14,1,0
BRDA:71,15,0,0
BRDA:71,15,1,0
BRDA:84,16,0,0
BRDA:84,16,1,0
BRDA:89,17,0,0
BRDA:89,17,1,0
BRDA:91,18,0,0
BRDA:91,18,1,0
BRDA:96,19,0,0
BRDA:96,19,1,0
BRDA:103,20,0,1
BRDA:103,20,1,0
BRDA:106,21,0,1
BRDA:106,21,1,0
BRDA:106,22,0,1
BRDA:106,22,1,0
BRDA:106,22,2,0
BRDA:122,23,0,1
BRDA:122,23,1,0
BRDA:128,24,0,0
BRDA:128,24,1,1
BRDA:130,25,0,1
BRDA:130,25,1,0
BRDA:135,26,0,0
BRDA:135,26,1,0
BRF:57
BRH:22
end_of_record
TN:
SF:src/utils/referrerContext.js
FN:21,updateReferrerOnNavigation
FN:39,setReferrerOverride
FN:47,clearReferrerOverride
FN:58,getReferrerPath
FNF:4
FNH:4
FNDA:6,updateReferrerOnNavigation
FNDA:1,setReferrerOverride
FNDA:1,clearReferrerOverride
FNDA:4,getReferrerPath
DA:13,1
DA:14,1
DA:15,1
DA:22,6
DA:23,6
DA:24,6
DA:25,6
DA:26,6
DA:27,6
DA:28,6
DA:29,6
DA:40,1
DA:41,1
DA:42,1
DA:48,1
DA:49,1
DA:59,4
DA:60,4
DA:61,4
DA:63,0
LF:20
LH:19
BRDA:22,0,0,0
BRDA:22,0,1,6
BRDA:26,1,0,6
BRDA:26,1,1,5
BRDA:26,1,2,3
BRDA:40,2,0,0
BRDA:40,2,1,1
BRDA:61,3,0,4
BRDA:61,3,1,1
BRF:9
BRH:7
end_of_record
