{"total": {"lines":{"total":3167,"covered":1101,"skipped":0,"pct":34.76},"statements":{"total":3311,"covered":1130,"skipped":0,"pct":34.12},"functions":{"total":317,"covered":127,"skipped":0,"pct":40.06},"branches":{"total":2229,"covered":580,"skipped":0,"pct":26.02},"branchesTrue":{"total":0,"covered":0,"skipped":0,"pct":100}}
,"/Users/james/Documents/Code/Meridian-Mono/Meridian/backend/middlewares/pivotReferralValidateRateLimit.js": {"lines":{"total":14,"covered":13,"skipped":0,"pct":92.85},"functions":{"total":1,"covered":1,"skipped":0,"pct":100},"statements":{"total":14,"covered":13,"skipped":0,"pct":92.85},"branches":{"total":9,"covered":6,"skipped":0,"pct":66.66}}
,"/Users/james/Documents/Code/Meridian-Mono/Meridian/backend/middlewares/requireAdmin.js": {"lines":{"total":26,"covered":3,"skipped":0,"pct":11.53},"functions":{"total":1,"covered":0,"skipped":0,"pct":0},"statements":{"total":26,"covered":3,"skipped":0,"pct":11.53},"branches":{"total":35,"covered":0,"skipped":0,"pct":0}}
,"/Users/james/Documents/Code/Meridian-Mono/Meridian/backend/middlewares/verifyToken.js": {"lines":{"total":90,"covered":27,"skipped":0,"pct":30},"functions":{"total":9,"covered":4,"skipped":0,"pct":44.44},"statements":{"total":92,"covered":27,"skipped":0,"pct":29.34},"branches":{"total":69,"covered":9,"skipped":0,"pct":13.04}}
,"/Users/james/Documents/Code/Meridian-Mono/Meridian/backend/routes/adminRoutes.js": {"lines":{"total":233,"covered":46,"skipped":0,"pct":19.74},"functions":{"total":27,"covered":1,"skipped":0,"pct":3.7},"statements":{"total":244,"covered":46,"skipped":0,"pct":18.85},"branches":{"total":88,"covered":0,"skipped":0,"pct":0}}
,"/Users/james/Documents/Code/Meridian-Mono/Meridian/backend/routes/authRoutes.js": {"lines":{"total":632,"covered":97,"skipped":0,"pct":15.34},"functions":{"total":44,"covered":4,"skipped":0,"pct":9.09},"statements":{"total":647,"covered":98,"skipped":0,"pct":15.14},"branches":{"total":337,"covered":21,"skipped":0,"pct":6.23}}
,"/Users/james/Documents/Code/Meridian-Mono/Meridian/backend/routes/orgBudgetRoutes.js": {"lines":{"total":115,"covered":62,"skipped":0,"pct":53.91},"functions":{"total":12,"covered":7,"skipped":0,"pct":58.33},"statements":{"total":116,"covered":63,"skipped":0,"pct":54.31},"branches":{"total":46,"covered":12,"skipped":0,"pct":26.08}}
,"/Users/james/Documents/Code/Meridian-Mono/Meridian/backend/routes/pivotRoutes.js": {"lines":{"total":22,"covered":13,"skipped":0,"pct":59.09},"functions":{"total":2,"covered":1,"skipped":0,"pct":50},"statements":{"total":22,"covered":13,"skipped":0,"pct":59.09},"branches":{"total":8,"covered":3,"skipped":0,"pct":37.5}}
,"/Users/james/Documents/Code/Meridian-Mono/Meridian/backend/routes/userRoutes.js": {"lines":{"total":444,"covered":82,"skipped":0,"pct":18.46},"functions":{"total":26,"covered":2,"skipped":0,"pct":7.69},"statements":{"total":454,"covered":82,"skipped":0,"pct":18.06},"branches":{"total":223,"covered":27,"skipped":0,"pct":12.1}}
,"/Users/james/Documents/Code/Meridian-Mono/Meridian/backend/services/adminTenantEventsService.js": {"lines":{"total":51,"covered":41,"skipped":0,"pct":80.39},"functions":{"total":9,"covered":8,"skipped":0,"pct":88.88},"statements":{"total":55,"covered":43,"skipped":0,"pct":78.18},"branches":{"total":49,"covered":19,"skipped":0,"pct":38.77}}
,"/Users/james/Documents/Code/Meridian-Mono/Meridian/backend/services/adminTenantSummaryService.js": {"lines":{"total":7,"covered":7,"skipped":0,"pct":100},"functions":{"total":1,"covered":1,"skipped":0,"pct":100},"statements":{"total":7,"covered":7,"skipped":0,"pct":100},"branches":{"total":0,"covered":0,"skipped":0,"pct":100}}
,"/Users/james/Documents/Code/Meridian-Mono/Meridian/backend/services/atlasPolicyService.js": {"lines":{"total":85,"covered":61,"skipped":0,"pct":71.76},"functions":{"total":15,"covered":12,"skipped":0,"pct":80},"statements":{"total":92,"covered":65,"skipped":0,"pct":70.65},"branches":{"total":123,"covered":70,"skipped":0,"pct":56.91}}
,"/Users/james/Documents/Code/Meridian-Mono/Meridian/backend/services/authGlobalService.js": {"lines":{"total":87,"covered":53,"skipped":0,"pct":60.91},"functions":{"total":7,"covered":5,"skipped":0,"pct":71.42},"statements":{"total":110,"covered":53,"skipped":0,"pct":48.18},"branches":{"total":90,"covered":31,"skipped":0,"pct":34.44}}
,"/Users/james/Documents/Code/Meridian-Mono/Meridian/backend/services/budgetService.js": {"lines":{"total":392,"covered":178,"skipped":0,"pct":45.4},"functions":{"total":45,"covered":29,"skipped":0,"pct":64.44},"statements":{"total":420,"covered":190,"skipped":0,"pct":45.23},"branches":{"total":357,"covered":143,"skipped":0,"pct":40.05}}
,"/Users/james/Documents/Code/Meridian-Mono/Meridian/backend/services/discordWebookService.js": {"lines":{"total":11,"covered":4,"skipped":0,"pct":36.36},"functions":{"total":1,"covered":0,"skipped":0,"pct":0},"statements":{"total":11,"covered":4,"skipped":0,"pct":36.36},"branches":{"total":2,"covered":0,"skipped":0,"pct":0}}
,"/Users/james/Documents/Code/Meridian-Mono/Meridian/backend/services/getGlobalModelService.js": {"lines":{"total":17,"covered":16,"skipped":0,"pct":94.11},"functions":{"total":2,"covered":2,"skipped":0,"pct":100},"statements":{"total":17,"covered":16,"skipped":0,"pct":94.11},"branches":{"total":4,"covered":2,"skipped":0,"pct":50}}
,"/Users/james/Documents/Code/Meridian-Mono/Meridian/backend/services/imageUploadService.js": {"lines":{"total":71,"covered":17,"skipped":0,"pct":23.94},"functions":{"total":6,"covered":0,"skipped":0,"pct":0},"statements":{"total":71,"covered":17,"skipped":0,"pct":23.94},"branches":{"total":36,"covered":0,"skipped":0,"pct":0}}
,"/Users/james/Documents/Code/Meridian-Mono/Meridian/backend/services/pivotReferralCodeService.js": {"lines":{"total":170,"covered":76,"skipped":0,"pct":44.7},"functions":{"total":12,"covered":6,"skipped":0,"pct":50},"statements":{"total":178,"covered":76,"skipped":0,"pct":42.69},"branches":{"total":188,"covered":69,"skipped":0,"pct":36.7}}
,"/Users/james/Documents/Code/Meridian-Mono/Meridian/backend/services/resendClient.js": {"lines":{"total":6,"covered":3,"skipped":0,"pct":50},"functions":{"total":1,"covered":0,"skipped":0,"pct":0},"statements":{"total":8,"covered":3,"skipped":0,"pct":37.5},"branches":{"total":4,"covered":0,"skipped":0,"pct":0}}
,"/Users/james/Documents/Code/Meridian-Mono/Meridian/backend/services/reservationMetricsService.js": {"lines":{"total":19,"covered":17,"skipped":0,"pct":89.47},"functions":{"total":5,"covered":5,"skipped":0,"pct":100},"statements":{"total":21,"covered":19,"skipped":0,"pct":90.47},"branches":{"total":31,"covered":15,"skipped":0,"pct":48.38}}
,"/Users/james/Documents/Code/Meridian-Mono/Meridian/backend/services/resourceReservationService.js": {"lines":{"total":101,"covered":74,"skipped":0,"pct":73.26},"functions":{"total":11,"covered":9,"skipped":0,"pct":81.81},"statements":{"total":106,"covered":76,"skipped":0,"pct":71.69},"branches":{"total":127,"covered":77,"skipped":0,"pct":60.62}}
,"/Users/james/Documents/Code/Meridian-Mono/Meridian/backend/services/rootOperatorUsersService.js": {"lines":{"total":85,"covered":42,"skipped":0,"pct":49.41},"functions":{"total":8,"covered":6,"skipped":0,"pct":75},"statements":{"total":90,"covered":44,"skipped":0,"pct":48.88},"branches":{"total":69,"covered":31,"skipped":0,"pct":44.92}}
,"/Users/james/Documents/Code/Meridian-Mono/Meridian/backend/services/tenantConfigService.js": {"lines":{"total":127,"covered":9,"skipped":0,"pct":7.08},"functions":{"total":25,"covered":0,"skipped":0,"pct":0},"statements":{"total":141,"covered":9,"skipped":0,"pct":6.38},"branches":{"total":136,"covered":2,"skipped":0,"pct":1.47}}
,"/Users/james/Documents/Code/Meridian-Mono/Meridian/backend/utilities/cookieUtils.js": {"lines":{"total":8,"covered":2,"skipped":0,"pct":25},"functions":{"total":1,"covered":1,"skipped":0,"pct":100},"statements":{"total":11,"covered":3,"skipped":0,"pct":27.27},"branches":{"total":18,"covered":1,"skipped":0,"pct":5.55}}
,"/Users/james/Documents/Code/Meridian-Mono/Meridian/backend/utilities/friendUtils.js": {"lines":{"total":39,"covered":5,"skipped":0,"pct":12.82},"functions":{"total":4,"covered":0,"skipped":0,"pct":0},"statements":{"total":39,"covered":5,"skipped":0,"pct":12.82},"branches":{"total":17,"covered":0,"skipped":0,"pct":0}}
,"/Users/james/Documents/Code/Meridian-Mono/Meridian/backend/utilities/pivotIsoWeek.js": {"lines":{"total":8,"covered":8,"skipped":0,"pct":100},"functions":{"total":2,"covered":2,"skipped":0,"pct":100},"statements":{"total":8,"covered":8,"skipped":0,"pct":100},"branches":{"total":5,"covered":3,"skipped":0,"pct":60}}
,"/Users/james/Documents/Code/Meridian-Mono/Meridian/backend/utilities/semesterHelpers.js": {"lines":{"total":75,"covered":61,"skipped":0,"pct":81.33},"functions":{"total":10,"covered":9,"skipped":0,"pct":90},"statements":{"total":75,"covered":61,"skipped":0,"pct":81.33},"branches":{"total":43,"covered":20,"skipped":0,"pct":46.51}}
,"/Users/james/Documents/Code/Meridian-Mono/Meridian/backend/utilities/sessionUtils.js": {"lines":{"total":122,"covered":5,"skipped":0,"pct":4.09},"functions":{"total":15,"covered":0,"skipped":0,"pct":0},"statements":{"total":122,"covered":5,"skipped":0,"pct":4.09},"branches":{"total":67,"covered":0,"skipped":0,"pct":0}}
,"/Users/james/Documents/Code/Meridian-Mono/Meridian/backend/utilities/timeBlockHelper.js": {"lines":{"total":110,"covered":79,"skipped":0,"pct":71.81},"functions":{"total":15,"covered":12,"skipped":0,"pct":80},"statements":{"total":114,"covered":81,"skipped":0,"pct":71.05},"branches":{"total":48,"covered":19,"skipped":0,"pct":39.58}}
}
