{"total": {"lines":{"total":704,"covered":291,"skipped":0,"pct":41.33},"statements":{"total":718,"covered":296,"skipped":0,"pct":41.22},"functions":{"total":113,"covered":48,"skipped":0,"pct":42.47},"branches":{"total":608,"covered":193,"skipped":0,"pct":31.74},"branchesTrue":{"total":0,"covered":0,"skipped":0,"pct":100}}
,"/Users/james/Documents/Code/Meridian-Mono/Meridian/backend/services/feedbackService.js": {"lines":{"total":78,"covered":2,"skipped":0,"pct":2.56},"functions":{"total":14,"covered":0,"skipped":0,"pct":0},"statements":{"total":78,"covered":2,"skipped":0,"pct":2.56},"branches":{"total":27,"covered":0,"skipped":0,"pct":0}}
,"/Users/james/Documents/Code/Meridian-Mono/Meridian/backend/services/pivotFeedService.js": {"lines":{"total":238,"covered":217,"skipped":0,"pct":91.17},"functions":{"total":31,"covered":31,"skipped":0,"pct":100},"statements":{"total":241,"covered":220,"skipped":0,"pct":91.28},"branches":{"total":198,"covered":148,"skipped":0,"pct":74.74}}
,"/Users/james/Documents/Code/Meridian-Mono/Meridian/backend/services/pivotFeedbackService.js": {"lines":{"total":82,"covered":8,"skipped":0,"pct":9.75},"functions":{"total":14,"covered":0,"skipped":0,"pct":0},"statements":{"total":89,"covered":8,"skipped":0,"pct":8.98},"branches":{"total":61,"covered":0,"skipped":0,"pct":0}}
,"/Users/james/Documents/Code/Meridian-Mono/Meridian/backend/services/pivotIntentService.js": {"lines":{"total":127,"covered":10,"skipped":0,"pct":7.87},"functions":{"total":13,"covered":0,"skipped":0,"pct":0},"statements":{"total":127,"covered":10,"skipped":0,"pct":7.87},"branches":{"total":130,"covered":0,"skipped":0,"pct":0}}
,"/Users/james/Documents/Code/Meridian-Mono/Meridian/backend/utilities/pivotIsoWeek.js": {"lines":{"total":29,"covered":3,"skipped":0,"pct":10.34},"functions":{"total":6,"covered":1,"skipped":0,"pct":16.66},"statements":{"total":29,"covered":3,"skipped":0,"pct":10.34},"branches":{"total":11,"covered":2,"skipped":0,"pct":18.18}}
,"/Users/james/Documents/Code/Meridian-Mono/Meridian/backend/utilities/pivotLogger.js": {"lines":{"total":35,"covered":9,"skipped":0,"pct":25.71},"functions":{"total":9,"covered":3,"skipped":0,"pct":33.33},"statements":{"total":35,"covered":9,"skipped":0,"pct":25.71},"branches":{"total":28,"covered":9,"skipped":0,"pct":32.14}}
,"/Users/james/Documents/Code/Meridian-Mono/Meridian/backend/utilities/pivotMovieMetadata.js": {"lines":{"total":62,"covered":11,"skipped":0,"pct":17.74},"functions":{"total":11,"covered":3,"skipped":0,"pct":27.27},"statements":{"total":63,"covered":11,"skipped":0,"pct":17.46},"branches":{"total":101,"covered":8,"skipped":0,"pct":7.92}}
,"/Users/james/Documents/Code/Meridian-Mono/Meridian/backend/utilities/pivotTimeSlots.js": {"lines":{"total":53,"covered":31,"skipped":0,"pct":58.49},"functions":{"total":15,"covered":10,"skipped":0,"pct":66.66},"statements":{"total":56,"covered":33,"skipped":0,"pct":58.92},"branches":{"total":52,"covered":26,"skipped":0,"pct":50}}
}
