TN:
SF:services/feedbackService.js
FN:4,(anonymous_0)
FN:10,(anonymous_1)
FN:24,(anonymous_2)
FN:34,(anonymous_3)
FN:87,(anonymous_4)
FN:101,(anonymous_5)
FN:109,(anonymous_6)
FN:117,(anonymous_7)
FN:245,(anonymous_8)
FN:259,(anonymous_9)
FN:300,(anonymous_10)
FN:313,(anonymous_11)
FN:318,(anonymous_12)
FN:331,(anonymous_13)
FNF:14
FNH:0
FNDA:0,(anonymous_0)
FNDA:0,(anonymous_1)
FNDA:0,(anonymous_2)
FNDA:0,(anonymous_3)
FNDA:0,(anonymous_4)
FNDA:0,(anonymous_5)
FNDA:0,(anonymous_6)
FNDA:0,(anonymous_7)
FNDA:0,(anonymous_8)
FNDA:0,(anonymous_9)
FNDA:0,(anonymous_10)
FNDA:0,(anonymous_11)
FNDA:0,(anonymous_12)
FNDA:0,(anonymous_13)
DA:1,1
DA:5,0
DA:6,0
DA:11,0
DA:13,0
DA:16,0
DA:17,0
DA:20,0
DA:25,0
DA:27,0
DA:28,0
DA:30,0
DA:35,0
DA:38,0
DA:41,0
DA:43,0
DA:44,0
DA:48,0
DA:49,0
DA:50,0
DA:54,0
DA:60,0
DA:62,0
DA:63,0
DA:64,0
DA:65,0
DA:66,0
DA:68,0
DA:71,0
DA:82,0
DA:88,0
DA:90,0
DA:97,0
DA:102,0
DA:104,0
DA:105,0
DA:110,0
DA:112,0
DA:113,0
DA:118,0
DA:119,0
DA:122,0
DA:168,0
DA:212,0
DA:217,0
DA:222,0
DA:224,0
DA:225,0
DA:228,0
DA:229,0
DA:232,0
DA:237,0
DA:238,0
DA:241,0
DA:246,0
DA:247,0
DA:251,0
DA:252,0
DA:255,0
DA:256,0
DA:260,0
DA:261,0
DA:296,0
DA:301,0
DA:303,0
DA:304,0
DA:308,0
DA:313,0
DA:319,0
DA:321,0
DA:327,0
DA:332,0
DA:334,0
DA:335,0
DA:336,0
DA:339,0
DA:345,0
DA:349,1
LF:78
LH:2
BRDA:16,0,0,0
BRDA:16,0,1,0
BRDA:24,1,0,0
BRDA:34,2,0,0
BRDA:43,3,0,0
BRDA:43,3,1,0
BRDA:49,4,0,0
BRDA:49,4,1,0
BRDA:60,5,0,0
BRDA:60,5,1,0
BRDA:101,6,0,0
BRDA:224,7,0,0
BRDA:224,7,1,0
BRDA:228,8,0,0
BRDA:228,8,1,0
BRDA:237,9,0,0
BRDA:237,9,1,0
BRDA:251,10,0,0
BRDA:251,10,1,0
BRDA:300,11,0,0
BRDA:303,12,0,0
BRDA:303,12,1,0
BRDA:331,13,0,0
BRDA:331,14,0,0
BRDA:331,15,0,0
BRDA:335,16,0,0
BRDA:335,16,1,0
BRF:27
BRH:0
end_of_record
TN:
SF:services/pivotFeedService.js
FN:23,getPilotWindow
FN:32,getFeedPilotWindowFilter
FN:59,isUpcomingPivotEvent
FN:88,getUpcomingEventTimeFilter
FN:104,resolveDisplayHost
FN:118,serializePivotFeedEvent
FN:153,getAcceptedFriendIds
FN:162,(anonymous_7)
FN:167,mapFriendPreview
FN:175,makeEmptySocialMap
FN:177,(anonymous_10)
FN:189,loadFriendSocial
FN:220,(anonymous_12)
FN:255,(anonymous_13)
FN:260,(anonymous_14)
FN:310,normalizeExcludeEventIds
FN:330,normalizeInterestTagSet
FN:348,countInterestOverlap
FN:372,countNegativeTagOverlap
FN:396,compareByFeedRank
FN:401,(anonymous_20)
FN:434,loadUserInterestTags
FN:440,collectCatalogTagsFromEvents
FN:460,loadNegativeFeedbackTags
FN:476,(anonymous_24)
FN:487,getPivotFeed
FN:528,(anonymous_26)
FN:532,(anonymous_27)
FN:551,(anonymous_28)
FN:570,(anonymous_29)
FN:605,getPivotEventFriends
FNF:31
FNH:31
FNDA:14,getPilotWindow
FNDA:13,getFeedPilotWindowFilter
FNDA:20,isUpcomingPivotEvent
FNDA:13,getUpcomingEventTimeFilter
FNDA:34,resolveDisplayHost
FNDA:16,serializePivotFeedEvent
FNDA:11,getAcceptedFriendIds
FNDA:2,(anonymous_7)
FNDA:3,mapFriendPreview
FNDA:15,makeEmptySocialMap
FNDA:20,(anonymous_10)
FNDA:13,loadFriendSocial
FNDA:1,(anonymous_12)
FNDA:3,(anonymous_13)
FNDA:2,(anonymous_14)
FNDA:16,normalizeExcludeEventIds
FNDA:17,normalizeInterestTagSet
FNDA:14,countInterestOverlap
FNDA:8,countNegativeTagOverlap
FNDA:14,compareByFeedRank
FNDA:7,(anonymous_20)
FNDA:12,loadUserInterestTags
FNDA:1,collectCatalogTagsFromEvents
FNDA:12,loadNegativeFeedbackTags
FNDA:1,(anonymous_24)
FNDA:13,getPivotFeed
FNDA:17,(anonymous_26)
FNDA:15,(anonymous_27)
FNDA:15,(anonymous_28)
FNDA:15,(anonymous_29)
FNDA:2,getPivotEventFriends
DA:1,1
DA:2,1
DA:3,1
DA:4,1
DA:5,1
DA:10,1
DA:14,1
DA:15,1
DA:17,1
DA:18,1
DA:19,1
DA:21,1
DA:24,14
DA:27,14
DA:28,14
DA:33,13
DA:35,13
DA:60,20
DA:61,0
DA:64,20
DA:65,20
DA:66,1
DA:70,19
DA:73,19
DA:74,5
DA:78,14
DA:81,14
DA:82,14
DA:85,0
DA:89,13
DA:105,34
DA:106,34
DA:107,34
DA:108,2
DA:111,32
DA:119,16
DA:120,16
DA:121,16
DA:122,16
DA:123,16
DA:127,16
DA:154,11
DA:161,11
DA:162,11
DA:163,2
DA:168,3
DA:176,15
DA:177,20
DA:190,13
DA:192,13
DA:193,2
DA:200,11
DA:207,11
DA:211,11
DA:212,10
DA:215,11
DA:219,11
DA:220,1
DA:229,11
DA:230,11
DA:231,9
DA:238,2
DA:246,2
DA:247,0
DA:254,2
DA:255,3
DA:257,2
DA:260,2
DA:262,2
DA:263,2
DA:265,2
DA:266,3
DA:267,3
DA:268,3
DA:269,3
DA:270,0
DA:273,3
DA:274,3
DA:275,2
DA:276,2
DA:277,2
DA:278,2
DA:280,2
DA:281,2
DA:284,2
DA:285,2
DA:286,0
DA:287,0
DA:288,0
DA:293,0
DA:294,0
DA:295,0
DA:296,0
DA:299,1
DA:300,1
DA:301,1
DA:302,1
DA:307,2
DA:311,16
DA:312,13
DA:315,3
DA:319,3
DA:320,3
DA:321,7
DA:322,7
DA:323,5
DA:327,3
DA:331,17
DA:332,0
DA:335,17
DA:336,17
DA:337,10
DA:338,0
DA:340,10
DA:341,10
DA:342,10
DA:345,17
DA:349,14
DA:350,2
DA:353,12
DA:354,12
DA:355,3
DA:358,9
DA:359,9
DA:360,10
DA:361,0
DA:363,10
DA:364,10
DA:365,8
DA:369,9
DA:373,8
DA:374,2
DA:377,6
DA:378,6
DA:379,2
DA:382,4
DA:383,4
DA:384,4
DA:385,0
DA:387,4
DA:388,4
DA:389,2
DA:393,4
DA:401,14
DA:402,7
DA:403,7
DA:404,7
DA:405,7
DA:406,7
DA:407,1
DA:410,6
DA:411,6
DA:412,6
DA:413,1
DA:416,5
DA:417,5
DA:418,5
DA:419,2
DA:422,3
DA:423,3
DA:424,3
DA:425,2
DA:428,1
DA:429,1
DA:430,1
DA:435,12
DA:436,12
DA:437,12
DA:441,1
DA:442,1
DA:443,1
DA:444,1
DA:445,0
DA:447,1
DA:448,1
DA:449,0
DA:451,1
DA:452,1
DA:453,1
DA:457,1
DA:461,12
DA:462,12
DA:464,12
DA:472,12
DA:473,11
DA:476,1
DA:477,1
DA:484,1
DA:488,13
DA:489,13
DA:490,0
DA:497,13
DA:498,13
DA:499,13
DA:500,1
DA:507,12
DA:508,12
DA:510,12
DA:518,12
DA:519,1
DA:522,12
DA:527,12
DA:529,17
DA:532,15
DA:533,12
DA:541,12
DA:542,12
DA:543,12
DA:547,12
DA:548,12
DA:550,12
DA:551,15
DA:554,12
DA:566,12
DA:571,15
DA:572,15
DA:578,15
DA:579,15
DA:582,15
DA:583,15
DA:584,2
DA:585,2
DA:586,0
DA:590,15
DA:606,2
DA:607,2
DA:608,0
DA:615,2
DA:616,2
DA:617,0
DA:624,2
DA:625,2
DA:635,2
DA:636,1
DA:643,1
DA:649,1
DA:654,1
DA:662,1
LF:238
LH:217
BRDA:23,0,0,0
BRDA:32,1,0,0
BRDA:59,2,0,0
BRDA:60,3,0,0
BRDA:60,3,1,20
BRDA:65,4,0,1
BRDA:65,4,1,19
BRDA:70,5,0,5
BRDA:70,5,1,14
BRDA:70,6,0,19
BRDA:70,6,1,5
BRDA:73,7,0,5
BRDA:73,7,1,14
BRDA:73,8,0,19
BRDA:73,8,1,5
BRDA:78,9,0,14
BRDA:78,9,1,0
BRDA:78,10,0,14
BRDA:78,10,1,14
BRDA:81,11,0,14
BRDA:81,11,1,0
BRDA:81,12,0,14
BRDA:81,12,1,14
BRDA:88,13,0,0
BRDA:107,14,0,2
BRDA:107,14,1,32
BRDA:113,15,0,1
BRDA:113,15,1,31
BRDA:114,16,0,0
BRDA:114,16,1,32
BRDA:119,17,0,16
BRDA:119,17,1,0
BRDA:123,18,0,1
BRDA:123,18,1,15
BRDA:130,19,0,16
BRDA:130,19,1,16
BRDA:136,20,0,16
BRDA:136,20,1,9
BRDA:137,21,0,9
BRDA:137,21,1,7
BRDA:138,22,0,0
BRDA:138,22,1,16
BRDA:139,23,0,1
BRDA:139,23,1,15
BRDA:140,24,0,0
BRDA:140,24,1,16
BRDA:143,25,0,0
BRDA:143,25,1,16
BRDA:163,26,0,2
BRDA:163,26,1,0
BRDA:170,27,0,3
BRDA:170,27,1,0
BRDA:170,27,2,0
BRDA:171,28,0,3
BRDA:171,28,1,3
BRDA:189,29,0,0
BRDA:189,30,0,1
BRDA:192,31,0,2
BRDA:192,31,1,11
BRDA:211,32,0,10
BRDA:211,32,1,1
BRDA:224,33,0,1
BRDA:224,33,1,1
BRDA:230,34,0,9
BRDA:230,34,1,2
BRDA:246,35,0,0
BRDA:246,35,1,2
BRDA:269,36,0,0
BRDA:269,36,1,3
BRDA:269,37,0,3
BRDA:269,37,1,3
BRDA:274,38,0,2
BRDA:274,38,1,1
BRDA:277,39,0,2
BRDA:277,39,1,0
BRDA:280,40,0,2
BRDA:280,40,1,0
BRDA:284,41,0,0
BRDA:284,41,1,2
BRDA:285,42,0,0
BRDA:285,42,1,2
BRDA:287,43,0,0
BRDA:287,43,1,0
BRDA:295,44,0,0
BRDA:295,44,1,0
BRDA:299,45,0,1
BRDA:299,45,1,0
BRDA:301,46,0,1
BRDA:301,46,1,0
BRDA:311,47,0,13
BRDA:311,47,1,3
BRDA:315,48,0,1
BRDA:315,48,1,2
BRDA:322,49,0,5
BRDA:322,49,1,2
BRDA:322,50,0,7
BRDA:322,50,1,7
BRDA:331,51,0,0
BRDA:331,51,1,17
BRDA:337,52,0,0
BRDA:337,52,1,10
BRDA:341,53,0,10
BRDA:341,53,1,0
BRDA:349,54,0,2
BRDA:349,54,1,12
BRDA:354,55,0,3
BRDA:354,55,1,9
BRDA:354,56,0,12
BRDA:354,56,1,12
BRDA:360,57,0,0
BRDA:360,57,1,10
BRDA:364,58,0,8
BRDA:364,58,1,2
BRDA:364,59,0,10
BRDA:364,59,1,10
BRDA:373,60,0,2
BRDA:373,60,1,6
BRDA:378,61,0,2
BRDA:378,61,1,4
BRDA:378,62,0,6
BRDA:378,62,1,5
BRDA:384,63,0,0
BRDA:384,63,1,4
BRDA:388,64,0,2
BRDA:388,64,1,2
BRDA:388,65,0,4
BRDA:388,65,1,4
BRDA:399,66,0,1
BRDA:404,67,0,7
BRDA:404,67,1,6
BRDA:405,68,0,7
BRDA:405,68,1,7
BRDA:406,69,0,1
BRDA:406,69,1,6
BRDA:410,70,0,6
BRDA:410,70,1,5
BRDA:411,71,0,6
BRDA:411,71,1,6
BRDA:412,72,0,1
BRDA:412,72,1,5
BRDA:418,73,0,2
BRDA:418,73,1,3
BRDA:424,74,0,2
BRDA:424,74,1,1
BRDA:428,75,0,1
BRDA:428,75,1,0
BRDA:429,76,0,1
BRDA:429,76,1,0
BRDA:444,77,0,0
BRDA:444,77,1,1
BRDA:448,78,0,0
BRDA:448,78,1,1
BRDA:452,79,0,1
BRDA:452,79,1,0
BRDA:452,80,0,1
BRDA:452,80,1,1
BRDA:472,81,0,11
BRDA:472,81,1,1
BRDA:487,82,0,0
BRDA:489,83,0,0
BRDA:489,83,1,13
BRDA:497,84,0,13
BRDA:497,84,1,0
BRDA:498,85,0,13
BRDA:498,85,1,0
BRDA:499,86,0,1
BRDA:499,86,1,12
BRDA:499,87,0,13
BRDA:499,87,1,13
BRDA:518,88,0,1
BRDA:518,88,1,11
BRDA:529,89,0,17
BRDA:529,89,1,16
BRDA:548,90,0,12
BRDA:548,90,1,0
BRDA:548,90,2,0
BRDA:572,91,0,15
BRDA:572,91,1,0
BRDA:585,92,0,0
BRDA:585,92,1,2
BRDA:592,93,0,15
BRDA:592,93,1,14
BRDA:593,94,0,15
BRDA:593,94,1,15
BRDA:597,95,0,15
BRDA:597,95,1,13
BRDA:598,96,0,15
BRDA:598,96,1,14
BRDA:607,97,0,0
BRDA:607,97,1,2
BRDA:615,98,0,2
BRDA:615,98,1,0
BRDA:616,99,0,0
BRDA:616,99,1,2
BRDA:635,100,0,1
BRDA:635,100,1,1
BRDA:649,101,0,1
BRDA:649,101,1,0
BRF:198
BRH:148
end_of_record
TN:
SF:services/pivotFeedbackService.js
FN:14,unauthorized
FN:18,serializePendingEvent
FN:29,getPendingEventFeedback
FN:54,(anonymous_3)
FN:68,(anonymous_4)
FN:73,(anonymous_5)
FN:82,(anonymous_6)
FN:83,(anonymous_7)
FN:87,(anonymous_8)
FN:92,submitEventFeedback
FN:198,listUserPivotEventFeedback
FN:219,(anonymous_11)
FN:223,(anonymous_12)
FN:225,(anonymous_13)
FNF:14
FNH:0
FNDA:0,unauthorized
FNDA:0,serializePendingEvent
FNDA:0,getPendingEventFeedback
FNDA:0,(anonymous_3)
FNDA:0,(anonymous_4)
FNDA:0,(anonymous_5)
FNDA:0,(anonymous_6)
FNDA:0,(anonymous_7)
FNDA:0,(anonymous_8)
FNDA:0,submitEventFeedback
FNDA:0,listUserPivotEventFeedback
FNDA:0,(anonymous_11)
FNDA:0,(anonymous_12)
FNDA:0,(anonymous_13)
DA:1,1
DA:2,1
DA:3,1
DA:7,1
DA:8,1
DA:10,1
DA:12,1
DA:15,0
DA:19,0
DA:20,0
DA:30,0
DA:31,0
DA:32,0
DA:35,0
DA:36,0
DA:43,0
DA:50,0
DA:51,0
DA:54,0
DA:56,0
DA:68,0
DA:69,0
DA:70,0
DA:73,0
DA:74,0
DA:82,0
DA:83,0
DA:85,0
DA:87,0
DA:93,0
DA:94,0
DA:95,0
DA:98,0
DA:99,0
DA:101,0
DA:103,0
DA:104,0
DA:111,0
DA:112,0
DA:113,0
DA:120,0
DA:121,0
DA:122,0
DA:123,0
DA:130,0
DA:131,0
DA:138,0
DA:139,0
DA:145,0
DA:146,0
DA:153,0
DA:154,0
DA:155,0
DA:158,0
DA:159,0
DA:161,0
DA:162,0
DA:163,0
DA:164,0
DA:172,0
DA:180,0
DA:181,0
DA:187,0
DA:188,0
DA:194,0
DA:199,0
DA:200,0
DA:201,0
DA:204,0
DA:205,0
DA:207,0
DA:215,0
DA:216,0
DA:219,0
DA:220,0
DA:223,0
DA:225,0
DA:226,0
DA:227,0
DA:228,0
DA:239,0
DA:242,1
LF:82
LH:8
BRDA:25,0,0,0
BRDA:25,0,1,0
BRDA:29,1,0,0
BRDA:31,2,0,0
BRDA:31,2,1,0
BRDA:35,3,0,0
BRDA:35,3,1,0
BRDA:50,4,0,0
BRDA:50,4,1,0
BRDA:69,5,0,0
BRDA:69,5,1,0
BRDA:92,6,0,0
BRDA:94,7,0,0
BRDA:94,7,1,0
BRDA:98,8,0,0
BRDA:98,8,1,0
BRDA:101,9,0,0
BRDA:101,9,1,0
BRDA:103,10,0,0
BRDA:103,10,1,0
BRDA:112,11,0,0
BRDA:112,11,1,0
BRDA:112,12,0,0
BRDA:112,12,1,0
BRDA:112,12,2,0
BRDA:120,13,0,0
BRDA:120,13,1,0
BRDA:122,14,0,0
BRDA:122,14,1,0
BRDA:130,15,0,0
BRDA:130,15,1,0
BRDA:130,16,0,0
BRDA:130,16,1,0
BRDA:145,17,0,0
BRDA:145,17,1,0
BRDA:154,18,0,0
BRDA:154,18,1,0
BRDA:158,19,0,0
BRDA:158,19,1,0
BRDA:158,19,2,0
BRDA:180,20,0,0
BRDA:180,20,1,0
BRDA:187,21,0,0
BRDA:187,21,1,0
BRDA:198,22,0,0
BRDA:200,23,0,0
BRDA:200,23,1,0
BRDA:204,24,0,0
BRDA:204,24,1,0
BRDA:215,25,0,0
BRDA:215,25,1,0
BRDA:227,26,0,0
BRDA:227,26,1,0
BRDA:230,27,0,0
BRDA:230,27,1,0
BRDA:232,28,0,0
BRDA:232,28,1,0
BRDA:233,29,0,0
BRDA:233,29,1,0
BRDA:234,30,0,0
BRDA:234,30,1,0
BRF:61
BRH:0
end_of_record
TN:
SF:services/pivotIntentService.js
FN:27,unauthorized
FN:36,findPublishedPivotEvent
FN:57,upsertIntent
FN:74,resolveRegisteredTimeSlotId
FN:106,recordFeedAction
FN:171,recordExternalOpen
FN:234,confirmRegistered
FN:289,serializeRecapEvent
FN:310,getWeekRecap
FN:341,(anonymous_9)
FN:366,(anonymous_10)
FN:367,(anonymous_11)
FN:405,resetWeekActions
FNF:13
FNH:0
FNDA:0,unauthorized
FNDA:0,findPublishedPivotEvent
FNDA:0,upsertIntent
FNDA:0,resolveRegisteredTimeSlotId
FNDA:0,recordFeedAction
FNDA:0,recordExternalOpen
FNDA:0,confirmRegistered
FNDA:0,serializeRecapEvent
FNDA:0,getWeekRecap
FNDA:0,(anonymous_9)
FNDA:0,(anonymous_10)
FNDA:0,(anonymous_11)
FNDA:0,resetWeekActions
DA:1,1
DA:2,1
DA:9,1
DA:10,1
DA:11,1
DA:16,1
DA:18,1
DA:23,1
DA:25,1
DA:28,0
DA:37,0
DA:39,0
DA:47,0
DA:48,0
DA:49,0
DA:52,0
DA:58,0
DA:60,0
DA:61,0
DA:62,0
DA:65,0
DA:71,0
DA:75,0
DA:76,0
DA:77,0
DA:80,0
DA:81,0
DA:83,0
DA:84,0
DA:87,0
DA:88,0
DA:95,0
DA:96,0
DA:103,0
DA:107,0
DA:108,0
DA:109,0
DA:112,0
DA:113,0
DA:115,0
DA:116,0
DA:123,0
DA:124,0
DA:125,0
DA:132,0
DA:136,0
DA:137,0
DA:144,0
DA:145,0
DA:153,0
DA:161,0
DA:172,0
DA:173,0
DA:174,0
DA:177,0
DA:178,0
DA:179,0
DA:186,0
DA:187,0
DA:188,0
DA:195,0
DA:196,0
DA:199,0
DA:201,0
DA:205,0
DA:215,0
DA:223,0
DA:235,0
DA:236,0
DA:237,0
DA:240,0
DA:241,0
DA:242,0
DA:249,0
DA:250,0
DA:251,0
DA:258,0
DA:259,0
DA:260,0
DA:263,0
DA:264,0
DA:272,0
DA:279,0
DA:290,0
DA:292,0
DA:294,0
DA:298,0
DA:311,0
DA:312,0
DA:313,0
DA:316,0
DA:317,0
DA:318,0
DA:319,0
DA:326,0
DA:328,0
DA:336,0
DA:337,0
DA:340,0
DA:341,0
DA:346,0
DA:348,0
DA:359,0
DA:365,0
DA:366,0
DA:368,0
DA:369,0
DA:375,0
DA:378,0
DA:379,0
DA:380,0
DA:381,0
DA:382,0
DA:386,0
DA:395,0
DA:402,0
DA:406,0
DA:407,0
DA:408,0
DA:411,0
DA:412,0
DA:413,0
DA:414,0
DA:421,0
DA:425,0
DA:430,0
DA:438,1
LF:127
LH:10
BRDA:36,0,0,0
BRDA:47,1,0,0
BRDA:47,1,1,0
BRDA:61,2,0,0
BRDA:61,2,1,0
BRDA:62,3,0,0
BRDA:62,3,1,0
BRDA:76,4,0,0
BRDA:76,4,1,0
BRDA:81,5,0,0
BRDA:81,5,1,0
BRDA:83,6,0,0
BRDA:83,6,1,0
BRDA:84,7,0,0
BRDA:84,7,1,0
BRDA:87,8,0,0
BRDA:87,8,1,0
BRDA:95,9,0,0
BRDA:95,9,1,0
BRDA:106,10,0,0
BRDA:108,11,0,0
BRDA:108,11,1,0
BRDA:112,12,0,0
BRDA:112,12,1,0
BRDA:113,13,0,0
BRDA:113,13,1,0
BRDA:115,14,0,0
BRDA:115,14,1,0
BRDA:124,15,0,0
BRDA:124,15,1,0
BRDA:136,16,0,0
BRDA:136,16,1,0
BRDA:144,17,0,0
BRDA:144,17,1,0
BRDA:166,18,0,0
BRDA:166,18,1,0
BRDA:171,19,0,0
BRDA:173,20,0,0
BRDA:173,20,1,0
BRDA:177,21,0,0
BRDA:177,21,1,0
BRDA:178,22,0,0
BRDA:178,22,1,0
BRDA:187,23,0,0
BRDA:187,23,1,0
BRDA:195,24,0,0
BRDA:195,24,1,0
BRDA:196,25,0,0
BRDA:196,25,1,0
BRDA:199,26,0,0
BRDA:199,26,1,0
BRDA:234,27,0,0
BRDA:236,28,0,0
BRDA:236,28,1,0
BRDA:240,29,0,0
BRDA:240,29,1,0
BRDA:241,30,0,0
BRDA:241,30,1,0
BRDA:250,31,0,0
BRDA:250,31,1,0
BRDA:259,32,0,0
BRDA:259,32,1,0
BRDA:263,33,0,0
BRDA:263,33,1,0
BRDA:276,34,0,0
BRDA:276,34,1,0
BRDA:284,35,0,0
BRDA:284,35,1,0
BRDA:289,36,0,0
BRDA:290,37,0,0
BRDA:290,37,1,0
BRDA:292,38,0,0
BRDA:292,38,1,0
BRDA:292,39,0,0
BRDA:292,39,1,0
BRDA:294,40,0,0
BRDA:294,40,1,0
BRDA:294,40,2,0
BRDA:294,41,0,0
BRDA:294,41,1,0
BRDA:294,42,0,0
BRDA:294,42,1,0
BRDA:300,43,0,0
BRDA:300,43,1,0
BRDA:302,44,0,0
BRDA:302,44,1,0
BRDA:303,45,0,0
BRDA:303,45,1,0
BRDA:304,46,0,0
BRDA:304,46,1,0
BRDA:305,47,0,0
BRDA:305,47,1,0
BRDA:306,48,0,0
BRDA:306,48,1,0
BRDA:310,49,0,0
BRDA:312,50,0,0
BRDA:312,50,1,0
BRDA:316,51,0,0
BRDA:316,51,1,0
BRDA:317,52,0,0
BRDA:317,52,1,0
BRDA:318,53,0,0
BRDA:318,53,1,0
BRDA:318,54,0,0
BRDA:318,54,1,0
BRDA:336,55,0,0
BRDA:336,55,1,0
BRDA:343,56,0,0
BRDA:343,56,1,0
BRDA:369,57,0,0
BRDA:369,57,1,0
BRDA:381,58,0,0
BRDA:381,58,1,0
BRDA:390,59,0,0
BRDA:390,59,1,0
BRDA:391,60,0,0
BRDA:391,60,1,0
BRDA:405,61,0,0
BRDA:407,62,0,0
BRDA:407,62,1,0
BRDA:411,63,0,0
BRDA:411,63,1,0
BRDA:412,64,0,0
BRDA:412,64,1,0
BRDA:413,65,0,0
BRDA:413,65,1,0
BRDA:413,66,0,0
BRDA:413,66,1,0
BRDA:433,67,0,0
BRDA:433,67,1,0
BRF:130
BRH:0
end_of_record
TN:
SF:utilities/pivotIsoWeek.js
FN:6,toIsoWeek
FN:16,isValidIsoWeek
FN:25,isoWeekToMondayUtc
FN:45,isoWeekToUtcRange
FN:52,toIsoWeekUtc
FN:66,shiftIsoWeek
FNF:6
FNH:1
FNDA:0,toIsoWeek
FNDA:13,isValidIsoWeek
FNDA:0,isoWeekToMondayUtc
FNDA:0,isoWeekToUtcRange
FNDA:0,toIsoWeekUtc
FNDA:0,shiftIsoWeek
DA:7,0
DA:8,0
DA:9,0
DA:10,0
DA:11,0
DA:14,1
DA:17,13
DA:26,0
DA:27,0
DA:30,0
DA:31,0
DA:32,0
DA:33,0
DA:34,0
DA:35,0
DA:36,0
DA:37,0
DA:46,0
DA:47,0
DA:48,0
DA:53,0
DA:54,0
DA:55,0
DA:56,0
DA:57,0
DA:67,0
DA:68,0
DA:69,0
DA:72,1
LF:29
LH:3
BRDA:6,0,0,0
BRDA:8,1,0,0
BRDA:8,1,1,0
BRDA:17,2,0,13
BRDA:17,2,1,13
BRDA:26,3,0,0
BRDA:26,3,1,0
BRDA:34,4,0,0
BRDA:34,4,1,0
BRDA:54,5,0,0
BRDA:54,5,1,0
BRF:11
BRH:2
end_of_record
TN:
SF:utilities/pivotLogger.js
FN:3,isPivotLoggingEnabled
FN:14,serializeMeta
FN:25,logPivot
FN:42,pivotRequestContext
FN:52,pivotRequestLogger
FN:59,(anonymous_5)
FN:70,logPivotRouteError
FN:77,logPivotServiceReject
FN:86,logPivotServiceSuccess
FNF:9
FNH:3
FNDA:12,isPivotLoggingEnabled
FNDA:0,serializeMeta
FNDA:12,logPivot
FNDA:12,pivotRequestContext
FNDA:0,pivotRequestLogger
FNDA:0,(anonymous_5)
FNDA:0,logPivotRouteError
FNDA:0,logPivotServiceReject
FNDA:0,logPivotServiceSuccess
DA:1,1
DA:4,12
DA:5,12
DA:6,0
DA:8,12
DA:9,12
DA:11,0
DA:15,0
DA:16,0
DA:18,0
DA:19,0
DA:21,0
DA:26,12
DA:27,12
DA:30,0
DA:31,0
DA:32,0
DA:33,0
DA:35,0
DA:36,0
DA:37,0
DA:39,0
DA:43,12
DA:53,0
DA:54,0
DA:55,0
DA:58,0
DA:59,0
DA:60,0
DA:61,0
DA:67,0
DA:71,0
DA:78,0
DA:87,0
DA:93,1
LF:35
LH:9
BRDA:5,0,0,0
BRDA:5,0,1,12
BRDA:5,1,0,12
BRDA:5,1,1,12
BRDA:8,2,0,12
BRDA:8,2,1,0
BRDA:15,3,0,0
BRDA:15,3,1,0
BRDA:26,4,0,12
BRDA:26,4,1,0
BRDA:31,5,0,0
BRDA:31,5,1,0
BRDA:35,6,0,0
BRDA:35,6,1,0
BRDA:44,7,0,12
BRDA:44,7,1,0
BRDA:45,8,0,12
BRDA:45,8,1,0
BRDA:47,9,0,12
BRDA:47,9,1,12
BRDA:53,10,0,0
BRDA:53,10,1,0
BRDA:60,11,0,0
BRDA:60,11,1,0
BRDA:60,12,0,0
BRDA:60,12,1,0
BRDA:73,13,0,0
BRDA:73,13,1,0
BRF:28
BRH:9
end_of_record
TN:
SF:utilities/pivotMovieMetadata.js
FN:7,trimString
FN:11,toNumber
FN:22,roundRating
FN:30,buildTmdbImageUrl
FN:41,normalizeRatings
FN:64,normalizeStringArray
FN:68,(anonymous_6)
FN:75,normalizePivotMovie
FN:116,serializePivotMovie
FN:124,applyMovieListingDefaults
FN:138,resolvePivotCoverImageUrl
FNF:11
FNH:3
FNDA:16,trimString
FNDA:0,toNumber
FNDA:0,roundRating
FNDA:0,buildTmdbImageUrl
FNDA:0,normalizeRatings
FNDA:0,normalizeStringArray
FNDA:0,(anonymous_6)
FNDA:0,normalizePivotMovie
FNDA:32,serializePivotMovie
FNDA:0,applyMovieListingDefaults
FNDA:16,resolvePivotCoverImageUrl
DA:5,1
DA:8,16
DA:12,0
DA:13,0
DA:15,0
DA:16,0
DA:17,0
DA:19,0
DA:23,0
DA:24,0
DA:25,0
DA:27,0
DA:31,0
DA:32,0
DA:33,0
DA:35,0
DA:36,0
DA:38,0
DA:42,0
DA:43,0
DA:46,0
DA:47,0
DA:48,0
DA:49,0
DA:52,0
DA:65,0
DA:66,0
DA:68,0
DA:76,0
DA:77,0
DA:80,0
DA:81,0
DA:82,0
DA:83,0
DA:86,0
DA:87,0
DA:88,0
DA:90,0
DA:91,0
DA:92,0
DA:93,0
DA:94,0
DA:95,0
DA:96,0
DA:97,0
DA:99,0
DA:117,32
DA:118,32
DA:121,0
DA:125,0
DA:126,0
DA:129,0
DA:130,0
DA:139,16
DA:140,16
DA:141,16
DA:142,16
DA:143,0
DA:145,16
DA:146,0
DA:148,16
DA:151,1
LF:62
LH:11
BRDA:8,0,0,0
BRDA:8,0,1,16
BRDA:12,1,0,0
BRDA:12,1,1,0
BRDA:12,2,0,0
BRDA:12,2,1,0
BRDA:15,3,0,0
BRDA:15,3,1,0
BRDA:15,4,0,0
BRDA:15,4,1,0
BRDA:17,5,0,0
BRDA:17,5,1,0
BRDA:24,6,0,0
BRDA:24,6,1,0
BRDA:30,7,0,0
BRDA:32,8,0,0
BRDA:32,8,1,0
BRDA:35,9,0,0
BRDA:35,9,1,0
BRDA:35,10,0,0
BRDA:35,10,1,0
BRDA:38,11,0,0
BRDA:38,11,1,0
BRDA:42,12,0,0
BRDA:42,12,1,0
BRDA:42,13,0,0
BRDA:42,13,1,0
BRDA:46,14,0,0
BRDA:46,14,1,0
BRDA:47,15,0,0
BRDA:47,15,1,0
BRDA:48,16,0,0
BRDA:48,16,1,0
BRDA:48,17,0,0
BRDA:48,17,1,0
BRDA:53,18,0,0
BRDA:53,18,1,0
BRDA:57,19,0,0
BRDA:57,19,1,0
BRDA:65,20,0,0
BRDA:65,20,1,0
BRDA:76,21,0,0
BRDA:76,21,1,0
BRDA:76,22,0,0
BRDA:76,22,1,0
BRDA:82,23,0,0
BRDA:82,23,1,0
BRDA:82,24,0,0
BRDA:82,24,1,0
BRDA:87,25,0,0
BRDA:87,25,1,0
BRDA:88,26,0,0
BRDA:88,26,1,0
BRDA:90,27,0,0
BRDA:90,27,1,0
BRDA:91,28,0,0
BRDA:91,28,1,0
BRDA:102,29,0,0
BRDA:102,29,1,0
BRDA:103,30,0,0
BRDA:103,30,1,0
BRDA:104,31,0,0
BRDA:104,31,1,0
BRDA:105,32,0,0
BRDA:105,32,1,0
BRDA:106,33,0,0
BRDA:106,33,1,0
BRDA:107,34,0,0
BRDA:107,34,1,0
BRDA:108,35,0,0
BRDA:108,35,1,0
BRDA:109,36,0,0
BRDA:109,36,1,0
BRDA:110,37,0,0
BRDA:110,37,1,0
BRDA:111,38,0,0
BRDA:111,38,1,0
BRDA:112,39,0,0
BRDA:112,39,1,0
BRDA:117,40,0,32
BRDA:117,40,1,0
BRDA:117,41,0,32
BRDA:117,41,1,0
BRDA:125,42,0,0
BRDA:125,42,1,0
BRDA:132,43,0,0
BRDA:132,43,1,0
BRDA:133,44,0,0
BRDA:133,44,1,0
BRDA:133,44,2,0
BRDA:134,45,0,0
BRDA:134,45,1,0
BRDA:134,45,2,0
BRDA:139,46,0,16
BRDA:139,46,1,0
BRDA:142,47,0,0
BRDA:142,47,1,16
BRDA:145,48,0,0
BRDA:145,48,1,16
BRDA:148,49,0,16
BRDA:148,49,1,16
BRF:101
BRH:8
end_of_record
TN:
SF:utilities/pivotTimeSlots.js
FN:6,trimString
FN:10,parseDate
FN:22,normalizePivotTimeSlots
FN:53,(anonymous_3)
FN:57,resolveTimeSlotLabel
FN:72,serializePivotTimeSlots
FN:73,(anonymous_6)
FN:90,eventHasTimeSlots
FN:94,findTimeSlotById
FN:99,(anonymous_9)
FN:102,isTimeSlotUpcoming
FN:107,isUpcomingWithTimeSlots
FN:112,(anonymous_12)
FN:115,resolveEventEarliestStart
FN:123,resolveEventLatestEnd
FNF:15
FNH:10
FNDA:16,trimString
FNDA:16,parseDate
FNDA:66,normalizePivotTimeSlots
FNDA:4,(anonymous_3)
FNDA:2,resolveTimeSlotLabel
FNDA:1,serializePivotTimeSlots
FNDA:2,(anonymous_6)
FNDA:0,eventHasTimeSlots
FNDA:0,findTimeSlotById
FNDA:0,(anonymous_9)
FNDA:1,isTimeSlotUpcoming
FNDA:20,isUpcomingWithTimeSlots
FNDA:1,(anonymous_12)
FNDA:0,resolveEventEarliestStart
FNDA:0,resolveEventLatestEnd
DA:7,16
DA:11,16
DA:12,0
DA:14,16
DA:15,16
DA:23,66
DA:24,62
DA:27,4
DA:28,4
DA:30,4
DA:31,8
DA:32,0
DA:35,8
DA:36,8
DA:37,8
DA:38,0
DA:41,8
DA:42,8
DA:43,8
DA:45,8
DA:53,4
DA:54,4
DA:58,2
DA:59,0
DA:62,2
DA:73,1
DA:74,2
DA:79,2
DA:91,0
DA:95,0
DA:96,0
DA:97,0
DA:99,0
DA:103,1
DA:104,1
DA:108,20
DA:109,20
DA:110,19
DA:112,1
DA:116,0
DA:117,0
DA:118,0
DA:120,0
DA:124,0
DA:125,0
DA:126,0
DA:129,0
DA:130,0
DA:131,0
DA:132,0
DA:133,0
DA:136,0
DA:139,1
LF:53
LH:31
BRDA:7,0,0,8
BRDA:7,0,1,8
BRDA:11,1,0,0
BRDA:11,1,1,16
BRDA:15,2,0,0
BRDA:15,2,1,16
BRDA:23,3,0,62
BRDA:23,3,1,4
BRDA:23,4,0,66
BRDA:23,4,1,4
BRDA:31,5,0,0
BRDA:31,5,1,8
BRDA:31,6,0,8
BRDA:31,6,1,8
BRDA:36,7,0,8
BRDA:36,7,1,0
BRDA:37,8,0,0
BRDA:37,8,1,8
BRDA:37,9,0,8
BRDA:37,9,1,8
BRDA:37,9,2,8
BRDA:42,10,0,8
BRDA:42,10,1,0
BRDA:43,11,0,8
BRDA:43,11,1,8
BRDA:58,12,0,0
BRDA:58,12,1,2
BRDA:72,13,0,0
BRDA:74,14,0,2
BRDA:74,14,1,2
BRDA:82,15,0,2
BRDA:82,15,1,0
BRDA:96,16,0,0
BRDA:96,16,1,0
BRDA:99,17,0,0
BRDA:99,17,1,0
BRDA:102,18,0,0
BRDA:103,19,0,1
BRDA:103,19,1,0
BRDA:107,20,0,0
BRDA:109,21,0,19
BRDA:109,21,1,1
BRDA:117,22,0,0
BRDA:117,22,1,0
BRDA:125,23,0,0
BRDA:125,23,1,0
BRDA:131,24,0,0
BRDA:131,24,1,0
BRDA:132,25,0,0
BRDA:132,25,1,0
BRDA:132,26,0,0
BRDA:132,26,1,0
BRF:52
BRH:26
end_of_record
