TN:
SF:middlewares/pivotReferralValidateRateLimit.js
FN:7,pivotReferralValidateRateLimit
FNF:1
FNH:1
FNDA:2,pivotReferralValidateRateLimit
DA:2,1
DA:3,1
DA:5,1
DA:8,2
DA:9,2
DA:10,2
DA:12,2
DA:13,1
DA:14,1
DA:17,2
DA:19,2
DA:20,0
DA:27,2
DA:30,1
LF:14
LH:13
BRDA:8,0,0,2
BRDA:8,0,1,0
BRDA:8,0,2,0
BRDA:12,1,0,1
BRDA:12,1,1,1
BRDA:12,2,0,2
BRDA:12,2,1,1
BRDA:19,3,0,0
BRDA:19,3,1,2
BRF:9
BRH:6
end_of_record
TN:
SF:middlewares/requireAdmin.js
FN:8,requireAdmin
FNF:1
FNH:0
FNDA:0,requireAdmin
DA:1,1
DA:2,1
DA:9,0
DA:10,0
DA:13,0
DA:14,0
DA:16,0
DA:17,0
DA:18,0
DA:19,0
DA:20,0
DA:24,0
DA:25,0
DA:26,0
DA:27,0
DA:28,0
DA:29,0
DA:33,0
DA:34,0
DA:37,0
DA:38,0
DA:42,0
DA:43,0
DA:44,0
DA:52,0
DA:55,1
LF:26
LH:3
BRDA:9,0,0,0
BRDA:9,0,1,0
BRDA:13,1,0,0
BRDA:13,1,1,0
BRDA:14,2,0,0
BRDA:14,2,1,0
BRDA:16,3,0,0
BRDA:16,3,1,0
BRDA:19,4,0,0
BRDA:19,4,1,0
BRDA:19,5,0,0
BRDA:19,5,1,0
BRDA:19,5,2,0
BRDA:19,5,3,0
BRDA:25,6,0,0
BRDA:25,6,1,0
BRDA:28,7,0,0
BRDA:28,7,1,0
BRDA:28,8,0,0
BRDA:28,8,1,0
BRDA:28,8,2,0
BRDA:28,8,3,0
BRDA:28,8,4,0
BRDA:33,9,0,0
BRDA:33,9,1,0
BRDA:39,10,0,0
BRDA:39,10,1,0
BRDA:39,10,2,0
BRDA:39,10,3,0
BRDA:42,11,0,0
BRDA:42,11,1,0
BRDA:43,12,0,0
BRDA:43,12,1,0
BRDA:43,13,0,0
BRDA:43,13,1,0
BRF:35
BRH:0
end_of_record
TN:
SF:middlewares/verifyToken.js
FN:4,getModels
FN:18,resolveRequestUser
FN:40,(anonymous_2)
FN:88,authorizeRoles
FN:89,(anonymous_4)
FN:91,(anonymous_5)
FN:105,createVerifyTokenOptional
FN:108,(anonymous_7)
FN:113,(anonymous_8)
FNF:9
FNH:4
FNDA:5,getModels
FNDA:5,resolveRequestUser
FNDA:5,(anonymous_2)
FNDA:0,authorizeRoles
FNDA:0,(anonymous_4)
FNDA:0,(anonymous_5)
FNDA:3,createVerifyTokenOptional
FNDA:0,(anonymous_7)
FNDA:0,(anonymous_8)
DA:1,3
DA:2,3
DA:5,5
DA:7,3
DA:8,3
DA:10,3
DA:11,3
DA:12,3
DA:19,5
DA:20,0
DA:21,0
DA:22,0
DA:31,0
DA:34,5
DA:40,3
DA:41,5
DA:44,5
DA:45,0
DA:46,0
DA:53,5
DA:54,5
DA:55,5
DA:56,5
DA:57,5
DA:58,5
DA:59,5
DA:60,5
DA:61,0
DA:68,0
DA:71,5
DA:73,0
DA:74,0
DA:80,0
DA:89,0
DA:90,0
DA:91,0
DA:92,0
DA:94,0
DA:106,3
DA:108,3
DA:109,0
DA:111,0
DA:113,0
DA:114,0
DA:115,0
DA:116,0
DA:118,0
DA:119,0
DA:120,0
DA:121,0
DA:122,0
DA:124,0
DA:125,0
DA:126,0
DA:127,0
DA:131,0
DA:140,0
DA:141,0
DA:148,0
DA:149,0
DA:150,0
DA:155,0
DA:156,0
DA:158,0
DA:160,0
DA:161,0
DA:163,0
DA:164,0
DA:168,0
DA:169,0
DA:170,0
DA:171,0
DA:172,0
DA:175,0
DA:176,0
DA:177,0
DA:178,0
DA:180,0
DA:181,0
DA:182,0
DA:188,0
DA:190,0
DA:191,0
DA:192,0
DA:194,0
DA:195,0
DA:201,0
DA:206,3
DA:207,3
DA:209,3
LF:90
LH:27
BRDA:19,0,0,0
BRDA:19,0,1,5
BRDA:21,1,0,0
BRDA:21,1,1,0
BRDA:21,2,0,0
BRDA:21,2,1,0
BRDA:21,3,0,0
BRDA:21,3,1,0
BRDA:27,4,0,0
BRDA:27,4,1,0
BRDA:36,5,0,5
BRDA:36,5,1,0
BRDA:41,6,0,5
BRDA:41,6,1,5
BRDA:41,6,2,5
BRDA:44,7,0,0
BRDA:44,7,1,5
BRDA:56,8,0,5
BRDA:56,8,1,0
BRDA:60,9,0,0
BRDA:60,9,1,5
BRDA:73,10,0,0
BRDA:73,10,1,0
BRDA:90,11,0,0
BRDA:90,11,1,0
BRDA:91,12,0,0
BRDA:91,12,1,0
BRDA:91,13,0,0
BRDA:91,13,1,0
BRDA:105,14,0,3
BRDA:109,15,0,0
BRDA:109,15,1,0
BRDA:109,15,2,0
BRDA:114,16,0,0
BRDA:114,16,1,0
BRDA:120,17,0,0
BRDA:120,17,1,0
BRDA:125,18,0,0
BRDA:125,18,1,0
BRDA:133,19,0,0
BRDA:133,19,1,0
BRDA:134,20,0,0
BRDA:134,20,1,0
BRDA:135,21,0,0
BRDA:135,21,1,0
BRDA:135,22,0,0
BRDA:135,22,1,0
BRDA:136,23,0,0
BRDA:136,23,1,0
BRDA:140,24,0,0
BRDA:140,24,1,0
BRDA:149,25,0,0
BRDA:149,25,1,0
BRDA:160,26,0,0
BRDA:160,26,1,0
BRDA:168,27,0,0
BRDA:168,27,1,0
BRDA:171,28,0,0
BRDA:171,28,1,0
BRDA:180,29,0,0
BRDA:180,29,1,0
BRDA:181,30,0,0
BRDA:181,30,1,0
BRDA:191,31,0,0
BRDA:191,31,1,0
BRDA:194,32,0,0
BRDA:194,32,1,0
BRDA:194,33,0,0
BRDA:194,33,1,0
BRF:69
BRH:9
end_of_record
TN:
SF:routes/adminRoutes.js
FN:25,(anonymous_0)
FN:59,(anonymous_1)
FN:77,getLastCronRun
FN:82,checkExternalApi
FN:95,(anonymous_4)
FN:101,(anonymous_5)
FN:112,(anonymous_6)
FN:126,(anonymous_7)
FN:141,(anonymous_8)
FN:214,(anonymous_9)
FN:247,(anonymous_10)
FN:251,(anonymous_11)
FN:253,(anonymous_12)
FN:254,(anonymous_13)
FN:271,(anonymous_14)
FN:307,(anonymous_15)
FN:325,(anonymous_16)
FN:359,(anonymous_17)
FN:382,(anonymous_18)
FN:403,(anonymous_19)
FN:412,(anonymous_20)
FN:417,(anonymous_21)
FN:417,(anonymous_22)
FN:419,(anonymous_23)
FN:430,(anonymous_24)
FN:462,(anonymous_25)
FN:470,(anonymous_26)
FNF:27
FNH:1
FNDA:2,(anonymous_0)
FNDA:0,(anonymous_1)
FNDA:0,getLastCronRun
FNDA:0,checkExternalApi
FNDA:0,(anonymous_4)
FNDA:0,(anonymous_5)
FNDA:0,(anonymous_6)
FNDA:0,(anonymous_7)
FNDA:0,(anonymous_8)
FNDA:0,(anonymous_9)
FNDA:0,(anonymous_10)
FNDA:0,(anonymous_11)
FNDA:0,(anonymous_12)
FNDA:0,(anonymous_13)
FNDA:0,(anonymous_14)
FNDA:0,(anonymous_15)
FNDA:0,(anonymous_16)
FNDA:0,(anonymous_17)
FNDA:0,(anonymous_18)
FNDA:0,(anonymous_19)
FNDA:0,(anonymous_20)
FNDA:0,(anonymous_21)
FNDA:0,(anonymous_22)
FNDA:0,(anonymous_23)
FNDA:0,(anonymous_24)
FNDA:0,(anonymous_25)
FNDA:0,(anonymous_26)
DA:1,1
DA:2,1
DA:3,1
DA:4,1
DA:5,1
DA:6,1
DA:7,1
DA:8,1
DA:9,1
DA:10,1
DA:11,1
DA:12,1
DA:18,1
DA:20,1
DA:21,1
DA:22,1
DA:23,1
DA:25,1
DA:26,2
DA:28,2
DA:29,1
DA:30,1
DA:32,1
DA:33,1
DA:34,1
DA:35,1
DA:38,1
DA:39,1
DA:41,1
DA:43,1
DA:54,1
DA:55,1
DA:59,1
DA:60,0
DA:61,0
DA:62,0
DA:63,0
DA:64,0
DA:72,0
DA:73,0
DA:79,0
DA:83,0
DA:84,0
DA:85,0
DA:87,0
DA:95,1
DA:96,0
DA:97,0
DA:98,0
DA:101,0
DA:107,0
DA:108,0
DA:112,1
DA:113,0
DA:114,0
DA:115,0
DA:116,0
DA:117,0
DA:119,0
DA:121,0
DA:122,0
DA:126,1
DA:127,0
DA:128,0
DA:129,0
DA:131,0
DA:132,0
DA:141,1
DA:142,0
DA:143,0
DA:144,0
DA:145,0
DA:148,0
DA:149,0
DA:151,0
DA:152,0
DA:153,0
DA:156,0
DA:157,0
DA:158,0
DA:159,0
DA:161,0
DA:164,0
DA:165,0
DA:168,0
DA:174,0
DA:180,0
DA:182,0
DA:189,0
DA:190,0
DA:191,0
DA:192,0
DA:194,0
DA:195,0
DA:197,0
DA:199,0
DA:205,0
DA:206,0
DA:214,1
DA:215,0
DA:216,0
DA:217,0
DA:219,0
DA:220,0
DA:223,0
DA:224,0
DA:226,0
DA:234,0
DA:239,0
DA:240,0
DA:247,1
DA:248,0
DA:249,0
DA:250,0
DA:251,0
DA:252,0
DA:253,0
DA:254,0
DA:260,0
DA:262,0
DA:263,0
DA:271,1
DA:272,0
DA:273,0
DA:274,0
DA:277,0
DA:278,0
DA:279,0
DA:280,0
DA:282,0
DA:283,0
DA:286,0
DA:287,0
DA:288,0
DA:290,0
DA:291,0
DA:292,0
DA:294,0
DA:295,0
DA:297,0
DA:298,0
DA:307,1
DA:308,0
DA:309,0
DA:310,0
DA:311,0
DA:312,0
DA:313,0
DA:315,0
DA:316,0
DA:325,1
DA:326,0
DA:327,0
DA:328,0
DA:330,0
DA:331,0
DA:332,0
DA:334,0
DA:335,0
DA:336,0
DA:337,0
DA:339,0
DA:340,0
DA:348,0
DA:349,0
DA:352,0
DA:353,0
DA:354,0
DA:355,0
DA:356,0
DA:357,0
DA:359,0
DA:361,0
DA:362,0
DA:363,0
DA:364,0
DA:365,0
DA:369,0
DA:374,0
DA:375,0
DA:377,0
DA:378,0
DA:382,1
DA:383,0
DA:384,0
DA:386,0
DA:387,0
DA:388,0
DA:389,0
DA:390,0
DA:398,0
DA:399,0
DA:403,1
DA:404,0
DA:405,0
DA:407,0
DA:408,0
DA:409,0
DA:411,0
DA:412,0
DA:413,0
DA:414,0
DA:415,0
DA:416,0
DA:417,0
DA:419,0
DA:420,0
DA:421,0
DA:422,0
DA:428,0
DA:429,0
DA:430,0
DA:431,0
DA:432,0
DA:439,0
DA:440,0
DA:446,0
DA:454,0
DA:455,0
DA:462,1
DA:463,0
DA:464,0
DA:465,0
DA:466,0
DA:467,0
DA:468,0
DA:470,0
DA:471,0
DA:472,0
DA:473,0
DA:475,0
DA:476,0
DA:480,1
LF:233
LH:46
BRDA:63,0,0,0
BRDA:63,0,1,0
BRDA:68,1,0,0
BRDA:68,1,1,0
BRDA:116,2,0,0
BRDA:116,2,1,0
BRDA:144,3,0,0
BRDA:144,3,1,0
BRDA:144,4,0,0
BRDA:144,4,1,0
BRDA:152,5,0,0
BRDA:152,5,1,0
BRDA:156,6,0,0
BRDA:156,6,1,0
BRDA:158,7,0,0
BRDA:158,7,1,0
BRDA:164,8,0,0
BRDA:164,8,1,0
BRDA:176,9,0,0
BRDA:176,9,1,0
BRDA:190,10,0,0
BRDA:190,10,1,0
BRDA:194,11,0,0
BRDA:194,11,1,0
BRDA:217,12,0,0
BRDA:217,12,1,0
BRDA:219,13,0,0
BRDA:219,13,1,0
BRDA:277,14,0,0
BRDA:277,14,1,0
BRDA:279,15,0,0
BRDA:279,15,1,0
BRDA:282,16,0,0
BRDA:282,16,1,0
BRDA:287,17,0,0
BRDA:287,17,1,0
BRDA:290,18,0,0
BRDA:290,18,1,0
BRDA:294,19,0,0
BRDA:294,19,1,0
BRDA:335,20,0,0
BRDA:335,20,1,0
BRDA:339,21,0,0
BRDA:339,21,1,0
BRDA:352,22,0,0
BRDA:352,22,1,0
BRDA:356,23,0,0
BRDA:356,23,1,0
BRDA:356,24,0,0
BRDA:356,24,1,0
BRDA:356,24,2,0
BRDA:359,25,0,0
BRDA:359,25,1,0
BRDA:383,26,0,0
BRDA:383,26,1,0
BRDA:389,27,0,0
BRDA:389,27,1,0
BRDA:394,28,0,0
BRDA:394,28,1,0
BRDA:404,29,0,0
BRDA:404,29,1,0
BRDA:408,30,0,0
BRDA:408,30,1,0
BRDA:415,31,0,0
BRDA:415,31,1,0
BRDA:421,32,0,0
BRDA:421,32,1,0
BRDA:424,33,0,0
BRDA:424,33,1,0
BRDA:425,34,0,0
BRDA:425,34,1,0
BRDA:431,35,0,0
BRDA:431,35,1,0
BRDA:439,36,0,0
BRDA:439,36,1,0
BRDA:439,36,2,0
BRDA:449,37,0,0
BRDA:449,37,1,0
BRDA:450,38,0,0
BRDA:450,38,1,0
BRDA:467,39,0,0
BRDA:467,39,1,0
BRDA:470,40,0,0
BRDA:470,40,1,0
BRDA:470,41,0,0
BRDA:470,41,1,0
BRDA:472,42,0,0
BRDA:472,42,1,0
BRF:88
BRH:0
end_of_record
TN:
SF:routes/authRoutes.js
FN:16,getModels
FN:20,bindAuthTenant
FN:112,(anonymous_2)
FN:114,setPendingMfaCookie
FN:118,clearPendingMfaCookie
FN:124,getCurrentTenantAdminUser
FN:139,completeLoginWithAdminMfa
FN:204,validateUsername
FN:213,(anonymous_8)
FN:300,(anonymous_9)
FN:355,(anonymous_10)
FN:387,(anonymous_11)
FN:503,(anonymous_12)
FN:540,(anonymous_13)
FN:549,(anonymous_14)
FN:575,(anonymous_15)
FN:611,(anonymous_16)
FN:616,(anonymous_17)
FN:618,(anonymous_18)
FN:637,(anonymous_19)
FN:662,(anonymous_20)
FN:738,(anonymous_21)
FN:754,(anonymous_22)
FN:809,(anonymous_23)
FN:849,(anonymous_24)
FN:929,(anonymous_25)
FN:997,(anonymous_26)
FN:1042,(anonymous_27)
FN:1105,resolvePendingMfaContext
FN:1136,(anonymous_29)
FN:1153,(anonymous_30)
FN:1168,(anonymous_31)
FN:1187,(anonymous_32)
FN:1206,(anonymous_33)
FN:1222,(anonymous_34)
FN:1244,(anonymous_35)
FN:1266,(anonymous_36)
FN:1283,(anonymous_37)
FN:1300,(anonymous_38)
FN:1345,(anonymous_39)
FN:1388,(anonymous_40)
FN:1395,(anonymous_41)
FN:1425,(anonymous_42)
FN:1456,(anonymous_43)
FNF:44
FNH:4
FNDA:4,getModels
FNDA:0,bindAuthTenant
FNDA:1,(anonymous_2)
FNDA:0,setPendingMfaCookie
FNDA:0,clearPendingMfaCookie
FNDA:0,getCurrentTenantAdminUser
FNDA:0,completeLoginWithAdminMfa
FNDA:3,validateUsername
FNDA:4,(anonymous_8)
FNDA:0,(anonymous_9)
FNDA:0,(anonymous_10)
FNDA:0,(anonymous_11)
FNDA:0,(anonymous_12)
FNDA:0,(anonymous_13)
FNDA:0,(anonymous_14)
FNDA:0,(anonymous_15)
FNDA:0,(anonymous_16)
FNDA:0,(anonymous_17)
FNDA:0,(anonymous_18)
FNDA:0,(anonymous_19)
FNDA:0,(anonymous_20)
FNDA:0,(anonymous_21)
FNDA:0,(anonymous_22)
FNDA:0,(anonymous_23)
FNDA:0,(anonymous_24)
FNDA:0,(anonymous_25)
FNDA:0,(anonymous_26)
FNDA:0,(anonymous_27)
FNDA:0,resolvePendingMfaContext
FNDA:0,(anonymous_29)
FNDA:0,(anonymous_30)
FNDA:0,(anonymous_31)
FNDA:0,(anonymous_32)
FNDA:0,(anonymous_33)
FNDA:0,(anonymous_34)
FNDA:0,(anonymous_35)
FNDA:0,(anonymous_36)
FNDA:0,(anonymous_37)
FNDA:0,(anonymous_38)
FNDA:0,(anonymous_39)
FNDA:0,(anonymous_40)
FNDA:0,(anonymous_41)
FNDA:0,(anonymous_42)
FNDA:0,(anonymous_43)
DA:1,1
DA:2,1
DA:3,1
DA:4,1
DA:5,1
DA:6,1
DA:7,1
DA:9,1
DA:10,1
DA:12,1
DA:13,1
DA:14,1
DA:17,4
DA:21,0
DA:22,0
DA:24,0
DA:25,0
DA:26,0
DA:27,0
DA:28,0
DA:38,0
DA:39,0
DA:42,0
DA:43,0
DA:53,0
DA:54,0
DA:55,0
DA:65,0
DA:66,0
DA:67,0
DA:69,1
DA:70,1
DA:71,1
DA:72,1
DA:91,1
DA:93,1
DA:94,1
DA:95,1
DA:96,1
DA:99,1
DA:102,1
DA:103,1
DA:105,1
DA:106,1
DA:107,1
DA:108,1
DA:109,1
DA:112,1
DA:115,0
DA:119,0
DA:120,0
DA:121,0
DA:125,0
DA:126,0
DA:128,0
DA:129,0
DA:130,0
DA:131,0
DA:133,0
DA:134,0
DA:136,0
DA:140,0
DA:141,0
DA:150,0
DA:151,0
DA:153,0
DA:154,0
DA:160,0
DA:161,0
DA:166,0
DA:167,0
DA:177,0
DA:182,0
DA:183,0
DA:185,0
DA:189,0
DA:190,0
DA:191,0
DA:194,0
DA:206,3
DA:209,3
DA:213,1
DA:215,4
DA:216,0
DA:217,0
DA:218,0
DA:220,0
DA:221,0
DA:225,4
DA:226,4
DA:228,4
DA:229,4
DA:231,4
DA:232,1
DA:233,1
DA:234,1
DA:235,1
DA:236,1
DA:237,1
DA:246,3
DA:247,0
DA:248,0
DA:253,3
DA:254,1
DA:255,1
DA:261,2
DA:262,2
DA:264,2
DA:265,1
DA:268,1
DA:274,1
DA:277,1
DA:279,1
DA:280,1
DA:283,1
DA:284,0
DA:285,0
DA:286,0
DA:287,0
DA:288,0
DA:289,0
DA:290,0
DA:291,0
DA:298,0
DA:299,0
DA:300,0
DA:301,0
DA:302,0
DA:304,0
DA:305,0
DA:306,0
DA:307,0
DA:308,0
DA:311,0
DA:315,1
DA:316,1
DA:317,1
DA:318,1
DA:323,1
DA:325,1
DA:326,1
DA:328,1
DA:329,1
DA:330,0
DA:331,0
DA:333,1
DA:339,0
DA:340,0
DA:341,0
DA:355,1
DA:356,0
DA:357,0
DA:358,0
DA:359,0
DA:361,0
DA:362,0
DA:365,0
DA:367,0
DA:369,0
DA:371,0
DA:372,0
DA:373,0
DA:374,0
DA:375,0
DA:376,0
DA:378,0
DA:379,0
DA:387,1
DA:389,0
DA:390,0
DA:391,0
DA:392,0
DA:393,0
DA:394,0
DA:395,0
DA:399,0
DA:400,0
DA:401,0
DA:407,0
DA:409,0
DA:411,0
DA:412,0
DA:413,0
DA:419,0
DA:420,0
DA:422,0
DA:423,0
DA:430,0
DA:431,0
DA:432,0
DA:443,0
DA:444,0
DA:445,0
DA:448,0
DA:453,0
DA:460,0
DA:461,0
DA:462,0
DA:463,0
DA:466,0
DA:467,0
DA:468,0
DA:469,0
DA:471,0
DA:474,0
DA:475,0
DA:476,0
DA:484,0
DA:485,0
DA:486,0
DA:493,0
DA:494,0
DA:503,1
DA:504,0
DA:505,0
DA:506,0
DA:507,0
DA:508,0
DA:509,0
DA:510,0
DA:514,0
DA:515,0
DA:517,0
DA:519,0
DA:524,0
DA:530,0
DA:531,0
DA:532,0
DA:533,0
DA:534,0
DA:536,0
DA:537,0
DA:540,1
DA:541,0
DA:543,0
DA:544,0
DA:545,0
DA:547,0
DA:548,0
DA:549,0
DA:550,0
DA:551,0
DA:552,0
DA:553,0
DA:554,0
DA:556,0
DA:563,0
DA:564,0
DA:566,0
DA:571,0
DA:572,0
DA:573,0
DA:574,0
DA:575,0
DA:576,0
DA:582,0
DA:583,0
DA:587,0
DA:594,0
DA:597,0
DA:598,0
DA:599,0
DA:611,0
DA:613,0
DA:616,0
DA:618,0
DA:623,0
DA:624,0
DA:627,0
DA:628,0
DA:634,0
DA:635,0
DA:636,0
DA:637,0
DA:638,0
DA:639,0
DA:640,0
DA:643,0
DA:649,0
DA:650,0
DA:662,1
DA:663,0
DA:664,0
DA:665,0
DA:670,0
DA:671,0
DA:672,0
DA:673,0
DA:674,0
DA:675,0
DA:681,0
DA:682,0
DA:683,0
DA:685,0
DA:686,0
DA:687,0
DA:688,0
DA:689,0
DA:690,0
DA:691,0
DA:692,0
DA:693,0
DA:694,0
DA:695,0
DA:697,0
DA:709,0
DA:711,0
DA:717,0
DA:718,0
DA:719,0
DA:720,0
DA:725,0
DA:726,0
DA:727,0
DA:733,0
DA:734,0
DA:738,1
DA:739,0
DA:740,0
DA:742,0
DA:743,0
DA:746,0
DA:747,0
DA:748,0
DA:750,0
DA:754,1
DA:755,0
DA:756,0
DA:757,0
DA:760,0
DA:766,0
DA:767,0
DA:773,0
DA:777,0
DA:778,0
DA:779,0
DA:780,0
DA:783,0
DA:784,0
DA:785,0
DA:788,0
DA:789,0
DA:790,0
DA:791,0
DA:792,0
DA:795,0
DA:796,0
DA:801,0
DA:802,0
DA:809,1
DA:810,0
DA:811,0
DA:812,0
DA:815,0
DA:817,0
DA:818,0
DA:824,0
DA:825,0
DA:827,0
DA:828,0
DA:829,0
DA:830,0
DA:831,0
DA:834,0
DA:835,0
DA:840,0
DA:841,0
DA:849,1
DA:850,0
DA:851,0
DA:852,0
DA:854,0
DA:855,0
DA:858,0
DA:861,0
DA:863,0
DA:864,0
DA:865,0
DA:866,0
DA:868,0
DA:872,0
DA:874,0
DA:875,0
DA:876,0
DA:877,0
DA:880,0
DA:884,0
DA:887,0
DA:888,0
DA:889,0
DA:890,0
DA:891,0
DA:895,0
DA:896,0
DA:902,0
DA:903,0
DA:906,0
DA:907,0
DA:911,0
DA:914,0
DA:915,0
DA:919,0
DA:920,0
DA:921,0
DA:924,0
DA:929,1
DA:930,0
DA:932,0
DA:933,0
DA:936,0
DA:938,0
DA:939,0
DA:946,0
DA:949,0
DA:956,0
DA:961,0
DA:962,0
DA:963,0
DA:965,0
DA:972,0
DA:973,0
DA:974,0
DA:981,0
DA:982,0
DA:987,0
DA:988,0
DA:997,1
DA:998,0
DA:1000,0
DA:1002,0
DA:1004,0
DA:1005,0
DA:1011,0
DA:1012,0
DA:1018,0
DA:1019,0
DA:1020,0
DA:1026,0
DA:1027,0
DA:1032,0
DA:1033,0
DA:1042,1
DA:1043,0
DA:1045,0
DA:1047,0
DA:1049,0
DA:1050,0
DA:1056,0
DA:1057,0
DA:1063,0
DA:1064,0
DA:1065,0
DA:1071,0
DA:1074,0
DA:1076,0
DA:1077,0
DA:1084,0
DA:1085,0
DA:1088,0
DA:1090,0
DA:1091,0
DA:1096,0
DA:1097,0
DA:1106,0
DA:1107,0
DA:1108,0
DA:1110,0
DA:1111,0
DA:1112,0
DA:1114,0
DA:1115,0
DA:1116,0
DA:1117,0
DA:1118,0
DA:1120,0
DA:1121,0
DA:1122,0
DA:1124,0
DA:1125,0
DA:1126,0
DA:1128,0
DA:1136,1
DA:1137,0
DA:1138,0
DA:1139,0
DA:1140,0
DA:1148,0
DA:1149,0
DA:1153,1
DA:1154,0
DA:1155,0
DA:1156,0
DA:1157,0
DA:1163,0
DA:1164,0
DA:1168,1
DA:1169,0
DA:1170,0
DA:1171,0
DA:1172,0
DA:1174,0
DA:1175,0
DA:1176,0
DA:1182,0
DA:1183,0
DA:1187,1
DA:1188,0
DA:1189,0
DA:1190,0
DA:1191,0
DA:1193,0
DA:1194,0
DA:1195,0
DA:1201,0
DA:1202,0
DA:1206,1
DA:1207,0
DA:1208,0
DA:1209,0
DA:1210,0
DA:1217,0
DA:1218,0
DA:1222,1
DA:1223,0
DA:1224,0
DA:1225,0
DA:1226,0
DA:1228,0
DA:1229,0
DA:1230,0
DA:1239,0
DA:1240,0
DA:1244,1
DA:1245,0
DA:1246,0
DA:1247,0
DA:1248,0
DA:1249,0
DA:1250,0
DA:1252,0
DA:1261,0
DA:1262,0
DA:1266,1
DA:1267,0
DA:1268,0
DA:1269,0
DA:1270,0
DA:1279,0
DA:1283,1
DA:1284,0
DA:1285,0
DA:1286,0
DA:1287,0
DA:1288,0
DA:1290,0
DA:1291,0
DA:1296,0
DA:1300,1
DA:1301,0
DA:1302,0
DA:1303,0
DA:1304,0
DA:1306,0
DA:1307,0
DA:1308,0
DA:1309,0
DA:1311,0
DA:1312,0
DA:1313,0
DA:1316,0
DA:1321,0
DA:1329,0
DA:1330,0
DA:1331,0
DA:1332,0
DA:1333,0
DA:1335,0
DA:1341,0
DA:1345,1
DA:1346,0
DA:1347,0
DA:1348,0
DA:1349,0
DA:1351,0
DA:1352,0
DA:1353,0
DA:1354,0
DA:1357,0
DA:1358,0
DA:1363,0
DA:1371,0
DA:1372,0
DA:1373,0
DA:1374,0
DA:1375,0
DA:1377,0
DA:1383,0
DA:1388,1
DA:1389,0
DA:1390,0
DA:1395,0
DA:1406,0
DA:1407,0
DA:1408,0
DA:1415,0
DA:1416,0
DA:1425,1
DA:1426,0
DA:1427,0
DA:1428,0
DA:1432,0
DA:1433,0
DA:1434,0
DA:1435,0
DA:1440,0
DA:1446,0
DA:1447,0
DA:1456,1
DA:1457,0
DA:1458,0
DA:1461,0
DA:1462,0
DA:1464,0
DA:1465,0
DA:1466,0
DA:1470,0
DA:1473,0
DA:1474,0
DA:1475,0
DA:1480,0
DA:1481,0
DA:1490,1
LF:632
LH:97
BRDA:25,0,0,0
BRDA:25,0,1,0
BRDA:26,1,0,0
BRDA:26,1,1,0
BRDA:27,2,0,0
BRDA:27,2,1,0
BRDA:38,3,0,0
BRDA:38,3,1,0
BRDA:38,3,2,0
BRDA:39,4,0,0
BRDA:39,4,1,0
BRDA:42,5,0,0
BRDA:42,5,1,0
BRDA:42,6,0,0
BRDA:42,6,1,0
BRDA:54,7,0,0
BRDA:54,7,1,0
BRDA:125,8,0,0
BRDA:125,8,1,0
BRDA:125,9,0,0
BRDA:125,9,1,0
BRDA:130,10,0,0
BRDA:130,10,1,0
BRDA:133,11,0,0
BRDA:133,11,1,0
BRDA:133,12,0,0
BRDA:133,12,1,0
BRDA:140,13,0,0
BRDA:140,13,1,0
BRDA:153,14,0,0
BRDA:153,14,1,0
BRDA:153,15,0,0
BRDA:153,15,1,0
BRDA:156,16,0,0
BRDA:156,16,1,0
BRDA:158,17,0,0
BRDA:158,17,1,0
BRDA:166,18,0,0
BRDA:166,18,1,0
BRDA:187,19,0,0
BRDA:187,19,1,0
BRDA:189,20,0,0
BRDA:189,20,1,0
BRDA:215,21,0,0
BRDA:215,21,1,4
BRDA:216,22,0,0
BRDA:216,22,1,0
BRDA:216,23,0,0
BRDA:216,23,1,0
BRDA:217,24,0,0
BRDA:217,24,1,0
BRDA:226,25,0,4
BRDA:226,25,1,3
BRDA:231,26,0,1
BRDA:231,26,1,3
BRDA:233,27,0,1
BRDA:233,27,1,0
BRDA:233,28,0,1
BRDA:233,28,1,1
BRDA:236,29,0,1
BRDA:236,29,1,0
BRDA:246,30,0,0
BRDA:246,30,1,3
BRDA:253,31,0,1
BRDA:253,31,1,2
BRDA:264,32,0,1
BRDA:264,32,1,1
BRDA:264,33,0,2
BRDA:264,33,1,2
BRDA:265,34,0,0
BRDA:265,34,1,1
BRDA:265,35,0,1
BRDA:265,35,1,0
BRDA:266,36,0,1
BRDA:266,36,1,0
BRDA:283,37,0,0
BRDA:283,37,1,1
BRDA:285,38,0,0
BRDA:285,38,1,0
BRDA:285,39,0,0
BRDA:285,39,1,0
BRDA:288,40,0,0
BRDA:288,40,1,0
BRDA:290,41,0,0
BRDA:290,41,1,0
BRDA:299,42,0,0
BRDA:299,42,1,0
BRDA:300,43,0,0
BRDA:300,43,1,0
BRDA:329,44,0,0
BRDA:329,44,1,1
BRDA:356,45,0,0
BRDA:356,45,1,0
BRDA:357,46,0,0
BRDA:357,46,1,0
BRDA:357,47,0,0
BRDA:357,47,1,0
BRDA:358,48,0,0
BRDA:358,48,1,0
BRDA:390,49,0,0
BRDA:390,49,1,0
BRDA:390,50,0,0
BRDA:390,50,1,0
BRDA:392,51,0,0
BRDA:392,51,1,0
BRDA:392,52,0,0
BRDA:392,52,1,0
BRDA:394,53,0,0
BRDA:394,53,1,0
BRDA:399,54,0,0
BRDA:399,54,1,0
BRDA:411,55,0,0
BRDA:411,55,1,0
BRDA:415,56,0,0
BRDA:415,56,1,0
BRDA:422,57,0,0
BRDA:422,57,1,0
BRDA:430,58,0,0
BRDA:430,58,1,0
BRDA:444,59,0,0
BRDA:444,59,1,0
BRDA:461,60,0,0
BRDA:461,60,1,0
BRDA:462,61,0,0
BRDA:462,61,1,0
BRDA:468,62,0,0
BRDA:468,62,1,0
BRDA:474,63,0,0
BRDA:474,63,1,0
BRDA:484,64,0,0
BRDA:484,64,1,0
BRDA:505,65,0,0
BRDA:505,65,1,0
BRDA:505,66,0,0
BRDA:505,66,1,0
BRDA:507,67,0,0
BRDA:507,67,1,0
BRDA:507,68,0,0
BRDA:507,68,1,0
BRDA:509,69,0,0
BRDA:509,69,1,0
BRDA:514,70,0,0
BRDA:514,70,1,0
BRDA:531,71,0,0
BRDA:531,71,1,0
BRDA:543,72,0,0
BRDA:543,72,1,0
BRDA:544,73,0,0
BRDA:544,73,1,0
BRDA:544,74,0,0
BRDA:544,74,1,0
BRDA:545,75,0,0
BRDA:545,75,1,0
BRDA:550,76,0,0
BRDA:550,76,1,0
BRDA:551,77,0,0
BRDA:551,77,1,0
BRDA:554,78,0,0
BRDA:554,78,1,0
BRDA:571,79,0,0
BRDA:571,79,1,0
BRDA:572,80,0,0
BRDA:572,80,1,0
BRDA:611,81,0,0
BRDA:611,81,1,0
BRDA:613,82,0,0
BRDA:613,82,1,0
BRDA:620,83,0,0
BRDA:620,83,1,0
BRDA:623,84,0,0
BRDA:623,84,1,0
BRDA:632,85,0,0
BRDA:632,85,1,0
BRDA:634,86,0,0
BRDA:634,86,1,0
BRDA:638,87,0,0
BRDA:638,87,1,0
BRDA:640,88,0,0
BRDA:640,88,1,0
BRDA:664,89,0,0
BRDA:664,89,1,0
BRDA:672,90,0,0
BRDA:672,90,1,0
BRDA:682,91,0,0
BRDA:682,91,1,0
BRDA:688,92,0,0
BRDA:688,92,1,0
BRDA:726,93,0,0
BRDA:726,93,1,0
BRDA:742,94,0,0
BRDA:742,94,1,0
BRDA:756,95,0,0
BRDA:756,95,1,0
BRDA:766,96,0,0
BRDA:766,96,1,0
BRDA:766,97,0,0
BRDA:766,97,1,0
BRDA:777,98,0,0
BRDA:777,98,1,0
BRDA:795,99,0,0
BRDA:795,99,1,0
BRDA:811,100,0,0
BRDA:811,100,1,0
BRDA:817,101,0,0
BRDA:817,101,1,0
BRDA:834,102,0,0
BRDA:834,102,1,0
BRDA:850,103,0,0
BRDA:850,103,1,0
BRDA:854,104,0,0
BRDA:854,104,1,0
BRDA:855,105,0,0
BRDA:855,105,1,0
BRDA:864,106,0,0
BRDA:864,106,1,0
BRDA:866,107,0,0
BRDA:866,107,1,0
BRDA:880,108,0,0
BRDA:880,108,1,0
BRDA:887,109,0,0
BRDA:887,109,1,0
BRDA:889,110,0,0
BRDA:889,110,1,0
BRDA:890,111,0,0
BRDA:890,111,1,0
BRDA:890,112,0,0
BRDA:890,112,1,0
BRDA:895,113,0,0
BRDA:895,113,1,0
BRDA:895,114,0,0
BRDA:895,114,1,0
BRDA:902,115,0,0
BRDA:902,115,1,0
BRDA:902,116,0,0
BRDA:902,116,1,0
BRDA:906,117,0,0
BRDA:906,117,1,0
BRDA:915,118,0,0
BRDA:915,118,1,0
BRDA:920,119,0,0
BRDA:920,119,1,0
BRDA:938,120,0,0
BRDA:938,120,1,0
BRDA:962,121,0,0
BRDA:962,121,1,0
BRDA:972,122,0,0
BRDA:972,122,1,0
BRDA:1004,123,0,0
BRDA:1004,123,1,0
BRDA:1011,124,0,0
BRDA:1011,124,1,0
BRDA:1018,125,0,0
BRDA:1018,125,1,0
BRDA:1049,126,0,0
BRDA:1049,126,1,0
BRDA:1056,127,0,0
BRDA:1056,127,1,0
BRDA:1063,128,0,0
BRDA:1063,128,1,0
BRDA:1076,129,0,0
BRDA:1076,129,1,0
BRDA:1107,130,0,0
BRDA:1107,130,1,0
BRDA:1111,131,0,0
BRDA:1111,131,1,0
BRDA:1111,132,0,0
BRDA:1111,132,1,0
BRDA:1117,133,0,0
BRDA:1117,133,1,0
BRDA:1121,134,0,0
BRDA:1121,134,1,0
BRDA:1124,135,0,0
BRDA:1124,135,1,0
BRDA:1125,136,0,0
BRDA:1125,136,1,0
BRDA:1148,137,0,0
BRDA:1148,137,1,0
BRDA:1163,138,0,0
BRDA:1163,138,1,0
BRDA:1170,139,0,0
BRDA:1170,139,1,0
BRDA:1171,140,0,0
BRDA:1171,140,1,0
BRDA:1182,141,0,0
BRDA:1182,141,1,0
BRDA:1189,142,0,0
BRDA:1189,142,1,0
BRDA:1190,143,0,0
BRDA:1190,143,1,0
BRDA:1201,144,0,0
BRDA:1201,144,1,0
BRDA:1217,145,0,0
BRDA:1217,145,1,0
BRDA:1224,146,0,0
BRDA:1224,146,1,0
BRDA:1225,147,0,0
BRDA:1225,147,1,0
BRDA:1239,148,0,0
BRDA:1239,148,1,0
BRDA:1249,149,0,0
BRDA:1249,149,1,0
BRDA:1261,150,0,0
BRDA:1261,150,1,0
BRDA:1287,151,0,0
BRDA:1287,151,1,0
BRDA:1302,152,0,0
BRDA:1302,152,1,0
BRDA:1303,153,0,0
BRDA:1303,153,1,0
BRDA:1308,154,0,0
BRDA:1308,154,1,0
BRDA:1312,155,0,0
BRDA:1312,155,1,0
BRDA:1331,156,0,0
BRDA:1331,156,1,0
BRDA:1347,157,0,0
BRDA:1347,157,1,0
BRDA:1348,158,0,0
BRDA:1348,158,1,0
BRDA:1353,159,0,0
BRDA:1353,159,1,0
BRDA:1373,160,0,0
BRDA:1373,160,1,0
BRDA:1390,161,0,0
BRDA:1390,161,1,0
BRDA:1406,162,0,0
BRDA:1406,162,1,0
BRDA:1428,163,0,0
BRDA:1428,163,1,0
BRDA:1432,164,0,0
BRDA:1432,164,1,0
BRDA:1433,165,0,0
BRDA:1433,165,1,0
BRDA:1461,166,0,0
BRDA:1461,166,1,0
BRDA:1473,167,0,0
BRDA:1473,167,1,0
BRF:337
BRH:21
end_of_record
TN:
SF:routes/orgBudgetRoutes.js
FN:14,(anonymous_0)
FN:26,(anonymous_1)
FN:51,(anonymous_2)
FN:66,(anonymous_3)
FN:81,(anonymous_4)
FN:97,(anonymous_5)
FN:114,(anonymous_6)
FN:131,(anonymous_7)
FN:148,(anonymous_8)
FN:165,(anonymous_9)
FN:189,(anonymous_10)
FN:213,(anonymous_11)
FNF:12
FNH:7
FNDA:12,(anonymous_0)
FNDA:0,(anonymous_1)
FNDA:0,(anonymous_2)
FNDA:0,(anonymous_3)
FNDA:4,(anonymous_4)
FNDA:2,(anonymous_5)
FNDA:2,(anonymous_6)
FNDA:0,(anonymous_7)
FNDA:1,(anonymous_8)
FNDA:0,(anonymous_9)
FNDA:2,(anonymous_10)
FNDA:1,(anonymous_11)
DA:1,1
DA:2,1
DA:3,1
DA:4,1
DA:5,1
DA:6,1
DA:7,1
DA:9,1
DA:12,1
DA:14,1
DA:15,12
DA:16,12
DA:17,1
DA:18,1
DA:19,1
DA:21,0
DA:23,1
DA:26,1
DA:27,0
DA:28,0
DA:29,0
DA:30,0
DA:31,0
DA:32,0
DA:34,0
DA:35,0
DA:36,0
DA:46,0
DA:47,0
DA:51,1
DA:52,0
DA:53,0
DA:54,0
DA:55,0
DA:57,0
DA:58,0
DA:62,1
DA:67,0
DA:68,0
DA:69,0
DA:70,0
DA:71,0
DA:73,0
DA:75,0
DA:76,0
DA:81,1
DA:82,4
DA:83,4
DA:84,4
DA:85,3
DA:87,1
DA:88,1
DA:89,1
DA:93,1
DA:98,2
DA:99,2
DA:100,2
DA:101,2
DA:103,0
DA:104,0
DA:105,0
DA:110,1
DA:115,2
DA:116,2
DA:117,2
DA:118,2
DA:120,0
DA:121,0
DA:122,0
DA:127,1
DA:132,0
DA:133,0
DA:134,0
DA:135,0
DA:137,0
DA:138,0
DA:139,0
DA:144,1
DA:149,1
DA:150,1
DA:151,1
DA:152,1
DA:154,0
DA:155,0
DA:156,0
DA:161,1
DA:166,0
DA:167,0
DA:168,0
DA:176,0
DA:178,0
DA:179,0
DA:180,0
DA:185,1
DA:190,2
DA:191,2
DA:192,2
DA:200,1
DA:202,1
DA:203,1
DA:204,1
DA:209,1
DA:214,1
DA:215,1
DA:216,1
DA:217,1
DA:218,1
DA:219,1
DA:220,1
DA:221,1
DA:223,0
DA:225,0
DA:226,0
DA:227,0
DA:232,1
LF:115
LH:62
BRDA:16,0,0,11
BRDA:16,0,1,1
BRDA:16,1,0,12
BRDA:16,1,1,12
BRDA:17,2,0,1
BRDA:17,2,1,0
BRDA:31,3,0,0
BRDA:31,3,1,0
BRDA:39,4,0,0
BRDA:39,4,1,0
BRDA:40,5,0,0
BRDA:40,5,1,0
BRDA:41,6,0,0
BRDA:41,6,1,0
BRDA:70,7,0,0
BRDA:70,7,1,0
BRDA:84,8,0,4
BRDA:84,8,1,0
BRDA:87,9,0,1
BRDA:87,9,1,0
BRDA:100,10,0,2
BRDA:100,10,1,0
BRDA:103,11,0,0
BRDA:103,11,1,0
BRDA:120,12,0,0
BRDA:120,12,1,0
BRDA:134,13,0,0
BRDA:134,13,1,0
BRDA:137,14,0,0
BRDA:137,14,1,0
BRDA:154,15,0,0
BRDA:154,15,1,0
BRDA:173,16,0,0
BRDA:173,16,1,0
BRDA:178,17,0,0
BRDA:178,17,1,0
BRDA:197,18,0,2
BRDA:197,18,1,0
BRDA:202,19,0,1
BRDA:202,19,1,0
BRDA:216,20,0,1
BRDA:216,20,1,0
BRDA:218,21,0,1
BRDA:218,21,1,0
BRDA:225,22,0,0
BRDA:225,22,1,0
BRF:46
BRH:12
end_of_record
TN:
SF:routes/pivotRoutes.js
FN:11,(anonymous_0)
FN:35,(anonymous_1)
FNF:2
FNH:1
FNDA:2,(anonymous_0)
FNDA:0,(anonymous_1)
DA:1,1
DA:2,1
DA:5,1
DA:7,1
DA:9,1
DA:11,1
DA:12,2
DA:13,2
DA:14,2
DA:15,1
DA:22,1
DA:27,0
DA:28,0
DA:35,1
DA:36,0
DA:37,0
DA:38,0
DA:39,0
DA:46,0
DA:51,0
DA:52,0
DA:59,1
LF:22
LH:13
BRDA:14,0,0,1
BRDA:14,0,1,1
BRDA:15,1,0,1
BRDA:15,1,1,0
BRDA:38,2,0,0
BRDA:38,2,1,0
BRDA:39,3,0,0
BRDA:39,3,1,0
BRF:8
BRH:3
end_of_record
TN:
SF:routes/userRoutes.js
FN:25,isMongoDuplicateKeyError
FN:37,duplicateIndexFieldFromError
FN:52,(anonymous_2)
FN:146,(anonymous_3)
FN:155,(anonymous_4)
FN:201,(anonymous_5)
FN:225,(anonymous_6)
FN:286,(anonymous_7)
FN:301,(anonymous_8)
FN:306,(anonymous_9)
FN:349,(anonymous_10)
FN:365,(anonymous_11)
FN:403,(anonymous_12)
FN:417,(anonymous_13)
FN:431,(anonymous_14)
FN:517,(anonymous_15)
FN:552,(anonymous_16)
FN:597,(anonymous_17)
FN:631,(anonymous_18)
FN:652,(anonymous_19)
FN:682,(anonymous_20)
FN:719,(anonymous_21)
FN:741,(anonymous_22)
FN:777,(anonymous_23)
FN:818,(anonymous_24)
FN:861,(anonymous_25)
FNF:26
FNH:2
FNDA:0,isMongoDuplicateKeyError
FNDA:0,duplicateIndexFieldFromError
FNDA:3,(anonymous_2)
FNDA:0,(anonymous_3)
FNDA:0,(anonymous_4)
FNDA:2,(anonymous_5)
FNDA:0,(anonymous_6)
FNDA:0,(anonymous_7)
FNDA:0,(anonymous_8)
FNDA:0,(anonymous_9)
FNDA:0,(anonymous_10)
FNDA:0,(anonymous_11)
FNDA:0,(anonymous_12)
FNDA:0,(anonymous_13)
FNDA:0,(anonymous_14)
FNDA:0,(anonymous_15)
FNDA:0,(anonymous_16)
FNDA:0,(anonymous_17)
FNDA:0,(anonymous_18)
FNDA:0,(anonymous_19)
FNDA:0,(anonymous_20)
FNDA:0,(anonymous_21)
FNDA:0,(anonymous_22)
FNDA:0,(anonymous_23)
FNDA:0,(anonymous_24)
FNDA:0,(anonymous_25)
DA:1,1
DA:2,1
DA:3,1
DA:4,1
DA:5,1
DA:6,1
DA:7,1
DA:8,1
DA:9,1
DA:10,1
DA:11,1
DA:12,1
DA:13,1
DA:14,1
DA:15,1
DA:17,1
DA:26,0
DA:27,0
DA:28,0
DA:29,0
DA:30,0
DA:31,0
DA:33,0
DA:34,0
DA:38,0
DA:39,0
DA:40,0
DA:41,0
DA:43,0
DA:44,0
DA:45,0
DA:46,0
DA:47,0
DA:50,1
DA:52,1
DA:53,3
DA:54,3
DA:55,3
DA:56,3
DA:57,3
DA:58,0
DA:59,0
DA:62,3
DA:63,3
DA:64,3
DA:65,0
DA:72,3
DA:73,0
DA:80,3
DA:83,3
DA:84,3
DA:85,3
DA:86,0
DA:93,3
DA:94,0
DA:101,3
DA:102,0
DA:109,3
DA:110,1
DA:117,2
DA:118,0
DA:125,2
DA:126,2
DA:130,2
DA:131,1
DA:138,1
DA:141,1
DA:142,1
DA:143,1
DA:144,1
DA:145,0
DA:146,0
DA:150,1
DA:151,0
DA:153,1
DA:154,0
DA:155,0
DA:160,1
DA:161,1
DA:162,1
DA:164,0
DA:165,0
DA:166,0
DA:167,0
DA:168,0
DA:175,0
DA:181,0
DA:182,0
DA:183,0
DA:184,0
DA:185,0
DA:192,0
DA:201,1
DA:202,2
DA:203,2
DA:204,2
DA:205,2
DA:207,2
DA:208,0
DA:209,0
DA:211,2
DA:212,2
DA:213,2
DA:214,1
DA:215,1
DA:217,1
DA:218,1
DA:220,0
DA:221,0
DA:225,1
DA:226,0
DA:227,0
DA:228,0
DA:230,0
DA:236,0
DA:237,0
DA:238,0
DA:240,0
DA:241,0
DA:242,0
DA:243,0
DA:244,0
DA:247,0
DA:248,0
DA:249,0
DA:250,0
DA:251,0
DA:257,0
DA:260,0
DA:261,0
DA:262,0
DA:268,0
DA:269,0
DA:280,0
DA:281,0
DA:282,0
DA:286,1
DA:287,0
DA:288,0
DA:289,0
DA:293,0
DA:294,0
DA:296,0
DA:297,0
DA:301,1
DA:302,0
DA:303,0
DA:304,0
DA:305,0
DA:306,0
DA:307,0
DA:308,0
DA:309,0
DA:311,0
DA:312,0
DA:314,0
DA:315,0
DA:316,0
DA:317,0
DA:320,0
DA:321,0
DA:323,0
DA:324,0
DA:326,0
DA:327,0
DA:328,0
DA:333,0
DA:334,0
DA:335,0
DA:337,0
DA:338,0
DA:339,0
DA:341,0
DA:343,0
DA:344,0
DA:345,0
DA:349,1
DA:350,0
DA:351,0
DA:352,0
DA:353,0
DA:354,0
DA:355,0
DA:357,0
DA:360,0
DA:361,0
DA:365,1
DA:366,0
DA:367,0
DA:368,0
DA:369,0
DA:370,0
DA:372,0
DA:374,0
DA:382,0
DA:383,0
DA:384,0
DA:385,0
DA:386,0
DA:387,0
DA:389,0
DA:390,0
DA:391,0
DA:392,0
DA:393,0
DA:394,0
DA:395,0
DA:396,0
DA:398,0
DA:399,0
DA:403,1
DA:404,0
DA:405,0
DA:406,0
DA:407,0
DA:408,0
DA:409,0
DA:411,0
DA:412,0
DA:417,1
DA:418,0
DA:419,0
DA:420,0
DA:421,0
DA:422,0
DA:423,0
DA:425,0
DA:426,0
DA:431,1
DA:432,0
DA:442,0
DA:444,0
DA:446,0
DA:449,0
DA:451,0
DA:452,0
DA:460,0
DA:461,0
DA:462,0
DA:466,0
DA:467,0
DA:468,0
DA:472,0
DA:474,0
DA:476,0
DA:478,0
DA:480,0
DA:481,0
DA:483,0
DA:487,0
DA:488,0
DA:491,0
DA:498,0
DA:500,0
DA:501,0
DA:512,0
DA:513,0
DA:517,1
DA:518,0
DA:519,0
DA:520,0
DA:523,0
DA:524,0
DA:527,0
DA:528,0
DA:529,0
DA:531,0
DA:538,0
DA:540,0
DA:547,0
DA:548,0
DA:552,1
DA:553,0
DA:554,0
DA:555,0
DA:556,0
DA:558,0
DA:559,0
DA:562,0
DA:564,0
DA:565,0
DA:568,0
DA:571,0
DA:572,0
DA:575,0
DA:577,0
DA:578,0
DA:580,0
DA:581,0
DA:585,0
DA:587,0
DA:588,0
DA:590,0
DA:592,0
DA:593,0
DA:597,1
DA:598,0
DA:599,0
DA:600,0
DA:602,0
DA:603,0
DA:606,0
DA:607,0
DA:608,0
DA:611,0
DA:612,0
DA:613,0
DA:615,0
DA:616,0
DA:618,0
DA:620,0
DA:626,0
DA:627,0
DA:631,1
DA:632,0
DA:633,0
DA:634,0
DA:635,0
DA:636,0
DA:641,0
DA:642,0
DA:647,0
DA:648,0
DA:652,1
DA:653,0
DA:654,0
DA:655,0
DA:656,0
DA:658,0
DA:659,0
DA:665,0
DA:675,0
DA:676,0
DA:682,1
DA:683,0
DA:684,0
DA:685,0
DA:686,0
DA:687,0
DA:688,0
DA:690,0
DA:691,0
DA:693,0
DA:695,0
DA:696,0
DA:697,0
DA:698,0
DA:699,0
DA:702,0
DA:703,0
DA:704,0
DA:705,0
DA:706,0
DA:708,0
DA:709,0
DA:710,0
DA:712,0
DA:713,0
DA:719,1
DA:720,0
DA:721,0
DA:722,0
DA:723,0
DA:724,0
DA:725,0
DA:726,0
DA:727,0
DA:731,0
DA:732,0
DA:733,0
DA:734,0
DA:735,0
DA:738,0
DA:740,0
DA:741,0
DA:742,0
DA:743,0
DA:744,0
DA:746,0
DA:751,0
DA:752,0
DA:753,0
DA:754,0
DA:755,0
DA:756,0
DA:758,0
DA:759,0
DA:760,0
DA:768,0
DA:769,0
DA:777,1
DA:778,0
DA:779,0
DA:781,0
DA:782,0
DA:783,0
DA:789,0
DA:791,0
DA:792,0
DA:799,0
DA:809,0
DA:810,0
DA:818,1
DA:819,0
DA:820,0
DA:822,0
DA:823,0
DA:824,0
DA:830,0
DA:831,0
DA:832,0
DA:838,0
DA:839,0
DA:841,0
DA:842,0
DA:847,0
DA:848,0
DA:861,1
DA:862,0
DA:863,0
DA:864,0
DA:866,0
DA:867,0
DA:868,0
DA:869,0
DA:873,0
DA:875,0
DA:877,0
DA:879,0
DA:881,0
DA:883,0
DA:885,0
DA:887,0
DA:889,0
DA:891,0
DA:893,0
DA:895,0
DA:897,0
DA:900,0
DA:902,0
DA:903,0
DA:905,0
DA:906,0
DA:910,1
LF:444
LH:82
BRDA:26,0,0,0
BRDA:26,0,1,0
BRDA:28,1,0,0
BRDA:28,1,1,0
BRDA:28,2,0,0
BRDA:28,2,1,0
BRDA:29,3,0,0
BRDA:29,3,1,0
BRDA:29,4,0,0
BRDA:29,4,1,0
BRDA:29,4,2,0
BRDA:30,5,0,0
BRDA:30,5,1,0
BRDA:30,6,0,0
BRDA:30,6,1,0
BRDA:30,7,0,0
BRDA:30,7,1,0
BRDA:30,8,0,0
BRDA:30,8,1,0
BRDA:33,9,0,0
BRDA:33,9,1,0
BRDA:33,10,0,0
BRDA:33,10,1,0
BRDA:38,11,0,0
BRDA:38,11,1,0
BRDA:38,12,0,0
BRDA:38,12,1,0
BRDA:38,12,2,0
BRDA:39,13,0,0
BRDA:39,13,1,0
BRDA:39,14,0,0
BRDA:39,14,1,0
BRDA:41,15,0,0
BRDA:41,15,1,0
BRDA:43,16,0,0
BRDA:43,16,1,0
BRDA:44,17,0,0
BRDA:44,17,1,0
BRDA:45,18,0,0
BRDA:45,18,1,0
BRDA:46,19,0,0
BRDA:46,19,1,0
BRDA:46,20,0,0
BRDA:46,20,1,0
BRDA:57,21,0,0
BRDA:57,21,1,3
BRDA:62,22,0,3
BRDA:62,22,1,0
BRDA:63,23,0,3
BRDA:63,23,1,0
BRDA:64,24,0,0
BRDA:64,24,1,3
BRDA:72,25,0,0
BRDA:72,25,1,3
BRDA:83,26,0,3
BRDA:83,26,1,0
BRDA:84,27,0,3
BRDA:84,27,1,0
BRDA:85,28,0,0
BRDA:85,28,1,3
BRDA:93,29,0,0
BRDA:93,29,1,3
BRDA:101,30,0,0
BRDA:101,30,1,3
BRDA:109,31,0,1
BRDA:109,31,1,2
BRDA:117,32,0,0
BRDA:117,32,1,2
BRDA:130,33,0,1
BRDA:130,33,1,1
BRDA:141,34,0,0
BRDA:141,34,1,1
BRDA:142,35,0,0
BRDA:142,35,1,1
BRDA:143,36,0,0
BRDA:143,36,1,1
BRDA:144,37,0,0
BRDA:144,37,1,1
BRDA:146,38,0,0
BRDA:146,38,1,0
BRDA:150,39,0,0
BRDA:150,39,1,1
BRDA:150,40,0,1
BRDA:150,40,1,0
BRDA:150,40,2,0
BRDA:153,41,0,0
BRDA:153,41,1,1
BRDA:155,42,0,0
BRDA:155,42,1,0
BRDA:164,43,0,0
BRDA:164,43,1,0
BRDA:165,44,0,0
BRDA:165,44,1,0
BRDA:167,45,0,0
BRDA:167,45,1,0
BRDA:181,46,0,0
BRDA:181,46,1,0
BRDA:182,47,0,0
BRDA:182,47,1,0
BRDA:184,48,0,0
BRDA:184,48,1,0
BRDA:187,49,0,0
BRDA:187,49,1,0
BRDA:189,50,0,0
BRDA:189,50,1,0
BRDA:207,51,0,0
BRDA:207,51,1,2
BRDA:213,52,0,1
BRDA:213,52,1,1
BRDA:213,53,0,2
BRDA:213,53,1,1
BRDA:236,54,0,0
BRDA:236,54,1,0
BRDA:243,55,0,0
BRDA:243,55,1,0
BRDA:248,56,0,0
BRDA:248,56,1,0
BRDA:261,57,0,0
BRDA:261,57,1,0
BRDA:309,58,0,0
BRDA:309,58,1,0
BRDA:314,59,0,0
BRDA:314,59,1,0
BRDA:316,60,0,0
BRDA:316,60,1,0
BRDA:327,61,0,0
BRDA:327,61,1,0
BRDA:334,62,0,0
BRDA:334,62,1,0
BRDA:338,63,0,0
BRDA:338,63,1,0
BRDA:354,64,0,0
BRDA:354,64,1,0
BRDA:372,65,0,0
BRDA:372,65,1,0
BRDA:389,66,0,0
BRDA:389,66,1,0
BRDA:390,67,0,0
BRDA:390,67,1,0
BRDA:391,68,0,0
BRDA:391,68,1,0
BRDA:392,69,0,0
BRDA:392,69,1,0
BRDA:393,70,0,0
BRDA:393,70,1,0
BRDA:437,71,0,0
BRDA:438,72,0,0
BRDA:439,73,0,0
BRDA:440,74,0,0
BRDA:441,75,0,0
BRDA:449,76,0,0
BRDA:449,76,1,0
BRDA:460,77,0,0
BRDA:460,77,1,0
BRDA:461,78,0,0
BRDA:461,78,1,0
BRDA:466,79,0,0
BRDA:466,79,1,0
BRDA:467,80,0,0
BRDA:467,80,1,0
BRDA:472,81,0,0
BRDA:472,81,1,0
BRDA:472,82,0,0
BRDA:472,82,1,0
BRDA:476,83,0,0
BRDA:476,83,1,0
BRDA:478,84,0,0
BRDA:478,84,1,0
BRDA:488,85,0,0
BRDA:488,85,1,0
BRDA:523,86,0,0
BRDA:523,86,1,0
BRDA:523,87,0,0
BRDA:523,87,1,0
BRDA:523,87,2,0
BRDA:558,88,0,0
BRDA:558,88,1,0
BRDA:564,89,0,0
BRDA:564,89,1,0
BRDA:571,90,0,0
BRDA:571,90,1,0
BRDA:571,91,0,0
BRDA:571,91,1,0
BRDA:577,92,0,0
BRDA:577,92,1,0
BRDA:580,93,0,0
BRDA:580,93,1,0
BRDA:602,94,0,0
BRDA:602,94,1,0
BRDA:602,95,0,0
BRDA:602,95,1,0
BRDA:607,96,0,0
BRDA:607,96,1,0
BRDA:635,97,0,0
BRDA:635,97,1,0
BRDA:635,98,0,0
BRDA:635,98,1,0
BRDA:658,99,0,0
BRDA:658,99,1,0
BRDA:686,100,0,0
BRDA:686,100,1,0
BRDA:693,101,0,0
BRDA:693,101,1,0
BRDA:726,102,0,0
BRDA:726,102,1,0
BRDA:733,103,0,0
BRDA:733,103,1,0
BRDA:733,104,0,0
BRDA:733,104,1,0
BRDA:738,105,0,0
BRDA:738,105,1,0
BRDA:755,106,0,0
BRDA:755,106,1,0
BRDA:782,107,0,0
BRDA:782,107,1,0
BRDA:791,108,0,0
BRDA:791,108,1,0
BRDA:823,109,0,0
BRDA:823,109,1,0
BRDA:831,110,0,0
BRDA:831,110,1,0
BRDA:868,111,0,0
BRDA:868,111,1,0
BRF:223
BRH:27
end_of_record
TN:
SF:services/adminTenantEventsService.js
FN:11,escapeRegex
FN:15,buildAnalyticsEventIdMatch
FN:16,(anonymous_2)
FN:18,(anonymous_3)
FN:19,(anonymous_4)
FN:28,buildAnalyticsByEventId
FN:73,listAdminTenantUpcomingEvents
FN:109,(anonymous_7)
FN:115,(anonymous_8)
FNF:9
FNH:8
FNDA:2,escapeRegex
FNDA:1,buildAnalyticsEventIdMatch
FNDA:1,(anonymous_2)
FNDA:1,(anonymous_3)
FNDA:0,(anonymous_4)
FNDA:1,buildAnalyticsByEventId
FNDA:5,listAdminTenantUpcomingEvents
FNDA:1,(anonymous_7)
FNDA:1,(anonymous_8)
DA:6,1
DA:7,1
DA:9,1
DA:12,2
DA:16,1
DA:17,1
DA:18,1
DA:19,0
DA:20,1
DA:29,1
DA:30,1
DA:32,1
DA:47,1
DA:48,1
DA:49,0
DA:50,0
DA:51,0
DA:52,0
DA:59,0
DA:60,0
DA:61,0
DA:62,0
DA:63,0
DA:66,1
DA:74,5
DA:75,5
DA:76,5
DA:78,5
DA:79,5
DA:80,5
DA:82,5
DA:83,5
DA:86,5
DA:87,4
DA:89,5
DA:90,2
DA:93,5
DA:95,5
DA:96,5
DA:97,5
DA:98,5
DA:100,5
DA:109,5
DA:110,5
DA:111,5
DA:112,1
DA:115,5
DA:116,1
DA:117,1
DA:135,5
DA:146,1
LF:51
LH:41
BRDA:16,0,0,1
BRDA:16,0,1,0
BRDA:30,1,0,0
BRDA:30,1,1,1
BRDA:49,2,0,0
BRDA:49,2,1,0
BRDA:50,3,0,0
BRDA:50,3,1,0
BRDA:51,4,0,0
BRDA:51,4,1,0
BRDA:60,5,0,0
BRDA:60,5,1,0
BRDA:61,6,0,0
BRDA:61,6,1,0
BRDA:62,7,0,0
BRDA:62,7,1,0
BRDA:63,8,0,0
BRDA:63,8,1,0
BRDA:73,9,0,0
BRDA:75,10,0,5
BRDA:75,10,1,0
BRDA:75,11,0,5
BRDA:75,11,1,0
BRDA:76,12,0,5
BRDA:76,12,1,0
BRDA:76,13,0,5
BRDA:76,13,1,0
BRDA:78,14,0,3
BRDA:78,14,1,2
BRDA:79,15,0,2
BRDA:79,15,1,3
BRDA:86,16,0,4
BRDA:86,16,1,1
BRDA:89,17,0,2
BRDA:89,17,1,3
BRDA:93,18,0,1
BRDA:93,18,1,4
BRDA:111,19,0,1
BRDA:111,19,1,4
BRDA:119,20,0,0
BRDA:119,20,1,1
BRDA:121,21,0,0
BRDA:121,21,1,0
BRDA:122,22,0,0
BRDA:122,22,1,0
BRDA:123,23,0,0
BRDA:123,23,1,0
BRDA:124,24,0,0
BRDA:124,24,1,0
BRF:49
BRH:19
end_of_record
TN:
SF:services/adminTenantSummaryService.js
FN:17,getAdminTenantSummary
FNF:1
FNH:1
FNDA:1,getAdminTenantSummary
DA:6,1
DA:18,1
DA:20,1
DA:21,1
DA:23,1
DA:30,1
DA:38,1
LF:7
LH:7
BRF:0
BRH:0
end_of_record
TN:
SF:services/atlasPolicyService.js
FN:45,deepMergeAtlasPolicy
FN:64,getEffectivePolicyFromConfig
FN:79,getEffectivePolicy
FN:89,statusKeys
FN:91,(anonymous_4)
FN:94,assertLifecycleTransition
FN:106,(anonymous_6)
FN:124,governanceRequirementsForOrg
FN:126,(anonymous_8)
FN:130,(anonymous_9)
FN:134,shouldHideOrgFromPublicList
FN:141,assertOrgAllowsEventCreation
FN:156,assertEventReservationReady
FN:189,getReservationEscalation
FN:203,labelForGovernanceKey
FNF:15
FNH:12
FNDA:8,deepMergeAtlasPolicy
FNDA:8,getEffectivePolicyFromConfig
FNDA:2,getEffectivePolicy
FNDA:2,statusKeys
FNDA:6,(anonymous_4)
FNDA:2,assertLifecycleTransition
FNDA:5,(anonymous_6)
FNDA:1,governanceRequirementsForOrg
FNDA:1,(anonymous_8)
FNDA:0,(anonymous_9)
FNDA:0,shouldHideOrgFromPublicList
FNDA:2,assertOrgAllowsEventCreation
FNDA:2,assertEventReservationReady
FNDA:1,getReservationEscalation
FNDA:0,labelForGovernanceKey
DA:1,3
DA:46,8
DA:47,8
DA:48,1
DA:65,8
DA:66,8
DA:67,8
DA:68,0
DA:70,8
DA:71,0
DA:73,8
DA:74,0
DA:76,8
DA:80,2
DA:81,2
DA:82,2
DA:83,2
DA:85,0
DA:86,0
DA:90,2
DA:91,6
DA:95,2
DA:96,2
DA:97,0
DA:98,0
DA:99,0
DA:101,2
DA:102,2
DA:103,0
DA:105,2
DA:106,5
DA:107,2
DA:108,1
DA:109,1
DA:110,1
DA:112,1
DA:113,1
DA:114,0
DA:116,1
DA:117,1
DA:119,0
DA:120,0
DA:121,0
DA:125,1
DA:126,1
DA:127,1
DA:128,1
DA:130,0
DA:131,0
DA:135,0
DA:136,0
DA:137,0
DA:138,0
DA:142,2
DA:143,0
DA:145,2
DA:146,2
DA:147,2
DA:148,1
DA:153,1
DA:157,2
DA:158,2
DA:159,2
DA:160,2
DA:161,2
DA:162,2
DA:163,0
DA:170,2
DA:171,1
DA:172,1
DA:175,1
DA:176,1
DA:177,1
DA:186,1
DA:190,1
DA:191,0
DA:193,1
DA:194,1
DA:197,1
DA:198,1
DA:199,1
DA:200,1
DA:204,0
DA:205,0
DA:208,3
LF:85
LH:61
BRDA:47,0,0,7
BRDA:47,0,1,1
BRDA:47,1,0,8
BRDA:47,1,1,1
BRDA:49,2,0,1
BRDA:49,2,1,1
BRDA:50,3,0,1
BRDA:50,3,1,0
BRDA:50,4,0,1
BRDA:50,4,1,1
BRDA:53,5,0,1
BRDA:53,5,1,0
BRDA:54,6,0,1
BRDA:54,6,1,1
BRDA:55,7,0,1
BRDA:55,7,1,1
BRDA:56,8,0,1
BRDA:56,8,1,1
BRDA:57,9,0,1
BRDA:57,9,1,1
BRDA:67,10,0,0
BRDA:67,10,1,8
BRDA:70,11,0,0
BRDA:70,11,1,8
BRDA:73,12,0,0
BRDA:73,12,1,8
BRDA:82,13,0,2
BRDA:82,13,1,0
BRDA:90,14,0,2
BRDA:90,14,1,0
BRDA:96,15,0,0
BRDA:96,15,1,2
BRDA:101,16,0,2
BRDA:101,16,1,0
BRDA:101,16,2,0
BRDA:102,17,0,0
BRDA:102,17,1,2
BRDA:105,18,0,2
BRDA:105,18,1,0
BRDA:106,19,0,5
BRDA:106,19,1,2
BRDA:107,20,0,1
BRDA:107,20,1,1
BRDA:112,21,0,1
BRDA:112,21,1,0
BRDA:113,22,0,0
BRDA:113,22,1,1
BRDA:116,23,0,1
BRDA:116,23,1,0
BRDA:116,24,0,1
BRDA:116,24,1,1
BRDA:125,25,0,1
BRDA:125,25,1,0
BRDA:125,25,2,0
BRDA:126,26,0,1
BRDA:126,26,1,0
BRDA:127,27,0,1
BRDA:127,27,1,0
BRDA:130,28,0,0
BRDA:130,28,1,0
BRDA:131,29,0,0
BRDA:131,29,1,0
BRDA:135,30,0,0
BRDA:135,30,1,0
BRDA:136,31,0,0
BRDA:136,31,1,0
BRDA:137,32,0,0
BRDA:137,32,1,0
BRDA:137,32,2,0
BRDA:142,33,0,0
BRDA:142,33,1,2
BRDA:145,34,0,2
BRDA:145,34,1,0
BRDA:146,35,0,2
BRDA:146,35,1,0
BRDA:146,35,2,0
BRDA:147,36,0,1
BRDA:147,36,1,1
BRDA:156,37,0,2
BRDA:158,38,0,2
BRDA:158,38,1,2
BRDA:158,38,2,0
BRDA:159,39,0,0
BRDA:159,39,1,2
BRDA:159,40,0,2
BRDA:159,40,1,2
BRDA:160,41,0,2
BRDA:160,41,1,0
BRDA:161,42,0,2
BRDA:161,42,1,2
BRDA:162,43,0,0
BRDA:162,43,1,2
BRDA:170,44,0,1
BRDA:170,44,1,1
BRDA:171,45,0,0
BRDA:171,45,1,1
BRDA:172,46,0,0
BRDA:172,46,1,1
BRDA:172,47,0,1
BRDA:172,47,1,0
BRDA:175,48,0,1
BRDA:175,48,1,1
BRDA:175,48,2,1
BRDA:179,49,0,1
BRDA:179,49,1,0
BRDA:189,50,0,0
BRDA:190,51,0,0
BRDA:190,51,1,1
BRDA:193,52,0,1
BRDA:193,52,1,0
BRDA:194,53,0,1
BRDA:194,53,1,0
BRDA:194,54,0,1
BRDA:194,54,1,1
BRDA:197,55,0,1
BRDA:197,55,1,0
BRDA:197,55,2,0
BRDA:199,56,0,1
BRDA:199,56,1,0
BRDA:204,57,0,0
BRDA:204,57,1,0
BRDA:205,58,0,0
BRDA:205,58,1,0
BRF:123
BRH:70
end_of_record
TN:
SF:services/authGlobalService.js
FN:11,getModels
FN:24,globalUserFromSource
FN:43,getOrCreateGlobalUser
FN:97,getOrCreateTenantMembership
FN:121,getPlatformRolesForGlobalUser
FN:130,resolveTenantUserForRequest
FN:143,issueTokens
FNF:7
FNH:5
FNDA:0,getModels
FNDA:1,globalUserFromSource
FNDA:1,getOrCreateGlobalUser
FNDA:1,getOrCreateTenantMembership
FNDA:1,getPlatformRolesForGlobalUser
FNDA:0,resolveTenantUserForRequest
FNDA:1,issueTokens
DA:5,3
DA:6,3
DA:7,3
DA:8,3
DA:9,3
DA:12,0
DA:15,3
DA:16,3
DA:17,3
DA:18,3
DA:25,1
DA:30,1
DA:31,1
DA:32,1
DA:33,1
DA:34,1
DA:44,1
DA:45,1
DA:46,1
DA:48,1
DA:49,1
DA:50,0
DA:51,0
DA:52,0
DA:53,0
DA:54,0
DA:55,0
DA:56,0
DA:57,0
DA:58,0
DA:59,0
DA:61,0
DA:64,1
DA:65,1
DA:66,1
DA:67,1
DA:68,1
DA:69,1
DA:70,0
DA:71,0
DA:72,0
DA:73,0
DA:74,0
DA:75,0
DA:76,0
DA:77,0
DA:78,0
DA:79,0
DA:80,0
DA:82,0
DA:85,1
DA:86,1
DA:87,1
DA:98,1
DA:99,1
DA:100,1
DA:101,1
DA:102,0
DA:103,0
DA:104,0
DA:106,0
DA:108,1
DA:114,1
DA:115,1
DA:122,1
DA:123,1
DA:124,1
DA:131,0
DA:132,0
DA:133,0
DA:134,0
DA:135,0
DA:136,0
DA:144,1
DA:145,1
DA:146,1
DA:147,1
DA:149,1
DA:155,1
DA:157,1
DA:170,1
DA:176,1
DA:177,1
DA:179,1
DA:180,1
DA:182,1
DA:185,3
LF:87
LH:53
BRDA:15,0,0,3
BRDA:15,0,1,3
BRDA:16,1,0,3
BRDA:16,1,1,3
BRDA:26,2,0,1
BRDA:26,2,1,0
BRDA:27,3,0,1
BRDA:27,3,1,1
BRDA:28,4,0,1
BRDA:28,4,1,1
BRDA:30,5,0,0
BRDA:30,5,1,1
BRDA:31,6,0,0
BRDA:31,6,1,1
BRDA:32,7,0,0
BRDA:32,7,1,1
BRDA:33,8,0,0
BRDA:33,8,1,1
BRDA:45,9,0,1
BRDA:45,9,1,0
BRDA:46,10,0,0
BRDA:46,10,1,1
BRDA:49,11,0,0
BRDA:49,11,1,1
BRDA:51,12,0,0
BRDA:51,12,1,0
BRDA:52,13,0,0
BRDA:52,13,1,0
BRDA:53,14,0,0
BRDA:53,14,1,0
BRDA:54,15,0,0
BRDA:54,15,1,0
BRDA:55,16,0,0
BRDA:55,16,1,0
BRDA:56,17,0,0
BRDA:56,17,1,0
BRDA:57,18,0,0
BRDA:57,18,1,0
BRDA:65,19,0,0
BRDA:65,19,1,1
BRDA:66,20,0,0
BRDA:66,20,1,1
BRDA:67,21,0,0
BRDA:67,21,1,1
BRDA:67,22,0,1
BRDA:67,22,1,0
BRDA:69,23,0,0
BRDA:69,23,1,1
BRDA:71,24,0,0
BRDA:71,24,1,0
BRDA:72,25,0,0
BRDA:72,25,1,0
BRDA:73,26,0,0
BRDA:73,26,1,0
BRDA:73,27,0,0
BRDA:73,27,1,0
BRDA:74,28,0,0
BRDA:74,28,1,0
BRDA:75,29,0,0
BRDA:75,29,1,0
BRDA:76,30,0,0
BRDA:76,30,1,0
BRDA:77,31,0,0
BRDA:77,31,1,0
BRDA:78,32,0,0
BRDA:78,32,1,0
BRDA:101,33,0,0
BRDA:101,33,1,1
BRDA:102,34,0,0
BRDA:102,34,1,0
BRDA:124,35,0,0
BRDA:124,35,1,1
BRDA:124,36,0,1
BRDA:124,36,1,0
BRDA:133,37,0,0
BRDA:133,37,1,0
BRDA:143,38,0,0
BRDA:143,39,0,0
BRDA:144,40,0,1
BRDA:144,40,1,0
BRDA:144,41,0,1
BRDA:144,41,1,1
BRDA:145,42,0,1
BRDA:145,42,1,0
BRDA:151,43,0,1
BRDA:151,43,1,0
BRDA:161,44,0,0
BRDA:161,44,1,1
BRDA:177,45,0,0
BRDA:177,45,1,1
BRF:90
BRH:31
end_of_record
TN:
SF:services/budgetService.js
FN:5,defaultFinancePayload
FN:61,ensureFinanceConfig
FN:79,getPreset
FN:81,(anonymous_3)
FN:85,pushAudit
FN:99,pickTemplateForOrg
FN:103,(anonymous_6)
FN:108,normalizeCustomLineItemKey
FN:117,materializeLineItems
FN:122,(anonymous_9)
FN:125,(anonymous_10)
FN:148,(anonymous_11)
FN:149,(anonymous_12)
FN:187,validateRequiredLineItems
FN:191,(anonymous_14)
FN:206,nextRevisionNumber
FN:209,(anonymous_16)
FN:212,listBudgetsForOrg
FN:217,getBudgetById
FN:223,getBudgetLineItemPolicy
FN:240,createBudget
FN:250,(anonymous_21)
FN:300,updateBudgetDraft
FN:314,(anonymous_23)
FN:338,addComment
FN:361,submitBudget
FN:375,(anonymous_26)
FN:397,(anonymous_27)
FN:421,currentStage
FN:427,approveStageOrg
FN:473,approveStagePlatform
FN:519,rejectBudget
FN:575,requestRevision
FN:645,listBudgetsAdmin
FN:655,(anonymous_34)
FN:663,(anonymous_35)
FN:667,(anonymous_36)
FN:668,(anonymous_37)
FN:675,getFinanceConfigDoc
FN:679,updateFinanceConfig
FN:689,budgetToExportRows
FN:712,toCsv
FN:714,(anonymous_42)
FN:716,(anonymous_43)
FN:726,exportBudget
FNF:45
FNH:29
FNDA:3,defaultFinancePayload
FNDA:11,ensureFinanceConfig
FNDA:2,getPreset
FNDA:2,(anonymous_3)
FNDA:7,pushAudit
FNDA:0,pickTemplateForOrg
FNDA:0,(anonymous_6)
FNDA:0,normalizeCustomLineItemKey
FNDA:6,materializeLineItems
FNDA:8,(anonymous_9)
FNDA:17,(anonymous_10)
FNDA:0,(anonymous_11)
FNDA:0,(anonymous_12)
FNDA:3,validateRequiredLineItems
FNDA:3,(anonymous_14)
FNDA:3,nextRevisionNumber
FNDA:1,(anonymous_16)
FNDA:0,listBudgetsForOrg
FNDA:1,getBudgetById
FNDA:2,getBudgetLineItemPolicy
FNDA:4,createBudget
FNDA:4,(anonymous_21)
FNDA:2,updateBudgetDraft
FNDA:2,(anonymous_23)
FNDA:0,addComment
FNDA:2,submitBudget
FNDA:2,(anonymous_26)
FNDA:4,(anonymous_27)
FNDA:3,currentStage
FNDA:1,approveStageOrg
FNDA:0,approveStagePlatform
FNDA:0,rejectBudget
FNDA:2,requestRevision
FNDA:0,listBudgetsAdmin
FNDA:0,(anonymous_34)
FNDA:0,(anonymous_35)
FNDA:0,(anonymous_36)
FNDA:0,(anonymous_37)
FNDA:0,getFinanceConfigDoc
FNDA:0,updateFinanceConfig
FNDA:2,budgetToExportRows
FNDA:2,toCsv
FNDA:13,(anonymous_42)
FNDA:70,(anonymous_43)
FNDA:1,exportBudget
DA:1,2
DA:2,2
DA:3,2
DA:6,3
DA:62,11
DA:63,11
DA:64,11
DA:65,3
DA:66,3
DA:67,8
DA:71,0
DA:72,0
DA:73,0
DA:74,0
DA:76,11
DA:80,2
DA:81,2
DA:86,7
DA:87,7
DA:100,0
DA:101,0
DA:102,0
DA:103,0
DA:105,0
DA:109,0
DA:114,0
DA:118,6
DA:119,6
DA:120,6
DA:121,6
DA:122,6
DA:123,8
DA:125,6
DA:126,17
DA:127,17
DA:136,17
DA:137,11
DA:138,6
DA:139,0
DA:141,6
DA:143,17
DA:146,6
DA:148,0
DA:149,0
DA:150,0
DA:152,0
DA:153,0
DA:154,0
DA:155,0
DA:157,0
DA:158,0
DA:159,0
DA:161,0
DA:162,0
DA:172,0
DA:173,0
DA:174,0
DA:175,0
DA:177,0
DA:180,0
DA:181,0
DA:184,0
DA:188,3
DA:189,3
DA:190,7
DA:191,3
DA:192,3
DA:193,3
DA:194,1
DA:196,2
DA:197,0
DA:199,2
DA:200,0
DA:203,2
DA:207,3
DA:208,3
DA:209,1
DA:213,0
DA:214,0
DA:218,1
DA:219,1
DA:220,1
DA:224,2
DA:225,2
DA:226,2
DA:229,2
DA:233,2
DA:241,4
DA:242,4
DA:243,4
DA:244,0
DA:245,0
DA:246,0
DA:248,4
DA:250,4
DA:251,4
DA:252,0
DA:253,0
DA:254,0
DA:256,4
DA:257,4
DA:265,4
DA:266,1
DA:269,1
DA:270,1
DA:272,3
DA:273,3
DA:289,3
DA:296,3
DA:297,3
DA:301,2
DA:302,2
DA:303,2
DA:304,0
DA:305,0
DA:306,0
DA:308,2
DA:309,0
DA:310,0
DA:311,0
DA:313,2
DA:314,2
DA:315,2
DA:316,0
DA:317,0
DA:318,0
DA:320,2
DA:321,2
DA:322,2
DA:323,2
DA:324,2
DA:325,0
DA:332,0
DA:334,2
DA:335,2
DA:339,0
DA:340,0
DA:341,0
DA:342,0
DA:343,0
DA:344,0
DA:346,0
DA:347,0
DA:348,0
DA:349,0
DA:350,0
DA:353,0
DA:354,0
DA:355,0
DA:356,0
DA:357,0
DA:358,0
DA:362,2
DA:363,2
DA:364,2
DA:365,0
DA:366,0
DA:367,0
DA:369,2
DA:370,0
DA:371,0
DA:372,0
DA:374,2
DA:375,2
DA:376,2
DA:377,2
DA:378,0
DA:379,0
DA:380,0
DA:382,2
DA:383,2
DA:384,0
DA:385,0
DA:386,0
DA:388,2
DA:389,2
DA:396,2
DA:397,4
DA:403,2
DA:404,2
DA:405,2
DA:406,2
DA:407,2
DA:408,2
DA:409,2
DA:410,2
DA:417,2
DA:418,2
DA:422,3
DA:423,3
DA:424,3
DA:428,1
DA:429,1
DA:430,1
DA:431,0
DA:432,0
DA:433,0
DA:435,1
DA:436,0
DA:437,0
DA:438,0
DA:440,1
DA:441,1
DA:442,0
DA:443,0
DA:444,0
DA:446,1
DA:447,0
DA:448,0
DA:449,0
DA:451,1
DA:452,1
DA:453,1
DA:454,1
DA:455,1
DA:456,1
DA:457,1
DA:458,0
DA:460,1
DA:461,1
DA:469,1
DA:470,1
DA:474,0
DA:475,0
DA:476,0
DA:477,0
DA:478,0
DA:479,0
DA:481,0
DA:482,0
DA:483,0
DA:484,0
DA:486,0
DA:487,0
DA:488,0
DA:489,0
DA:490,0
DA:492,0
DA:493,0
DA:494,0
DA:495,0
DA:497,0
DA:498,0
DA:499,0
DA:500,0
DA:501,0
DA:502,0
DA:503,0
DA:504,0
DA:506,0
DA:507,0
DA:515,0
DA:516,0
DA:520,0
DA:521,0
DA:522,0
DA:523,0
DA:524,0
DA:525,0
DA:527,0
DA:528,0
DA:529,0
DA:530,0
DA:532,0
DA:533,0
DA:534,0
DA:535,0
DA:536,0
DA:538,0
DA:539,0
DA:540,0
DA:541,0
DA:543,0
DA:544,0
DA:545,0
DA:546,0
DA:548,0
DA:549,0
DA:550,0
DA:551,0
DA:553,0
DA:554,0
DA:555,0
DA:556,0
DA:557,0
DA:558,0
DA:559,0
DA:560,0
DA:562,0
DA:571,0
DA:572,0
DA:576,2
DA:577,2
DA:578,2
DA:579,0
DA:580,0
DA:581,0
DA:583,2
DA:584,0
DA:585,0
DA:586,0
DA:588,2
DA:589,2
DA:590,0
DA:591,0
DA:592,0
DA:594,2
DA:595,0
DA:596,0
DA:597,0
DA:599,2
DA:600,0
DA:601,0
DA:602,0
DA:604,2
DA:605,0
DA:606,0
DA:607,0
DA:609,2
DA:610,2
DA:611,1
DA:612,1
DA:613,1
DA:615,1
DA:616,1
DA:617,1
DA:624,1
DA:625,1
DA:626,1
DA:627,1
DA:628,1
DA:629,1
DA:630,1
DA:631,1
DA:632,1
DA:641,1
DA:642,1
DA:646,0
DA:647,0
DA:648,0
DA:649,0
DA:650,0
DA:651,0
DA:652,0
DA:653,0
DA:654,0
DA:655,0
DA:656,0
DA:657,0
DA:659,0
DA:661,0
DA:662,0
DA:663,0
DA:664,0
DA:667,0
DA:668,0
DA:672,0
DA:676,0
DA:680,0
DA:681,0
DA:682,0
DA:683,0
DA:684,0
DA:685,0
DA:686,0
DA:690,2
DA:691,2
DA:692,2
DA:693,2
DA:694,2
DA:695,2
DA:696,2
DA:697,2
DA:698,2
DA:699,2
DA:700,4
DA:709,2
DA:713,2
DA:715,13
DA:717,70
DA:718,70
DA:719,68
DA:727,1
DA:728,1
DA:729,0
DA:730,0
DA:731,0
DA:733,1
DA:734,1
DA:735,1
DA:737,0
DA:744,2
LF:392
LH:178
BRDA:64,0,0,3
BRDA:64,0,1,8
BRDA:67,1,0,0
BRDA:67,1,1,8
BRDA:68,2,0,8
BRDA:68,2,1,8
BRDA:68,2,2,0
BRDA:68,2,3,0
BRDA:80,3,0,2
BRDA:80,3,1,0
BRDA:81,4,0,2
BRDA:81,4,1,0
BRDA:81,5,0,2
BRDA:81,5,1,0
BRDA:85,6,0,3
BRDA:85,7,0,3
BRDA:85,8,0,0
BRDA:85,9,0,5
BRDA:86,10,0,0
BRDA:86,10,1,7
BRDA:92,11,0,7
BRDA:92,11,1,5
BRDA:93,12,0,7
BRDA:93,12,1,3
BRDA:94,13,0,7
BRDA:94,13,1,0
BRDA:95,14,0,7
BRDA:95,14,1,5
BRDA:100,15,0,0
BRDA:100,15,1,0
BRDA:101,16,0,0
BRDA:101,16,1,0
BRDA:103,17,0,0
BRDA:103,17,1,0
BRDA:103,17,2,0
BRDA:105,18,0,0
BRDA:105,18,1,0
BRDA:109,19,0,0
BRDA:109,19,1,0
BRDA:109,19,2,0
BRDA:114,20,0,0
BRDA:114,20,1,0
BRDA:117,21,0,4
BRDA:119,22,0,6
BRDA:119,22,1,4
BRDA:120,23,0,6
BRDA:120,23,1,0
BRDA:122,24,0,6
BRDA:122,24,1,0
BRDA:123,25,0,8
BRDA:123,25,1,0
BRDA:123,26,0,8
BRDA:123,26,1,8
BRDA:126,27,0,17
BRDA:126,27,1,9
BRDA:130,28,0,17
BRDA:130,28,1,0
BRDA:134,29,0,7
BRDA:134,29,1,10
BRDA:136,30,0,11
BRDA:136,30,1,6
BRDA:137,31,0,3
BRDA:137,31,1,8
BRDA:137,32,0,11
BRDA:137,32,1,3
BRDA:138,33,0,0
BRDA:138,33,1,6
BRDA:139,34,0,0
BRDA:139,34,1,0
BRDA:139,35,0,0
BRDA:139,35,1,0
BRDA:141,36,0,3
BRDA:141,36,1,3
BRDA:146,37,0,6
BRDA:146,37,1,0
BRDA:152,38,0,0
BRDA:152,38,1,0
BRDA:153,39,0,0
BRDA:153,39,1,0
BRDA:153,40,0,0
BRDA:153,40,1,0
BRDA:155,41,0,0
BRDA:155,41,1,0
BRDA:155,42,0,0
BRDA:155,42,1,0
BRDA:157,43,0,0
BRDA:157,43,1,0
BRDA:158,44,0,0
BRDA:158,44,1,0
BRDA:158,45,0,0
BRDA:158,45,1,0
BRDA:161,46,0,0
BRDA:161,46,1,0
BRDA:164,47,0,0
BRDA:164,47,1,0
BRDA:164,48,0,0
BRDA:164,48,1,0
BRDA:169,49,0,0
BRDA:169,49,1,0
BRDA:172,50,0,0
BRDA:172,50,1,0
BRDA:173,51,0,0
BRDA:173,51,1,0
BRDA:173,52,0,0
BRDA:173,52,1,0
BRDA:174,53,0,0
BRDA:174,53,1,0
BRDA:175,54,0,0
BRDA:175,54,1,0
BRDA:175,55,0,0
BRDA:175,55,1,0
BRDA:177,56,0,0
BRDA:177,56,1,0
BRDA:181,57,0,0
BRDA:181,57,1,0
BRDA:188,58,0,3
BRDA:188,58,1,0
BRDA:190,59,0,4
BRDA:190,59,1,3
BRDA:192,60,0,0
BRDA:192,60,1,3
BRDA:192,61,0,0
BRDA:192,61,1,0
BRDA:193,62,0,1
BRDA:193,62,1,2
BRDA:193,63,0,3
BRDA:193,63,1,3
BRDA:193,63,2,2
BRDA:194,64,0,1
BRDA:194,64,1,0
BRDA:196,65,0,0
BRDA:196,65,1,2
BRDA:196,66,0,2
BRDA:196,66,1,0
BRDA:196,66,2,0
BRDA:197,67,0,0
BRDA:197,67,1,0
BRDA:199,68,0,0
BRDA:199,68,1,2
BRDA:199,69,0,2
BRDA:199,69,1,0
BRDA:199,69,2,0
BRDA:200,70,0,0
BRDA:200,70,1,0
BRDA:207,71,0,3
BRDA:207,71,1,0
BRDA:208,72,0,2
BRDA:208,72,1,1
BRDA:209,73,0,1
BRDA:209,73,1,0
BRDA:225,74,0,2
BRDA:225,74,1,0
BRDA:226,75,0,0
BRDA:226,75,1,2
BRDA:231,76,0,2
BRDA:231,76,1,0
BRDA:243,77,0,0
BRDA:243,77,1,4
BRDA:250,78,0,4
BRDA:250,78,1,0
BRDA:250,79,0,4
BRDA:250,79,1,0
BRDA:251,80,0,0
BRDA:251,80,1,4
BRDA:256,81,0,4
BRDA:256,81,1,0
BRDA:265,82,0,1
BRDA:265,82,1,3
BRDA:277,83,0,3
BRDA:277,83,1,2
BRDA:281,84,0,3
BRDA:281,84,1,0
BRDA:294,85,0,1
BRDA:294,85,1,2
BRDA:303,86,0,0
BRDA:303,86,1,2
BRDA:308,87,0,0
BRDA:308,87,1,2
BRDA:314,88,0,2
BRDA:314,88,1,0
BRDA:315,89,0,0
BRDA:315,89,1,2
BRDA:320,90,0,0
BRDA:320,90,1,2
BRDA:324,91,0,0
BRDA:324,91,1,2
BRDA:341,92,0,0
BRDA:341,92,1,0
BRDA:346,93,0,0
BRDA:346,93,1,0
BRDA:347,94,0,0
BRDA:347,94,1,0
BRDA:353,95,0,0
BRDA:353,95,1,0
BRDA:353,96,0,0
BRDA:353,96,1,0
BRDA:364,97,0,0
BRDA:364,97,1,2
BRDA:369,98,0,0
BRDA:369,98,1,2
BRDA:375,99,0,2
BRDA:375,99,1,0
BRDA:376,100,0,2
BRDA:376,100,1,0
BRDA:377,101,0,0
BRDA:377,101,1,2
BRDA:382,102,0,2
BRDA:382,102,1,0
BRDA:383,103,0,0
BRDA:383,103,1,2
BRDA:383,104,0,2
BRDA:383,104,1,2
BRDA:392,105,0,2
BRDA:392,105,1,0
BRDA:393,106,0,2
BRDA:393,106,1,0
BRDA:401,107,0,4
BRDA:401,107,1,2
BRDA:422,108,0,3
BRDA:422,108,1,0
BRDA:423,109,0,3
BRDA:423,109,1,0
BRDA:424,110,0,3
BRDA:424,110,1,0
BRDA:430,111,0,0
BRDA:430,111,1,1
BRDA:435,112,0,0
BRDA:435,112,1,1
BRDA:441,113,0,0
BRDA:441,113,1,1
BRDA:441,114,0,1
BRDA:441,114,1,1
BRDA:446,115,0,0
BRDA:446,115,1,1
BRDA:453,116,0,1
BRDA:453,116,1,1
BRDA:456,117,0,1
BRDA:456,117,1,0
BRDA:457,118,0,0
BRDA:457,118,1,1
BRDA:464,119,0,0
BRDA:464,119,1,1
BRDA:476,120,0,0
BRDA:476,120,1,0
BRDA:481,121,0,0
BRDA:481,121,1,0
BRDA:487,122,0,0
BRDA:487,122,1,0
BRDA:487,123,0,0
BRDA:487,123,1,0
BRDA:492,124,0,0
BRDA:492,124,1,0
BRDA:499,125,0,0
BRDA:499,125,1,0
BRDA:502,126,0,0
BRDA:502,126,1,0
BRDA:503,127,0,0
BRDA:503,127,1,0
BRDA:510,128,0,0
BRDA:510,128,1,0
BRDA:522,129,0,0
BRDA:522,129,1,0
BRDA:527,130,0,0
BRDA:527,130,1,0
BRDA:533,131,0,0
BRDA:533,131,1,0
BRDA:538,132,0,0
BRDA:538,132,1,0
BRDA:538,133,0,0
BRDA:538,133,1,0
BRDA:543,134,0,0
BRDA:543,134,1,0
BRDA:543,135,0,0
BRDA:543,135,1,0
BRDA:548,136,0,0
BRDA:548,136,1,0
BRDA:548,137,0,0
BRDA:548,137,1,0
BRDA:558,138,0,0
BRDA:558,138,1,0
BRDA:558,138,2,0
BRDA:559,139,0,0
BRDA:559,139,1,0
BRDA:564,140,0,0
BRDA:564,140,1,0
BRDA:578,141,0,0
BRDA:578,141,1,2
BRDA:583,142,0,0
BRDA:583,142,1,2
BRDA:589,143,0,0
BRDA:589,143,1,2
BRDA:594,144,0,0
BRDA:594,144,1,2
BRDA:594,145,0,2
BRDA:594,145,1,2
BRDA:599,146,0,0
BRDA:599,146,1,2
BRDA:599,147,0,2
BRDA:599,147,1,0
BRDA:604,148,0,0
BRDA:604,148,1,2
BRDA:604,149,0,2
BRDA:604,149,1,2
BRDA:609,150,0,2
BRDA:609,150,1,0
BRDA:610,151,0,1
BRDA:610,151,1,1
BRDA:620,152,0,1
BRDA:620,152,1,0
BRDA:621,153,0,1
BRDA:621,153,1,0
BRDA:634,154,0,0
BRDA:634,154,1,1
BRDA:645,155,0,0
BRDA:645,156,0,0
BRDA:648,157,0,0
BRDA:648,157,1,0
BRDA:652,158,0,0
BRDA:652,158,1,0
BRDA:652,159,0,0
BRDA:652,159,1,0
BRDA:656,160,0,0
BRDA:656,160,1,0
BRDA:670,161,0,0
BRDA:670,161,1,0
BRDA:683,162,0,0
BRDA:683,162,1,0
BRDA:684,163,0,0
BRDA:684,163,1,0
BRDA:693,164,0,2
BRDA:693,164,1,0
BRDA:694,165,0,2
BRDA:694,165,1,0
BRDA:695,166,0,2
BRDA:695,166,1,0
BRDA:696,167,0,2
BRDA:696,167,1,0
BRDA:699,168,0,2
BRDA:699,168,1,0
BRDA:702,169,0,4
BRDA:702,169,1,0
BRDA:703,170,0,2
BRDA:703,170,1,2
BRDA:704,171,0,0
BRDA:704,171,1,4
BRDA:705,172,0,4
BRDA:705,172,1,4
BRDA:706,173,0,4
BRDA:706,173,1,4
BRDA:717,174,0,0
BRDA:717,174,1,70
BRDA:718,175,0,2
BRDA:718,175,1,68
BRDA:728,176,0,0
BRDA:728,176,1,1
BRDA:733,177,0,1
BRDA:733,177,1,0
BRF:357
BRH:143
end_of_record
TN:
SF:services/discordWebookService.js
FN:5,sendDiscordMessage
FNF:1
FNH:0
FNDA:0,sendDiscordMessage
DA:1,1
DA:2,1
DA:3,1
DA:6,0
DA:7,0
DA:10,0
DA:15,0
DA:28,0
DA:29,0
DA:33,0
DA:38,1
LF:11
LH:4
BRDA:6,0,0,0
BRDA:6,0,1,0
BRF:2
BRH:0
end_of_record
TN:
SF:services/getGlobalModelService.js
FN:18,(anonymous_0)
FN:38,(anonymous_1)
FNF:2
FNH:2
FNDA:3,(anonymous_0)
FNDA:3,(anonymous_1)
DA:1,5
DA:2,5
DA:3,5
DA:4,5
DA:5,5
DA:6,5
DA:7,5
DA:18,5
DA:19,3
DA:20,0
DA:22,3
DA:24,3
DA:38,3
DA:39,3
DA:40,3
DA:42,3
DA:46,5
LF:17
LH:16
BRDA:19,0,0,0
BRDA:19,0,1,3
BRDA:39,1,0,3
BRDA:39,1,1,0
BRF:4
BRH:2
end_of_record
TN:
SF:services/imageUploadService.js
FN:18,(anonymous_0)
FN:35,(anonymous_1)
FN:42,(anonymous_2)
FN:77,(anonymous_3)
FN:129,(anonymous_4)
FN:143,(anonymous_5)
FNF:6
FNH:0
FNDA:0,(anonymous_0)
FNDA:0,(anonymous_1)
FNDA:0,(anonymous_2)
FNDA:0,(anonymous_3)
FNDA:0,(anonymous_4)
FNDA:0,(anonymous_5)
DA:1,1
DA:2,1
DA:3,1
DA:4,1
DA:7,1
DA:15,1
DA:18,1
DA:19,0
DA:20,0
DA:21,0
DA:23,0
DA:26,1
DA:35,1
DA:36,0
DA:37,0
DA:38,0
DA:39,0
DA:42,1
DA:43,0
DA:44,0
DA:48,0
DA:49,0
DA:53,0
DA:54,0
DA:57,0
DA:58,0
DA:68,0
DA:69,0
DA:70,0
DA:72,0
DA:73,0
DA:77,1
DA:78,0
DA:79,0
DA:83,0
DA:84,0
DA:88,0
DA:89,0
DA:92,0
DA:93,0
DA:103,0
DA:105,0
DA:106,0
DA:107,0
DA:108,0
DA:113,0
DA:114,0
DA:118,0
DA:119,0
DA:121,0
DA:122,0
DA:126,1
DA:127,1
DA:129,1
DA:130,0
DA:131,0
DA:132,0
DA:134,0
DA:137,1
DA:143,1
DA:144,0
DA:145,0
DA:147,0
DA:148,0
DA:150,0
DA:151,0
DA:153,0
DA:154,0
DA:162,0
DA:163,0
DA:166,1
LF:71
LH:17
BRDA:19,0,0,0
BRDA:19,0,1,0
BRDA:35,1,0,0
BRDA:42,2,0,0
BRDA:43,3,0,0
BRDA:43,3,1,0
BRDA:48,4,0,0
BRDA:48,4,1,0
BRDA:53,5,0,0
BRDA:53,5,1,0
BRDA:57,6,0,0
BRDA:57,6,1,0
BRDA:77,7,0,0
BRDA:78,8,0,0
BRDA:78,8,1,0
BRDA:83,9,0,0
BRDA:83,9,1,0
BRDA:88,10,0,0
BRDA:88,10,1,0
BRDA:92,11,0,0
BRDA:92,11,1,0
BRDA:105,12,0,0
BRDA:105,12,1,0
BRDA:107,13,0,0
BRDA:107,13,1,0
BRDA:130,14,0,0
BRDA:130,14,1,0
BRDA:143,15,0,0
BRDA:144,16,0,0
BRDA:144,16,1,0
BRDA:147,17,0,0
BRDA:147,17,1,0
BRDA:150,18,0,0
BRDA:150,18,1,0
BRDA:153,19,0,0
BRDA:153,19,1,0
BRF:36
BRH:0
end_of_record
TN:
SF:services/pivotReferralCodeService.js
FN:6,isPivotTenant
FN:10,serializePivotReferralCode
FN:34,validateCreatePayload
FN:73,validateUpdatePayload
FN:138,requirePivotTenant
FN:152,listReferralCodesForTenant
FN:168,createReferralCode
FN:192,updateReferralCode
FN:239,deleteReferralCode
FN:251,normalizeReferralCodeInput
FN:255,validateReferralCode
FN:334,redeemReferralCode
FNF:12
FNH:6
FNDA:4,isPivotTenant
FNDA:0,serializePivotReferralCode
FNDA:2,validateCreatePayload
FNDA:1,validateUpdatePayload
FNDA:0,requirePivotTenant
FNDA:0,listReferralCodesForTenant
FNDA:0,createReferralCode
FNDA:0,updateReferralCode
FNDA:0,deleteReferralCode
FNDA:11,normalizeReferralCodeInput
FNDA:6,validateReferralCode
FNDA:5,redeemReferralCode
DA:1,3
DA:2,3
DA:3,3
DA:4,3
DA:7,4
DA:11,0
DA:12,0
DA:14,0
DA:18,0
DA:35,2
DA:36,2
DA:37,2
DA:38,2
DA:40,2
DA:41,2
DA:42,0
DA:45,2
DA:48,2
DA:49,1
DA:52,1
DA:53,1
DA:54,0
DA:55,0
DA:56,0
DA:60,1
DA:74,1
DA:76,1
DA:77,0
DA:78,0
DA:79,0
DA:82,1
DA:83,0
DA:84,0
DA:85,0
DA:88,1
DA:89,0
DA:90,0
DA:91,0
DA:93,0
DA:96,1
DA:97,0
DA:98,0
DA:99,0
DA:101,0
DA:104,1
DA:105,0
DA:108,1
DA:110,0
DA:113,0
DA:114,0
DA:116,0
DA:119,1
DA:120,0
DA:121,0
DA:123,0
DA:124,0
DA:125,0
DA:127,0
DA:131,1
DA:132,1
DA:135,0
DA:139,0
DA:140,0
DA:141,0
DA:143,0
DA:144,0
DA:149,0
DA:153,0
DA:154,0
DA:156,0
DA:157,0
DA:161,0
DA:169,0
DA:170,0
DA:172,0
DA:173,0
DA:174,0
DA:177,0
DA:178,0
DA:179,0
DA:183,0
DA:185,0
DA:186,0
DA:188,0
DA:193,0
DA:194,0
DA:196,0
DA:197,0
DA:198,0
DA:201,0
DA:202,0
DA:203,0
DA:204,0
DA:207,0
DA:211,0
DA:217,0
DA:221,0
DA:227,0
DA:228,0
DA:229,0
DA:230,0
DA:232,0
DA:233,0
DA:235,0
DA:240,0
DA:241,0
DA:243,0
DA:244,0
DA:245,0
DA:246,0
DA:248,0
DA:252,11
DA:256,6
DA:257,6
DA:258,1
DA:265,5
DA:266,5
DA:268,5
DA:269,1
DA:276,4
DA:277,1
DA:284,3
DA:285,1
DA:292,2
DA:293,1
DA:300,1
DA:301,1
DA:302,0
DA:309,1
DA:310,0
DA:317,1
DA:335,5
DA:336,5
DA:337,1
DA:344,4
DA:345,4
DA:346,0
DA:353,4
DA:355,4
DA:361,4
DA:364,4
DA:365,0
DA:372,4
DA:376,4
DA:377,1
DA:378,1
DA:387,3
DA:388,3
DA:389,0
DA:396,3
DA:397,3
DA:398,1
DA:405,2
DA:406,0
DA:412,2
DA:413,0
DA:419,2
DA:420,0
DA:427,2
DA:438,2
DA:439,0
DA:446,2
DA:447,2
DA:453,1
DA:454,1
DA:455,1
DA:456,1
DA:464,0
DA:467,1
DA:477,3
LF:170
LH:76
BRDA:7,0,0,4
BRDA:7,0,1,3
BRDA:11,1,0,0
BRDA:11,1,1,0
BRDA:14,2,0,0
BRDA:14,2,1,0
BRDA:14,2,2,0
BRDA:14,2,3,0
BRDA:25,3,0,0
BRDA:25,3,1,0
BRDA:27,4,0,0
BRDA:27,4,1,0
BRDA:34,5,0,0
BRDA:35,6,0,2
BRDA:35,6,1,0
BRDA:36,7,0,2
BRDA:36,7,1,0
BRDA:37,8,0,0
BRDA:37,8,1,2
BRDA:38,9,0,0
BRDA:38,9,1,2
BRDA:40,10,0,0
BRDA:40,10,1,2
BRDA:41,11,0,0
BRDA:41,11,1,2
BRDA:41,12,0,2
BRDA:41,12,1,2
BRDA:45,13,0,2
BRDA:45,13,1,0
BRDA:45,14,0,2
BRDA:45,14,1,2
BRDA:48,15,0,1
BRDA:48,15,1,1
BRDA:48,16,0,2
BRDA:48,16,1,2
BRDA:53,17,0,0
BRDA:53,17,1,1
BRDA:53,18,0,1
BRDA:53,18,1,0
BRDA:55,19,0,0
BRDA:55,19,1,0
BRDA:73,20,0,0
BRDA:76,21,0,0
BRDA:76,21,1,1
BRDA:77,22,0,0
BRDA:77,22,1,0
BRDA:78,23,0,0
BRDA:78,23,1,0
BRDA:82,24,0,0
BRDA:82,24,1,1
BRDA:83,25,0,0
BRDA:83,25,1,0
BRDA:84,26,0,0
BRDA:84,26,1,0
BRDA:88,27,0,0
BRDA:88,27,1,1
BRDA:90,28,0,0
BRDA:90,28,1,0
BRDA:90,29,0,0
BRDA:90,29,1,0
BRDA:96,30,0,0
BRDA:96,30,1,1
BRDA:98,31,0,0
BRDA:98,31,1,0
BRDA:98,32,0,0
BRDA:98,32,1,0
BRDA:104,33,0,0
BRDA:104,33,1,1
BRDA:108,34,0,0
BRDA:108,34,1,1
BRDA:110,35,0,0
BRDA:110,35,1,0
BRDA:110,36,0,0
BRDA:110,36,1,0
BRDA:113,37,0,0
BRDA:113,37,1,0
BRDA:113,38,0,0
BRDA:113,38,1,0
BRDA:119,39,0,0
BRDA:119,39,1,1
BRDA:120,40,0,0
BRDA:120,40,1,0
BRDA:120,41,0,0
BRDA:120,41,1,0
BRDA:124,42,0,0
BRDA:124,42,1,0
BRDA:131,43,0,1
BRDA:131,43,1,0
BRDA:140,44,0,0
BRDA:140,44,1,0
BRDA:143,45,0,0
BRDA:143,45,1,0
BRDA:154,46,0,0
BRDA:154,46,1,0
BRDA:170,47,0,0
BRDA:170,47,1,0
BRDA:173,48,0,0
BRDA:173,48,1,0
BRDA:185,49,0,0
BRDA:185,49,1,0
BRDA:194,50,0,0
BRDA:194,50,1,0
BRDA:197,51,0,0
BRDA:197,51,1,0
BRDA:203,52,0,0
BRDA:203,52,1,0
BRDA:207,53,0,0
BRDA:207,53,1,0
BRDA:208,54,0,0
BRDA:208,54,1,0
BRDA:209,55,0,0
BRDA:209,55,1,0
BRDA:217,56,0,0
BRDA:217,56,1,0
BRDA:218,57,0,0
BRDA:218,57,1,0
BRDA:219,58,0,0
BRDA:219,58,1,0
BRDA:232,59,0,0
BRDA:232,59,1,0
BRDA:241,60,0,0
BRDA:241,60,1,0
BRDA:245,61,0,0
BRDA:245,61,1,0
BRDA:252,62,0,11
BRDA:252,62,1,0
BRDA:257,63,0,1
BRDA:257,63,1,5
BRDA:268,64,0,1
BRDA:268,64,1,4
BRDA:276,65,0,1
BRDA:276,65,1,3
BRDA:284,66,0,1
BRDA:284,66,1,2
BRDA:284,67,0,3
BRDA:284,67,1,1
BRDA:292,68,0,1
BRDA:292,68,1,1
BRDA:301,69,0,0
BRDA:301,69,1,1
BRDA:309,70,0,0
BRDA:309,70,1,1
BRDA:320,71,0,1
BRDA:320,71,1,0
BRDA:322,72,0,1
BRDA:322,72,1,0
BRDA:323,73,0,1
BRDA:323,73,1,0
BRDA:336,74,0,1
BRDA:336,74,1,4
BRDA:345,75,0,0
BRDA:345,75,1,4
BRDA:353,76,0,4
BRDA:353,76,1,0
BRDA:361,77,0,4
BRDA:361,77,1,0
BRDA:364,78,0,0
BRDA:364,78,1,4
BRDA:376,79,0,1
BRDA:376,79,1,3
BRDA:381,80,0,1
BRDA:381,80,1,0
BRDA:382,81,0,1
BRDA:382,81,1,0
BRDA:388,82,0,0
BRDA:388,82,1,3
BRDA:396,83,0,3
BRDA:396,83,1,0
BRDA:397,84,0,1
BRDA:397,84,1,2
BRDA:397,85,0,3
BRDA:397,85,1,3
BRDA:405,86,0,0
BRDA:405,86,1,2
BRDA:412,87,0,0
BRDA:412,87,1,2
BRDA:412,88,0,2
BRDA:412,88,1,0
BRDA:419,89,0,0
BRDA:419,89,1,2
BRDA:438,90,0,0
BRDA:438,90,1,2
BRDA:453,91,0,1
BRDA:453,91,1,0
BRDA:459,92,0,1
BRDA:459,92,1,0
BRDA:460,93,0,1
BRDA:460,93,1,0
BRF:188
BRH:69
end_of_record
TN:
SF:services/resendClient.js
FN:5,getResend
FNF:1
FNH:0
FNDA:0,getResend
DA:1,1
DA:3,1
DA:6,0
DA:7,0
DA:8,0
DA:11,1
LF:6
LH:3
BRDA:6,0,0,0
BRDA:6,0,1,0
BRDA:7,1,0,0
BRDA:7,1,1,0
BRF:4
BRH:0
end_of_record
TN:
SF:services/reservationMetricsService.js
FN:4,(anonymous_0)
FN:9,(anonymous_1)
FN:15,(anonymous_2)
FN:80,(anonymous_3)
FN:89,(anonymous_4)
FNF:5
FNH:5
FNDA:1,(anonymous_0)
FNDA:2,(anonymous_1)
FNDA:1,(anonymous_2)
FNDA:1,(anonymous_3)
FNDA:6,(anonymous_4)
DA:1,1
DA:5,1
DA:6,1
DA:10,2
DA:11,2
DA:12,0
DA:16,1
DA:17,1
DA:18,1
DA:19,1
DA:21,1
DA:26,1
DA:27,0
DA:30,1
DA:56,1
DA:69,1
DA:81,1
DA:89,6
DA:93,1
LF:19
LH:17
BRDA:10,0,0,0
BRDA:10,0,1,2
BRDA:11,1,0,2
BRDA:11,1,1,0
BRDA:11,2,0,2
BRDA:11,2,1,0
BRDA:15,3,0,0
BRDA:15,4,0,1
BRDA:26,5,0,0
BRDA:26,5,1,1
BRDA:71,6,0,1
BRDA:71,6,1,0
BRDA:72,7,0,1
BRDA:72,7,1,0
BRDA:73,8,0,1
BRDA:73,8,1,0
BRDA:74,9,0,1
BRDA:74,9,1,0
BRDA:75,10,0,1
BRDA:75,10,1,0
BRDA:80,11,0,0
BRDA:83,12,0,1
BRDA:83,12,1,0
BRDA:84,13,0,1
BRDA:84,13,1,0
BRDA:85,14,0,1
BRDA:85,14,1,0
BRDA:86,15,0,1
BRDA:86,15,1,0
BRDA:87,16,0,1
BRDA:87,16,1,0
BRF:31
BRH:15
end_of_record
TN:
SF:services/resourceReservationService.js
FN:6,(anonymous_0)
FN:11,(anonymous_1)
FN:17,(anonymous_2)
FN:24,(anonymous_3)
FN:50,(anonymous_4)
FN:61,(anonymous_5)
FN:74,(anonymous_6)
FN:102,(anonymous_7)
FN:118,(anonymous_8)
FN:136,(anonymous_9)
FN:167,(anonymous_10)
FNF:11
FNH:9
FNDA:5,(anonymous_0)
FNDA:4,(anonymous_1)
FNDA:2,(anonymous_2)
FNDA:5,(anonymous_3)
FNDA:1,(anonymous_4)
FNDA:1,(anonymous_5)
FNDA:1,(anonymous_6)
FNDA:0,(anonymous_7)
FNDA:3,(anonymous_8)
FNDA:0,(anonymous_9)
FNDA:1,(anonymous_10)
DA:1,1
DA:3,1
DA:7,5
DA:8,5
DA:12,4
DA:13,4
DA:14,4
DA:18,2
DA:19,1
DA:20,1
DA:21,0
DA:25,5
DA:26,5
DA:27,5
DA:28,5
DA:51,1
DA:52,1
DA:53,0
DA:55,1
DA:56,1
DA:58,0
DA:62,1
DA:63,1
DA:64,1
DA:71,1
DA:75,1
DA:76,1
DA:77,1
DA:78,1
DA:79,1
DA:80,1
DA:81,1
DA:82,1
DA:83,1
DA:84,1
DA:85,1
DA:86,1
DA:87,1
DA:88,1
DA:89,1
DA:90,1
DA:91,1
DA:92,1
DA:93,1
DA:95,0
DA:96,0
DA:97,0
DA:98,0
DA:99,0
DA:103,0
DA:104,0
DA:109,0
DA:110,0
DA:112,0
DA:119,3
DA:120,3
DA:121,1
DA:123,2
DA:124,2
DA:125,2
DA:126,0
DA:129,2
DA:130,2
DA:131,2
DA:132,2
DA:133,2
DA:134,0
DA:135,0
DA:136,0
DA:137,0
DA:139,0
DA:140,0
DA:145,2
DA:159,2
DA:160,2
DA:161,2
DA:162,2
DA:164,0
DA:168,1
DA:174,1
DA:175,1
DA:176,1
DA:177,1
DA:181,1
DA:182,1
DA:183,1
DA:184,1
DA:185,1
DA:186,1
DA:188,0
DA:189,0
DA:190,0
DA:191,0
DA:192,0
DA:194,1
DA:195,1
DA:197,1
DA:198,1
DA:199,0
DA:201,1
DA:205,1
LF:101
LH:74
BRDA:12,0,0,0
BRDA:12,0,1,4
BRDA:13,1,0,0
BRDA:13,1,1,4
BRDA:18,2,0,1
BRDA:18,2,1,1
BRDA:18,3,0,2
BRDA:18,3,1,1
BRDA:19,4,0,0
BRDA:19,4,1,1
BRDA:20,5,0,1
BRDA:20,5,1,0
BRDA:24,6,0,0
BRDA:25,7,0,5
BRDA:25,7,1,2
BRDA:26,8,0,5
BRDA:26,8,1,2
BRDA:26,8,2,0
BRDA:27,9,0,5
BRDA:27,9,1,2
BRDA:31,10,0,5
BRDA:31,10,1,5
BRDA:32,11,0,5
BRDA:32,11,1,2
BRDA:33,12,0,5
BRDA:33,12,1,5
BRDA:34,13,0,5
BRDA:34,13,1,5
BRDA:35,14,0,5
BRDA:35,14,1,5
BRDA:36,15,0,5
BRDA:36,15,1,2
BRDA:37,16,0,5
BRDA:37,16,1,5
BRDA:38,17,0,5
BRDA:38,17,1,5
BRDA:39,18,0,3
BRDA:39,18,1,2
BRDA:41,19,0,5
BRDA:41,19,1,4
BRDA:42,20,0,5
BRDA:42,20,1,5
BRDA:43,21,0,5
BRDA:43,21,1,5
BRDA:44,22,0,5
BRDA:44,22,1,5
BRDA:45,23,0,5
BRDA:45,23,1,5
BRDA:50,24,0,0
BRDA:51,25,0,1
BRDA:51,25,1,0
BRDA:52,26,0,0
BRDA:52,26,1,1
BRDA:55,27,0,1
BRDA:55,27,1,0
BRDA:61,28,0,0
BRDA:61,29,0,0
BRDA:61,30,0,0
BRDA:63,31,0,1
BRDA:63,31,1,0
BRDA:68,32,0,1
BRDA:68,32,1,0
BRDA:69,33,0,1
BRDA:69,33,1,0
BRDA:74,34,0,0
BRDA:74,35,0,0
BRDA:74,36,0,0
BRDA:74,37,0,0
BRDA:74,38,0,1
BRDA:76,39,0,1
BRDA:76,39,1,0
BRDA:78,40,0,1
BRDA:78,40,1,0
BRDA:78,40,2,0
BRDA:83,41,0,1
BRDA:83,41,1,1
BRDA:96,42,0,0
BRDA:96,42,1,0
BRDA:96,42,2,0
BRDA:97,43,0,0
BRDA:97,43,1,0
BRDA:97,43,2,0
BRDA:102,44,0,0
BRDA:102,45,0,0
BRDA:102,46,0,0
BRDA:109,47,0,0
BRDA:109,47,1,0
BRDA:115,48,0,0
BRDA:115,48,1,0
BRDA:118,49,0,2
BRDA:120,50,0,1
BRDA:120,50,1,2
BRDA:125,51,0,0
BRDA:125,51,1,2
BRDA:125,52,0,2
BRDA:125,52,1,2
BRDA:125,52,2,2
BRDA:131,53,0,2
BRDA:131,53,1,0
BRDA:131,54,0,2
BRDA:131,54,1,2
BRDA:131,54,2,2
BRDA:133,55,0,0
BRDA:133,55,1,2
BRDA:137,56,0,0
BRDA:137,56,1,0
BRDA:139,57,0,0
BRDA:139,57,1,0
BRDA:159,58,0,0
BRDA:159,58,1,2
BRDA:161,59,0,2
BRDA:161,59,1,0
BRDA:167,60,0,1
BRDA:175,61,0,1
BRDA:175,61,1,0
BRDA:179,62,0,1
BRDA:179,62,1,0
BRDA:181,63,0,1
BRDA:181,63,1,0
BRDA:194,64,0,1
BRDA:194,64,1,0
BRDA:194,65,0,1
BRDA:194,65,1,1
BRDA:198,66,0,0
BRDA:198,66,1,1
BRDA:198,67,0,1
BRDA:198,67,1,1
BRF:127
BRH:77
end_of_record
TN:
SF:services/rootOperatorUsersService.js
FN:11,escapeRegex
FN:15,actorUserId
FN:23,getRootOperatorUserStats
FN:41,searchRootOperatorUsers
FN:80,setRootOperatorUserRole
FN:101,(anonymous_5)
FN:126,(anonymous_6)
FN:141,setRootOperatorAccessSuspended
FNF:8
FNH:6
FNDA:0,escapeRegex
FNDA:2,actorUserId
FNDA:1,getRootOperatorUserStats
FNDA:1,searchRootOperatorUsers
FNDA:1,setRootOperatorUserRole
FNDA:1,(anonymous_5)
FNDA:0,(anonymous_6)
FNDA:1,setRootOperatorAccessSuspended
DA:6,1
DA:9,1
DA:12,0
DA:16,2
DA:24,1
DA:25,1
DA:29,1
DA:30,1
DA:42,1
DA:43,1
DA:44,1
DA:46,1
DA:48,1
DA:49,1
DA:52,0
DA:53,0
DA:60,0
DA:61,0
DA:64,0
DA:73,0
DA:81,1
DA:82,1
DA:83,1
DA:84,1
DA:86,1
DA:87,0
DA:88,0
DA:89,0
DA:92,1
DA:93,1
DA:94,1
DA:95,0
DA:96,0
DA:97,0
DA:100,1
DA:101,1
DA:102,0
DA:103,0
DA:104,0
DA:107,1
DA:108,0
DA:109,0
DA:110,0
DA:113,1
DA:114,0
DA:115,0
DA:116,0
DA:117,0
DA:118,0
DA:122,1
DA:123,1
DA:124,1
DA:126,0
DA:128,1
DA:129,1
DA:131,1
DA:132,1
DA:134,1
DA:142,1
DA:143,1
DA:144,1
DA:146,1
DA:147,0
DA:148,0
DA:149,0
DA:151,1
DA:152,1
DA:153,1
DA:154,1
DA:157,0
DA:158,0
DA:159,0
DA:160,0
DA:161,0
DA:162,0
DA:165,0
DA:166,0
DA:167,0
DA:168,0
DA:169,0
DA:172,0
DA:173,0
DA:174,0
DA:176,0
DA:179,1
LF:85
LH:42
BRDA:16,0,0,2
BRDA:16,0,1,0
BRDA:16,0,2,0
BRDA:41,1,0,0
BRDA:43,2,0,1
BRDA:43,2,1,0
BRDA:44,3,0,1
BRDA:44,3,1,0
BRDA:44,4,0,1
BRDA:44,4,1,1
BRDA:46,5,0,0
BRDA:46,5,1,1
BRDA:46,6,0,1
BRDA:46,6,1,0
BRDA:46,6,2,0
BRDA:48,7,0,1
BRDA:48,7,1,0
BRDA:60,8,0,0
BRDA:60,8,1,0
BRDA:82,9,0,1
BRDA:82,9,1,0
BRDA:86,10,0,0
BRDA:86,10,1,1
BRDA:86,11,0,1
BRDA:86,11,1,1
BRDA:86,11,2,1
BRDA:94,12,0,0
BRDA:94,12,1,1
BRDA:94,13,0,1
BRDA:94,13,1,1
BRDA:100,14,0,1
BRDA:100,14,1,0
BRDA:101,15,0,0
BRDA:101,15,1,1
BRDA:107,16,0,0
BRDA:107,16,1,1
BRDA:113,17,0,0
BRDA:113,17,1,1
BRDA:113,18,0,1
BRDA:113,18,1,0
BRDA:113,18,2,0
BRDA:113,19,0,0
BRDA:113,19,1,0
BRDA:115,20,0,0
BRDA:115,20,1,0
BRDA:122,21,0,1
BRDA:122,21,1,0
BRDA:123,22,0,1
BRDA:123,22,1,0
BRDA:124,23,0,1
BRDA:124,23,1,0
BRDA:128,24,0,0
BRDA:128,24,1,1
BRDA:129,25,0,0
BRDA:129,25,1,1
BRDA:143,26,0,1
BRDA:143,26,1,0
BRDA:146,27,0,0
BRDA:146,27,1,1
BRDA:146,28,0,1
BRDA:146,28,1,1
BRDA:151,29,0,1
BRDA:151,29,1,0
BRDA:159,30,0,0
BRDA:159,30,1,0
BRDA:166,31,0,0
BRDA:166,31,1,0
BRDA:173,32,0,0
BRDA:173,32,1,0
BRF:69
BRH:31
end_of_record
TN:
SF:services/tenantConfigService.js
FN:28,buildManualSteps
FN:74,toStoredTenantRow
FN:75,(anonymous_2)
FN:91,(anonymous_3)
FN:94,(anonymous_4)
FN:112,getStoredTenantRows
FN:117,upsertStoredTenantRow
FN:120,(anonymous_7)
FN:121,(anonymous_8)
FN:135,loadTenantConfigDoc
FN:140,getMergedTenants
FN:145,getTenantByKey
FN:147,(anonymous_12)
FN:150,syncTenantUriCache
FN:153,(anonymous_14)
FN:161,saveTenantRows
FN:173,isMongoPingOk
FN:178,pingTenantDatabase
FN:199,ensurePivotSystemUser
FN:219,provisionPivotCatalogOrg
FN:287,serializeTenantForAdmin
FN:296,(anonymous_21)
FN:296,(anonymous_22)
FN:301,validateTenantMetadataUpdate
FN:321,validateNewTenantPayload
FNF:25
FNH:0
FNDA:0,buildManualSteps
FNDA:0,toStoredTenantRow
FNDA:0,(anonymous_2)
FNDA:0,(anonymous_3)
FNDA:0,(anonymous_4)
FNDA:0,getStoredTenantRows
FNDA:0,upsertStoredTenantRow
FNDA:0,(anonymous_7)
FNDA:0,(anonymous_8)
FNDA:0,loadTenantConfigDoc
FNDA:0,getMergedTenants
FNDA:0,getTenantByKey
FNDA:0,(anonymous_12)
FNDA:0,syncTenantUriCache
FNDA:0,(anonymous_14)
FNDA:0,saveTenantRows
FNDA:0,isMongoPingOk
FNDA:0,pingTenantDatabase
FNDA:0,ensurePivotSystemUser
FNDA:0,provisionPivotCatalogOrg
FNDA:0,serializeTenantForAdmin
FNDA:0,(anonymous_21)
FNDA:0,(anonymous_22)
FNDA:0,validateTenantMetadataUpdate
FNDA:0,validateNewTenantPayload
DA:1,2
DA:2,2
DA:3,2
DA:11,2
DA:16,2
DA:18,2
DA:19,2
DA:21,2
DA:29,0
DA:30,0
DA:31,0
DA:32,0
DA:34,0
DA:75,0
DA:76,0
DA:90,0
DA:91,0
DA:92,0
DA:93,0
DA:94,0
DA:95,0
DA:96,0
DA:97,0
DA:98,0
DA:99,0
DA:101,0
DA:103,0
DA:104,0
DA:107,0
DA:109,0
DA:113,0
DA:114,0
DA:118,0
DA:119,0
DA:120,0
DA:121,0
DA:123,0
DA:124,0
DA:125,0
DA:127,0
DA:130,0
DA:131,0
DA:132,0
DA:136,0
DA:137,0
DA:141,0
DA:142,0
DA:146,0
DA:147,0
DA:151,0
DA:152,0
DA:153,0
DA:154,0
DA:155,0
DA:157,0
DA:158,0
DA:162,0
DA:163,0
DA:164,0
DA:169,0
DA:170,0
DA:174,0
DA:175,0
DA:179,0
DA:180,0
DA:181,0
DA:182,0
DA:183,0
DA:184,0
DA:190,0
DA:200,0
DA:201,0
DA:202,0
DA:203,0
DA:204,0
DA:206,0
DA:207,0
DA:208,0
DA:216,0
DA:220,0
DA:221,0
DA:222,0
DA:223,0
DA:224,0
DA:226,0
DA:227,0
DA:228,0
DA:229,0
DA:230,0
DA:234,0
DA:235,0
DA:236,0
DA:237,0
DA:270,0
DA:273,0
DA:274,0
DA:275,0
DA:284,0
DA:288,0
DA:289,0
DA:290,0
DA:296,0
DA:302,0
DA:303,0
DA:305,0
DA:306,0
DA:308,0
DA:309,0
DA:310,0
DA:311,0
DA:312,0
DA:315,0
DA:316,0
DA:318,0
DA:322,0
DA:323,0
DA:324,0
DA:326,0
DA:327,0
DA:328,0
DA:330,0
DA:331,0
DA:332,0
DA:334,0
DA:335,0
DA:338,0
DA:354,2
LF:127
LH:9
BRDA:19,0,0,2
BRDA:19,0,1,2
BRDA:28,1,0,0
BRDA:29,2,0,0
BRDA:29,2,1,0
BRDA:30,3,0,0
BRDA:30,3,1,0
BRDA:32,4,0,0
BRDA:32,4,1,0
BRDA:48,5,0,0
BRDA:48,5,1,0
BRDA:49,6,0,0
BRDA:49,6,1,0
BRDA:54,7,0,0
BRDA:54,7,1,0
BRDA:58,8,0,0
BRDA:58,8,1,0
BRDA:60,9,0,0
BRDA:60,9,1,0
BRDA:90,10,0,0
BRDA:90,10,1,0
BRDA:95,11,0,0
BRDA:95,11,1,0
BRDA:96,12,0,0
BRDA:96,12,1,0
BRDA:97,13,0,0
BRDA:97,13,1,0
BRDA:98,14,0,0
BRDA:98,14,1,0
BRDA:103,15,0,0
BRDA:103,15,1,0
BRDA:107,16,0,0
BRDA:107,16,1,0
BRDA:114,17,0,0
BRDA:114,17,1,0
BRDA:117,18,0,0
BRDA:124,19,0,0
BRDA:124,19,1,0
BRDA:124,20,0,0
BRDA:124,20,1,0
BRDA:130,21,0,0
BRDA:130,21,1,0
BRDA:142,22,0,0
BRDA:142,22,1,0
BRDA:147,23,0,0
BRDA:147,23,1,0
BRDA:155,24,0,0
BRDA:155,24,1,0
BRDA:161,25,0,0
BRDA:170,26,0,0
BRDA:170,26,1,0
BRDA:174,27,0,0
BRDA:174,27,1,0
BRDA:174,28,0,0
BRDA:174,28,1,0
BRDA:175,29,0,0
BRDA:175,29,1,0
BRDA:178,30,0,0
BRDA:194,31,0,0
BRDA:194,31,1,0
BRDA:204,32,0,0
BRDA:204,32,1,0
BRDA:226,33,0,0
BRDA:226,33,1,0
BRDA:226,33,2,0
BRDA:227,34,0,0
BRDA:227,34,1,0
BRDA:229,35,0,0
BRDA:229,35,1,0
BRDA:229,36,0,0
BRDA:229,36,1,0
BRDA:236,37,0,0
BRDA:236,37,1,0
BRDA:274,38,0,0
BRDA:274,38,1,0
BRDA:287,39,0,0
BRDA:289,40,0,0
BRDA:289,40,1,0
BRDA:292,41,0,0
BRDA:292,41,1,0
BRDA:293,42,0,0
BRDA:293,42,1,0
BRDA:294,43,0,0
BRDA:294,43,1,0
BRDA:301,44,0,0
BRDA:302,45,0,0
BRDA:302,45,1,0
BRDA:302,46,0,0
BRDA:302,46,1,0
BRDA:305,47,0,0
BRDA:305,47,1,0
BRDA:305,48,0,0
BRDA:305,48,1,0
BRDA:308,49,0,0
BRDA:308,49,1,0
BRDA:310,50,0,0
BRDA:310,50,1,0
BRDA:311,51,0,0
BRDA:311,51,1,0
BRDA:315,52,0,0
BRDA:315,52,1,0
BRDA:315,53,0,0
BRDA:315,53,1,0
BRDA:321,54,0,0
BRDA:322,55,0,0
BRDA:322,55,1,0
BRDA:323,56,0,0
BRDA:323,56,1,0
BRDA:326,57,0,0
BRDA:326,57,1,0
BRDA:327,58,0,0
BRDA:327,58,1,0
BRDA:327,59,0,0
BRDA:327,59,1,0
BRDA:328,60,0,0
BRDA:328,60,1,0
BRDA:328,61,0,0
BRDA:328,61,1,0
BRDA:330,62,0,0
BRDA:330,62,1,0
BRDA:331,63,0,0
BRDA:331,63,1,0
BRDA:332,64,0,0
BRDA:332,64,1,0
BRDA:332,65,0,0
BRDA:332,65,1,0
BRDA:334,66,0,0
BRDA:334,66,1,0
BRDA:342,67,0,0
BRDA:342,67,1,0
BRDA:344,68,0,0
BRDA:344,68,1,0
BRDA:345,69,0,0
BRDA:345,69,1,0
BRDA:347,70,0,0
BRDA:347,70,1,0
BRF:136
BRH:2
end_of_record
TN:
SF:utilities/cookieUtils.js
FN:7,getCookieDomain
FNF:1
FNH:1
FNDA:1,getCookieDomain
DA:8,1
DA:9,0
DA:10,0
DA:11,0
DA:12,0
DA:13,0
DA:14,0
DA:17,4
LF:8
LH:2
BRDA:8,0,0,1
BRDA:8,0,1,0
BRDA:9,1,0,0
BRDA:9,1,1,0
BRDA:9,1,2,0
BRDA:9,1,3,0
BRDA:9,1,4,0
BRDA:9,1,5,0
BRDA:9,1,6,0
BRDA:10,2,0,0
BRDA:10,2,1,0
BRDA:10,3,0,0
BRDA:10,3,1,0
BRDA:10,3,2,0
BRDA:12,4,0,0
BRDA:12,4,1,0
BRDA:14,5,0,0
BRDA:14,5,1,0
BRF:18
BRH:1
end_of_record
TN:
SF:utilities/friendUtils.js
FN:16,(anonymous_0)
FN:78,(anonymous_1)
FN:100,(anonymous_2)
FN:123,(anonymous_3)
FNF:4
FNH:0
FNDA:0,(anonymous_0)
FNDA:0,(anonymous_1)
FNDA:0,(anonymous_2)
FNDA:0,(anonymous_3)
DA:16,1
DA:21,0
DA:23,0
DA:25,0
DA:31,0
DA:37,0
DA:38,0
DA:40,0
DA:43,0
DA:44,0
DA:46,0
DA:50,0
DA:51,0
DA:52,0
DA:56,0
DA:61,0
DA:66,0
DA:78,1
DA:79,0
DA:80,0
DA:87,0
DA:89,0
DA:100,1
DA:101,0
DA:102,0
DA:108,0
DA:110,0
DA:123,1
DA:124,0
DA:126,0
DA:127,0
DA:134,0
DA:135,0
DA:138,0
DA:139,0
DA:142,0
DA:147,0
DA:149,0
DA:153,1
LF:39
LH:5
BRDA:16,0,0,0
BRDA:18,1,0,0
BRDA:19,2,0,0
BRDA:20,3,0,0
BRDA:37,4,0,0
BRDA:37,4,1,0
BRDA:43,5,0,0
BRDA:43,5,1,0
BRDA:50,6,0,0
BRDA:50,6,1,0
BRDA:123,7,0,0
BRDA:123,8,0,0
BRDA:124,9,0,0
BRDA:134,10,0,0
BRDA:134,10,1,0
BRDA:138,11,0,0
BRDA:138,11,1,0
BRF:17
BRH:0
end_of_record
TN:
SF:utilities/pivotIsoWeek.js
FN:6,toIsoWeek
FN:16,isValidIsoWeek
FNF:2
FNH:2
FNDA:1,toIsoWeek
FNDA:6,isValidIsoWeek
DA:7,1
DA:8,1
DA:9,1
DA:10,1
DA:11,1
DA:14,9
DA:17,6
DA:20,9
LF:8
LH:8
BRDA:6,0,0,0
BRDA:8,1,0,1
BRDA:8,1,1,0
BRDA:17,2,0,6
BRDA:17,2,1,6
BRF:5
BRH:3
end_of_record
TN:
SF:utilities/semesterHelpers.js
FN:38,(anonymous_0)
FN:76,(anonymous_1)
FN:87,(anonymous_2)
FN:100,(anonymous_3)
FN:143,(anonymous_4)
FN:175,(anonymous_5)
FN:199,(anonymous_6)
FN:210,(anonymous_7)
FN:223,(anonymous_8)
FN:235,(anonymous_9)
FNF:10
FNH:9
FNDA:9,(anonymous_0)
FNDA:4,(anonymous_1)
FNDA:2,(anonymous_2)
FNDA:1,(anonymous_3)
FNDA:1,(anonymous_4)
FNDA:2,(anonymous_5)
FNDA:1,(anonymous_6)
FNDA:1,(anonymous_7)
FNDA:1,(anonymous_8)
FNDA:0,(anonymous_9)
DA:9,1
DA:38,1
DA:39,9
DA:40,9
DA:41,9
DA:44,9
DA:46,1
DA:52,8
DA:54,7
DA:62,1
DA:76,1
DA:77,4
DA:78,4
DA:87,1
DA:88,2
DA:89,2
DA:91,2
DA:100,1
DA:101,1
DA:103,1
DA:104,0
DA:108,1
DA:109,1
DA:110,1
DA:113,1
DA:114,18
DA:115,18
DA:116,0
DA:117,0
DA:119,0
DA:124,1
DA:125,1
DA:126,0
DA:127,0
DA:130,1
DA:143,1
DA:144,1
DA:145,1
DA:146,1
DA:148,1
DA:149,0
DA:152,1
DA:154,1
DA:155,18
DA:157,18
DA:158,18
DA:159,0
DA:160,0
DA:162,0
DA:166,1
DA:175,1
DA:176,2
DA:177,2
DA:178,1
DA:181,1
DA:182,1
DA:183,0
DA:186,1
DA:199,1
DA:200,1
DA:201,1
DA:210,1
DA:211,1
DA:212,1
DA:213,1
DA:215,1
DA:223,1
DA:224,1
DA:225,1
DA:226,1
DA:235,1
DA:236,0
DA:237,0
DA:240,0
DA:246,1
LF:75
LH:61
BRDA:38,0,0,0
BRDA:44,1,0,1
BRDA:44,1,1,8
BRDA:44,2,0,9
BRDA:44,2,1,8
BRDA:44,2,2,0
BRDA:48,3,0,1
BRDA:48,3,1,0
BRDA:52,4,0,7
BRDA:52,4,1,1
BRDA:76,5,0,0
BRDA:87,6,0,0
BRDA:91,7,0,2
BRDA:91,7,1,2
BRDA:103,8,0,0
BRDA:103,8,1,1
BRDA:114,9,0,18
BRDA:114,9,1,0
BRDA:116,10,0,0
BRDA:116,10,1,0
BRDA:124,11,0,1
BRDA:124,11,1,0
BRDA:126,12,0,0
BRDA:126,12,1,0
BRDA:132,13,0,1
BRDA:132,13,1,0
BRDA:148,14,0,0
BRDA:148,14,1,1
BRDA:157,15,0,18
BRDA:157,15,1,0
BRDA:159,16,0,0
BRDA:159,16,1,0
BRDA:177,17,0,1
BRDA:177,17,1,1
BRDA:182,18,0,0
BRDA:182,18,1,1
BRDA:182,19,0,1
BRDA:182,19,1,1
BRDA:210,20,0,0
BRDA:210,21,0,0
BRDA:223,22,0,0
BRDA:236,23,0,0
BRDA:236,23,1,0
BRF:43
BRH:20
end_of_record
TN:
SF:utilities/sessionUtils.js
FN:4,getModels
FN:14,getDeviceInfo
FN:57,createSession
FN:87,createGlobalSession
FN:115,validateSession
FN:150,(anonymous_5)
FN:164,validateGlobalSession
FN:203,deleteSession
FN:221,deleteAllUserSessions
FN:229,deleteSessionById
FN:243,deleteSessionByIdForGlobalUser
FN:256,getUserSessions
FN:270,getUserSessionsForGlobalUser
FN:283,revokeAllOtherSessionsForGlobalUser
FN:295,cleanupExpiredSessions
FNF:15
FNH:0
FNDA:0,getModels
FNDA:0,getDeviceInfo
FNDA:0,createSession
FNDA:0,createGlobalSession
FNDA:0,validateSession
FNDA:0,(anonymous_5)
FNDA:0,validateGlobalSession
FNDA:0,deleteSession
FNDA:0,deleteAllUserSessions
FNDA:0,deleteSessionById
FNDA:0,deleteSessionByIdForGlobalUser
FNDA:0,getUserSessions
FNDA:0,getUserSessionsForGlobalUser
FNDA:0,revokeAllOtherSessionsForGlobalUser
FNDA:0,cleanupExpiredSessions
DA:1,2
DA:2,2
DA:5,0
DA:8,2
DA:9,2
DA:15,0
DA:16,0
DA:19,0
DA:20,0
DA:21,0
DA:22,0
DA:23,0
DA:24,0
DA:26,0
DA:31,0
DA:32,0
DA:33,0
DA:34,0
DA:35,0
DA:36,0
DA:37,0
DA:38,0
DA:39,0
DA:40,0
DA:41,0
DA:42,0
DA:43,0
DA:46,0
DA:58,0
DA:59,0
DA:61,0
DA:63,0
DA:81,0
DA:88,0
DA:89,0
DA:90,0
DA:91,0
DA:109,0
DA:116,0
DA:117,0
DA:119,0
DA:120,0
DA:123,0
DA:124,0
DA:126,0
DA:127,0
DA:131,0
DA:132,0
DA:133,0
DA:137,0
DA:138,0
DA:139,0
DA:140,0
DA:144,0
DA:145,0
DA:147,0
DA:149,0
DA:150,0
DA:151,0
DA:153,0
DA:154,0
DA:156,0
DA:165,0
DA:166,0
DA:167,0
DA:168,0
DA:169,0
DA:170,0
DA:172,0
DA:173,0
DA:174,0
DA:176,0
DA:177,0
DA:178,0
DA:180,0
DA:181,0
DA:182,0
DA:183,0
DA:185,0
DA:186,0
DA:187,0
DA:188,0
DA:190,0
DA:191,0
DA:193,0
DA:194,0
DA:196,0
DA:204,0
DA:205,0
DA:206,0
DA:207,0
DA:208,0
DA:209,0
DA:214,0
DA:215,0
DA:222,0
DA:223,0
DA:230,0
DA:232,0
DA:233,0
DA:234,0
DA:235,0
DA:237,0
DA:244,0
DA:245,0
DA:246,0
DA:247,0
DA:248,0
DA:250,0
DA:257,0
DA:258,0
DA:263,0
DA:271,0
DA:272,0
DA:277,0
DA:284,0
DA:285,0
DA:289,0
DA:296,0
DA:297,0
DA:300,0
DA:303,2
LF:122
LH:5
BRDA:15,0,0,0
BRDA:15,0,1,0
BRDA:16,1,0,0
BRDA:16,1,1,0
BRDA:16,1,2,0
BRDA:16,1,3,0
BRDA:20,2,0,0
BRDA:20,2,1,0
BRDA:20,3,0,0
BRDA:20,3,1,0
BRDA:20,3,2,0
BRDA:21,4,0,0
BRDA:21,4,1,0
BRDA:21,5,0,0
BRDA:21,5,1,0
BRDA:23,6,0,0
BRDA:23,6,1,0
BRDA:32,7,0,0
BRDA:32,7,1,0
BRDA:34,8,0,0
BRDA:34,8,1,0
BRDA:36,9,0,0
BRDA:36,9,1,0
BRDA:38,10,0,0
BRDA:38,10,1,0
BRDA:40,11,0,0
BRDA:40,11,1,0
BRDA:42,12,0,0
BRDA:42,12,1,0
BRDA:49,13,0,0
BRDA:49,13,1,0
BRDA:117,14,0,0
BRDA:117,14,1,0
BRDA:119,15,0,0
BRDA:119,15,1,0
BRDA:126,16,0,0
BRDA:126,16,1,0
BRDA:131,17,0,0
BRDA:131,17,1,0
BRDA:138,18,0,0
BRDA:138,18,1,0
BRDA:149,19,0,0
BRDA:149,19,1,0
BRDA:153,20,0,0
BRDA:153,20,1,0
BRDA:168,21,0,0
BRDA:168,21,1,0
BRDA:169,22,0,0
BRDA:169,22,1,0
BRDA:173,23,0,0
BRDA:173,23,1,0
BRDA:176,24,0,0
BRDA:176,24,1,0
BRDA:181,25,0,0
BRDA:181,25,1,0
BRDA:190,26,0,0
BRDA:190,26,1,0
BRDA:193,27,0,0
BRDA:193,27,1,0
BRDA:205,28,0,0
BRDA:205,28,1,0
BRDA:206,29,0,0
BRDA:206,29,1,0
BRDA:233,30,0,0
BRDA:233,30,1,0
BRDA:246,31,0,0
BRDA:246,31,1,0
BRF:67
BRH:0
end_of_record
TN:
SF:utilities/timeBlockHelper.js
FN:9,(anonymous_0)
FN:15,(anonymous_1)
FN:22,(anonymous_2)
FN:32,(anonymous_3)
FN:39,(anonymous_4)
FN:76,(anonymous_5)
FN:80,(anonymous_6)
FN:105,(anonymous_7)
FN:108,(anonymous_8)
FN:133,(anonymous_9)
FN:150,(anonymous_10)
FN:194,(anonymous_11)
FN:209,(anonymous_12)
FN:214,(anonymous_13)
FN:220,(anonymous_14)
FNF:15
FNH:12
FNDA:1,(anonymous_0)
FNDA:1,(anonymous_1)
FNDA:4,(anonymous_2)
FNDA:2,(anonymous_3)
FNDA:1,(anonymous_4)
FNDA:1,(anonymous_5)
FNDA:2,(anonymous_6)
FNDA:1,(anonymous_7)
FNDA:1,(anonymous_8)
FNDA:1,(anonymous_9)
FNDA:0,(anonymous_10)
FNDA:0,(anonymous_11)
FNDA:0,(anonymous_12)
FNDA:1,(anonymous_13)
FNDA:1,(anonymous_14)
DA:9,1
DA:10,1
DA:11,1
DA:15,1
DA:16,1
DA:17,1
DA:18,1
DA:22,1
DA:23,4
DA:24,4
DA:25,4
DA:26,4
DA:28,4
DA:32,1
DA:33,2
DA:34,2
DA:35,2
DA:39,1
DA:40,1
DA:42,1
DA:43,0
DA:44,0
DA:47,1
DA:48,1
DA:50,1
DA:51,0
DA:52,0
DA:55,1
DA:56,0
DA:59,1
DA:60,1
DA:63,1
DA:64,1
DA:65,1
DA:68,1
DA:69,0
DA:72,1
DA:76,1
DA:77,1
DA:80,1
DA:81,2
DA:84,1
DA:86,1
DA:87,2
DA:88,2
DA:90,2
DA:92,1
DA:97,1
DA:101,1
DA:105,1
DA:106,1
DA:108,1
DA:109,1
DA:112,1
DA:114,1
DA:115,1
DA:116,1
DA:118,1
DA:120,1
DA:121,1
DA:129,1
DA:133,1
DA:134,1
DA:135,1
DA:136,1
DA:138,1
DA:141,1
DA:142,0
DA:143,0
DA:146,1
DA:150,1
DA:151,0
DA:153,0
DA:154,0
DA:156,0
DA:162,0
DA:163,0
DA:164,0
DA:165,0
DA:168,0
DA:169,0
DA:171,0
DA:173,0
DA:178,0
DA:187,0
DA:190,0
DA:194,1
DA:195,0
DA:196,0
DA:198,0
DA:199,0
DA:200,0
DA:203,0
DA:205,0
DA:209,1
DA:210,0
DA:214,1
DA:215,1
DA:216,1
DA:220,1
DA:221,1
DA:222,1
DA:225,1
DA:226,1
DA:227,1
DA:230,1
DA:231,1
DA:232,1
DA:234,1
DA:237,1
LF:110
LH:79
BRDA:15,0,0,0
BRDA:28,1,0,4
BRDA:28,1,1,4
BRDA:42,2,0,0
BRDA:42,2,1,1
BRDA:42,3,0,1
BRDA:42,3,1,1
BRDA:50,4,0,0
BRDA:50,4,1,1
BRDA:50,5,0,1
BRDA:50,5,1,1
BRDA:55,6,0,0
BRDA:55,6,1,1
BRDA:59,7,0,1
BRDA:59,7,1,0
BRDA:64,8,0,1
BRDA:64,8,1,0
BRDA:68,9,0,0
BRDA:68,9,1,1
BRDA:77,10,0,0
BRDA:77,10,1,1
BRDA:90,11,0,1
BRDA:90,11,1,1
BRDA:105,12,0,0
BRDA:106,13,0,0
BRDA:106,13,1,1
BRDA:120,14,0,1
BRDA:120,14,1,0
BRDA:133,15,0,0
BRDA:141,16,0,0
BRDA:141,16,1,1
BRDA:150,17,0,0
BRDA:151,18,0,0
BRDA:151,19,0,0
BRDA:162,20,0,0
BRDA:162,20,1,0
BRDA:171,21,0,0
BRDA:171,21,1,0
BRDA:171,22,0,0
BRDA:171,22,1,0
BRDA:194,23,0,0
BRDA:194,24,0,0
BRDA:203,25,0,0
BRDA:203,25,1,0
BRDA:205,26,0,0
BRDA:205,26,1,0
BRDA:216,27,0,1
BRDA:216,27,1,0
BRF:48
BRH:19
end_of_record
